<?xml version="1.0" encoding="UTF-8"?>
<robot generator="Robot 6.1 (Python 3.9.2 on linux)" generated="20230619 18:30:53.249" rpa="false" schemaversion="4">
<suite id="s1" name="E2E Tests" source="/w/e2e_tests">
<suite id="s1-s1" name="001 Source Code" source="/w/e2e_tests/001_source_code.robot">
<test id="s1-s1-t1" name="Golang" line="8">
<kw name="Expect Successful Execution" library="keywords">
<arg>make lint-go</arg>
<doc>Runs a ${command} and expects it to succeed. ${command}
should be a string representing the shell command.</doc>
<kw name="Run Process" library="Process">
<var>${result}</var>
<arg>${command}</arg>
<arg>shell=True</arg>
<doc>Runs a process and waits for it to complete.</doc>
<msg timestamp="20230619 18:30:53.335" level="INFO">Starting process:
make lint-go</msg>
<msg timestamp="20230619 18:30:53.349" level="INFO">Waiting for process to complete.</msg>
<msg timestamp="20230619 18:30:53.394" level="INFO">Process completed.</msg>
<msg timestamp="20230619 18:30:53.394" level="INFO">${result} = &lt;result object with rc 2&gt;</msg>
<status status="PASS" starttime="20230619 18:30:53.335" endtime="20230619 18:30:53.394"/>
</kw>
<if>
<branch type="IF" condition="${result.rc} != 0">
<kw name="Log Many" library="BuiltIn">
<arg>${result.stderr}</arg>
<arg>${result.stdout}</arg>
<doc>Logs the given messages as separate entries using the INFO level.</doc>
<msg timestamp="20230619 18:30:53.396" level="INFO">/bin/bash: line 1: staticcheck: command not found
make[1]: *** [Makefile:39: .lint-go.done] Error 127</msg>
<msg timestamp="20230619 18:30:53.396" level="INFO">make[1]: Entering directory '/w'
staticcheck ./...
make[1]: Leaving directory '/w'</msg>
<status status="PASS" starttime="20230619 18:30:53.396" endtime="20230619 18:30:53.397"/>
</kw>
<status status="PASS" starttime="20230619 18:30:53.395" endtime="20230619 18:30:53.397"/>
</branch>
<status status="PASS" starttime="20230619 18:30:53.394" endtime="20230619 18:30:53.397"/>
</if>
<kw name="Should Be Equal As Integers" library="BuiltIn">
<arg>${result.rc}</arg>
<arg>0</arg>
<doc>Fails if objects are unequal after converting them to integers.</doc>
<msg timestamp="20230619 18:30:53.397" level="INFO">Argument types are:
&lt;class 'int'&gt;
&lt;class 'str'&gt;</msg>
<msg timestamp="20230619 18:30:53.397" level="FAIL">2 != 0</msg>
<status status="FAIL" starttime="20230619 18:30:53.397" endtime="20230619 18:30:53.398"/>
</kw>
<return>
<value>${result}</value>
<status status="NOT RUN" starttime="20230619 18:30:53.398" endtime="20230619 18:30:53.398"/>
</return>
<status status="FAIL" starttime="20230619 18:30:53.335" endtime="20230619 18:30:53.398"/>
</kw>
<doc>Lint Golang code</doc>
<status status="FAIL" starttime="20230619 18:30:53.333" endtime="20230619 18:30:53.398">2 != 0</status>
</test>
<test id="s1-s1-t2" name="Robot Framework" line="12">
<kw name="Expect Successful Execution" library="keywords">
<arg>make lint-robot</arg>
<doc>Runs a ${command} and expects it to succeed. ${command}
should be a string representing the shell command.</doc>
<kw name="Run Process" library="Process">
<var>${result}</var>
<arg>${command}</arg>
<arg>shell=True</arg>
<doc>Runs a process and waits for it to complete.</doc>
<msg timestamp="20230619 18:30:53.401" level="INFO">Starting process:
make lint-robot</msg>
<msg timestamp="20230619 18:30:53.404" level="INFO">Waiting for process to complete.</msg>
<msg timestamp="20230619 18:30:53.979" level="INFO">Process completed.</msg>
<msg timestamp="20230619 18:30:53.980" level="INFO">${result} = &lt;result object with rc 0&gt;</msg>
<status status="PASS" starttime="20230619 18:30:53.401" endtime="20230619 18:30:53.980"/>
</kw>
<if>
<branch type="IF" condition="${result.rc} != 0">
<kw name="Log Many" library="BuiltIn">
<arg>${result.stderr}</arg>
<arg>${result.stdout}</arg>
<doc>Logs the given messages as separate entries using the INFO level.</doc>
<status status="NOT RUN" starttime="20230619 18:30:53.981" endtime="20230619 18:30:53.981"/>
</kw>
<status status="NOT RUN" starttime="20230619 18:30:53.980" endtime="20230619 18:30:53.981"/>
</branch>
<status status="PASS" starttime="20230619 18:30:53.980" endtime="20230619 18:30:53.981"/>
</if>
<kw name="Should Be Equal As Integers" library="BuiltIn">
<arg>${result.rc}</arg>
<arg>0</arg>
<doc>Fails if objects are unequal after converting them to integers.</doc>
<msg timestamp="20230619 18:30:53.982" level="INFO">Argument types are:
&lt;class 'int'&gt;
&lt;class 'str'&gt;</msg>
<status status="PASS" starttime="20230619 18:30:53.981" endtime="20230619 18:30:53.982"/>
</kw>
<return>
<value>${result}</value>
<status status="PASS" starttime="20230619 18:30:53.982" endtime="20230619 18:30:53.982"/>
</return>
<status status="PASS" starttime="20230619 18:30:53.400" endtime="20230619 18:30:53.982"/>
</kw>
<doc>Lint Robot Framework code</doc>
<status status="PASS" starttime="20230619 18:30:53.398" endtime="20230619 18:30:53.982"/>
</test>
<test id="s1-s1-t3" name="Python" line="16">
<kw name="Expect Successful Execution" library="keywords">
<arg>make lint-python</arg>
<doc>Runs a ${command} and expects it to succeed. ${command}
should be a string representing the shell command.</doc>
<kw name="Run Process" library="Process">
<var>${result}</var>
<arg>${command}</arg>
<arg>shell=True</arg>
<doc>Runs a process and waits for it to complete.</doc>
<msg timestamp="20230619 18:30:53.985" level="INFO">Starting process:
make lint-python</msg>
<msg timestamp="20230619 18:30:53.988" level="INFO">Waiting for process to complete.</msg>
<msg timestamp="20230619 18:30:56.003" level="INFO">Process completed.</msg>
<msg timestamp="20230619 18:30:56.003" level="INFO">${result} = &lt;result object with rc 0&gt;</msg>
<status status="PASS" starttime="20230619 18:30:53.985" endtime="20230619 18:30:56.003"/>
</kw>
<if>
<branch type="IF" condition="${result.rc} != 0">
<kw name="Log Many" library="BuiltIn">
<arg>${result.stderr}</arg>
<arg>${result.stdout}</arg>
<doc>Logs the given messages as separate entries using the INFO level.</doc>
<status status="NOT RUN" starttime="20230619 18:30:56.004" endtime="20230619 18:30:56.004"/>
</kw>
<status status="NOT RUN" starttime="20230619 18:30:56.003" endtime="20230619 18:30:56.004"/>
</branch>
<status status="PASS" starttime="20230619 18:30:56.003" endtime="20230619 18:30:56.005"/>
</if>
<kw name="Should Be Equal As Integers" library="BuiltIn">
<arg>${result.rc}</arg>
<arg>0</arg>
<doc>Fails if objects are unequal after converting them to integers.</doc>
<msg timestamp="20230619 18:30:56.005" level="INFO">Argument types are:
&lt;class 'int'&gt;
&lt;class 'str'&gt;</msg>
<status status="PASS" starttime="20230619 18:30:56.005" endtime="20230619 18:30:56.005"/>
</kw>
<return>
<value>${result}</value>
<status status="PASS" starttime="20230619 18:30:56.005" endtime="20230619 18:30:56.005"/>
</return>
<status status="PASS" starttime="20230619 18:30:53.985" endtime="20230619 18:30:56.006"/>
</kw>
<doc>Lint Python code</doc>
<status status="PASS" starttime="20230619 18:30:53.983" endtime="20230619 18:30:56.006"/>
</test>
<doc>This test suite performs code linting for different languages.</doc>
<status status="FAIL" starttime="20230619 18:30:53.266" endtime="20230619 18:30:56.007"/>
</suite>
<suite id="s1-s2" name="002 Unit Tests" source="/w/e2e_tests/002_unit_tests.robot">
<kw name="Suite Setup" library="keywords" type="SETUP">
<doc>Ensure there is a directory for coverage files</doc>
<kw name="Create Directory" library="OperatingSystem">
<arg>${OUTPUT DIR}/go-coverage</arg>
<doc>Creates the specified directory.</doc>
<msg timestamp="20230619 18:30:56.012" level="INFO" html="true">Created directory '&lt;a href="file:///w/e2e_tests/results/go-coverage"&gt;/w/e2e_tests/results/go-coverage&lt;/a&gt;'.</msg>
<status status="PASS" starttime="20230619 18:30:56.012" endtime="20230619 18:30:56.012"/>
</kw>
<status status="PASS" starttime="20230619 18:30:56.012" endtime="20230619 18:30:56.012"/>
</kw>
<test id="s1-s2-t1" name="Unit tests" line="12">
<kw name="Get Coverage Filename From Suite Source" library="keywords">
<var>${cov_path}</var>
<var>${cov_filename}</var>
<doc>Splits `/w/e2e_tests/002_unit_tests.robot` into path and filename. Constructs a
path to the coverage file in `/w/e2e_tests/results`. Returns the coverage full file
path and the coverage filename separately.</doc>
<kw name="Split Path" library="OperatingSystem">
<var>${path}</var>
<var>${suite_filename}</var>
<arg>${SUITE SOURCE}</arg>
<doc>Splits the given path from the last path separator (``/`` or ``\``).</doc>
<msg timestamp="20230619 18:30:56.014" level="INFO">${path} = /w/e2e_tests</msg>
<msg timestamp="20230619 18:30:56.014" level="INFO">${suite_filename} = 002_unit_tests.robot</msg>
<status status="PASS" starttime="20230619 18:30:56.013" endtime="20230619 18:30:56.014"/>
</kw>
<kw name="Split Extension" library="OperatingSystem">
<var>${suite_name}</var>
<var>${ext}</var>
<arg>${suite_filename}</arg>
<doc>Splits the extension from the given path.</doc>
<msg timestamp="20230619 18:30:56.014" level="INFO">${suite_name} = 002_unit_tests</msg>
<msg timestamp="20230619 18:30:56.014" level="INFO">${ext} = robot</msg>
<status status="PASS" starttime="20230619 18:30:56.014" endtime="20230619 18:30:56.014"/>
</kw>
<kw name="Join Path" library="OperatingSystem">
<var>${cov_path}</var>
<arg>${OUTPUT DIR}</arg>
<arg>${suite_name}.coverage</arg>
<doc>Joins the given path part(s) to the given base path.</doc>
<msg timestamp="20230619 18:30:56.014" level="INFO">${cov_path} = /w/e2e_tests/results/002_unit_tests.coverage</msg>
<status status="PASS" starttime="20230619 18:30:56.014" endtime="20230619 18:30:56.014"/>
</kw>
<return>
<value>${cov_path}</value>
<value>${suite_name}.coverage</value>
<status status="PASS" starttime="20230619 18:30:56.014" endtime="20230619 18:30:56.014"/>
</return>
<msg timestamp="20230619 18:30:56.015" level="INFO">${cov_path} = /w/e2e_tests/results/002_unit_tests.coverage</msg>
<msg timestamp="20230619 18:30:56.015" level="INFO">${cov_filename} = 002_unit_tests.coverage</msg>
<status status="PASS" starttime="20230619 18:30:56.013" endtime="20230619 18:30:56.015"/>
</kw>
<kw name="Run Process" library="Process">
<var>${result}</var>
<arg>go test ./... -v -coverprofile\=${cov_path} -covermode\=set</arg>
<arg>shell=True</arg>
<doc>Runs a process and waits for it to complete.</doc>
<msg timestamp="20230619 18:30:56.015" level="INFO">Starting process:
go test ./... -v -coverprofile=/w/e2e_tests/results/002_unit_tests.coverage -covermode=set</msg>
<msg timestamp="20230619 18:30:56.017" level="INFO">Waiting for process to complete.</msg>
<msg timestamp="20230619 18:32:21.216" level="INFO">Process completed.</msg>
<msg timestamp="20230619 18:32:21.216" level="INFO">${result} = &lt;result object with rc 0&gt;</msg>
<status status="PASS" starttime="20230619 18:30:56.015" endtime="20230619 18:32:21.216"/>
</kw>
<kw name="Log Many" library="BuiltIn">
<arg>${result.stdout}</arg>
<arg>${result.stderr}</arg>
<doc>Logs the given messages as separate entries using the INFO level.</doc>
<msg timestamp="20230619 18:32:21.218" level="INFO">=== RUN   TestServeHTTP
--- PASS: TestServeHTTP (0.00s)
=== RUN   TestParseCaddyfile
--- PASS: TestParseCaddyfile (0.00s)
PASS
	github.com/madworx/caddy-put-upload	coverage: 73.3% of statements
ok  	github.com/madworx/caddy-put-upload	0.026s	coverage: 73.3% of statements
?   	github.com/madworx/caddy-put-upload/cmd/caddy	[no test files]
?   	github.com/madworx/caddy-put-upload/cmd/gocovmerge	[no test files]
?   	github.com/madworx/caddy-put-upload/e2e_tests/resources	[no test files]</msg>
<msg timestamp="20230619 18:32:21.218" level="INFO">go: downloading github.com/caddyserver/caddy/v2 v2.6.4
go: downloading golang.org/x/tools v0.9.3
go: downloading github.com/stretchr/testify v1.8.1
go: downloading github.com/aryann/difflib v0.0.0-20210328193216-ff5ff6dc229b
go: downloading github.com/caddyserver/certmagic v0.17.2
go: downloading github.com/spf13/cobra v1.6.1
go: downloading github.com/spf13/pflag v1.0.5
go: downloading go.uber.org/zap v1.24.0
go: downloading github.com/google/uuid v1.3.0
go: downloading github.com/prometheus/client_golang v1.14.0
go: downloading github.com/quic-go/quic-go v0.32.0
go: downloading golang.org/x/sys v0.8.0
go: downloading golang.org/x/term v0.8.0
go: downloading github.com/dustin/go-humanize v1.0.1
go: downloading github.com/mholt/acmez v1.1.0
go: downloading github.com/google/cel-go v0.13.0
go: downloading golang.org/x/net v0.10.0
go: downloading google.golang.org/genproto v0.0.0-20230202175211-008b39050e57
go: downloading github.com/davecgh/go-spew v1.1.1
go: downloading github.com/pmezard/go-difflib v1.0.0
go: downloading gopkg.in/yaml.v3 v3.0.1
go: downloading github.com/klauspost/cpuid/v2 v2.2.3
go: downloading github.com/libdns/libdns v0.2.1
go: downloading github.com/miekg/dns v1.1.50
go: downloading golang.org/x/crypto v0.5.0
go: downloading github.com/cpuguy83/go-md2man/v2 v2.0.2
go: downloading go.uber.org/atomic v1.9.0
go: downloading go.uber.org/multierr v1.6.0
go: downloading github.com/smallstep/certificates v0.23.2
go: downloading github.com/smallstep/truststore v0.12.1
go: downloading go.step.sm/crypto v0.23.2
go: downloading github.com/go-chi/chi v4.1.2+incompatible
go: downloading github.com/smallstep/nosql v0.5.0
go: downloading github.com/tailscale/tscert v0.0.0-20230124224810-c6dc1f4049b2
go: downloading gopkg.in/natefinch/lumberjack.v2 v2.2.1
go: downloading github.com/beorn7/perks v1.0.1
go: downloading github.com/cespare/xxhash/v2 v2.1.2
go: downloading github.com/cespare/xxhash v1.1.0
go: downloading github.com/golang/protobuf v1.5.2
go: downloading github.com/prometheus/client_model v0.3.0
go: downloading github.com/prometheus/common v0.37.0
go: downloading github.com/prometheus/procfs v0.8.0
go: downloading google.golang.org/protobuf v1.28.1
go: downloading github.com/quic-go/qpack v0.4.0
go: downloading github.com/stoewer/go-strcase v1.2.0
go: downloading golang.org/x/text v0.9.0
go: downloading github.com/antlr/antlr4/runtime/Go/antlr v1.4.10
go: downloading github.com/russross/blackfriday/v2 v2.1.0
go: downloading golang.org/x/sync v0.2.0
go: downloading github.com/klauspost/compress v1.15.15
go: downloading github.com/BurntSushi/toml v1.2.1
go: downloading github.com/Masterminds/sprig/v3 v3.2.3
go: downloading github.com/alecthomas/chroma/v2 v2.5.0
go: downloading github.com/yuin/goldmark v1.5.4
go: downloading github.com/yuin/goldmark-highlighting/v2 v2.0.0-20220924101305-151362477c87
go: downloading go.opentelemetry.io/contrib/instrumentation/net/http/otelhttp v0.39.0
go: downloading go.opentelemetry.io/otel/exporters/otlp/otlptrace/otlptracegrpc v1.4.0
go: downloading go.opentelemetry.io/otel v1.13.0
go: downloading go.opentelemetry.io/otel/exporters/otlp/otlptrace v1.4.0
go: downloading go.opentelemetry.io/otel/sdk v1.13.0
go: downloading github.com/pkg/errors v0.9.1
go: downloading go.step.sm/cli-utils v0.7.5
go: downloading go.step.sm/linkedca v0.19.0
go: downloading google.golang.org/grpc v1.52.3
go: downloading gopkg.in/square/go-jose.v2 v2.6.0
go: downloading github.com/fxamacker/cbor/v2 v2.4.0
go: downloading github.com/slackhq/nebula v1.6.1
go: downloading github.com/matttproud/golang_protobuf_extensions v1.0.1
go: downloading github.com/quic-go/qtls-go1-20 v0.1.0
go: downloading golang.org/x/exp v0.0.0-20221205204356-47842c84f3db
go: downloading github.com/Masterminds/goutils v1.1.1
go: downloading github.com/Masterminds/semver/v3 v3.2.0
go: downloading github.com/huandu/xstrings v1.3.3
go: downloading github.com/imdario/mergo v0.3.12
go: downloading github.com/mitchellh/copystructure v1.2.0
go: downloading github.com/shopspring/decimal v1.2.0
go: downloading github.com/spf13/cast v1.4.1
go: downloading github.com/felixge/httpsnoop v1.0.3
go: downloading go.opentelemetry.io/otel/metric v0.36.0
go: downloading go.opentelemetry.io/otel/trace v1.13.0
go: downloading go.opentelemetry.io/otel/exporters/otlp/internal/retry v1.4.0
go: downloading go.opentelemetry.io/proto/otlp v0.12.0
go: downloading github.com/micromdm/scep/v2 v2.1.0
go: downloading go.mozilla.org/pkcs7 v0.0.0-20210826202110-33d05740a352
go: downloading github.com/urfave/cli v1.22.12
go: downloading github.com/chzyer/readline v0.0.0-20180603132655-2972be24d48e
go: downloading github.com/manifoldco/promptui v0.9.0
go: downloading filippo.io/edwards25519 v1.0.0
go: downloading github.com/sirupsen/logrus v1.9.0
go: downloading github.com/rs/xid v1.4.0
go: downloading github.com/x448/float16 v0.8.4
go: downloading github.com/dgraph-io/badger v1.6.2
go: downloading github.com/dgraph-io/badger/v2 v2.2007.4
go: downloading go.etcd.io/bbolt v1.3.6
go: downloading github.com/go-sql-driver/mysql v1.6.0
go: downloading github.com/jackc/pgx/v4 v4.17.2
go: downloading github.com/mitchellh/go-ps v1.0.0
go: downloading github.com/mitchellh/reflectwalk v1.0.2
go: downloading github.com/dlclark/regexp2 v1.7.0
go: downloading github.com/go-logr/logr v1.2.3
go: downloading github.com/cenkalti/backoff/v4 v4.1.2
go: downloading github.com/grpc-ecosystem/grpc-gateway v1.16.0
go: downloading github.com/go-logr/stdr v1.2.2
go: downloading github.com/go-kit/kit v0.10.0
go: downloading github.com/dgraph-io/ristretto v0.1.0
go: downloading github.com/dgryski/go-farm v0.0.0-20200201041132-a6ae2369ad13
go: downloading github.com/jackc/pgconn v1.13.0
go: downloading github.com/jackc/pgio v1.0.0
go: downloading github.com/jackc/pgproto3/v2 v2.3.1
go: downloading github.com/jackc/pgtype v1.12.0
go: downloading github.com/go-logfmt/logfmt v0.5.1
go: downloading github.com/AndreasBriese/bbloom v0.0.0-20190825152654-46b345b51c96
go: downloading github.com/golang/snappy v0.0.4
go: downloading github.com/golang/glog v1.0.0
go: downloading github.com/jackc/chunkreader/v2 v2.0.1
go: downloading github.com/jackc/pgpassfile v1.0.0
go: downloading github.com/jackc/pgservicefile v0.0.0-20200714003250-2b9c44734f2b
go: downloading github.com/mgutz/ansi v0.0.0-20200706080929-d51e80ef957d
go: downloading github.com/shurcooL/sanitized_anchor_name v1.0.0
go: downloading github.com/mattn/go-colorable v0.1.8
go: downloading github.com/mattn/go-isatty v0.0.13</msg>
<status status="PASS" starttime="20230619 18:32:21.217" endtime="20230619 18:32:21.218"/>
</kw>
<kw name="Should Be Equal As Integers" library="BuiltIn">
<arg>${result.rc}</arg>
<arg>0</arg>
<doc>Fails if objects are unequal after converting them to integers.</doc>
<msg timestamp="20230619 18:32:21.219" level="INFO">Argument types are:
&lt;class 'int'&gt;
&lt;class 'str'&gt;</msg>
<status status="PASS" starttime="20230619 18:32:21.218" endtime="20230619 18:32:21.219"/>
</kw>
<doc>Execute golang unit tests</doc>
<status status="PASS" starttime="20230619 18:30:56.013" endtime="20230619 18:32:21.219"/>
</test>
<test id="s1-s2-t2" name="Failing unit tests should be detected" line="20">
<kw name="Copy File" library="OperatingSystem">
<arg>e2e_tests/resources/test_fail.go</arg>
<arg>fail_test.go</arg>
<doc>Copies the source file into the destination.</doc>
<msg timestamp="20230619 18:32:21.221" level="INFO" html="true">Copied file from '&lt;a href="file:///w/e2e_tests/resources/test_fail.go"&gt;/w/e2e_tests/resources/test_fail.go&lt;/a&gt;' to '&lt;a href="file:///w/fail_test.go"&gt;/w/fail_test.go&lt;/a&gt;'.</msg>
<status status="PASS" starttime="20230619 18:32:21.221" endtime="20230619 18:32:21.221"/>
</kw>
<kw name="Run Process" library="Process">
<var>${result}</var>
<arg>go test ./... -v</arg>
<arg>shell=True</arg>
<doc>Runs a process and waits for it to complete.</doc>
<msg timestamp="20230619 18:32:21.222" level="INFO">Starting process:
go test ./... -v</msg>
<msg timestamp="20230619 18:32:21.224" level="INFO">Waiting for process to complete.</msg>
<msg timestamp="20230619 18:32:22.975" level="INFO">Process completed.</msg>
<msg timestamp="20230619 18:32:22.975" level="INFO">${result} = &lt;result object with rc 1&gt;</msg>
<status status="PASS" starttime="20230619 18:32:21.222" endtime="20230619 18:32:22.975"/>
</kw>
<kw name="Log Many" library="BuiltIn">
<arg>${result.stdout}</arg>
<arg>${result.stderr}</arg>
<doc>Logs the given messages as separate entries using the INFO level.</doc>
<msg timestamp="20230619 18:32:22.977" level="INFO">?   	github.com/madworx/caddy-put-upload/cmd/caddy	[no test files]
=== RUN   TestFailure
--- FAIL: TestFailure (0.00s)
=== RUN   TestServeHTTP
--- PASS: TestServeHTTP (0.00s)
=== RUN   TestParseCaddyfile
--- PASS: TestParseCaddyfile (0.00s)
FAIL
FAIL	github.com/madworx/caddy-put-upload	0.017s
?   	github.com/madworx/caddy-put-upload/cmd/gocovmerge	[no test files]
?   	github.com/madworx/caddy-put-upload/e2e_tests/resources	[no test files]
FAIL</msg>
<msg timestamp="20230619 18:32:22.977" level="INFO"/>
<status status="PASS" starttime="20230619 18:32:22.976" endtime="20230619 18:32:22.977"/>
</kw>
<kw name="Should Be Equal As Integers" library="BuiltIn">
<arg>${result.rc}</arg>
<arg>1</arg>
<doc>Fails if objects are unequal after converting them to integers.</doc>
<msg timestamp="20230619 18:32:22.978" level="INFO">Argument types are:
&lt;class 'int'&gt;
&lt;class 'str'&gt;</msg>
<status status="PASS" starttime="20230619 18:32:22.977" endtime="20230619 18:32:22.978"/>
</kw>
<kw name="Remove File" library="OperatingSystem" type="TEARDOWN">
<arg>fail_test.go</arg>
<doc>Removes a file with the given path.</doc>
<msg timestamp="20230619 18:32:22.978" level="INFO" html="true">Removed file '&lt;a href="file:///w/fail_test.go"&gt;/w/fail_test.go&lt;/a&gt;'.</msg>
<status status="PASS" starttime="20230619 18:32:22.978" endtime="20230619 18:32:22.978"/>
</kw>
<doc>Ensure that we notice if unit tests start to fail</doc>
<status status="PASS" starttime="20230619 18:32:21.220" endtime="20230619 18:32:22.978"/>
</test>
<kw name="Suite Teardown" library="keywords" type="TEARDOWN">
<doc>Generate coverage report and remove coverage directory</doc>
<kw name="Generate Coverage Report" library="keywords">
<doc>Generate coverage report from generated files</doc>
<kw name="Get Coverage Filename From Suite Source" library="keywords">
<var>${cov_path}</var>
<var>${cov_filename}</var>
<doc>Splits `/w/e2e_tests/002_unit_tests.robot` into path and filename. Constructs a
path to the coverage file in `/w/e2e_tests/results`. Returns the coverage full file
path and the coverage filename separately.</doc>
<kw name="Split Path" library="OperatingSystem">
<var>${path}</var>
<var>${suite_filename}</var>
<arg>${SUITE SOURCE}</arg>
<doc>Splits the given path from the last path separator (``/`` or ``\``).</doc>
<msg timestamp="20230619 18:32:22.980" level="INFO">${path} = /w/e2e_tests</msg>
<msg timestamp="20230619 18:32:22.980" level="INFO">${suite_filename} = 002_unit_tests.robot</msg>
<status status="PASS" starttime="20230619 18:32:22.980" endtime="20230619 18:32:22.980"/>
</kw>
<kw name="Split Extension" library="OperatingSystem">
<var>${suite_name}</var>
<var>${ext}</var>
<arg>${suite_filename}</arg>
<doc>Splits the extension from the given path.</doc>
<msg timestamp="20230619 18:32:22.980" level="INFO">${suite_name} = 002_unit_tests</msg>
<msg timestamp="20230619 18:32:22.980" level="INFO">${ext} = robot</msg>
<status status="PASS" starttime="20230619 18:32:22.980" endtime="20230619 18:32:22.980"/>
</kw>
<kw name="Join Path" library="OperatingSystem">
<var>${cov_path}</var>
<arg>${OUTPUT DIR}</arg>
<arg>${suite_name}.coverage</arg>
<doc>Joins the given path part(s) to the given base path.</doc>
<msg timestamp="20230619 18:32:22.981" level="INFO">${cov_path} = /w/e2e_tests/results/002_unit_tests.coverage</msg>
<status status="PASS" starttime="20230619 18:32:22.980" endtime="20230619 18:32:22.981"/>
</kw>
<return>
<value>${cov_path}</value>
<value>${suite_name}.coverage</value>
<status status="PASS" starttime="20230619 18:32:22.981" endtime="20230619 18:32:22.981"/>
</return>
<msg timestamp="20230619 18:32:22.981" level="INFO">${cov_path} = /w/e2e_tests/results/002_unit_tests.coverage</msg>
<msg timestamp="20230619 18:32:22.981" level="INFO">${cov_filename} = 002_unit_tests.coverage</msg>
<status status="PASS" starttime="20230619 18:32:22.980" endtime="20230619 18:32:22.981"/>
</kw>
<kw name="Run Keyword And Return Status" library="BuiltIn">
<var>${dir_exists}</var>
<arg>Directory Should Exist</arg>
<arg>${OUTPUT DIR}/go-coverage</arg>
<doc>Runs the given keyword with given arguments and returns the status as a Boolean value.</doc>
<kw name="Directory Should Exist" library="OperatingSystem">
<arg>${OUTPUT DIR}/go-coverage</arg>
<doc>Fails unless the given path points to an existing directory.</doc>
<msg timestamp="20230619 18:32:22.981" level="INFO" html="true">Directory '&lt;a href="file:///w/e2e_tests/results/go-coverage"&gt;/w/e2e_tests/results/go-coverage&lt;/a&gt;' exists.</msg>
<status status="PASS" starttime="20230619 18:32:22.981" endtime="20230619 18:32:22.982"/>
</kw>
<msg timestamp="20230619 18:32:22.982" level="INFO">${dir_exists} = True</msg>
<status status="PASS" starttime="20230619 18:32:22.981" endtime="20230619 18:32:22.982"/>
</kw>
<if>
<branch type="IF" condition="${dir_exists}">
<kw name="List Files In Directory" library="OperatingSystem">
<var>${dir_contents}</var>
<arg>${OUTPUT DIR}/go-coverage</arg>
<doc>Wrapper for `List Directory` that returns only files.</doc>
<msg timestamp="20230619 18:32:22.982" level="INFO" html="true">Listing contents of directory '&lt;a href="file:///w/e2e_tests/results/go-coverage"&gt;/w/e2e_tests/results/go-coverage&lt;/a&gt;'.</msg>
<msg timestamp="20230619 18:32:22.982" level="INFO">0 files:
</msg>
<msg timestamp="20230619 18:32:22.982" level="INFO">${dir_contents} = []</msg>
<status status="PASS" starttime="20230619 18:32:22.982" endtime="20230619 18:32:22.982"/>
</kw>
<status status="PASS" starttime="20230619 18:32:22.982" endtime="20230619 18:32:22.982"/>
</branch>
<branch type="ELSE">
<kw name="Set Variable" library="BuiltIn">
<var>${dir_contents}</var>
<arg>${None}</arg>
<doc>Returns the given values which can then be assigned to a variables.</doc>
<status status="NOT RUN" starttime="20230619 18:32:22.982" endtime="20230619 18:32:22.982"/>
</kw>
<status status="NOT RUN" starttime="20230619 18:32:22.982" endtime="20230619 18:32:22.982"/>
</branch>
<status status="PASS" starttime="20230619 18:32:22.982" endtime="20230619 18:32:22.982"/>
</if>
<if>
<branch type="IF" condition="${dir_contents}">
<kw name="Convert Coverage Fragments" library="keywords">
<arg>${cov_path}</arg>
<doc>Convert coverage fragments (from a go run/build -cover execution) into
a single file</doc>
<status status="NOT RUN" starttime="20230619 18:32:22.983" endtime="20230619 18:32:22.983"/>
</kw>
<status status="NOT RUN" starttime="20230619 18:32:22.983" endtime="20230619 18:32:22.983"/>
</branch>
<status status="PASS" starttime="20230619 18:32:22.982" endtime="20230619 18:32:22.983"/>
</if>
<kw name="Expect Successful Execution" library="keywords">
<arg>go tool cover -html\=${cov_path} -o\=${cov_path}.html</arg>
<doc>Runs a ${command} and expects it to succeed. ${command}
should be a string representing the shell command.</doc>
<kw name="Run Process" library="Process">
<var>${result}</var>
<arg>${command}</arg>
<arg>shell=True</arg>
<doc>Runs a process and waits for it to complete.</doc>
<msg timestamp="20230619 18:32:22.985" level="INFO">Starting process:
go tool cover -html=/w/e2e_tests/results/002_unit_tests.coverage -o=/w/e2e_tests/results/002_unit_tests.coverage.html</msg>
<msg timestamp="20230619 18:32:22.988" level="INFO">Waiting for process to complete.</msg>
<msg timestamp="20230619 18:32:23.313" level="INFO">Process completed.</msg>
<msg timestamp="20230619 18:32:23.314" level="INFO">${result} = &lt;result object with rc 0&gt;</msg>
<status status="PASS" starttime="20230619 18:32:22.984" endtime="20230619 18:32:23.314"/>
</kw>
<if>
<branch type="IF" condition="${result.rc} != 0">
<kw name="Log Many" library="BuiltIn">
<arg>${result.stderr}</arg>
<arg>${result.stdout}</arg>
<doc>Logs the given messages as separate entries using the INFO level.</doc>
<status status="NOT RUN" starttime="20230619 18:32:23.315" endtime="20230619 18:32:23.315"/>
</kw>
<status status="NOT RUN" starttime="20230619 18:32:23.314" endtime="20230619 18:32:23.315"/>
</branch>
<status status="PASS" starttime="20230619 18:32:23.314" endtime="20230619 18:32:23.315"/>
</if>
<kw name="Should Be Equal As Integers" library="BuiltIn">
<arg>${result.rc}</arg>
<arg>0</arg>
<doc>Fails if objects are unequal after converting them to integers.</doc>
<msg timestamp="20230619 18:32:23.316" level="INFO">Argument types are:
&lt;class 'int'&gt;
&lt;class 'str'&gt;</msg>
<status status="PASS" starttime="20230619 18:32:23.315" endtime="20230619 18:32:23.316"/>
</kw>
<return>
<value>${result}</value>
<status status="PASS" starttime="20230619 18:32:23.316" endtime="20230619 18:32:23.316"/>
</return>
<status status="PASS" starttime="20230619 18:32:22.984" endtime="20230619 18:32:23.316"/>
</kw>
<kw name="Expect Successful Execution" library="keywords">
<var>${result}</var>
<arg>go tool cover -func\=${cov_path}</arg>
<doc>Runs a ${command} and expects it to succeed. ${command}
should be a string representing the shell command.</doc>
<kw name="Run Process" library="Process">
<var>${result}</var>
<arg>${command}</arg>
<arg>shell=True</arg>
<doc>Runs a process and waits for it to complete.</doc>
<msg timestamp="20230619 18:32:23.319" level="INFO">Starting process:
go tool cover -func=/w/e2e_tests/results/002_unit_tests.coverage</msg>
<msg timestamp="20230619 18:32:23.321" level="INFO">Waiting for process to complete.</msg>
<msg timestamp="20230619 18:32:23.659" level="INFO">Process completed.</msg>
<msg timestamp="20230619 18:32:23.659" level="INFO">${result} = &lt;result object with rc 0&gt;</msg>
<status status="PASS" starttime="20230619 18:32:23.318" endtime="20230619 18:32:23.659"/>
</kw>
<if>
<branch type="IF" condition="${result.rc} != 0">
<kw name="Log Many" library="BuiltIn">
<arg>${result.stderr}</arg>
<arg>${result.stdout}</arg>
<doc>Logs the given messages as separate entries using the INFO level.</doc>
<status status="NOT RUN" starttime="20230619 18:32:23.660" endtime="20230619 18:32:23.660"/>
</kw>
<status status="NOT RUN" starttime="20230619 18:32:23.659" endtime="20230619 18:32:23.660"/>
</branch>
<status status="PASS" starttime="20230619 18:32:23.659" endtime="20230619 18:32:23.660"/>
</if>
<kw name="Should Be Equal As Integers" library="BuiltIn">
<arg>${result.rc}</arg>
<arg>0</arg>
<doc>Fails if objects are unequal after converting them to integers.</doc>
<msg timestamp="20230619 18:32:23.661" level="INFO">Argument types are:
&lt;class 'int'&gt;
&lt;class 'str'&gt;</msg>
<status status="PASS" starttime="20230619 18:32:23.661" endtime="20230619 18:32:23.661"/>
</kw>
<return>
<value>${result}</value>
<status status="PASS" starttime="20230619 18:32:23.661" endtime="20230619 18:32:23.661"/>
</return>
<msg timestamp="20230619 18:32:23.662" level="INFO">${result} = &lt;result object with rc 0&gt;</msg>
<status status="PASS" starttime="20230619 18:32:23.318" endtime="20230619 18:32:23.662"/>
</kw>
<kw name="Get Regexp Matches" library="String">
<var>${percent}</var>
<arg>${result.stdout}</arg>
<arg>total:.*?([0-9.]+%)$</arg>
<arg>1</arg>
<doc>Returns a list of all non-overlapping matches in the given string.</doc>
<msg timestamp="20230619 18:32:23.663" level="INFO">${percent} = ['73.3%']</msg>
<status status="PASS" starttime="20230619 18:32:23.662" endtime="20230619 18:32:23.663"/>
</kw>
<kw name="Set Suite Metadata" library="BuiltIn">
<arg>Code coverage</arg>
<arg>${percent[0]} [${cov_filename}.html|HTML Report] | [${cov_filename}|Coverage file]</arg>
<doc>Sets metadata for the current test suite.</doc>
<msg timestamp="20230619 18:32:23.664" level="INFO">Set suite metadata 'Code coverage' to value '73.3% [002_unit_tests.coverage.html|HTML Report] | [002_unit_tests.coverage|Coverage file]'.</msg>
<status status="PASS" starttime="20230619 18:32:23.663" endtime="20230619 18:32:23.664"/>
</kw>
<status status="PASS" starttime="20230619 18:32:22.979" endtime="20230619 18:32:23.664"/>
</kw>
<kw name="Remove Directory" library="OperatingSystem">
<arg>${OUTPUT DIR}/go-coverage</arg>
<arg>recursive=True</arg>
<doc>Removes the directory pointed to by the given ``path``.</doc>
<msg timestamp="20230619 18:32:23.664" level="INFO" html="true">Removed directory '&lt;a href="file:///w/e2e_tests/results/go-coverage"&gt;/w/e2e_tests/results/go-coverage&lt;/a&gt;'.</msg>
<status status="PASS" starttime="20230619 18:32:23.664" endtime="20230619 18:32:23.664"/>
</kw>
<status status="PASS" starttime="20230619 18:32:22.979" endtime="20230619 18:32:23.664"/>
</kw>
<doc>Run native unit tests for the golang code and serves to aggregate
all test results into one report, also generating a coverage report.</doc>
<meta name="Code coverage">73.3% [002_unit_tests.coverage.html|HTML Report] | [002_unit_tests.coverage|Coverage file]</meta>
<status status="PASS" starttime="20230619 18:30:56.008" endtime="20230619 18:32:23.664"/>
</suite>
<suite id="s1-s3" name="003 Configuration" source="/w/e2e_tests/003_configuration.robot">
<kw name="Suite Setup" library="keywords" type="SETUP">
<doc>Ensure there is a directory for coverage files</doc>
<kw name="Create Directory" library="OperatingSystem">
<arg>${OUTPUT DIR}/go-coverage</arg>
<doc>Creates the specified directory.</doc>
<msg timestamp="20230619 18:32:23.670" level="INFO" html="true">Created directory '&lt;a href="file:///w/e2e_tests/results/go-coverage"&gt;/w/e2e_tests/results/go-coverage&lt;/a&gt;'.</msg>
<status status="PASS" starttime="20230619 18:32:23.670" endtime="20230619 18:32:23.670"/>
</kw>
<status status="PASS" starttime="20230619 18:32:23.670" endtime="20230619 18:32:23.670"/>
</kw>
<test id="s1-s3-t1" name="Example configuration: basic authentication" line="14">
<kw name="Validate Configuration" library="keywords">
<arg>examples/Caddyfile.basic-auth</arg>
<arg>0</arg>
<doc>Validate if configuration behaves as expected</doc>
<kw name="Run Process" library="Process">
<var>${result}</var>
<arg>${CADDY_VALIDATE} ${file_name}</arg>
<arg>shell=True</arg>
<arg>env:GOCOVERDIR=${OUTPUT DIR}/go-coverage</arg>
<doc>Runs a process and waits for it to complete.</doc>
<msg timestamp="20230619 18:32:23.672" level="INFO">Starting process:
go run -cover cmd/caddy/main.go validate --config examples/Caddyfile.basic-auth</msg>
<msg timestamp="20230619 18:32:23.674" level="INFO">Waiting for process to complete.</msg>
<msg timestamp="20230619 18:32:25.610" level="INFO">Process completed.</msg>
<msg timestamp="20230619 18:32:25.611" level="INFO">${result} = &lt;result object with rc 0&gt;</msg>
<status status="PASS" starttime="20230619 18:32:23.671" endtime="20230619 18:32:25.611"/>
</kw>
<kw name="Should Be Equal As Integers" library="BuiltIn">
<arg>${result.rc}</arg>
<arg>${expected_status_code}</arg>
<doc>Fails if objects are unequal after converting them to integers.</doc>
<msg timestamp="20230619 18:32:25.612" level="INFO">Argument types are:
&lt;class 'int'&gt;
&lt;class 'str'&gt;</msg>
<status status="PASS" starttime="20230619 18:32:25.611" endtime="20230619 18:32:25.612"/>
</kw>
<kw name="Should Contain" library="BuiltIn">
<arg>${result.stderr}</arg>
<arg>${expected_response}</arg>
<doc>Fails if ``container`` does not contain ``item`` one or more times.</doc>
<status status="PASS" starttime="20230619 18:32:25.612" endtime="20230619 18:32:25.613"/>
</kw>
<status status="PASS" starttime="20230619 18:32:23.671" endtime="20230619 18:32:25.613"/>
</kw>
<doc>Test that example configuration with HTTP basic authentication is accepted</doc>
<status status="PASS" starttime="20230619 18:32:23.670" endtime="20230619 18:32:25.613"/>
</test>
<test id="s1-s3-t2" name="Example configuration: no authentication" line="18">
<kw name="Validate Configuration" library="keywords">
<arg>examples/Caddyfile.no-authentication</arg>
<arg>0</arg>
<doc>Validate if configuration behaves as expected</doc>
<kw name="Run Process" library="Process">
<var>${result}</var>
<arg>${CADDY_VALIDATE} ${file_name}</arg>
<arg>shell=True</arg>
<arg>env:GOCOVERDIR=${OUTPUT DIR}/go-coverage</arg>
<doc>Runs a process and waits for it to complete.</doc>
<msg timestamp="20230619 18:32:25.615" level="INFO">Starting process:
go run -cover cmd/caddy/main.go validate --config examples/Caddyfile.no-authentication</msg>
<msg timestamp="20230619 18:32:25.618" level="INFO">Waiting for process to complete.</msg>
<msg timestamp="20230619 18:32:27.443" level="INFO">Process completed.</msg>
<msg timestamp="20230619 18:32:27.443" level="INFO">${result} = &lt;result object with rc 0&gt;</msg>
<status status="PASS" starttime="20230619 18:32:25.615" endtime="20230619 18:32:27.443"/>
</kw>
<kw name="Should Be Equal As Integers" library="BuiltIn">
<arg>${result.rc}</arg>
<arg>${expected_status_code}</arg>
<doc>Fails if objects are unequal after converting them to integers.</doc>
<msg timestamp="20230619 18:32:27.445" level="INFO">Argument types are:
&lt;class 'int'&gt;
&lt;class 'str'&gt;</msg>
<status status="PASS" starttime="20230619 18:32:27.444" endtime="20230619 18:32:27.445"/>
</kw>
<kw name="Should Contain" library="BuiltIn">
<arg>${result.stderr}</arg>
<arg>${expected_response}</arg>
<doc>Fails if ``container`` does not contain ``item`` one or more times.</doc>
<status status="PASS" starttime="20230619 18:32:27.445" endtime="20230619 18:32:27.446"/>
</kw>
<status status="PASS" starttime="20230619 18:32:25.614" endtime="20230619 18:32:27.446"/>
</kw>
<doc>Test that example configuration without authentication is accepted</doc>
<status status="PASS" starttime="20230619 18:32:25.613" endtime="20230619 18:32:27.446"/>
</test>
<test id="s1-s3-t3" name="Invalid configuration: empty" line="22">
<kw name="Validate Configuration" library="keywords">
<arg>e2e_tests/resources/Caddyfile.invalid-no-arg</arg>
<arg>1</arg>
<arg>Wrong argument count or unexpected line ending after 'http_put_file'</arg>
<doc>Validate if configuration behaves as expected</doc>
<kw name="Run Process" library="Process">
<var>${result}</var>
<arg>${CADDY_VALIDATE} ${file_name}</arg>
<arg>shell=True</arg>
<arg>env:GOCOVERDIR=${OUTPUT DIR}/go-coverage</arg>
<doc>Runs a process and waits for it to complete.</doc>
<msg timestamp="20230619 18:32:27.448" level="INFO">Starting process:
go run -cover cmd/caddy/main.go validate --config e2e_tests/resources/Caddyfile.invalid-no-arg</msg>
<msg timestamp="20230619 18:32:27.450" level="INFO">Waiting for process to complete.</msg>
<msg timestamp="20230619 18:32:29.260" level="INFO">Process completed.</msg>
<msg timestamp="20230619 18:32:29.260" level="INFO">${result} = &lt;result object with rc 1&gt;</msg>
<status status="PASS" starttime="20230619 18:32:27.447" endtime="20230619 18:32:29.260"/>
</kw>
<kw name="Should Be Equal As Integers" library="BuiltIn">
<arg>${result.rc}</arg>
<arg>${expected_status_code}</arg>
<doc>Fails if objects are unequal after converting them to integers.</doc>
<msg timestamp="20230619 18:32:29.262" level="INFO">Argument types are:
&lt;class 'int'&gt;
&lt;class 'str'&gt;</msg>
<status status="PASS" starttime="20230619 18:32:29.261" endtime="20230619 18:32:29.262"/>
</kw>
<kw name="Should Contain" library="BuiltIn">
<arg>${result.stderr}</arg>
<arg>${expected_response}</arg>
<doc>Fails if ``container`` does not contain ``item`` one or more times.</doc>
<status status="PASS" starttime="20230619 18:32:29.262" endtime="20230619 18:32:29.263"/>
</kw>
<status status="PASS" starttime="20230619 18:32:27.447" endtime="20230619 18:32:29.263"/>
</kw>
<doc>Test that an invalid configuration is rejected (no arguments)</doc>
<status status="PASS" starttime="20230619 18:32:27.447" endtime="20230619 18:32:29.263"/>
</test>
<test id="s1-s3-t4" name="Invalid configuration: structure" line="28">
<kw name="Validate Configuration" library="keywords">
<arg>e2e_tests/resources/Caddyfile.invalid-nested-args</arg>
<arg>1</arg>
<arg>Wrong argument count or unexpected line ending after 'http_put_file'</arg>
<doc>Validate if configuration behaves as expected</doc>
<kw name="Run Process" library="Process">
<var>${result}</var>
<arg>${CADDY_VALIDATE} ${file_name}</arg>
<arg>shell=True</arg>
<arg>env:GOCOVERDIR=${OUTPUT DIR}/go-coverage</arg>
<doc>Runs a process and waits for it to complete.</doc>
<msg timestamp="20230619 18:32:29.264" level="INFO">Starting process:
go run -cover cmd/caddy/main.go validate --config e2e_tests/resources/Caddyfile.invalid-nested-args</msg>
<msg timestamp="20230619 18:32:29.267" level="INFO">Waiting for process to complete.</msg>
<msg timestamp="20230619 18:32:31.057" level="INFO">Process completed.</msg>
<msg timestamp="20230619 18:32:31.058" level="INFO">${result} = &lt;result object with rc 1&gt;</msg>
<status status="PASS" starttime="20230619 18:32:29.264" endtime="20230619 18:32:31.058"/>
</kw>
<kw name="Should Be Equal As Integers" library="BuiltIn">
<arg>${result.rc}</arg>
<arg>${expected_status_code}</arg>
<doc>Fails if objects are unequal after converting them to integers.</doc>
<msg timestamp="20230619 18:32:31.059" level="INFO">Argument types are:
&lt;class 'int'&gt;
&lt;class 'str'&gt;</msg>
<status status="PASS" starttime="20230619 18:32:31.058" endtime="20230619 18:32:31.060"/>
</kw>
<kw name="Should Contain" library="BuiltIn">
<arg>${result.stderr}</arg>
<arg>${expected_response}</arg>
<doc>Fails if ``container`` does not contain ``item`` one or more times.</doc>
<status status="PASS" starttime="20230619 18:32:31.060" endtime="20230619 18:32:31.060"/>
</kw>
<status status="PASS" starttime="20230619 18:32:29.264" endtime="20230619 18:32:31.060"/>
</kw>
<doc>Test that an invalid configuration is rejected (nested argument)</doc>
<status status="PASS" starttime="20230619 18:32:29.263" endtime="20230619 18:32:31.060"/>
</test>
<kw name="Suite Teardown" library="keywords" type="TEARDOWN">
<doc>Generate coverage report and remove coverage directory</doc>
<kw name="Generate Coverage Report" library="keywords">
<doc>Generate coverage report from generated files</doc>
<kw name="Get Coverage Filename From Suite Source" library="keywords">
<var>${cov_path}</var>
<var>${cov_filename}</var>
<doc>Splits `/w/e2e_tests/003_configuration.robot` into path and filename. Constructs a
path to the coverage file in `/w/e2e_tests/results`. Returns the coverage full file
path and the coverage filename separately.</doc>
<kw name="Split Path" library="OperatingSystem">
<var>${path}</var>
<var>${suite_filename}</var>
<arg>${SUITE SOURCE}</arg>
<doc>Splits the given path from the last path separator (``/`` or ``\``).</doc>
<msg timestamp="20230619 18:32:31.062" level="INFO">${path} = /w/e2e_tests</msg>
<msg timestamp="20230619 18:32:31.063" level="INFO">${suite_filename} = 003_configuration.robot</msg>
<status status="PASS" starttime="20230619 18:32:31.062" endtime="20230619 18:32:31.063"/>
</kw>
<kw name="Split Extension" library="OperatingSystem">
<var>${suite_name}</var>
<var>${ext}</var>
<arg>${suite_filename}</arg>
<doc>Splits the extension from the given path.</doc>
<msg timestamp="20230619 18:32:31.063" level="INFO">${suite_name} = 003_configuration</msg>
<msg timestamp="20230619 18:32:31.063" level="INFO">${ext} = robot</msg>
<status status="PASS" starttime="20230619 18:32:31.063" endtime="20230619 18:32:31.063"/>
</kw>
<kw name="Join Path" library="OperatingSystem">
<var>${cov_path}</var>
<arg>${OUTPUT DIR}</arg>
<arg>${suite_name}.coverage</arg>
<doc>Joins the given path part(s) to the given base path.</doc>
<msg timestamp="20230619 18:32:31.063" level="INFO">${cov_path} = /w/e2e_tests/results/003_configuration.coverage</msg>
<status status="PASS" starttime="20230619 18:32:31.063" endtime="20230619 18:32:31.063"/>
</kw>
<return>
<value>${cov_path}</value>
<value>${suite_name}.coverage</value>
<status status="PASS" starttime="20230619 18:32:31.063" endtime="20230619 18:32:31.063"/>
</return>
<msg timestamp="20230619 18:32:31.064" level="INFO">${cov_path} = /w/e2e_tests/results/003_configuration.coverage</msg>
<msg timestamp="20230619 18:32:31.064" level="INFO">${cov_filename} = 003_configuration.coverage</msg>
<status status="PASS" starttime="20230619 18:32:31.062" endtime="20230619 18:32:31.064"/>
</kw>
<kw name="Run Keyword And Return Status" library="BuiltIn">
<var>${dir_exists}</var>
<arg>Directory Should Exist</arg>
<arg>${OUTPUT DIR}/go-coverage</arg>
<doc>Runs the given keyword with given arguments and returns the status as a Boolean value.</doc>
<kw name="Directory Should Exist" library="OperatingSystem">
<arg>${OUTPUT DIR}/go-coverage</arg>
<doc>Fails unless the given path points to an existing directory.</doc>
<msg timestamp="20230619 18:32:31.064" level="INFO" html="true">Directory '&lt;a href="file:///w/e2e_tests/results/go-coverage"&gt;/w/e2e_tests/results/go-coverage&lt;/a&gt;' exists.</msg>
<status status="PASS" starttime="20230619 18:32:31.064" endtime="20230619 18:32:31.064"/>
</kw>
<msg timestamp="20230619 18:32:31.064" level="INFO">${dir_exists} = True</msg>
<status status="PASS" starttime="20230619 18:32:31.064" endtime="20230619 18:32:31.064"/>
</kw>
<if>
<branch type="IF" condition="${dir_exists}">
<kw name="List Files In Directory" library="OperatingSystem">
<var>${dir_contents}</var>
<arg>${OUTPUT DIR}/go-coverage</arg>
<doc>Wrapper for `List Directory` that returns only files.</doc>
<msg timestamp="20230619 18:32:31.065" level="INFO" html="true">Listing contents of directory '&lt;a href="file:///w/e2e_tests/results/go-coverage"&gt;/w/e2e_tests/results/go-coverage&lt;/a&gt;'.</msg>
<msg timestamp="20230619 18:32:31.065" level="INFO">5 files:
covcounters.6b007adb3d230b7f717346764648bf5a.7561.1687199545598661215
covcounters.6b007adb3d230b7f717346764648bf5a.7612.1687199547432165546
covcounters.6b007adb3d230b7f717346764648bf5a.7665.1687199549249523093
covcounters.6b007adb3d230b7f717346764648bf5a.7715.1687199551046678726
covmeta.6b007adb3d230b7f717346764648bf5a</msg>
<msg timestamp="20230619 18:32:31.065" level="INFO">${dir_contents} = ['covcounters.6b007adb3d230b7f717346764648bf5a.7561.1687199545598661215', 'covcounters.6b007adb3d230b7f717346764648bf5a.7612.1687199547432165546', 'covcounters.6b007adb3d230b7f717346764648bf5a.7665.16...</msg>
<status status="PASS" starttime="20230619 18:32:31.065" endtime="20230619 18:32:31.065"/>
</kw>
<status status="PASS" starttime="20230619 18:32:31.064" endtime="20230619 18:32:31.065"/>
</branch>
<branch type="ELSE">
<kw name="Set Variable" library="BuiltIn">
<var>${dir_contents}</var>
<arg>${None}</arg>
<doc>Returns the given values which can then be assigned to a variables.</doc>
<status status="NOT RUN" starttime="20230619 18:32:31.065" endtime="20230619 18:32:31.065"/>
</kw>
<status status="NOT RUN" starttime="20230619 18:32:31.065" endtime="20230619 18:32:31.065"/>
</branch>
<status status="PASS" starttime="20230619 18:32:31.064" endtime="20230619 18:32:31.065"/>
</if>
<if>
<branch type="IF" condition="${dir_contents}">
<kw name="Convert Coverage Fragments" library="keywords">
<arg>${cov_path}</arg>
<doc>Convert coverage fragments (from a go run/build -cover execution) into
a single file</doc>
<kw name="Run Process" library="Process">
<var>${result}</var>
<arg>go tool covdata textfmt -i\=${OUTPUT DIR}/go-coverage -o\=${cov_path}</arg>
<arg>shell=True</arg>
<doc>Runs a process and waits for it to complete.</doc>
<msg timestamp="20230619 18:32:31.066" level="INFO">Starting process:
go tool covdata textfmt -i=/w/e2e_tests/results/go-coverage -o=/w/e2e_tests/results/003_configuration.coverage</msg>
<msg timestamp="20230619 18:32:31.069" level="INFO">Waiting for process to complete.</msg>
<msg timestamp="20230619 18:32:31.076" level="INFO">Process completed.</msg>
<msg timestamp="20230619 18:32:31.077" level="INFO">${result} = &lt;result object with rc 0&gt;</msg>
<status status="PASS" starttime="20230619 18:32:31.066" endtime="20230619 18:32:31.077"/>
</kw>
<kw name="Should Be Equal As Integers" library="BuiltIn">
<arg>${result.rc}</arg>
<arg>0</arg>
<doc>Fails if objects are unequal after converting them to integers.</doc>
<msg timestamp="20230619 18:32:31.078" level="INFO">Argument types are:
&lt;class 'int'&gt;
&lt;class 'str'&gt;</msg>
<status status="PASS" starttime="20230619 18:32:31.077" endtime="20230619 18:32:31.078"/>
</kw>
<status status="PASS" starttime="20230619 18:32:31.065" endtime="20230619 18:32:31.078"/>
</kw>
<status status="PASS" starttime="20230619 18:32:31.065" endtime="20230619 18:32:31.078"/>
</branch>
<status status="PASS" starttime="20230619 18:32:31.065" endtime="20230619 18:32:31.078"/>
</if>
<kw name="Expect Successful Execution" library="keywords">
<arg>go tool cover -html\=${cov_path} -o\=${cov_path}.html</arg>
<doc>Runs a ${command} and expects it to succeed. ${command}
should be a string representing the shell command.</doc>
<kw name="Run Process" library="Process">
<var>${result}</var>
<arg>${command}</arg>
<arg>shell=True</arg>
<doc>Runs a process and waits for it to complete.</doc>
<msg timestamp="20230619 18:32:31.080" level="INFO">Starting process:
go tool cover -html=/w/e2e_tests/results/003_configuration.coverage -o=/w/e2e_tests/results/003_configuration.coverage.html</msg>
<msg timestamp="20230619 18:32:31.082" level="INFO">Waiting for process to complete.</msg>
<msg timestamp="20230619 18:32:31.418" level="INFO">Process completed.</msg>
<msg timestamp="20230619 18:32:31.418" level="INFO">${result} = &lt;result object with rc 0&gt;</msg>
<status status="PASS" starttime="20230619 18:32:31.080" endtime="20230619 18:32:31.418"/>
</kw>
<if>
<branch type="IF" condition="${result.rc} != 0">
<kw name="Log Many" library="BuiltIn">
<arg>${result.stderr}</arg>
<arg>${result.stdout}</arg>
<doc>Logs the given messages as separate entries using the INFO level.</doc>
<status status="NOT RUN" starttime="20230619 18:32:31.420" endtime="20230619 18:32:31.420"/>
</kw>
<status status="NOT RUN" starttime="20230619 18:32:31.419" endtime="20230619 18:32:31.420"/>
</branch>
<status status="PASS" starttime="20230619 18:32:31.419" endtime="20230619 18:32:31.420"/>
</if>
<kw name="Should Be Equal As Integers" library="BuiltIn">
<arg>${result.rc}</arg>
<arg>0</arg>
<doc>Fails if objects are unequal after converting them to integers.</doc>
<msg timestamp="20230619 18:32:31.421" level="INFO">Argument types are:
&lt;class 'int'&gt;
&lt;class 'str'&gt;</msg>
<status status="PASS" starttime="20230619 18:32:31.420" endtime="20230619 18:32:31.421"/>
</kw>
<return>
<value>${result}</value>
<status status="PASS" starttime="20230619 18:32:31.421" endtime="20230619 18:32:31.421"/>
</return>
<status status="PASS" starttime="20230619 18:32:31.080" endtime="20230619 18:32:31.421"/>
</kw>
<kw name="Expect Successful Execution" library="keywords">
<var>${result}</var>
<arg>go tool cover -func\=${cov_path}</arg>
<doc>Runs a ${command} and expects it to succeed. ${command}
should be a string representing the shell command.</doc>
<kw name="Run Process" library="Process">
<var>${result}</var>
<arg>${command}</arg>
<arg>shell=True</arg>
<doc>Runs a process and waits for it to complete.</doc>
<msg timestamp="20230619 18:32:31.423" level="INFO">Starting process:
go tool cover -func=/w/e2e_tests/results/003_configuration.coverage</msg>
<msg timestamp="20230619 18:32:31.426" level="INFO">Waiting for process to complete.</msg>
<msg timestamp="20230619 18:32:31.746" level="INFO">Process completed.</msg>
<msg timestamp="20230619 18:32:31.747" level="INFO">${result} = &lt;result object with rc 0&gt;</msg>
<status status="PASS" starttime="20230619 18:32:31.423" endtime="20230619 18:32:31.747"/>
</kw>
<if>
<branch type="IF" condition="${result.rc} != 0">
<kw name="Log Many" library="BuiltIn">
<arg>${result.stderr}</arg>
<arg>${result.stdout}</arg>
<doc>Logs the given messages as separate entries using the INFO level.</doc>
<status status="NOT RUN" starttime="20230619 18:32:31.748" endtime="20230619 18:32:31.748"/>
</kw>
<status status="NOT RUN" starttime="20230619 18:32:31.747" endtime="20230619 18:32:31.748"/>
</branch>
<status status="PASS" starttime="20230619 18:32:31.747" endtime="20230619 18:32:31.748"/>
</if>
<kw name="Should Be Equal As Integers" library="BuiltIn">
<arg>${result.rc}</arg>
<arg>0</arg>
<doc>Fails if objects are unequal after converting them to integers.</doc>
<msg timestamp="20230619 18:32:31.749" level="INFO">Argument types are:
&lt;class 'int'&gt;
&lt;class 'str'&gt;</msg>
<status status="PASS" starttime="20230619 18:32:31.748" endtime="20230619 18:32:31.749"/>
</kw>
<return>
<value>${result}</value>
<status status="PASS" starttime="20230619 18:32:31.749" endtime="20230619 18:32:31.749"/>
</return>
<msg timestamp="20230619 18:32:31.750" level="INFO">${result} = &lt;result object with rc 0&gt;</msg>
<status status="PASS" starttime="20230619 18:32:31.422" endtime="20230619 18:32:31.750"/>
</kw>
<kw name="Get Regexp Matches" library="String">
<var>${percent}</var>
<arg>${result.stdout}</arg>
<arg>total:.*?([0-9.]+%)$</arg>
<arg>1</arg>
<doc>Returns a list of all non-overlapping matches in the given string.</doc>
<msg timestamp="20230619 18:32:31.750" level="INFO">${percent} = ['37.0%']</msg>
<status status="PASS" starttime="20230619 18:32:31.750" endtime="20230619 18:32:31.750"/>
</kw>
<kw name="Set Suite Metadata" library="BuiltIn">
<arg>Code coverage</arg>
<arg>${percent[0]} [${cov_filename}.html|HTML Report] | [${cov_filename}|Coverage file]</arg>
<doc>Sets metadata for the current test suite.</doc>
<msg timestamp="20230619 18:32:31.751" level="INFO">Set suite metadata 'Code coverage' to value '37.0% [003_configuration.coverage.html|HTML Report] | [003_configuration.coverage|Coverage file]'.</msg>
<status status="PASS" starttime="20230619 18:32:31.750" endtime="20230619 18:32:31.751"/>
</kw>
<status status="PASS" starttime="20230619 18:32:31.062" endtime="20230619 18:32:31.751"/>
</kw>
<kw name="Remove Directory" library="OperatingSystem">
<arg>${OUTPUT DIR}/go-coverage</arg>
<arg>recursive=True</arg>
<doc>Removes the directory pointed to by the given ``path``.</doc>
<msg timestamp="20230619 18:32:31.752" level="INFO" html="true">Removed directory '&lt;a href="file:///w/e2e_tests/results/go-coverage"&gt;/w/e2e_tests/results/go-coverage&lt;/a&gt;'.</msg>
<status status="PASS" starttime="20230619 18:32:31.751" endtime="20230619 18:32:31.752"/>
</kw>
<status status="PASS" starttime="20230619 18:32:31.062" endtime="20230619 18:32:31.752"/>
</kw>
<doc>A series of test cases designed to verify the behavior of various
configurations, ranging from valid to invalid scenarios.
It utilizes keywords and resources defined in the
'resources/keywords.robot' file for test execution.</doc>
<meta name="Code coverage">37.0% [003_configuration.coverage.html|HTML Report] | [003_configuration.coverage|Coverage file]</meta>
<status status="PASS" starttime="20230619 18:32:23.665" endtime="20230619 18:32:31.752"/>
</suite>
<suite id="s1-s4" name="004 Requests" source="/w/e2e_tests/004_requests.robot">
<kw name="Suite Setup With Caddy" library="keywords" type="SETUP">
<doc>Run regular suite setup, start Caddy and wait until it is available</doc>
<kw name="Suite Setup" library="keywords">
<doc>Ensure there is a directory for coverage files</doc>
<kw name="Create Directory" library="OperatingSystem">
<arg>${OUTPUT DIR}/go-coverage</arg>
<doc>Creates the specified directory.</doc>
<msg timestamp="20230619 18:32:31.759" level="INFO" html="true">Created directory '&lt;a href="file:///w/e2e_tests/results/go-coverage"&gt;/w/e2e_tests/results/go-coverage&lt;/a&gt;'.</msg>
<status status="PASS" starttime="20230619 18:32:31.759" endtime="20230619 18:32:31.759"/>
</kw>
<status status="PASS" starttime="20230619 18:32:31.759" endtime="20230619 18:32:31.759"/>
</kw>
<kw name="Expect Caddy Not Ready" library="keywords">
<doc>Check that Caddy is not ready to accept connections</doc>
<kw name="Run Keyword And Return Status" library="BuiltIn">
<var>${result}</var>
<arg>GET</arg>
<arg>${BASE_URL}</arg>
<doc>Runs the given keyword with given arguments and returns the status as a Boolean value.</doc>
<kw name="GET" library="RequestsLibrary">
<arg>${BASE_URL}</arg>
<doc>Sends a GET request.</doc>
<msg timestamp="20230619 18:32:31.763" level="FAIL">ConnectionError: HTTPConnectionPool(host='localhost', port=8080): Max retries exceeded with url: / (Caused by NewConnectionError('&lt;urllib3.connection.HTTPConnection object at 0x7fd82c4769a0&gt;: Failed to establish a new connection: [Errno 111] Connection refused'))</msg>
<status status="FAIL" starttime="20230619 18:32:31.760" endtime="20230619 18:32:31.797"/>
</kw>
<msg timestamp="20230619 18:32:31.797" level="INFO">${result} = False</msg>
<status status="PASS" starttime="20230619 18:32:31.760" endtime="20230619 18:32:31.797"/>
</kw>
<kw name="Should Be Equal" library="BuiltIn">
<arg>${result}</arg>
<arg>${False}</arg>
<arg>msg=Caddy seems to be running already, which is unexpected in this test context.</arg>
<doc>Fails if the given objects are unequal.</doc>
<status status="PASS" starttime="20230619 18:32:31.797" endtime="20230619 18:32:31.797"/>
</kw>
<status status="PASS" starttime="20230619 18:32:31.759" endtime="20230619 18:32:31.797"/>
</kw>
<kw name="Start Process" library="Process">
<arg>${CADDY_RUN} examples/Caddyfile.basic-auth</arg>
<arg>shell=True</arg>
<arg>env:GOCOVERDIR=${OUTPUT DIR}/go-coverage</arg>
<arg>alias=caddy</arg>
<doc>Starts a new process on background.</doc>
<msg timestamp="20230619 18:32:31.798" level="INFO">Starting process:
go run -cover cmd/caddy/main.go run --config examples/Caddyfile.basic-auth</msg>
<status status="PASS" starttime="20230619 18:32:31.798" endtime="20230619 18:32:31.801"/>
</kw>
<kw name="Wait Until Caddy Is Ready" library="keywords">
<doc>Return only when Caddy is ready to accept connections</doc>
<kw name="Wait Until Keyword Succeeds" library="BuiltIn">
<arg>30s</arg>
<arg>0.5s</arg>
<arg>GET</arg>
<arg>${BASE_URL}</arg>
<doc>Runs the specified keyword and retries if it fails.</doc>
<kw name="GET" library="RequestsLibrary">
<arg>${BASE_URL}</arg>
<doc>Sends a GET request.</doc>
<msg timestamp="20230619 18:32:31.804" level="FAIL">ConnectionError: HTTPConnectionPool(host='localhost', port=8080): Max retries exceeded with url: / (Caused by NewConnectionError('&lt;urllib3.connection.HTTPConnection object at 0x7fd82c494b80&gt;: Failed to establish a new connection: [Errno 111] Connection refused'))</msg>
<status status="FAIL" starttime="20230619 18:32:31.802" endtime="20230619 18:32:31.805"/>
</kw>
<kw name="GET" library="RequestsLibrary">
<arg>${BASE_URL}</arg>
<doc>Sends a GET request.</doc>
<msg timestamp="20230619 18:32:32.307" level="FAIL">ConnectionError: HTTPConnectionPool(host='localhost', port=8080): Max retries exceeded with url: / (Caused by NewConnectionError('&lt;urllib3.connection.HTTPConnection object at 0x7fd82c421d90&gt;: Failed to establish a new connection: [Errno 111] Connection refused'))</msg>
<status status="FAIL" starttime="20230619 18:32:32.305" endtime="20230619 18:32:32.307"/>
</kw>
<kw name="GET" library="RequestsLibrary">
<arg>${BASE_URL}</arg>
<doc>Sends a GET request.</doc>
<msg timestamp="20230619 18:32:32.809" level="FAIL">ConnectionError: HTTPConnectionPool(host='localhost', port=8080): Max retries exceeded with url: / (Caused by NewConnectionError('&lt;urllib3.connection.HTTPConnection object at 0x7fd82c4216a0&gt;: Failed to establish a new connection: [Errno 111] Connection refused'))</msg>
<status status="FAIL" starttime="20230619 18:32:32.807" endtime="20230619 18:32:32.810"/>
</kw>
<kw name="GET" library="RequestsLibrary">
<arg>${BASE_URL}</arg>
<doc>Sends a GET request.</doc>
<msg timestamp="20230619 18:32:33.312" level="FAIL">ConnectionError: HTTPConnectionPool(host='localhost', port=8080): Max retries exceeded with url: / (Caused by NewConnectionError('&lt;urllib3.connection.HTTPConnection object at 0x7fd82c494820&gt;: Failed to establish a new connection: [Errno 111] Connection refused'))</msg>
<status status="FAIL" starttime="20230619 18:32:33.310" endtime="20230619 18:32:33.312"/>
</kw>
<kw name="GET" library="RequestsLibrary">
<arg>${BASE_URL}</arg>
<doc>Sends a GET request.</doc>
<msg timestamp="20230619 18:32:35.196" level="INFO">GET Request : url=http://Bob:hiccup@localhost:8080/ 
 path_url=/ 
 headers={'User-Agent': 'python-requests/2.31.0', 'Accept-Encoding': 'gzip, deflate', 'Accept': '*/*', 'Connection': 'keep-alive', 'Authorization': 'Basic Qm9iOmhpY2N1cA=='} 
 body=None 
 </msg>
<msg timestamp="20230619 18:32:35.196" level="INFO">GET Response : url=http://Bob:hiccup@localhost:8080/ 
 status=200, reason=OK 
 headers={'Server': 'Caddy', 'Date': 'Mon, 19 Jun 2023 18:32:35 GMT', 'Content-Length': '0'} 
 body=None 
 </msg>
<status status="PASS" starttime="20230619 18:32:33.813" endtime="20230619 18:32:35.196"/>
</kw>
<status status="PASS" starttime="20230619 18:32:31.802" endtime="20230619 18:32:35.196"/>
</kw>
<status status="PASS" starttime="20230619 18:32:31.801" endtime="20230619 18:32:35.197"/>
</kw>
<status status="PASS" starttime="20230619 18:32:31.758" endtime="20230619 18:32:35.197"/>
</kw>
<test id="s1-s4-t1" name="Test simple upload" line="12">
<kw name="Upload File" library="keywords">
<arg>go.mod</arg>
<doc>Test uploading a single file. The go.mod argument should
be the absolute path to the file.</doc>
<kw name="Get Binary File" library="OperatingSystem">
<var>${file_data}</var>
<arg>${file_path}</arg>
<doc>Returns the contents of a specified file.</doc>
<msg timestamp="20230619 18:32:35.198" level="INFO" html="true">Getting file '&lt;a href="file:///w/go.mod"&gt;/w/go.mod&lt;/a&gt;'.</msg>
<msg timestamp="20230619 18:32:35.199" level="INFO">${file_data} = module github.com/madworx/caddy-put-upload

go 1.19

require (
	github.com/caddyserver/caddy/v2 v2.6.4
	github.com/stretchr/testify v1.8.1
)

require (
	github.com/kr/text v0.2.0 // indirect
	github.c...</msg>
<status status="PASS" starttime="20230619 18:32:35.198" endtime="20230619 18:32:35.199"/>
</kw>
<kw name="Set Variable" library="BuiltIn">
<var>${file_name}</var>
<arg>/upload/test.txt</arg>
<doc>Returns the given values which can then be assigned to a variables.</doc>
<msg timestamp="20230619 18:32:35.199" level="INFO">${file_name} = /upload/test.txt</msg>
<status status="PASS" starttime="20230619 18:32:35.199" endtime="20230619 18:32:35.199"/>
</kw>
<kw name="PUT" library="RequestsLibrary">
<var>${response}</var>
<arg>${url}${file_name}</arg>
<arg>data=${file_data}</arg>
<arg>expected_status=${expected_status}</arg>
<doc>Sends a PUT request.</doc>
<msg timestamp="20230619 18:32:35.203" level="INFO">PUT Request : url=http://Bob:hiccup@localhost:8080//upload/test.txt 
 path_url=//upload/test.txt 
 headers={'User-Agent': 'python-requests/2.31.0', 'Accept-Encoding': 'gzip, deflate', 'Accept': '*/*', 'Connection': 'keep-alive', 'Content-Length': '6839', 'Authorization': 'Basic Qm9iOmhpY2N1cA=='} 
 body=b'module github.com/madworx/caddy-put-upload\n\ngo 1.19\n\nrequire (\n\tgithub.com/caddyserver/caddy/v2 v2.6.4\n\tgithub.com/stretchr/testify v1.8.1\n)\n\nrequire (\n\tgithub.com/kr/text v0.2.0 // indirect\n\tgithub.com/rogpeppe/go-internal v1.10.0 // indirect\n)\n\nrequire (\n\tfilippo.io/edwards25519 v1.0.0 // indirect\n\tgithub.com/AndreasBriese/bbloom v0.0.0-20190825152654-46b345b51c96 // indirect\n\tgithub.com/BurntSushi/toml v1.2.1 // indirect\n\tgithub.com/Masterminds/goutils v1.1.1 // indirect\n\tgithub.com/Masterminds/semver/v3 v3.2.0 // indirect\n\tgithub.com/Masterminds/sprig/v3 v3.2.3 // indirect\n\tgithub.com/Microsoft/go-winio v0.6.0 // indirect\n\tgithub.com/alecthomas/chroma/v2 v2.5.0 // indirect\n\tgithub.com/antlr/antlr4/runtime/Go/antlr v1.4.10 // indirect\n\tgithub.com/aryann/difflib v0.0.0-20210328193216-ff5ff6dc229b // indirect\n\tgithub.com/beorn7/perks v1.0.1 // indirect\n\tgithub.com/caddyserver/certmagic v0.17.2 // indirect\n\tgithub.com/cenkalti/backoff/v4 v4.1.2 // indirect\n\tgithub.com/cespare/xxhash v1.1.0 // indirect\n\tgithub.com/cespare/xxhash/v2 v2.1.2 // indirect\n\tgithub.com/chzyer/readline v0.0.0-20180603132655-2972be24d48e // indirect\n\tgithub.com/cpuguy83/go-md2man/v2 v2.0.2 // indirect\n\tgithub.com/davecgh/go-spew v1.1.1 // indirect\n\tgithub.com/dgraph-io/badger v1.6.2 // indirect\n\tgithub.com/dgraph-io/badger/v2 v2.2007.4 // indirect\n\tgithub.com/dgraph-io/ristretto v0.1.0 // indirect\n\tgithub.com/dgryski/go-farm v0.0.0-20200201041132-a6ae2369ad13 // indirect\n\tgithub.com/dlclark/regexp2 v1.7.0 // indirect\n\tgithub.com/dustin/go-humanize v1.0.1 // indirect\n\tgithub.com/felixge/httpsnoop v1.0.3 // indirect\n\tgithub.com/fxamacker/cbor/v2 v2.4.0 // indirect\n\tgithub.com/go-chi/chi v4.1.2+incompatible // indirect\n\tgithub.com/go-kit/kit v0.10.0 // indirect\n\tgithub.com/go-logfmt/logfmt v0.5.1 // indirect\n\tgithub.com/go-logr/logr v1.2.3 // indirect\n\tgithub.com/go-logr/stdr v1.2.2 // indirect\n\tgithub.com/go-sql-driver/mysql v1.6.0 // indirect\n\tgithub.com/go-task/slim-sprig v0.0.0-20210107165309-348f09dbbbc0 // indirect\n\tgithub.com/golang/glog v1.0.0 // indirect\n\tgithub.com/golang/mock v1.6.0 // indirect\n\tgithub.com/golang/protobuf v1.5.2 // indirect\n\tgithub.com/golang/snappy v0.0.4 // indirect\n\tgithub.com/google/cel-go v0.13.0 // indirect\n\tgithub.com/google/pprof v0.0.0-20210407192527-94a9f03dee38 // indirect\n\tgithub.com/google/uuid v1.3.0 // indirect\n\tgithub.com/grpc-ecosystem/grpc-gateway v1.16.0 // indirect\n\tgithub.com/huandu/xstrings v1.3.3 // indirect\n\tgithub.com/imdario/mergo v0.3.12 // indirect\n\tgithub.com/inconshreveable/mousetrap v1.0.1 // indirect\n\tgithub.com/jackc/chunkreader/v2 v2.0.1 // indirect\n\tgithub.com/jackc/pgconn v1.13.0 // indirect\n\tgithub.com/jackc/pgio v1.0.0 // indirect\n\tgithub.com/jackc/pgpassfile v1.0.0 // indirect\n\tgithub.com/jackc/pgproto3/v2 v2.3.1 // indirect\n\tgithub.com/jackc/pgservicefile v0.0.0-20200714003250-2b9c44734f2b // indirect\n\tgithub.com/jackc/pgtype v1.12.0 // indirect\n\tgithub.com/jackc/pgx/v4 v4.17.2 // indirect\n\tgithub.com/klauspost/compress v1.15.15 // indirect\n\tgithub.com/klauspost/cpuid/v2 v2.2.3 // indirect\n\tgithub.com/libdns/libdns v0.2.1 // indirect\n\tgithub.com/manifoldco/promptui v0.9.0 // indirect\n\tgithub.com/mattn/go-colorable v0.1.8 // indirect\n\tgithub.com/mattn/go-isatty v0.0.13 // indirect\n\tgithub.com/matttproud/golang_protobuf_extensions v1.0.1 // indirect\n\tgithub.com/mgutz/ansi v0.0.0-20200706080929-d51e80ef957d // indirect\n\tgithub.com/mholt/acmez v1.1.0 // indirect\n\tgithub.com/micromdm/scep/v2 v2.1.0 // indirect\n\tgithub.com/miekg/dns v1.1.50 // indirect\n\tgithub.com/mitchellh/copystructure v1.2.0 // indirect\n\tgithub.com/mitchellh/go-ps v1.0.0 // indirect\n\tgithub.com/mitchellh/reflectwalk v1.0.2 // indirect\n\tgithub.com/onsi/ginkgo/v2 v2.2.0 // indirect\n\tgithub.com/pkg/errors v0.9.1 // indirect\n\tgithub.com/pmezard/go-difflib v1.0.0 // indirect\n\tgithub.com/prometheus/client_golang v1.14.0 // indirect\n\tgithub.com/prometheus/client_model v0.3.0 // indirect\n\tgithub.com/prometheus/common v0.37.0 // indirect\n\tgithub.com/prometheus/procfs v0.8.0 // indirect\n\tgithub.com/quic-go/qpack v0.4.0 // indirect\n\tgithub.com/quic-go/qtls-go1-18 v0.2.0 // indirect\n\tgithub.com/quic-go/qtls-go1-19 v0.2.0 // indirect\n\tgithub.com/quic-go/qtls-go1-20 v0.1.0 // indirect\n\tgithub.com/quic-go/quic-go v0.32.0 // indirect\n\tgithub.com/rs/xid v1.4.0 // indirect\n\tgithub.com/russross/blackfriday/v2 v2.1.0 // indirect\n\tgithub.com/shopspring/decimal v1.2.0 // indirect\n\tgithub.com/shurcooL/sanitized_anchor_name v1.0.0 // indirect\n\tgithub.com/sirupsen/logrus v1.9.0 // indirect\n\tgithub.com/slackhq/nebula v1.6.1 // indirect\n\tgithub.com/smallstep/certificates v0.23.2 // indirect\n\tgithub.com/smallstep/nosql v0.5.0 // indirect\n\tgithub.com/smallstep/truststore v0.12.1 // indirect\n\tgithub.com/spf13/cast v1.4.1 // indirect\n\tgithub.com/spf13/cobra v1.6.1 // indirect\n\tgithub.com/spf13/pflag v1.0.5 // indirect\n\tgithub.com/stoewer/go-strcase v1.2.0 // indirect\n\tgithub.com/tailscale/tscert v0.0.0-20230124224810-c6dc1f4049b2 // indirect\n\tgithub.com/urfave/cli v1.22.12 // indirect\n\tgithub.com/x448/float16 v0.8.4 // indirect\n\tgithub.com/yuin/goldmark v1.5.4 // indirect\n\tgithub.com/yuin/goldmark-highlighting/v2 v2.0.0-20220924101305-151362477c87 // indirect\n\tgo.etcd.io/bbolt v1.3.6 // indirect\n\tgo.mozilla.org/pkcs7 v0.0.0-20210826202110-33d05740a352 // indirect\n\tgo.opentelemetry.io/contrib/instrumentation/net/http/otelhttp v0.39.0 // indirect\n\tgo.opentelemetry.io/otel v1.13.0 // indirect\n\tgo.opentelemetry.io/otel/exporters/otlp/internal/retry v1.4.0 // indirect\n\tgo.opentelemetry.io/otel/exporters/otlp/otlptrace v1.4.0 // indirect\n\tgo.opentelemetry.io/otel/exporters/otlp/otlptrace/otlptracegrpc v1.4.0 // indirect\n\tgo.opentelemetry.io/otel/metric v0.36.0 // indirect\n\tgo.opentelemetry.io/otel/sdk v1.13.0 // indirect\n\tgo.opentelemetry.io/otel/trace v1.13.0 // indirect\n\tgo.opentelemetry.io/proto/otlp v0.12.0 // indirect\n\tgo.step.sm/cli-utils v0.7.5 // indirect\n\tgo.step.sm/crypto v0.23.2 // indirect\n\tgo.step.sm/linkedca v0.19.0 // indirect\n\tgo.uber.org/atomic v1.9.0 // indirect\n\tgo.uber.org/multierr v1.6.0 // indirect\n\tgo.uber.org/zap v1.24.0 // indirect\n\tgolang.org/x/crypto v0.5.0 // indirect\n\tgolang.org/x/exp v0.0.0-20221205204356-47842c84f3db // indirect\n\tgolang.org/x/mod v0.10.0 // indirect\n\tgolang.org/x/net v0.10.0 // indirect\n\tgolang.org/x/sync v0.2.0 // indirect\n\tgolang.org/x/sys v0.8.0 // indirect\n\tgolang.org/x/term v0.8.0 // indirect\n\tgolang.org/x/text v0.9.0 // indirect\n\tgolang.org/x/tools v0.9.3\n\tgoogle.golang.org/genproto v0.0.0-20230202175211-008b39050e57 // indirect\n\tgoogle.golang.org/grpc v1.52.3 // indirect\n\tgoogle.golang.org/protobuf v1.28.1 // indirect\n\tgopkg.in/natefinch/lumberjack.v2 v2.2.1 // indirect\n\tgopkg.in/square/go-jose.v2 v2.6.0 // indirect\n\tgopkg.in/yaml.v3 v3.0.1 // indirect\n\thowett.net/plist v1.0.0 // indirect\n)\n' 
 </msg>
<msg timestamp="20230619 18:32:35.203" level="INFO">PUT Response : url=http://Bob:hiccup@localhost:8080//upload/test.txt 
 status=201, reason=Created 
 headers={'Server': 'Caddy', 'Date': 'Mon, 19 Jun 2023 18:32:35 GMT', 'Content-Length': '44', 'Content-Type': 'text/plain; charset=utf-8'} 
 body=File /upload/test.txt created successfully.
 
 </msg>
<msg timestamp="20230619 18:32:35.203" level="INFO">${response} = &lt;Response [201]&gt;</msg>
<status status="PASS" starttime="20230619 18:32:35.199" endtime="20230619 18:32:35.203"/>
</kw>
<kw name="Log" library="BuiltIn">
<arg>${response}</arg>
<doc>Logs the given message with the given level.</doc>
<msg timestamp="20230619 18:32:35.203" level="INFO">&lt;Response [201]&gt;</msg>
<status status="PASS" starttime="20230619 18:32:35.203" endtime="20230619 18:32:35.203"/>
</kw>
<if>
<branch type="IF" condition="${text_expected} == True">
<kw name="Should Match" library="BuiltIn">
<arg>${response.text}</arg>
<arg>File ${file_name} created successfully.\n</arg>
<doc>Fails if the given ``string`` does not match the given ``pattern``.</doc>
<status status="PASS" starttime="20230619 18:32:35.204" endtime="20230619 18:32:35.205"/>
</kw>
<status status="PASS" starttime="20230619 18:32:35.204" endtime="20230619 18:32:35.205"/>
</branch>
<status status="PASS" starttime="20230619 18:32:35.204" endtime="20230619 18:32:35.205"/>
</if>
<status status="PASS" starttime="20230619 18:32:35.198" endtime="20230619 18:32:35.205"/>
</kw>
<doc>Simple uploads of a file should work</doc>
<status status="PASS" starttime="20230619 18:32:35.197" endtime="20230619 18:32:35.205"/>
</test>
<test id="s1-s4-t2" name="Unauthenticated upload should fail" line="16">
<kw name="Upload File" library="keywords">
<arg>go.mod</arg>
<arg>http://localhost:8080/</arg>
<arg>expected_status=401</arg>
<arg>text_expected=False</arg>
<doc>Test uploading a single file. The go.mod argument should
be the absolute path to the file.</doc>
<kw name="Get Binary File" library="OperatingSystem">
<var>${file_data}</var>
<arg>${file_path}</arg>
<doc>Returns the contents of a specified file.</doc>
<msg timestamp="20230619 18:32:35.207" level="INFO" html="true">Getting file '&lt;a href="file:///w/go.mod"&gt;/w/go.mod&lt;/a&gt;'.</msg>
<msg timestamp="20230619 18:32:35.207" level="INFO">${file_data} = module github.com/madworx/caddy-put-upload

go 1.19

require (
	github.com/caddyserver/caddy/v2 v2.6.4
	github.com/stretchr/testify v1.8.1
)

require (
	github.com/kr/text v0.2.0 // indirect
	github.c...</msg>
<status status="PASS" starttime="20230619 18:32:35.206" endtime="20230619 18:32:35.207"/>
</kw>
<kw name="Set Variable" library="BuiltIn">
<var>${file_name}</var>
<arg>/upload/test.txt</arg>
<doc>Returns the given values which can then be assigned to a variables.</doc>
<msg timestamp="20230619 18:32:35.207" level="INFO">${file_name} = /upload/test.txt</msg>
<status status="PASS" starttime="20230619 18:32:35.207" endtime="20230619 18:32:35.207"/>
</kw>
<kw name="PUT" library="RequestsLibrary">
<var>${response}</var>
<arg>${url}${file_name}</arg>
<arg>data=${file_data}</arg>
<arg>expected_status=${expected_status}</arg>
<doc>Sends a PUT request.</doc>
<msg timestamp="20230619 18:32:35.209" level="INFO">PUT Request : url=http://localhost:8080//upload/test.txt 
 path_url=//upload/test.txt 
 headers={'User-Agent': 'python-requests/2.31.0', 'Accept-Encoding': 'gzip, deflate', 'Accept': '*/*', 'Connection': 'keep-alive', 'Content-Length': '6839'} 
 body=b'module github.com/madworx/caddy-put-upload\n\ngo 1.19\n\nrequire (\n\tgithub.com/caddyserver/caddy/v2 v2.6.4\n\tgithub.com/stretchr/testify v1.8.1\n)\n\nrequire (\n\tgithub.com/kr/text v0.2.0 // indirect\n\tgithub.com/rogpeppe/go-internal v1.10.0 // indirect\n)\n\nrequire (\n\tfilippo.io/edwards25519 v1.0.0 // indirect\n\tgithub.com/AndreasBriese/bbloom v0.0.0-20190825152654-46b345b51c96 // indirect\n\tgithub.com/BurntSushi/toml v1.2.1 // indirect\n\tgithub.com/Masterminds/goutils v1.1.1 // indirect\n\tgithub.com/Masterminds/semver/v3 v3.2.0 // indirect\n\tgithub.com/Masterminds/sprig/v3 v3.2.3 // indirect\n\tgithub.com/Microsoft/go-winio v0.6.0 // indirect\n\tgithub.com/alecthomas/chroma/v2 v2.5.0 // indirect\n\tgithub.com/antlr/antlr4/runtime/Go/antlr v1.4.10 // indirect\n\tgithub.com/aryann/difflib v0.0.0-20210328193216-ff5ff6dc229b // indirect\n\tgithub.com/beorn7/perks v1.0.1 // indirect\n\tgithub.com/caddyserver/certmagic v0.17.2 // indirect\n\tgithub.com/cenkalti/backoff/v4 v4.1.2 // indirect\n\tgithub.com/cespare/xxhash v1.1.0 // indirect\n\tgithub.com/cespare/xxhash/v2 v2.1.2 // indirect\n\tgithub.com/chzyer/readline v0.0.0-20180603132655-2972be24d48e // indirect\n\tgithub.com/cpuguy83/go-md2man/v2 v2.0.2 // indirect\n\tgithub.com/davecgh/go-spew v1.1.1 // indirect\n\tgithub.com/dgraph-io/badger v1.6.2 // indirect\n\tgithub.com/dgraph-io/badger/v2 v2.2007.4 // indirect\n\tgithub.com/dgraph-io/ristretto v0.1.0 // indirect\n\tgithub.com/dgryski/go-farm v0.0.0-20200201041132-a6ae2369ad13 // indirect\n\tgithub.com/dlclark/regexp2 v1.7.0 // indirect\n\tgithub.com/dustin/go-humanize v1.0.1 // indirect\n\tgithub.com/felixge/httpsnoop v1.0.3 // indirect\n\tgithub.com/fxamacker/cbor/v2 v2.4.0 // indirect\n\tgithub.com/go-chi/chi v4.1.2+incompatible // indirect\n\tgithub.com/go-kit/kit v0.10.0 // indirect\n\tgithub.com/go-logfmt/logfmt v0.5.1 // indirect\n\tgithub.com/go-logr/logr v1.2.3 // indirect\n\tgithub.com/go-logr/stdr v1.2.2 // indirect\n\tgithub.com/go-sql-driver/mysql v1.6.0 // indirect\n\tgithub.com/go-task/slim-sprig v0.0.0-20210107165309-348f09dbbbc0 // indirect\n\tgithub.com/golang/glog v1.0.0 // indirect\n\tgithub.com/golang/mock v1.6.0 // indirect\n\tgithub.com/golang/protobuf v1.5.2 // indirect\n\tgithub.com/golang/snappy v0.0.4 // indirect\n\tgithub.com/google/cel-go v0.13.0 // indirect\n\tgithub.com/google/pprof v0.0.0-20210407192527-94a9f03dee38 // indirect\n\tgithub.com/google/uuid v1.3.0 // indirect\n\tgithub.com/grpc-ecosystem/grpc-gateway v1.16.0 // indirect\n\tgithub.com/huandu/xstrings v1.3.3 // indirect\n\tgithub.com/imdario/mergo v0.3.12 // indirect\n\tgithub.com/inconshreveable/mousetrap v1.0.1 // indirect\n\tgithub.com/jackc/chunkreader/v2 v2.0.1 // indirect\n\tgithub.com/jackc/pgconn v1.13.0 // indirect\n\tgithub.com/jackc/pgio v1.0.0 // indirect\n\tgithub.com/jackc/pgpassfile v1.0.0 // indirect\n\tgithub.com/jackc/pgproto3/v2 v2.3.1 // indirect\n\tgithub.com/jackc/pgservicefile v0.0.0-20200714003250-2b9c44734f2b // indirect\n\tgithub.com/jackc/pgtype v1.12.0 // indirect\n\tgithub.com/jackc/pgx/v4 v4.17.2 // indirect\n\tgithub.com/klauspost/compress v1.15.15 // indirect\n\tgithub.com/klauspost/cpuid/v2 v2.2.3 // indirect\n\tgithub.com/libdns/libdns v0.2.1 // indirect\n\tgithub.com/manifoldco/promptui v0.9.0 // indirect\n\tgithub.com/mattn/go-colorable v0.1.8 // indirect\n\tgithub.com/mattn/go-isatty v0.0.13 // indirect\n\tgithub.com/matttproud/golang_protobuf_extensions v1.0.1 // indirect\n\tgithub.com/mgutz/ansi v0.0.0-20200706080929-d51e80ef957d // indirect\n\tgithub.com/mholt/acmez v1.1.0 // indirect\n\tgithub.com/micromdm/scep/v2 v2.1.0 // indirect\n\tgithub.com/miekg/dns v1.1.50 // indirect\n\tgithub.com/mitchellh/copystructure v1.2.0 // indirect\n\tgithub.com/mitchellh/go-ps v1.0.0 // indirect\n\tgithub.com/mitchellh/reflectwalk v1.0.2 // indirect\n\tgithub.com/onsi/ginkgo/v2 v2.2.0 // indirect\n\tgithub.com/pkg/errors v0.9.1 // indirect\n\tgithub.com/pmezard/go-difflib v1.0.0 // indirect\n\tgithub.com/prometheus/client_golang v1.14.0 // indirect\n\tgithub.com/prometheus/client_model v0.3.0 // indirect\n\tgithub.com/prometheus/common v0.37.0 // indirect\n\tgithub.com/prometheus/procfs v0.8.0 // indirect\n\tgithub.com/quic-go/qpack v0.4.0 // indirect\n\tgithub.com/quic-go/qtls-go1-18 v0.2.0 // indirect\n\tgithub.com/quic-go/qtls-go1-19 v0.2.0 // indirect\n\tgithub.com/quic-go/qtls-go1-20 v0.1.0 // indirect\n\tgithub.com/quic-go/quic-go v0.32.0 // indirect\n\tgithub.com/rs/xid v1.4.0 // indirect\n\tgithub.com/russross/blackfriday/v2 v2.1.0 // indirect\n\tgithub.com/shopspring/decimal v1.2.0 // indirect\n\tgithub.com/shurcooL/sanitized_anchor_name v1.0.0 // indirect\n\tgithub.com/sirupsen/logrus v1.9.0 // indirect\n\tgithub.com/slackhq/nebula v1.6.1 // indirect\n\tgithub.com/smallstep/certificates v0.23.2 // indirect\n\tgithub.com/smallstep/nosql v0.5.0 // indirect\n\tgithub.com/smallstep/truststore v0.12.1 // indirect\n\tgithub.com/spf13/cast v1.4.1 // indirect\n\tgithub.com/spf13/cobra v1.6.1 // indirect\n\tgithub.com/spf13/pflag v1.0.5 // indirect\n\tgithub.com/stoewer/go-strcase v1.2.0 // indirect\n\tgithub.com/tailscale/tscert v0.0.0-20230124224810-c6dc1f4049b2 // indirect\n\tgithub.com/urfave/cli v1.22.12 // indirect\n\tgithub.com/x448/float16 v0.8.4 // indirect\n\tgithub.com/yuin/goldmark v1.5.4 // indirect\n\tgithub.com/yuin/goldmark-highlighting/v2 v2.0.0-20220924101305-151362477c87 // indirect\n\tgo.etcd.io/bbolt v1.3.6 // indirect\n\tgo.mozilla.org/pkcs7 v0.0.0-20210826202110-33d05740a352 // indirect\n\tgo.opentelemetry.io/contrib/instrumentation/net/http/otelhttp v0.39.0 // indirect\n\tgo.opentelemetry.io/otel v1.13.0 // indirect\n\tgo.opentelemetry.io/otel/exporters/otlp/internal/retry v1.4.0 // indirect\n\tgo.opentelemetry.io/otel/exporters/otlp/otlptrace v1.4.0 // indirect\n\tgo.opentelemetry.io/otel/exporters/otlp/otlptrace/otlptracegrpc v1.4.0 // indirect\n\tgo.opentelemetry.io/otel/metric v0.36.0 // indirect\n\tgo.opentelemetry.io/otel/sdk v1.13.0 // indirect\n\tgo.opentelemetry.io/otel/trace v1.13.0 // indirect\n\tgo.opentelemetry.io/proto/otlp v0.12.0 // indirect\n\tgo.step.sm/cli-utils v0.7.5 // indirect\n\tgo.step.sm/crypto v0.23.2 // indirect\n\tgo.step.sm/linkedca v0.19.0 // indirect\n\tgo.uber.org/atomic v1.9.0 // indirect\n\tgo.uber.org/multierr v1.6.0 // indirect\n\tgo.uber.org/zap v1.24.0 // indi
[...]
<arg>${result.rc}</arg>
<arg>0</arg>
<doc>Fails if objects are unequal after converting them to integers.</doc>
<msg timestamp="20230619 18:33:06.773" level="INFO">Argument types are:
&lt;class 'int'&gt;
&lt;class 'str'&gt;</msg>
<msg timestamp="20230619 18:33:06.773" level="FAIL">2 != 0</msg>
<status status="FAIL" starttime="20230619 18:33:06.772" endtime="20230619 18:33:06.773"/>
</kw>
<return>
<value>${result}</value>
<status status="NOT RUN" starttime="20230619 18:33:06.773" endtime="20230619 18:33:06.773"/>
</return>
<status status="FAIL" starttime="20230619 18:32:36.012" endtime="20230619 18:33:06.773"/>
</kw>
<doc>Builds the distribution binaries using the
'make dist-all' command.</doc>
<status status="FAIL" starttime="20230619 18:32:36.010" endtime="20230619 18:33:06.774">2 != 0</status>
</test>
<test id="s1-s5-t2" name="Built binaries should run" line="15">
<kw name="List Files In Directory" library="OperatingSystem">
<var>${binary_list}</var>
<arg>./dist/</arg>
<doc>Wrapper for `List Directory` that returns only files.</doc>
<msg timestamp="20230619 18:33:06.775" level="INFO" html="true">Listing contents of directory '&lt;a href="file:///w/dist"&gt;/w/dist&lt;/a&gt;'.</msg>
<msg timestamp="20230619 18:33:06.775" level="INFO">1 file:
caddy-put-linux-x86_64</msg>
<msg timestamp="20230619 18:33:06.775" level="INFO">${binary_list} = ['caddy-put-linux-x86_64']</msg>
<status status="PASS" starttime="20230619 18:33:06.775" endtime="20230619 18:33:06.775"/>
</kw>
<for flavor="IN">
<var>${binary}</var>
<value>@{binary_list}</value>
<iter>
<var name="${binary}">caddy-put-linux-x86_64</var>
<kw name="Expect Successful Execution" library="keywords">
<arg>./dist/${binary} list-modules</arg>
<doc>Runs a ${command} and expects it to succeed. ${command}
should be a string representing the shell command.</doc>
<kw name="Run Process" library="Process">
<var>${result}</var>
<arg>${command}</arg>
<arg>shell=True</arg>
<doc>Runs a process and waits for it to complete.</doc>
<msg timestamp="20230619 18:33:06.777" level="INFO">Starting process:
./dist/caddy-put-linux-x86_64 list-modules</msg>
<msg timestamp="20230619 18:33:06.779" level="INFO">Waiting for process to complete.</msg>
<msg timestamp="20230619 18:33:06.809" level="INFO">Process completed.</msg>
<msg timestamp="20230619 18:33:06.809" level="INFO">${result} = &lt;result object with rc 0&gt;</msg>
<status status="PASS" starttime="20230619 18:33:06.777" endtime="20230619 18:33:06.810"/>
</kw>
<if>
<branch type="IF" condition="${result.rc} != 0">
<kw name="Log Many" library="BuiltIn">
<arg>${result.stderr}</arg>
<arg>${result.stdout}</arg>
<doc>Logs the given messages as separate entries using the INFO level.</doc>
<status status="NOT RUN" starttime="20230619 18:33:06.811" endtime="20230619 18:33:06.811"/>
</kw>
<status status="NOT RUN" starttime="20230619 18:33:06.810" endtime="20230619 18:33:06.811"/>
</branch>
<status status="PASS" starttime="20230619 18:33:06.810" endtime="20230619 18:33:06.811"/>
</if>
<kw name="Should Be Equal As Integers" library="BuiltIn">
<arg>${result.rc}</arg>
<arg>0</arg>
<doc>Fails if objects are unequal after converting them to integers.</doc>
<msg timestamp="20230619 18:33:06.812" level="INFO">Argument types are:
&lt;class 'int'&gt;
&lt;class 'str'&gt;</msg>
<status status="PASS" starttime="20230619 18:33:06.811" endtime="20230619 18:33:06.812"/>
</kw>
<return>
<value>${result}</value>
<status status="PASS" starttime="20230619 18:33:06.812" endtime="20230619 18:33:06.812"/>
</return>
<status status="PASS" starttime="20230619 18:33:06.776" endtime="20230619 18:33:06.812"/>
</kw>
<status status="PASS" starttime="20230619 18:33:06.775" endtime="20230619 18:33:06.812"/>
</iter>
<status status="PASS" starttime="20230619 18:33:06.775" endtime="20230619 18:33:06.812"/>
</for>
<doc>Verifies that all the built binaries in the 'dist/'
subdirectory execute successfully.</doc>
<status status="PASS" starttime="20230619 18:33:06.774" endtime="20230619 18:33:06.812"/>
</test>
<doc>Verifies the build process of distribution binaries and
ensures that the built binaries execute successfully.</doc>
<status status="FAIL" starttime="20230619 18:32:36.005" endtime="20230619 18:33:06.813"/>
</suite>
<suite id="s1-s6" name="006 Summary" source="/w/e2e_tests/006_summary.robot">
<test id="s1-s6-t1" name="Collate code coverage reports" line="11">
<kw name="Get Coverage Filename From Suite Source" library="keywords">
<var>${cov_path}</var>
<var>${cov_filename}</var>
<doc>Splits `/w/e2e_tests/006_summary.robot` into path and filename. Constructs a
path to the coverage file in `/w/e2e_tests/results`. Returns the coverage full file
path and the coverage filename separately.</doc>
<kw name="Split Path" library="OperatingSystem">
<var>${path}</var>
<var>${suite_filename}</var>
<arg>${SUITE SOURCE}</arg>
<doc>Splits the given path from the last path separator (``/`` or ``\``).</doc>
<msg timestamp="20230619 18:33:06.819" level="INFO">${path} = /w/e2e_tests</msg>
<msg timestamp="20230619 18:33:06.819" level="INFO">${suite_filename} = 006_summary.robot</msg>
<status status="PASS" starttime="20230619 18:33:06.819" endtime="20230619 18:33:06.819"/>
</kw>
<kw name="Split Extension" library="OperatingSystem">
<var>${suite_name}</var>
<var>${ext}</var>
<arg>${suite_filename}</arg>
<doc>Splits the extension from the given path.</doc>
<msg timestamp="20230619 18:33:06.819" level="INFO">${suite_name} = 006_summary</msg>
<msg timestamp="20230619 18:33:06.819" level="INFO">${ext} = robot</msg>
<status status="PASS" starttime="20230619 18:33:06.819" endtime="20230619 18:33:06.819"/>
</kw>
<kw name="Join Path" library="OperatingSystem">
<var>${cov_path}</var>
<arg>${OUTPUT DIR}</arg>
<arg>${suite_name}.coverage</arg>
<doc>Joins the given path part(s) to the given base path.</doc>
<msg timestamp="20230619 18:33:06.819" level="INFO">${cov_path} = /w/e2e_tests/results/006_summary.coverage</msg>
<status status="PASS" starttime="20230619 18:33:06.819" endtime="20230619 18:33:06.819"/>
</kw>
<return>
<value>${cov_path}</value>
<value>${suite_name}.coverage</value>
<status status="PASS" starttime="20230619 18:33:06.819" endtime="20230619 18:33:06.820"/>
</return>
<msg timestamp="20230619 18:33:06.820" level="INFO">${cov_path} = /w/e2e_tests/results/006_summary.coverage</msg>
<msg timestamp="20230619 18:33:06.820" level="INFO">${cov_filename} = 006_summary.coverage</msg>
<status status="PASS" starttime="20230619 18:33:06.818" endtime="20230619 18:33:06.820"/>
</kw>
<kw name="Expect Successful Execution" library="keywords">
<arg>go run cmd/gocovmerge/gocovmerge.go ${OUTPUT DIR}/*.coverage &gt; ${cov_path}</arg>
<doc>Runs a ${command} and expects it to succeed. ${command}
should be a string representing the shell command.</doc>
<kw name="Run Process" library="Process">
<var>${result}</var>
<arg>${command}</arg>
<arg>shell=True</arg>
<doc>Runs a process and waits for it to complete.</doc>
<msg timestamp="20230619 18:33:06.821" level="INFO">Starting process:
go run cmd/gocovmerge/gocovmerge.go /w/e2e_tests/results/*.coverage &gt; /w/e2e_tests/results/006_summary.coverage</msg>
<msg timestamp="20230619 18:33:06.824" level="INFO">Waiting for process to complete.</msg>
<msg timestamp="20230619 18:33:06.971" level="INFO">Process completed.</msg>
<msg timestamp="20230619 18:33:06.972" level="INFO">${result} = &lt;result object with rc 0&gt;</msg>
<status status="PASS" starttime="20230619 18:33:06.821" endtime="20230619 18:33:06.972"/>
</kw>
<if>
<branch type="IF" condition="${result.rc} != 0">
<kw name="Log Many" library="BuiltIn">
<arg>${result.stderr}</arg>
<arg>${result.stdout}</arg>
<doc>Logs the given messages as separate entries using the INFO level.</doc>
<status status="NOT RUN" starttime="20230619 18:33:06.973" endtime="20230619 18:33:06.973"/>
</kw>
<status status="NOT RUN" starttime="20230619 18:33:06.972" endtime="20230619 18:33:06.973"/>
</branch>
<status status="PASS" starttime="20230619 18:33:06.972" endtime="20230619 18:33:06.973"/>
</if>
<kw name="Should Be Equal As Integers" library="BuiltIn">
<arg>${result.rc}</arg>
<arg>0</arg>
<doc>Fails if objects are unequal after converting them to integers.</doc>
<msg timestamp="20230619 18:33:06.974" level="INFO">Argument types are:
&lt;class 'int'&gt;
&lt;class 'str'&gt;</msg>
<status status="PASS" starttime="20230619 18:33:06.973" endtime="20230619 18:33:06.974"/>
</kw>
<return>
<value>${result}</value>
<status status="PASS" starttime="20230619 18:33:06.974" endtime="20230619 18:33:06.974"/>
</return>
<status status="PASS" starttime="20230619 18:33:06.821" endtime="20230619 18:33:06.974"/>
</kw>
<kw name="Generate Coverage Report" library="keywords">
<doc>Generate coverage report from generated files</doc>
<kw name="Get Coverage Filename From Suite Source" library="keywords">
<var>${cov_path}</var>
<var>${cov_filename}</var>
<doc>Splits `/w/e2e_tests/006_summary.robot` into path and filename. Constructs a
path to the coverage file in `/w/e2e_tests/results`. Returns the coverage full file
path and the coverage filename separately.</doc>
<kw name="Split Path" library="OperatingSystem">
<var>${path}</var>
<var>${suite_filename}</var>
<arg>${SUITE SOURCE}</arg>
<doc>Splits the given path from the last path separator (``/`` or ``\``).</doc>
<msg timestamp="20230619 18:33:06.975" level="INFO">${path} = /w/e2e_tests</msg>
<msg timestamp="20230619 18:33:06.975" level="INFO">${suite_filename} = 006_summary.robot</msg>
<status status="PASS" starttime="20230619 18:33:06.975" endtime="20230619 18:33:06.976"/>
</kw>
<kw name="Split Extension" library="OperatingSystem">
<var>${suite_name}</var>
<var>${ext}</var>
<arg>${suite_filename}</arg>
<doc>Splits the extension from the given path.</doc>
<msg timestamp="20230619 18:33:06.976" level="INFO">${suite_name} = 006_summary</msg>
<msg timestamp="20230619 18:33:06.976" level="INFO">${ext} = robot</msg>
<status status="PASS" starttime="20230619 18:33:06.976" endtime="20230619 18:33:06.976"/>
</kw>
<kw name="Join Path" library="OperatingSystem">
<var>${cov_path}</var>
<arg>${OUTPUT DIR}</arg>
<arg>${suite_name}.coverage</arg>
<doc>Joins the given path part(s) to the given base path.</doc>
<msg timestamp="20230619 18:33:06.976" level="INFO">${cov_path} = /w/e2e_tests/results/006_summary.coverage</msg>
<status status="PASS" starttime="20230619 18:33:06.976" endtime="20230619 18:33:06.976"/>
</kw>
<return>
<value>${cov_path}</value>
<value>${suite_name}.coverage</value>
<status status="PASS" starttime="20230619 18:33:06.976" endtime="20230619 18:33:06.976"/>
</return>
<msg timestamp="20230619 18:33:06.976" level="INFO">${cov_path} = /w/e2e_tests/results/006_summary.coverage</msg>
<msg timestamp="20230619 18:33:06.976" level="INFO">${cov_filename} = 006_summary.coverage</msg>
<status status="PASS" starttime="20230619 18:33:06.975" endtime="20230619 18:33:06.976"/>
</kw>
<kw name="Run Keyword And Return Status" library="BuiltIn">
<var>${dir_exists}</var>
<arg>Directory Should Exist</arg>
<arg>${OUTPUT DIR}/go-coverage</arg>
<doc>Runs the given keyword with given arguments and returns the status as a Boolean value.</doc>
<kw name="Directory Should Exist" library="OperatingSystem">
<arg>${OUTPUT DIR}/go-coverage</arg>
<doc>Fails unless the given path points to an existing directory.</doc>
<msg timestamp="20230619 18:33:06.977" level="FAIL">Directory '/w/e2e_tests/results/go-coverage' does not exist.</msg>
<status status="FAIL" starttime="20230619 18:33:06.977" endtime="20230619 18:33:06.977"/>
</kw>
<msg timestamp="20230619 18:33:06.978" level="INFO">${dir_exists} = False</msg>
<status status="PASS" starttime="20230619 18:33:06.977" endtime="20230619 18:33:06.978"/>
</kw>
<if>
<branch type="IF" condition="${dir_exists}">
<kw name="List Files In Directory" library="OperatingSystem">
<var>${dir_contents}</var>
<arg>${OUTPUT DIR}/go-coverage</arg>
<doc>Wrapper for `List Directory` that returns only files.</doc>
<status status="NOT RUN" starttime="20230619 18:33:06.978" endtime="20230619 18:33:06.978"/>
</kw>
<status status="NOT RUN" starttime="20230619 18:33:06.978" endtime="20230619 18:33:06.978"/>
</branch>
<branch type="ELSE">
<kw name="Set Variable" library="BuiltIn">
<var>${dir_contents}</var>
<arg>${None}</arg>
<doc>Returns the given values which can then be assigned to a variables.</doc>
<msg timestamp="20230619 18:33:06.978" level="INFO">${dir_contents} = None</msg>
<status status="PASS" starttime="20230619 18:33:06.978" endtime="20230619 18:33:06.978"/>
</kw>
<status status="PASS" starttime="20230619 18:33:06.978" endtime="20230619 18:33:06.978"/>
</branch>
<status status="PASS" starttime="20230619 18:33:06.978" endtime="20230619 18:33:06.978"/>
</if>
<if>
<branch type="IF" condition="${dir_contents}">
<kw name="Convert Coverage Fragments" library="keywords">
<arg>${cov_path}</arg>
<doc>Convert coverage fragments (from a go run/build -cover execution) into
a single file</doc>
<status status="NOT RUN" starttime="20230619 18:33:06.978" endtime="20230619 18:33:06.978"/>
</kw>
<status status="NOT RUN" starttime="20230619 18:33:06.978" endtime="20230619 18:33:06.979"/>
</branch>
<status status="PASS" starttime="20230619 18:33:06.978" endtime="20230619 18:33:06.979"/>
</if>
<kw name="Expect Successful Execution" library="keywords">
<arg>go tool cover -html\=${cov_path} -o\=${cov_path}.html</arg>
<doc>Runs a ${command} and expects it to succeed. ${command}
should be a string representing the shell command.</doc>
<kw name="Run Process" library="Process">
<var>${result}</var>
<arg>${command}</arg>
<arg>shell=True</arg>
<doc>Runs a process and waits for it to complete.</doc>
<msg timestamp="20230619 18:33:06.980" level="INFO">Starting process:
go tool cover -html=/w/e2e_tests/results/006_summary.coverage -o=/w/e2e_tests/results/006_summary.coverage.html</msg>
<msg timestamp="20230619 18:33:06.983" level="INFO">Waiting for process to complete.</msg>
<msg timestamp="20230619 18:33:07.288" level="INFO">Process completed.</msg>
<msg timestamp="20230619 18:33:07.288" level="INFO">${result} = &lt;result object with rc 0&gt;</msg>
<status status="PASS" starttime="20230619 18:33:06.980" endtime="20230619 18:33:07.288"/>
</kw>
<if>
<branch type="IF" condition="${result.rc} != 0">
<kw name="Log Many" library="BuiltIn">
<arg>${result.stderr}</arg>
<arg>${result.stdout}</arg>
<doc>Logs the given messages as separate entries using the INFO level.</doc>
<status status="NOT RUN" starttime="20230619 18:33:07.290" endtime="20230619 18:33:07.290"/>
</kw>
<status status="NOT RUN" starttime="20230619 18:33:07.289" endtime="20230619 18:33:07.290"/>
</branch>
<status status="PASS" starttime="20230619 18:33:07.289" endtime="20230619 18:33:07.290"/>
</if>
<kw name="Should Be Equal As Integers" library="BuiltIn">
<arg>${result.rc}</arg>
<arg>0</arg>
<doc>Fails if objects are unequal after converting them to integers.</doc>
<msg timestamp="20230619 18:33:07.291" level="INFO">Argument types are:
&lt;class 'int'&gt;
&lt;class 'str'&gt;</msg>
<status status="PASS" starttime="20230619 18:33:07.290" endtime="20230619 18:33:07.291"/>
</kw>
<return>
<value>${result}</value>
<status status="PASS" starttime="20230619 18:33:07.291" endtime="20230619 18:33:07.291"/>
</return>
<status status="PASS" starttime="20230619 18:33:06.980" endtime="20230619 18:33:07.291"/>
</kw>
<kw name="Expect Successful Execution" library="keywords">
<var>${result}</var>
<arg>go tool cover -func\=${cov_path}</arg>
<doc>Runs a ${command} and expects it to succeed. ${command}
should be a string representing the shell command.</doc>
<kw name="Run Process" library="Process">
<var>${result}</var>
<arg>${command}</arg>
<arg>shell=True</arg>
<doc>Runs a process and waits for it to complete.</doc>
<msg timestamp="20230619 18:33:07.293" level="INFO">Starting process:
go tool cover -func=/w/e2e_tests/results/006_summary.coverage</msg>
<msg timestamp="20230619 18:33:07.295" level="INFO">Waiting for process to complete.</msg>
<msg timestamp="20230619 18:33:07.611" level="INFO">Process completed.</msg>
<msg timestamp="20230619 18:33:07.612" level="INFO">${result} = &lt;result object with rc 0&gt;</msg>
<status status="PASS" starttime="20230619 18:33:07.293" endtime="20230619 18:33:07.612"/>
</kw>
<if>
<branch type="IF" condition="${result.rc} != 0">
<kw name="Log Many" library="BuiltIn">
<arg>${result.stderr}</arg>
<arg>${result.stdout}</arg>
<doc>Logs the given messages as separate entries using the INFO level.</doc>
<status status="NOT RUN" starttime="20230619 18:33:07.613" endtime="20230619 18:33:07.613"/>
</kw>
<status status="NOT RUN" starttime="20230619 18:33:07.612" endtime="20230619 18:33:07.613"/>
</branch>
<status status="PASS" starttime="20230619 18:33:07.612" endtime="20230619 18:33:07.613"/>
</if>
<kw name="Should Be Equal As Integers" library="BuiltIn">
<arg>${result.rc}</arg>
<arg>0</arg>
<doc>Fails if objects are unequal after converting them to integers.</doc>
<msg timestamp="20230619 18:33:07.614" level="INFO">Argument types are:
&lt;class 'int'&gt;
&lt;class 'str'&gt;</msg>
<status status="PASS" starttime="20230619 18:33:07.613" endtime="20230619 18:33:07.614"/>
</kw>
<return>
<value>${result}</value>
<status status="PASS" starttime="20230619 18:33:07.614" endtime="20230619 18:33:07.614"/>
</return>
<msg timestamp="20230619 18:33:07.615" level="INFO">${result} = &lt;result object with rc 0&gt;</msg>
<status status="PASS" starttime="20230619 18:33:07.292" endtime="20230619 18:33:07.615"/>
</kw>
<kw name="Get Regexp Matches" library="String">
<var>${percent}</var>
<arg>${result.stdout}</arg>
<arg>total:.*?([0-9.]+%)$</arg>
<arg>1</arg>
<doc>Returns a list of all non-overlapping matches in the given string.</doc>
<msg timestamp="20230619 18:33:07.615" level="INFO">${percent} = ['82.6%']</msg>
<status status="PASS" starttime="20230619 18:33:07.615" endtime="20230619 18:33:07.615"/>
</kw>
<kw name="Set Suite Metadata" library="BuiltIn">
<arg>Code coverage</arg>
<arg>${percent[0]} [${cov_filename}.html|HTML Report] | [${cov_filename}|Coverage file]</arg>
<doc>Sets metadata for the current test suite.</doc>
<msg timestamp="20230619 18:33:07.616" level="INFO">Set suite metadata 'Code coverage' to value '82.6% [006_summary.coverage.html|HTML Report] | [006_summary.coverage|Coverage file]'.</msg>
<status status="PASS" starttime="20230619 18:33:07.615" endtime="20230619 18:33:07.616"/>
</kw>
<status status="PASS" starttime="20230619 18:33:06.975" endtime="20230619 18:33:07.616"/>
</kw>
<doc>Combine all code coverage profiles into one.</doc>
<status status="PASS" starttime="20230619 18:33:06.818" endtime="20230619 18:33:07.616"/>
</test>
<doc>Aggregate multiple code coverage reports into a single report.
It leverages the gocovmerge utility, a Go tool that merges multiple
coverage profiles. The suite utilizes keywords defined in the
resources/keywords.robot file.</doc>
<meta name="Code coverage">82.6% [006_summary.coverage.html|HTML Report] | [006_summary.coverage|Coverage file]</meta>
<status status="PASS" starttime="20230619 18:33:06.814" endtime="20230619 18:33:07.617"/>
</suite>
<status status="FAIL" starttime="20230619 18:30:53.250" endtime="20230619 18:33:07.619"/>
</suite>
<statistics>
<total>
<stat pass="13" fail="2" skip="0">All Tests</stat>
</total>
<tag>
</tag>
<suite>
<stat pass="13" fail="2" skip="0" id="s1" name="E2E Tests">E2E Tests</stat>
<stat pass="2" fail="1" skip="0" id="s1-s1" name="001 Source Code">E2E Tests.001 Source Code</stat>
<stat pass="2" fail="0" skip="0" id="s1-s2" name="002 Unit Tests">E2E Tests.002 Unit Tests</stat>
<stat pass="4" fail="0" skip="0" id="s1-s3" name="003 Configuration">E2E Tests.003 Configuration</stat>
<stat pass="3" fail="0" skip="0" id="s1-s4" name="004 Requests">E2E Tests.004 Requests</stat>
<stat pass="1" fail="1" skip="0" id="s1-s5" name="005 Binaries">E2E Tests.005 Binaries</stat>
<stat pass="1" fail="0" skip="0" id="s1-s6" name="006 Summary">E2E Tests.006 Summary</stat>
</suite>
</statistics>
<errors>
</errors>
</robot>
