<?xml version="1.0" encoding="UTF-8"?>
<robot generator="Robot 6.1 (Python 3.9.2 on linux)" generated="20230619 19:30:22.941" rpa="false" schemaversion="4">
<suite id="s1" name="E2E Tests" source="/w/e2e_tests">
<suite id="s1-s1" name="001 Source Code" source="/w/e2e_tests/001_source_code.robot">
<test id="s1-s1-t1" name="Golang" line="8">
<kw name="Expect Successful Execution" library="keywords">
<arg>make lint-go</arg>
<doc>Runs a ${command} and expects it to succeed. ${command}
should be a string representing the shell command.</doc>
<kw name="Run Process" library="Process">
<var>${result}</var>
<arg>${command}</arg>
<arg>shell=True</arg>
<doc>Runs a process and waits for it to complete.</doc>
<msg timestamp="20230619 19:30:23.050" level="INFO">Starting process:
make lint-go</msg>
<msg timestamp="20230619 19:30:23.066" level="INFO">Waiting for process to complete.</msg>
<msg timestamp="20230619 19:32:10.008" level="INFO">Process completed.</msg>
<msg timestamp="20230619 19:32:10.008" level="INFO">${result} = &lt;result object with rc 0&gt;</msg>
<status status="PASS" starttime="20230619 19:30:23.049" endtime="20230619 19:32:10.008"/>
</kw>
<if>
<branch type="IF" condition="${result.rc} != 0">
<kw name="Log Many" library="BuiltIn">
<arg>${result.stderr}</arg>
<arg>${result.stdout}</arg>
<doc>Logs the given messages as separate entries using the INFO level.</doc>
<status status="NOT RUN" starttime="20230619 19:32:10.010" endtime="20230619 19:32:10.010"/>
</kw>
<status status="NOT RUN" starttime="20230619 19:32:10.009" endtime="20230619 19:32:10.010"/>
</branch>
<status status="PASS" starttime="20230619 19:32:10.009" endtime="20230619 19:32:10.010"/>
</if>
<kw name="Should Be Equal As Integers" library="BuiltIn">
<arg>${result.rc}</arg>
<arg>0</arg>
<doc>Fails if objects are unequal after converting them to integers.</doc>
<msg timestamp="20230619 19:32:10.011" level="INFO">Argument types are:
&lt;class 'int'&gt;
&lt;class 'str'&gt;</msg>
<status status="PASS" starttime="20230619 19:32:10.010" endtime="20230619 19:32:10.011"/>
</kw>
<return>
<value>${result}</value>
<status status="PASS" starttime="20230619 19:32:10.011" endtime="20230619 19:32:10.012"/>
</return>
<status status="PASS" starttime="20230619 19:30:23.049" endtime="20230619 19:32:10.012"/>
</kw>
<doc>Lint Golang code</doc>
<status status="PASS" starttime="20230619 19:30:23.047" endtime="20230619 19:32:10.012"/>
</test>
<test id="s1-s1-t2" name="Robot Framework" line="12">
<kw name="Expect Successful Execution" library="keywords">
<arg>make lint-robot</arg>
<doc>Runs a ${command} and expects it to succeed. ${command}
should be a string representing the shell command.</doc>
<kw name="Run Process" library="Process">
<var>${result}</var>
<arg>${command}</arg>
<arg>shell=True</arg>
<doc>Runs a process and waits for it to complete.</doc>
<msg timestamp="20230619 19:32:10.015" level="INFO">Starting process:
make lint-robot</msg>
<msg timestamp="20230619 19:32:10.021" level="INFO">Waiting for process to complete.</msg>
<msg timestamp="20230619 19:32:10.801" level="INFO">Process completed.</msg>
<msg timestamp="20230619 19:32:10.801" level="INFO">${result} = &lt;result object with rc 0&gt;</msg>
<status status="PASS" starttime="20230619 19:32:10.015" endtime="20230619 19:32:10.801"/>
</kw>
<if>
<branch type="IF" condition="${result.rc} != 0">
<kw name="Log Many" library="BuiltIn">
<arg>${result.stderr}</arg>
<arg>${result.stdout}</arg>
<doc>Logs the given messages as separate entries using the INFO level.</doc>
<status status="NOT RUN" starttime="20230619 19:32:10.803" endtime="20230619 19:32:10.803"/>
</kw>
<status status="NOT RUN" starttime="20230619 19:32:10.802" endtime="20230619 19:32:10.803"/>
</branch>
<status status="PASS" starttime="20230619 19:32:10.802" endtime="20230619 19:32:10.803"/>
</if>
<kw name="Should Be Equal As Integers" library="BuiltIn">
<arg>${result.rc}</arg>
<arg>0</arg>
<doc>Fails if objects are unequal after converting them to integers.</doc>
<msg timestamp="20230619 19:32:10.804" level="INFO">Argument types are:
&lt;class 'int'&gt;
&lt;class 'str'&gt;</msg>
<status status="PASS" starttime="20230619 19:32:10.803" endtime="20230619 19:32:10.804"/>
</kw>
<return>
<value>${result}</value>
<status status="PASS" starttime="20230619 19:32:10.805" endtime="20230619 19:32:10.805"/>
</return>
<status status="PASS" starttime="20230619 19:32:10.014" endtime="20230619 19:32:10.805"/>
</kw>
<doc>Lint Robot Framework code</doc>
<status status="PASS" starttime="20230619 19:32:10.012" endtime="20230619 19:32:10.805"/>
</test>
<test id="s1-s1-t3" name="Python" line="16">
<kw name="Expect Successful Execution" library="keywords">
<arg>make lint-python</arg>
<doc>Runs a ${command} and expects it to succeed. ${command}
should be a string representing the shell command.</doc>
<kw name="Run Process" library="Process">
<var>${result}</var>
<arg>${command}</arg>
<arg>shell=True</arg>
<doc>Runs a process and waits for it to complete.</doc>
<msg timestamp="20230619 19:32:10.809" level="INFO">Starting process:
make lint-python</msg>
<msg timestamp="20230619 19:32:10.813" level="INFO">Waiting for process to complete.</msg>
<msg timestamp="20230619 19:32:13.767" level="INFO">Process completed.</msg>
<msg timestamp="20230619 19:32:13.768" level="INFO">${result} = &lt;result object with rc 0&gt;</msg>
<status status="PASS" starttime="20230619 19:32:10.809" endtime="20230619 19:32:13.768"/>
</kw>
<if>
<branch type="IF" condition="${result.rc} != 0">
<kw name="Log Many" library="BuiltIn">
<arg>${result.stderr}</arg>
<arg>${result.stdout}</arg>
<doc>Logs the given messages as separate entries using the INFO level.</doc>
<status status="NOT RUN" starttime="20230619 19:32:13.769" endtime="20230619 19:32:13.769"/>
</kw>
<status status="NOT RUN" starttime="20230619 19:32:13.768" endtime="20230619 19:32:13.769"/>
</branch>
<status status="PASS" starttime="20230619 19:32:13.768" endtime="20230619 19:32:13.769"/>
</if>
<kw name="Should Be Equal As Integers" library="BuiltIn">
<arg>${result.rc}</arg>
<arg>0</arg>
<doc>Fails if objects are unequal after converting them to integers.</doc>
<msg timestamp="20230619 19:32:13.771" level="INFO">Argument types are:
&lt;class 'int'&gt;
&lt;class 'str'&gt;</msg>
<status status="PASS" starttime="20230619 19:32:13.770" endtime="20230619 19:32:13.771"/>
</kw>
<return>
<value>${result}</value>
<status status="PASS" starttime="20230619 19:32:13.771" endtime="20230619 19:32:13.771"/>
</return>
<status status="PASS" starttime="20230619 19:32:10.807" endtime="20230619 19:32:13.771"/>
</kw>
<doc>Lint Python code</doc>
<status status="PASS" starttime="20230619 19:32:10.805" endtime="20230619 19:32:13.771"/>
</test>
<doc>This test suite performs code linting for different languages.</doc>
<status status="PASS" starttime="20230619 19:30:22.963" endtime="20230619 19:32:13.772"/>
</suite>
<suite id="s1-s2" name="002 Unit Tests" source="/w/e2e_tests/002_unit_tests.robot">
<kw name="Suite Setup" library="keywords" type="SETUP">
<doc>Ensure there is a directory for coverage files</doc>
<kw name="Create Directory" library="OperatingSystem">
<arg>${OUTPUT DIR}/go-coverage</arg>
<doc>Creates the specified directory.</doc>
<msg timestamp="20230619 19:32:13.780" level="INFO" html="true">Created directory '&lt;a href="file:///w/e2e_tests/results/go-coverage"&gt;/w/e2e_tests/results/go-coverage&lt;/a&gt;'.</msg>
<status status="PASS" starttime="20230619 19:32:13.779" endtime="20230619 19:32:13.780"/>
</kw>
<status status="PASS" starttime="20230619 19:32:13.779" endtime="20230619 19:32:13.780"/>
</kw>
<test id="s1-s2-t1" name="Unit tests" line="12">
<kw name="Get Coverage Filename From Suite Source" library="keywords">
<var>${cov_path}</var>
<var>${cov_filename}</var>
<doc>Splits `/w/e2e_tests/002_unit_tests.robot` into path and filename. Constructs a
path to the coverage file in `/w/e2e_tests/results`. Returns the coverage full file
path and the coverage filename separately.</doc>
<kw name="Split Path" library="OperatingSystem">
<var>${path}</var>
<var>${suite_filename}</var>
<arg>${SUITE SOURCE}</arg>
<doc>Splits the given path from the last path separator (``/`` or ``\``).</doc>
<msg timestamp="20230619 19:32:13.781" level="INFO">${path} = /w/e2e_tests</msg>
<msg timestamp="20230619 19:32:13.781" level="INFO">${suite_filename} = 002_unit_tests.robot</msg>
<status status="PASS" starttime="20230619 19:32:13.781" endtime="20230619 19:32:13.781"/>
</kw>
<kw name="Split Extension" library="OperatingSystem">
<var>${suite_name}</var>
<var>${ext}</var>
<arg>${suite_filename}</arg>
<doc>Splits the extension from the given path.</doc>
<msg timestamp="20230619 19:32:13.782" level="INFO">${suite_name} = 002_unit_tests</msg>
<msg timestamp="20230619 19:32:13.782" level="INFO">${ext} = robot</msg>
<status status="PASS" starttime="20230619 19:32:13.781" endtime="20230619 19:32:13.782"/>
</kw>
<kw name="Join Path" library="OperatingSystem">
<var>${cov_path}</var>
<arg>${OUTPUT DIR}</arg>
<arg>${suite_name}.coverage</arg>
<doc>Joins the given path part(s) to the given base path.</doc>
<msg timestamp="20230619 19:32:13.782" level="INFO">${cov_path} = /w/e2e_tests/results/002_unit_tests.coverage</msg>
<status status="PASS" starttime="20230619 19:32:13.782" endtime="20230619 19:32:13.782"/>
</kw>
<return>
<value>${cov_path}</value>
<value>${suite_name}.coverage</value>
<status status="PASS" starttime="20230619 19:32:13.782" endtime="20230619 19:32:13.782"/>
</return>
<msg timestamp="20230619 19:32:13.783" level="INFO">${cov_path} = /w/e2e_tests/results/002_unit_tests.coverage</msg>
<msg timestamp="20230619 19:32:13.783" level="INFO">${cov_filename} = 002_unit_tests.coverage</msg>
<status status="PASS" starttime="20230619 19:32:13.781" endtime="20230619 19:32:13.783"/>
</kw>
<kw name="Run Process" library="Process">
<var>${result}</var>
<arg>go test ./... -v -coverprofile\=${cov_path} -covermode\=set</arg>
<arg>shell=True</arg>
<doc>Runs a process and waits for it to complete.</doc>
<msg timestamp="20230619 19:32:13.783" level="INFO">Starting process:
go test ./... -v -coverprofile=/w/e2e_tests/results/002_unit_tests.coverage -covermode=set</msg>
<msg timestamp="20230619 19:32:13.786" level="INFO">Waiting for process to complete.</msg>
<msg timestamp="20230619 19:32:29.856" level="INFO">Process completed.</msg>
<msg timestamp="20230619 19:32:29.856" level="INFO">${result} = &lt;result object with rc 0&gt;</msg>
<status status="PASS" starttime="20230619 19:32:13.783" endtime="20230619 19:32:29.856"/>
</kw>
<kw name="Log Many" library="BuiltIn">
<arg>${result.stdout}</arg>
<arg>${result.stderr}</arg>
<doc>Logs the given messages as separate entries using the INFO level.</doc>
<msg timestamp="20230619 19:32:29.858" level="INFO">=== RUN   TestServeHTTP
--- PASS: TestServeHTTP (0.00s)
=== RUN   TestParseCaddyfile
--- PASS: TestParseCaddyfile (0.00s)
PASS
	github.com/madworx/caddy-put-upload	coverage: 73.3% of statements
ok  	github.com/madworx/caddy-put-upload	0.016s	coverage: 73.3% of statements
?   	github.com/madworx/caddy-put-upload/cmd/caddy	[no test files]
?   	github.com/madworx/caddy-put-upload/cmd/gocovmerge	[no test files]
?   	github.com/madworx/caddy-put-upload/e2e_tests/resources	[no test files]</msg>
<msg timestamp="20230619 19:32:29.858" level="INFO"/>
<status status="PASS" starttime="20230619 19:32:29.857" endtime="20230619 19:32:29.859"/>
</kw>
<kw name="Should Be Equal As Integers" library="BuiltIn">
<arg>${result.rc}</arg>
<arg>0</arg>
<doc>Fails if objects are unequal after converting them to integers.</doc>
<msg timestamp="20230619 19:32:29.859" level="INFO">Argument types are:
&lt;class 'int'&gt;
&lt;class 'str'&gt;</msg>
<status status="PASS" starttime="20230619 19:32:29.859" endtime="20230619 19:32:29.860"/>
</kw>
<doc>Execute golang unit tests</doc>
<status status="PASS" starttime="20230619 19:32:13.780" endtime="20230619 19:32:29.860"/>
</test>
<test id="s1-s2-t2" name="Failing unit tests should be detected" line="20">
<kw name="Copy File" library="OperatingSystem">
<arg>e2e_tests/resources/test_fail.go</arg>
<arg>fail_test.go</arg>
<doc>Copies the source file into the destination.</doc>
<msg timestamp="20230619 19:32:29.863" level="INFO" html="true">Copied file from '&lt;a href="file:///w/e2e_tests/resources/test_fail.go"&gt;/w/e2e_tests/resources/test_fail.go&lt;/a&gt;' to '&lt;a href="file:///w/fail_test.go"&gt;/w/fail_test.go&lt;/a&gt;'.</msg>
<status status="PASS" starttime="20230619 19:32:29.862" endtime="20230619 19:32:29.863"/>
</kw>
<kw name="Run Process" library="Process">
<var>${result}</var>
<arg>go test ./... -v</arg>
<arg>shell=True</arg>
<doc>Runs a process and waits for it to complete.</doc>
<msg timestamp="20230619 19:32:29.864" level="INFO">Starting process:
go test ./... -v</msg>
<msg timestamp="20230619 19:32:29.867" level="INFO">Waiting for process to complete.</msg>
<msg timestamp="20230619 19:32:32.053" level="INFO">Process completed.</msg>
<msg timestamp="20230619 19:32:32.053" level="INFO">${result} = &lt;result object with rc 1&gt;</msg>
<status status="PASS" starttime="20230619 19:32:29.863" endtime="20230619 19:32:32.053"/>
</kw>
<kw name="Log Many" library="BuiltIn">
<arg>${result.stdout}</arg>
<arg>${result.stderr}</arg>
<doc>Logs the given messages as separate entries using the INFO level.</doc>
<msg timestamp="20230619 19:32:32.055" level="INFO">?   	github.com/madworx/caddy-put-upload/cmd/caddy	[no test files]
=== RUN   TestFailure
--- FAIL: TestFailure (0.00s)
=== RUN   TestServeHTTP
--- PASS: TestServeHTTP (0.00s)
=== RUN   TestParseCaddyfile
--- PASS: TestParseCaddyfile (0.00s)
FAIL
FAIL	github.com/madworx/caddy-put-upload	0.016s
?   	github.com/madworx/caddy-put-upload/cmd/gocovmerge	[no test files]
?   	github.com/madworx/caddy-put-upload/e2e_tests/resources	[no test files]
FAIL</msg>
<msg timestamp="20230619 19:32:32.056" level="INFO"/>
<status status="PASS" starttime="20230619 19:32:32.054" endtime="20230619 19:32:32.056"/>
</kw>
<kw name="Should Be Equal As Integers" library="BuiltIn">
<arg>${result.rc}</arg>
<arg>1</arg>
<doc>Fails if objects are unequal after converting them to integers.</doc>
<msg timestamp="20230619 19:32:32.057" level="INFO">Argument types are:
&lt;class 'int'&gt;
&lt;class 'str'&gt;</msg>
<status status="PASS" starttime="20230619 19:32:32.056" endtime="20230619 19:32:32.057"/>
</kw>
<kw name="Remove File" library="OperatingSystem" type="TEARDOWN">
<arg>fail_test.go</arg>
<doc>Removes a file with the given path.</doc>
<msg timestamp="20230619 19:32:32.057" level="INFO" html="true">Removed file '&lt;a href="file:///w/fail_test.go"&gt;/w/fail_test.go&lt;/a&gt;'.</msg>
<status status="PASS" starttime="20230619 19:32:32.057" endtime="20230619 19:32:32.057"/>
</kw>
<doc>Ensure that we notice if unit tests start to fail</doc>
<status status="PASS" starttime="20230619 19:32:29.861" endtime="20230619 19:32:32.057"/>
</test>
<kw name="Suite Teardown" library="keywords" type="TEARDOWN">
<doc>Generate coverage report and remove coverage directory</doc>
<kw name="Generate Coverage Report" library="keywords">
<doc>Generate coverage report from generated files</doc>
<kw name="Get Coverage Filename From Suite Source" library="keywords">
<var>${cov_path}</var>
<var>${cov_filename}</var>
<doc>Splits `/w/e2e_tests/002_unit_tests.robot` into path and filename. Constructs a
path to the coverage file in `/w/e2e_tests/results`. Returns the coverage full file
path and the coverage filename separately.</doc>
<kw name="Split Path" library="OperatingSystem">
<var>${path}</var>
<var>${suite_filename}</var>
<arg>${SUITE SOURCE}</arg>
<doc>Splits the given path from the last path separator (``/`` or ``\``).</doc>
<msg timestamp="20230619 19:32:32.059" level="INFO">${path} = /w/e2e_tests</msg>
<msg timestamp="20230619 19:32:32.059" level="INFO">${suite_filename} = 002_unit_tests.robot</msg>
<status status="PASS" starttime="20230619 19:32:32.059" endtime="20230619 19:32:32.060"/>
</kw>
<kw name="Split Extension" library="OperatingSystem">
<var>${suite_name}</var>
<var>${ext}</var>
<arg>${suite_filename}</arg>
<doc>Splits the extension from the given path.</doc>
<msg timestamp="20230619 19:32:32.060" level="INFO">${suite_name} = 002_unit_tests</msg>
<msg timestamp="20230619 19:32:32.060" level="INFO">${ext} = robot</msg>
<status status="PASS" starttime="20230619 19:32:32.060" endtime="20230619 19:32:32.060"/>
</kw>
<kw name="Join Path" library="OperatingSystem">
<var>${cov_path}</var>
<arg>${OUTPUT DIR}</arg>
<arg>${suite_name}.coverage</arg>
<doc>Joins the given path part(s) to the given base path.</doc>
<msg timestamp="20230619 19:32:32.060" level="INFO">${cov_path} = /w/e2e_tests/results/002_unit_tests.coverage</msg>
<status status="PASS" starttime="20230619 19:32:32.060" endtime="20230619 19:32:32.060"/>
</kw>
<return>
<value>${cov_path}</value>
<value>${suite_name}.coverage</value>
<status status="PASS" starttime="20230619 19:32:32.061" endtime="20230619 19:32:32.061"/>
</return>
<msg timestamp="20230619 19:32:32.061" level="INFO">${cov_path} = /w/e2e_tests/results/002_unit_tests.coverage</msg>
<msg timestamp="20230619 19:32:32.061" level="INFO">${cov_filename} = 002_unit_tests.coverage</msg>
<status status="PASS" starttime="20230619 19:32:32.059" endtime="20230619 19:32:32.061"/>
</kw>
<kw name="Run Keyword And Return Status" library="BuiltIn">
<var>${dir_exists}</var>
<arg>Directory Should Exist</arg>
<arg>${OUTPUT DIR}/go-coverage</arg>
<doc>Runs the given keyword with given arguments and returns the status as a Boolean value.</doc>
<kw name="Directory Should Exist" library="OperatingSystem">
<arg>${OUTPUT DIR}/go-coverage</arg>
<doc>Fails unless the given path points to an existing directory.</doc>
<msg timestamp="20230619 19:32:32.062" level="INFO" html="true">Directory '&lt;a href="file:///w/e2e_tests/results/go-coverage"&gt;/w/e2e_tests/results/go-coverage&lt;/a&gt;' exists.</msg>
<status status="PASS" starttime="20230619 19:32:32.061" endtime="20230619 19:32:32.062"/>
</kw>
<msg timestamp="20230619 19:32:32.062" level="INFO">${dir_exists} = True</msg>
<status status="PASS" starttime="20230619 19:32:32.061" endtime="20230619 19:32:32.062"/>
</kw>
<if>
<branch type="IF" condition="${dir_exists}">
<kw name="List Files In Directory" library="OperatingSystem">
<var>${dir_contents}</var>
<arg>${OUTPUT DIR}/go-coverage</arg>
<doc>Wrapper for `List Directory` that returns only files.</doc>
<msg timestamp="20230619 19:32:32.062" level="INFO" html="true">Listing contents of directory '&lt;a href="file:///w/e2e_tests/results/go-coverage"&gt;/w/e2e_tests/results/go-coverage&lt;/a&gt;'.</msg>
<msg timestamp="20230619 19:32:32.062" level="INFO">0 files:
</msg>
<msg timestamp="20230619 19:32:32.062" level="INFO">${dir_contents} = []</msg>
<status status="PASS" starttime="20230619 19:32:32.062" endtime="20230619 19:32:32.062"/>
</kw>
<status status="PASS" starttime="20230619 19:32:32.062" endtime="20230619 19:32:32.063"/>
</branch>
<branch type="ELSE">
<kw name="Set Variable" library="BuiltIn">
<var>${dir_contents}</var>
<arg>${None}</arg>
<doc>Returns the given values which can then be assigned to a variables.</doc>
<status status="NOT RUN" starttime="20230619 19:32:32.063" endtime="20230619 19:32:32.063"/>
</kw>
<status status="NOT RUN" starttime="20230619 19:32:32.063" endtime="20230619 19:32:32.063"/>
</branch>
<status status="PASS" starttime="20230619 19:32:32.062" endtime="20230619 19:32:32.063"/>
</if>
<if>
<branch type="IF" condition="${dir_contents}">
<kw name="Convert Coverage Fragments" library="keywords">
<arg>${cov_path}</arg>
<doc>Convert coverage fragments (from a go run/build -cover execution) into
a single file</doc>
<status status="NOT RUN" starttime="20230619 19:32:32.063" endtime="20230619 19:32:32.063"/>
</kw>
<status status="NOT RUN" starttime="20230619 19:32:32.063" endtime="20230619 19:32:32.063"/>
</branch>
<status status="PASS" starttime="20230619 19:32:32.063" endtime="20230619 19:32:32.063"/>
</if>
<kw name="Expect Successful Execution" library="keywords">
<arg>go tool cover -html\=${cov_path} -o\=${cov_path}.html</arg>
<doc>Runs a ${command} and expects it to succeed. ${command}
should be a string representing the shell command.</doc>
<kw name="Run Process" library="Process">
<var>${result}</var>
<arg>${command}</arg>
<arg>shell=True</arg>
<doc>Runs a process and waits for it to complete.</doc>
<msg timestamp="20230619 19:32:32.065" level="INFO">Starting process:
go tool cover -html=/w/e2e_tests/results/002_unit_tests.coverage -o=/w/e2e_tests/results/002_unit_tests.coverage.html</msg>
<msg timestamp="20230619 19:32:32.069" level="INFO">Waiting for process to complete.</msg>
<msg timestamp="20230619 19:32:32.443" level="INFO">Process completed.</msg>
<msg timestamp="20230619 19:32:32.443" level="INFO">${result} = &lt;result object with rc 0&gt;</msg>
<status status="PASS" starttime="20230619 19:32:32.065" endtime="20230619 19:32:32.443"/>
</kw>
<if>
<branch type="IF" condition="${result.rc} != 0">
<kw name="Log Many" library="BuiltIn">
<arg>${result.stderr}</arg>
<arg>${result.stdout}</arg>
<doc>Logs the given messages as separate entries using the INFO level.</doc>
<status status="NOT RUN" starttime="20230619 19:32:32.445" endtime="20230619 19:32:32.445"/>
</kw>
<status status="NOT RUN" starttime="20230619 19:32:32.444" endtime="20230619 19:32:32.445"/>
</branch>
<status status="PASS" starttime="20230619 19:32:32.443" endtime="20230619 19:32:32.445"/>
</if>
<kw name="Should Be Equal As Integers" library="BuiltIn">
<arg>${result.rc}</arg>
<arg>0</arg>
<doc>Fails if objects are unequal after converting them to integers.</doc>
<msg timestamp="20230619 19:32:32.446" level="INFO">Argument types are:
&lt;class 'int'&gt;
&lt;class 'str'&gt;</msg>
<status status="PASS" starttime="20230619 19:32:32.445" endtime="20230619 19:32:32.446"/>
</kw>
<return>
<value>${result}</value>
<status status="PASS" starttime="20230619 19:32:32.446" endtime="20230619 19:32:32.446"/>
</return>
<status status="PASS" starttime="20230619 19:32:32.065" endtime="20230619 19:32:32.446"/>
</kw>
<kw name="Expect Successful Execution" library="keywords">
<var>${result}</var>
<arg>go tool cover -func\=${cov_path}</arg>
<doc>Runs a ${command} and expects it to succeed. ${command}
should be a string representing the shell command.</doc>
<kw name="Run Process" library="Process">
<var>${result}</var>
<arg>${command}</arg>
<arg>shell=True</arg>
<doc>Runs a process and waits for it to complete.</doc>
<msg timestamp="20230619 19:32:32.449" level="INFO">Starting process:
go tool cover -func=/w/e2e_tests/results/002_unit_tests.coverage</msg>
<msg timestamp="20230619 19:32:32.452" level="INFO">Waiting for process to complete.</msg>
<msg timestamp="20230619 19:32:32.850" level="INFO">Process completed.</msg>
<msg timestamp="20230619 19:32:32.851" level="INFO">${result} = &lt;result object with rc 0&gt;</msg>
<status status="PASS" starttime="20230619 19:32:32.448" endtime="20230619 19:32:32.851"/>
</kw>
<if>
<branch type="IF" condition="${result.rc} != 0">
<kw name="Log Many" library="BuiltIn">
<arg>${result.stderr}</arg>
<arg>${result.stdout}</arg>
<doc>Logs the given messages as separate entries using the INFO level.</doc>
<status status="NOT RUN" starttime="20230619 19:32:32.852" endtime="20230619 19:32:32.853"/>
</kw>
<status status="NOT RUN" starttime="20230619 19:32:32.851" endtime="20230619 19:32:32.853"/>
</branch>
<status status="PASS" starttime="20230619 19:32:32.851" endtime="20230619 19:32:32.853"/>
</if>
<kw name="Should Be Equal As Integers" library="BuiltIn">
<arg>${result.rc}</arg>
<arg>0</arg>
<doc>Fails if objects are unequal after converting them to integers.</doc>
<msg timestamp="20230619 19:32:32.854" level="INFO">Argument types are:
&lt;class 'int'&gt;
&lt;class 'str'&gt;</msg>
<status status="PASS" starttime="20230619 19:32:32.853" endtime="20230619 19:32:32.854"/>
</kw>
<return>
<value>${result}</value>
<status status="PASS" starttime="20230619 19:32:32.854" endtime="20230619 19:32:32.854"/>
</return>
<msg timestamp="20230619 19:32:32.854" level="INFO">${result} = &lt;result object with rc 0&gt;</msg>
<status status="PASS" starttime="20230619 19:32:32.448" endtime="20230619 19:32:32.854"/>
</kw>
<kw name="Get Regexp Matches" library="String">
<var>${percent}</var>
<arg>${result.stdout}</arg>
<arg>total:.*?([0-9.]+%)$</arg>
<arg>1</arg>
<doc>Returns a list of all non-overlapping matches in the given string.</doc>
<msg timestamp="20230619 19:32:32.855" level="INFO">${percent} = ['73.3%']</msg>
<status status="PASS" starttime="20230619 19:32:32.854" endtime="20230619 19:32:32.855"/>
</kw>
<kw name="Set Suite Metadata" library="BuiltIn">
<arg>Code coverage</arg>
<arg>${percent[0]} [${cov_filename}.html|HTML Report] | [${cov_filename}|Coverage file]</arg>
<doc>Sets metadata for the current test suite.</doc>
<msg timestamp="20230619 19:32:32.856" level="INFO">Set suite metadata 'Code coverage' to value '73.3% [002_unit_tests.coverage.html|HTML Report] | [002_unit_tests.coverage|Coverage file]'.</msg>
<status status="PASS" starttime="20230619 19:32:32.855" endtime="20230619 19:32:32.856"/>
</kw>
<status status="PASS" starttime="20230619 19:32:32.059" endtime="20230619 19:32:32.857"/>
</kw>
<kw name="Remove Directory" library="OperatingSystem">
<arg>${OUTPUT DIR}/go-coverage</arg>
<arg>recursive=True</arg>
<doc>Removes the directory pointed to by the given ``path``.</doc>
<msg timestamp="20230619 19:32:32.857" level="INFO" html="true">Removed directory '&lt;a href="file:///w/e2e_tests/results/go-coverage"&gt;/w/e2e_tests/results/go-coverage&lt;/a&gt;'.</msg>
<status status="PASS" starttime="20230619 19:32:32.857" endtime="20230619 19:32:32.858"/>
</kw>
<status status="PASS" starttime="20230619 19:32:32.058" endtime="20230619 19:32:32.858"/>
</kw>
<doc>Run native unit tests for the golang code and serves to aggregate
all test results into one report, also generating a coverage report.</doc>
<meta name="Code coverage">73.3% [002_unit_tests.coverage.html|HTML Report] | [002_unit_tests.coverage|Coverage file]</meta>
<status status="PASS" starttime="20230619 19:32:13.774" endtime="20230619 19:32:32.858"/>
</suite>
<suite id="s1-s3" name="003 Configuration" source="/w/e2e_tests/003_configuration.robot">
<kw name="Suite Setup" library="keywords" type="SETUP">
<doc>Ensure there is a directory for coverage files</doc>
<kw name="Create Directory" library="OperatingSystem">
<arg>${OUTPUT DIR}/go-coverage</arg>
<doc>Creates the specified directory.</doc>
<msg timestamp="20230619 19:32:32.865" level="INFO" html="true">Created directory '&lt;a href="file:///w/e2e_tests/results/go-coverage"&gt;/w/e2e_tests/results/go-coverage&lt;/a&gt;'.</msg>
<status status="PASS" starttime="20230619 19:32:32.864" endtime="20230619 19:32:32.865"/>
</kw>
<status status="PASS" starttime="20230619 19:32:32.864" endtime="20230619 19:32:32.865"/>
</kw>
<test id="s1-s3-t1" name="Example configuration: basic authentication" line="14">
<kw name="Validate Configuration" library="keywords">
<arg>examples/Caddyfile.basic-auth</arg>
<arg>0</arg>
<doc>Validate if configuration behaves as expected</doc>
<kw name="Run Process" library="Process">
<var>${result}</var>
<arg>${CADDY_VALIDATE} ${file_name}</arg>
<arg>shell=True</arg>
<arg>env:GOCOVERDIR=${OUTPUT DIR}/go-coverage</arg>
<doc>Runs a process and waits for it to complete.</doc>
<msg timestamp="20230619 19:32:32.867" level="INFO">Starting process:
go run -cover cmd/caddy/main.go validate --config examples/Caddyfile.basic-auth</msg>
<msg timestamp="20230619 19:32:32.870" level="INFO">Waiting for process to complete.</msg>
<msg timestamp="20230619 19:32:35.287" level="INFO">Process completed.</msg>
<msg timestamp="20230619 19:32:35.288" level="INFO">${result} = &lt;result object with rc 0&gt;</msg>
<status status="PASS" starttime="20230619 19:32:32.866" endtime="20230619 19:32:35.288"/>
</kw>
<kw name="Should Be Equal As Integers" library="BuiltIn">
<arg>${result.rc}</arg>
<arg>${expected_status_code}</arg>
<doc>Fails if objects are unequal after converting them to integers.</doc>
<msg timestamp="20230619 19:32:35.290" level="INFO">Argument types are:
&lt;class 'int'&gt;
&lt;class 'str'&gt;</msg>
<status status="PASS" starttime="20230619 19:32:35.288" endtime="20230619 19:32:35.290"/>
</kw>
<kw name="Should Contain" library="BuiltIn">
<arg>${result.stderr}</arg>
<arg>${expected_response}</arg>
<doc>Fails if ``container`` does not contain ``item`` one or more times.</doc>
<status status="PASS" starttime="20230619 19:32:35.290" endtime="20230619 19:32:35.291"/>
</kw>
<status status="PASS" starttime="20230619 19:32:32.866" endtime="20230619 19:32:35.291"/>
</kw>
<doc>Test that example configuration with HTTP basic authentication is accepted</doc>
<status status="PASS" starttime="20230619 19:32:32.865" endtime="20230619 19:32:35.291"/>
</test>
<test id="s1-s3-t2" name="Example configuration: no authentication" line="18">
<kw name="Validate Configuration" library="keywords">
<arg>examples/Caddyfile.no-authentication</arg>
<arg>0</arg>
<doc>Validate if configuration behaves as expected</doc>
<kw name="Run Process" library="Process">
<var>${result}</var>
<arg>${CADDY_VALIDATE} ${file_name}</arg>
<arg>shell=True</arg>
<arg>env:GOCOVERDIR=${OUTPUT DIR}/go-coverage</arg>
<doc>Runs a process and waits for it to complete.</doc>
<msg timestamp="20230619 19:32:35.294" level="INFO">Starting process:
go run -cover cmd/caddy/main.go validate --config examples/Caddyfile.no-authentication</msg>
<msg timestamp="20230619 19:32:35.297" level="INFO">Waiting for process to complete.</msg>
<msg timestamp="20230619 19:32:37.590" level="INFO">Process completed.</msg>
<msg timestamp="20230619 19:32:37.590" level="INFO">${result} = &lt;result object with rc 0&gt;</msg>
<status status="PASS" starttime="20230619 19:32:35.294" endtime="20230619 19:32:37.590"/>
</kw>
<kw name="Should Be Equal As Integers" library="BuiltIn">
<arg>${result.rc}</arg>
<arg>${expected_status_code}</arg>
<doc>Fails if objects are unequal after converting them to integers.</doc>
<msg timestamp="20230619 19:32:37.592" level="INFO">Argument types are:
&lt;class 'int'&gt;
&lt;class 'str'&gt;</msg>
<status status="PASS" starttime="20230619 19:32:37.591" endtime="20230619 19:32:37.592"/>
</kw>
<kw name="Should Contain" library="BuiltIn">
<arg>${result.stderr}</arg>
<arg>${expected_response}</arg>
<doc>Fails if ``container`` does not contain ``item`` one or more times.</doc>
<status status="PASS" starttime="20230619 19:32:37.593" endtime="20230619 19:32:37.593"/>
</kw>
<status status="PASS" starttime="20230619 19:32:35.292" endtime="20230619 19:32:37.593"/>
</kw>
<doc>Test that example configuration without authentication is accepted</doc>
<status status="PASS" starttime="20230619 19:32:35.292" endtime="20230619 19:32:37.594"/>
</test>
<test id="s1-s3-t3" name="Invalid configuration: empty" line="22">
<kw name="Validate Configuration" library="keywords">
<arg>e2e_tests/resources/Caddyfile.invalid-no-arg</arg>
<arg>1</arg>
<arg>Wrong argument count or unexpected line ending after 'http_put_file'</arg>
<doc>Validate if configuration behaves as expected</doc>
<kw name="Run Process" library="Process">
<var>${result}</var>
<arg>${CADDY_VALIDATE} ${file_name}</arg>
<arg>shell=True</arg>
<arg>env:GOCOVERDIR=${OUTPUT DIR}/go-coverage</arg>
<doc>Runs a process and waits for it to complete.</doc>
<msg timestamp="20230619 19:32:37.596" level="INFO">Starting process:
go run -cover cmd/caddy/main.go validate --config e2e_tests/resources/Caddyfile.invalid-no-arg</msg>
<msg timestamp="20230619 19:32:37.599" level="INFO">Waiting for process to complete.</msg>
<msg timestamp="20230619 19:32:39.861" level="INFO">Process completed.</msg>
<msg timestamp="20230619 19:32:39.862" level="INFO">${result} = &lt;result object with rc 1&gt;</msg>
<status status="PASS" starttime="20230619 19:32:37.595" endtime="20230619 19:32:39.862"/>
</kw>
<kw name="Should Be Equal As Integers" library="BuiltIn">
<arg>${result.rc}</arg>
<arg>${expected_status_code}</arg>
<doc>Fails if objects are unequal after converting them to integers.</doc>
<msg timestamp="20230619 19:32:39.864" level="INFO">Argument types are:
&lt;class 'int'&gt;
&lt;class 'str'&gt;</msg>
<status status="PASS" starttime="20230619 19:32:39.862" endtime="20230619 19:32:39.864"/>
</kw>
<kw name="Should Contain" library="BuiltIn">
<arg>${result.stderr}</arg>
<arg>${expected_response}</arg>
<doc>Fails if ``container`` does not contain ``item`` one or more times.</doc>
<status status="PASS" starttime="20230619 19:32:39.864" endtime="20230619 19:32:39.864"/>
</kw>
<status status="PASS" starttime="20230619 19:32:37.595" endtime="20230619 19:32:39.865"/>
</kw>
<doc>Test that an invalid configuration is rejected (no arguments)</doc>
<status status="PASS" starttime="20230619 19:32:37.594" endtime="20230619 19:32:39.865"/>
</test>
<test id="s1-s3-t4" name="Invalid configuration: structure" line="28">
<kw name="Validate Configuration" library="keywords">
<arg>e2e_tests/resources/Caddyfile.invalid-nested-args</arg>
<arg>1</arg>
<arg>Wrong argument count or unexpected line ending after 'http_put_file'</arg>
<doc>Validate if configuration behaves as expected</doc>
<kw name="Run Process" library="Process">
<var>${result}</var>
<arg>${CADDY_VALIDATE} ${file_name}</arg>
<arg>shell=True</arg>
<arg>env:GOCOVERDIR=${OUTPUT DIR}/go-coverage</arg>
<doc>Runs a process and waits for it to complete.</doc>
<msg timestamp="20230619 19:32:39.868" level="INFO">Starting process:
go run -cover cmd/caddy/main.go validate --config e2e_tests/resources/Caddyfile.invalid-nested-args</msg>
<msg timestamp="20230619 19:32:39.871" level="INFO">Waiting for process to complete.</msg>
<msg timestamp="20230619 19:32:42.192" level="INFO">Process completed.</msg>
<msg timestamp="20230619 19:32:42.193" level="INFO">${result} = &lt;result object with rc 1&gt;</msg>
<status status="PASS" starttime="20230619 19:32:39.867" endtime="20230619 19:32:42.193"/>
</kw>
<kw name="Should Be Equal As Integers" library="BuiltIn">
<arg>${result.rc}</arg>
<arg>${expected_status_code}</arg>
<doc>Fails if objects are unequal after converting them to integers.</doc>
<msg timestamp="20230619 19:32:42.195" level="INFO">Argument types are:
&lt;class 'int'&gt;
&lt;class 'str'&gt;</msg>
<status status="PASS" starttime="20230619 19:32:42.193" endtime="20230619 19:32:42.195"/>
</kw>
<kw name="Should Contain" library="BuiltIn">
<arg>${result.stderr}</arg>
<arg>${expected_response}</arg>
<doc>Fails if ``container`` does not contain ``item`` one or more times.</doc>
<status status="PASS" starttime="20230619 19:32:42.195" endtime="20230619 19:32:42.196"/>
</kw>
<status status="PASS" starttime="20230619 19:32:39.867" endtime="20230619 19:32:42.196"/>
</kw>
<doc>Test that an invalid configuration is rejected (nested argument)</doc>
<status status="PASS" starttime="20230619 19:32:39.866" endtime="20230619 19:32:42.196"/>
</test>
<kw name="Suite Teardown" library="keywords" type="TEARDOWN">
<doc>Generate coverage report and remove coverage directory</doc>
<kw name="Generate Coverage Report" library="keywords">
<doc>Generate coverage report from generated files</doc>
<kw name="Get Coverage Filename From Suite Source" library="keywords">
<var>${cov_path}</var>
<var>${cov_filename}</var>
<doc>Splits `/w/e2e_tests/003_configuration.robot` into path and filename. Constructs a
path to the coverage file in `/w/e2e_tests/results`. Returns the coverage full file
path and the coverage filename separately.</doc>
<kw name="Split Path" library="OperatingSystem">
<var>${path}</var>
<var>${suite_filename}</var>
<arg>${SUITE SOURCE}</arg>
<doc>Splits the given path from the last path separator (``/`` or ``\``).</doc>
<msg timestamp="20230619 19:32:42.198" level="INFO">${path} = /w/e2e_tests</msg>
<msg timestamp="20230619 19:32:42.198" level="INFO">${suite_filename} = 003_configuration.robot</msg>
<status status="PASS" starttime="20230619 19:32:42.198" endtime="20230619 19:32:42.198"/>
</kw>
<kw name="Split Extension" library="OperatingSystem">
<var>${suite_name}</var>
<var>${ext}</var>
<arg>${suite_filename}</arg>
<doc>Splits the extension from the given path.</doc>
<msg timestamp="20230619 19:32:42.199" level="INFO">${suite_name} = 003_configuration</msg>
<msg timestamp="20230619 19:32:42.199" level="INFO">${ext} = robot</msg>
<status status="PASS" starttime="20230619 19:32:42.198" endtime="20230619 19:32:42.199"/>
</kw>
<kw name="Join Path" library="OperatingSystem">
<var>${cov_path}</var>
<arg>${OUTPUT DIR}</arg>
<arg>${suite_name}.coverage</arg>
<doc>Joins the given path part(s) to the given base path.</doc>
<msg timestamp="20230619 19:32:42.199" level="INFO">${cov_path} = /w/e2e_tests/results/003_configuration.coverage</msg>
<status status="PASS" starttime="20230619 19:32:42.199" endtime="20230619 19:32:42.199"/>
</kw>
<return>
<value>${cov_path}</value>
<value>${suite_name}.coverage</value>
<status status="PASS" starttime="20230619 19:32:42.199" endtime="20230619 19:32:42.199"/>
</return>
<msg timestamp="20230619 19:32:42.200" level="INFO">${cov_path} = /w/e2e_tests/results/003_configuration.coverage</msg>
<msg timestamp="20230619 19:32:42.200" level="INFO">${cov_filename} = 003_configuration.coverage</msg>
<status status="PASS" starttime="20230619 19:32:42.198" endtime="20230619 19:32:42.200"/>
</kw>
<kw name="Run Keyword And Return Status" library="BuiltIn">
<var>${dir_exists}</var>
<arg>Directory Should Exist</arg>
<arg>${OUTPUT DIR}/go-coverage</arg>
<doc>Runs the given keyword with given arguments and returns the status as a Boolean value.</doc>
<kw name="Directory Should Exist" library="OperatingSystem">
<arg>${OUTPUT DIR}/go-coverage</arg>
<doc>Fails unless the given path points to an existing directory.</doc>
<msg timestamp="20230619 19:32:42.200" level="INFO" html="true">Directory '&lt;a href="file:///w/e2e_tests/results/go-coverage"&gt;/w/e2e_tests/results/go-coverage&lt;/a&gt;' exists.</msg>
<status status="PASS" starttime="20230619 19:32:42.200" endtime="20230619 19:32:42.200"/>
</kw>
<msg timestamp="20230619 19:32:42.201" level="INFO">${dir_exists} = True</msg>
<status status="PASS" starttime="20230619 19:32:42.200" endtime="20230619 19:32:42.201"/>
</kw>
<if>
<branch type="IF" condition="${dir_exists}">
<kw name="List Files In Directory" library="OperatingSystem">
<var>${dir_contents}</var>
<arg>${OUTPUT DIR}/go-coverage</arg>
<doc>Wrapper for `List Directory` that returns only files.</doc>
<msg timestamp="20230619 19:32:42.201" level="INFO" html="true">Listing contents of directory '&lt;a href="file:///w/e2e_tests/results/go-coverage"&gt;/w/e2e_tests/results/go-coverage&lt;/a&gt;'.</msg>
<msg timestamp="20230619 19:32:42.201" level="INFO">5 files:
covcounters.6b007adb3d230b7f717346764648bf5a.7618.1687203155271798322
covcounters.6b007adb3d230b7f717346764648bf5a.7671.1687203157576774865
covcounters.6b007adb3d230b7f717346764648bf5a.7724.1687203159848778870
covcounters.6b007adb3d230b7f717346764648bf5a.7776.1687203162179498545
covmeta.6b007adb3d230b7f717346764648bf5a</msg>
<msg timestamp="20230619 19:32:42.201" level="INFO">${dir_contents} = ['covcounters.6b007adb3d230b7f717346764648bf5a.7618.1687203155271798322', 'covcounters.6b007adb3d230b7f717346764648bf5a.7671.1687203157576774865', 'covcounters.6b007adb3d230b7f717346764648bf5a.7724.16...</msg>
<status status="PASS" starttime="20230619 19:32:42.201" endtime="20230619 19:32:42.201"/>
</kw>
<status status="PASS" starttime="20230619 19:32:42.201" endtime="20230619 19:32:42.201"/>
</branch>
<branch type="ELSE">
<kw name="Set Variable" library="BuiltIn">
<var>${dir_contents}</var>
<arg>${None}</arg>
<doc>Returns the given values which can then be assigned to a variables.</doc>
<status status="NOT RUN" starttime="20230619 19:32:42.202" endtime="20230619 19:32:42.202"/>
</kw>
<status status="NOT RUN" starttime="20230619 19:32:42.201" endtime="20230619 19:32:42.202"/>
</branch>
<status status="PASS" starttime="20230619 19:32:42.201" endtime="20230619 19:32:42.202"/>
</if>
<if>
<branch type="IF" condition="${dir_contents}">
<kw name="Convert Coverage Fragments" library="keywords">
<arg>${cov_path}</arg>
<doc>Convert coverage fragments (from a go run/build -cover execution) into
a single file</doc>
<kw name="Run Process" library="Process">
<var>${result}</var>
<arg>go tool covdata textfmt -i\=${OUTPUT DIR}/go-coverage -o\=${cov_path}</arg>
<arg>shell=True</arg>
<doc>Runs a process and waits for it to complete.</doc>
<msg timestamp="20230619 19:32:42.203" level="INFO">Starting process:
go tool covdata textfmt -i=/w/e2e_tests/results/go-coverage -o=/w/e2e_tests/results/003_configuration.coverage</msg>
<msg timestamp="20230619 19:32:42.206" level="INFO">Waiting for process to complete.</msg>
<msg timestamp="20230619 19:32:42.214" level="INFO">Process completed.</msg>
<msg timestamp="20230619 19:32:42.214" level="INFO">${result} = &lt;result object with rc 0&gt;</msg>
<status status="PASS" starttime="20230619 19:32:42.202" endtime="20230619 19:32:42.214"/>
</kw>
<kw name="Should Be Equal As Integers" library="BuiltIn">
<arg>${result.rc}</arg>
<arg>0</arg>
<doc>Fails if objects are unequal after converting them to integers.</doc>
<msg timestamp="20230619 19:32:42.216" level="INFO">Argument types are:
&lt;class 'int'&gt;
&lt;class 'str'&gt;</msg>
<status status="PASS" starttime="20230619 19:32:42.215" endtime="20230619 19:32:42.216"/>
</kw>
<status status="PASS" starttime="20230619 19:32:42.202" endtime="20230619 19:32:42.216"/>
</kw>
<status status="PASS" starttime="20230619 19:32:42.202" endtime="20230619 19:32:42.216"/>
</branch>
<status status="PASS" starttime="20230619 19:32:42.202" endtime="20230619 19:32:42.216"/>
</if>
<kw name="Expect Successful Execution" library="keywords">
<arg>go tool cover -html\=${cov_path} -o\=${cov_path}.html</arg>
<doc>Runs a ${command} and expects it to succeed. ${command}
should be a string representing the shell command.</doc>
<kw name="Run Process" library="Process">
<var>${result}</var>
<arg>${command}</arg>
<arg>shell=True</arg>
<doc>Runs a process and waits for it to complete.</doc>
<msg timestamp="20230619 19:32:42.218" level="INFO">Starting process:
go tool cover -html=/w/e2e_tests/results/003_configuration.coverage -o=/w/e2e_tests/results/003_configuration.coverage.html</msg>
<msg timestamp="20230619 19:32:42.221" level="INFO">Waiting for process to complete.</msg>
<msg timestamp="20230619 19:32:42.612" level="INFO">Process completed.</msg>
<msg timestamp="20230619 19:32:42.612" level="INFO">${result} = &lt;result object with rc 0&gt;</msg>
<status status="PASS" starttime="20230619 19:32:42.218" endtime="20230619 19:32:42.612"/>
</kw>
<if>
<branch type="IF" condition="${result.rc} != 0">
<kw name="Log Many" library="BuiltIn">
<arg>${result.stderr}</arg>
<arg>${result.stdout}</arg>
<doc>Logs the given messages as separate entries using the INFO level.</doc>
<status status="NOT RUN" starttime="20230619 19:32:42.614" endtime="20230619 19:32:42.614"/>
</kw>
<status status="NOT RUN" starttime="20230619 19:32:42.612" endtime="20230619 19:32:42.614"/>
</branch>
<status status="PASS" starttime="20230619 19:32:42.612" endtime="20230619 19:32:42.614"/>
</if>
<kw name="Should Be Equal As Integers" library="BuiltIn">
<arg>${result.rc}</arg>
<arg>0</arg>
<doc>Fails if objects are unequal after converting them to integers.</doc>
<msg timestamp="20230619 19:32:42.615" level="INFO">Argument types are:
&lt;class 'int'&gt;
&lt;class 'str'&gt;</msg>
<status status="PASS" starttime="20230619 19:32:42.614" endtime="20230619 19:32:42.615"/>
</kw>
<return>
<value>${result}</value>
<status status="PASS" starttime="20230619 19:32:42.615" endtime="20230619 19:32:42.615"/>
</return>
<status status="PASS" starttime="20230619 19:32:42.218" endtime="20230619 19:32:42.615"/>
</kw>
<kw name="Expect Successful Execution" library="keywords">
<var>${result}</var>
<arg>go tool cover -func\=${cov_path}</arg>
<doc>Runs a ${command} and expects it to succeed. ${command}
should be a string representing the shell command.</doc>
<kw name="Run Process" library="Process">
<var>${result}</var>
<arg>${command}</arg>
<arg>shell=True</arg>
<doc>Runs a process and waits for it to complete.</doc>
<msg timestamp="20230619 19:32:42.618" level="INFO">Starting process:
go tool cover -func=/w/e2e_tests/results/003_configuration.coverage</msg>
<msg timestamp="20230619 19:32:42.621" level="INFO">Waiting for process to complete.</msg>
<msg timestamp="20230619 19:32:43.007" level="INFO">Process completed.</msg>
<msg timestamp="20230619 19:32:43.008" level="INFO">${result} = &lt;result object with rc 0&gt;</msg>
<status status="PASS" starttime="20230619 19:32:42.618" endtime="20230619 19:32:43.008"/>
</kw>
<if>
<branch type="IF" condition="${result.rc} != 0">
<kw name="Log Many" library="BuiltIn">
<arg>${result.stderr}</arg>
<arg>${result.stdout}</arg>
<doc>Logs the given messages as separate entries using the INFO level.</doc>
<status status="NOT RUN" starttime="20230619 19:32:43.009" endtime="20230619 19:32:43.010"/>
</kw>
<status status="NOT RUN" starttime="20230619 19:32:43.008" endtime="20230619 19:32:43.010"/>
</branch>
<status status="PASS" starttime="20230619 19:32:43.008" endtime="20230619 19:32:43.010"/>
</if>
<kw name="Should Be Equal As Integers" library="BuiltIn">
<arg>${result.rc}</arg>
<arg>0</arg>
<doc>Fails if objects are unequal after converting them to integers.</doc>
<msg timestamp="20230619 19:32:43.011" level="INFO">Argument types are:
&lt;class 'int'&gt;
&lt;class 'str'&gt;</msg>
<status status="PASS" starttime="20230619 19:32:43.010" endtime="20230619 19:32:43.011"/>
</kw>
<return>
<value>${result}</value>
<status status="PASS" starttime="20230619 19:32:43.011" endtime="20230619 19:32:43.011"/>
</return>
<msg timestamp="20230619 19:32:43.011" level="INFO">${result} = &lt;result object with rc 0&gt;</msg>
<status status="PASS" starttime="20230619 19:32:42.617" endtime="20230619 19:32:43.011"/>
</kw>
<kw name="Get Regexp Matches" library="String">
<var>${percent}</var>
<arg>${result.stdout}</arg>
<arg>total:.*?([0-9.]+%)$</arg>
<arg>1</arg>
<doc>Returns a list of all non-overlapping matches in the given string.</doc>
<msg timestamp="20230619 19:32:43.012" level="INFO">${percent} = ['37.0%']</msg>
<status status="PASS" starttime="20230619 19:32:43.011" endtime="20230619 19:32:43.012"/>
</kw>
<kw name="Set Suite Metadata" library="BuiltIn">
<arg>Code coverage</arg>
<arg>${percent[0]} [${cov_filename}.html|HTML Report] | [${cov_filename}|Coverage file]</arg>
<doc>Sets metadata for the current test suite.</doc>
<msg timestamp="20230619 19:32:43.013" level="INFO">Set suite metadata 'Code coverage' to value '37.0% [003_configuration.coverage.html|HTML Report] | [003_configuration.coverage|Coverage file]'.</msg>
<status status="PASS" starttime="20230619 19:32:43.012" endtime="20230619 19:32:43.013"/>
</kw>
<status status="PASS" starttime="20230619 19:32:42.197" endtime="20230619 19:32:43.013"/>
</kw>
<kw name="Remove Directory" library="OperatingSystem">
<arg>${OUTPUT DIR}/go-coverage</arg>
<arg>recursive=True</arg>
<doc>Removes the directory pointed to by the given ``path``.</doc>
<msg timestamp="20230619 19:32:43.014" level="INFO" html="true">Removed directory '&lt;a href="file:///w/e2e_tests/results/go-coverage"&gt;/w/e2e_tests/results/go-coverage&lt;/a&gt;'.</msg>
<status status="PASS" starttime="20230619 19:32:43.013" endtime="20230619 19:32:43.014"/>
</kw>
<status status="PASS" starttime="20230619 19:32:42.197" endtime="20230619 19:32:43.014"/>
</kw>
<doc>A series of test cases designed to verify the behavior of various
configurations, ranging from valid to invalid scenarios.
It utilizes keywords and resources defined in the
'resources/keywords.robot' file for test execution.</doc>
<meta name="Code coverage">37.0% [003_configuration.coverage.html|HTML Report] | [003_configuration.coverage|Coverage file]</meta>
<status status="PASS" starttime="20230619 19:32:32.859" endtime="20230619 19:32:43.014"/>
</suite>
<suite id="s1-s4" name="004 Requests" source="/w/e2e_tests/004_requests.robot">
<kw name="Suite Setup With Caddy" library="keywords" type="SETUP">
<doc>Run regular suite setup, start Caddy and wait until it is available</doc>
<kw name="Suite Setup" library="keywords">
<doc>Ensure there is a directory for coverage files</doc>
<kw name="Create Directory" library="OperatingSystem">
<arg>${OUTPUT DIR}/go-coverage</arg>
<doc>Creates the specified directory.</doc>
<msg timestamp="20230619 19:32:43.023" level="INFO" html="true">Created directory '&lt;a href="file:///w/e2e_tests/results/go-coverage"&gt;/w/e2e_tests/results/go-coverage&lt;/a&gt;'.</msg>
<status status="PASS" starttime="20230619 19:32:43.023" endtime="20230619 19:32:43.023"/>
</kw>
<status status="PASS" starttime="20230619 19:32:43.022" endtime="20230619 19:32:43.023"/>
</kw>
<kw name="Expect Caddy Not Ready" library="keywords">
<doc>Check that Caddy is not ready to accept connections</doc>
<kw name="Run Keyword And Return Status" library="BuiltIn">
<var>${result}</var>
<arg>GET</arg>
<arg>${BASE_URL}</arg>
<doc>Runs the given keyword with given arguments and returns the status as a Boolean value.</doc>
<kw name="GET" library="RequestsLibrary">
<arg>${BASE_URL}</arg>
<doc>Sends a GET request.</doc>
<msg timestamp="20230619 19:32:43.028" level="FAIL">ConnectionError: HTTPConnectionPool(host='localhost', port=8080): Max retries exceeded with url: / (Caused by NewConnectionError('&lt;urllib3.connection.HTTPConnection object at 0x7f869ca7f580&gt;: Failed to establish a new connection: [Errno 111] Connection refused'))</msg>
<status status="FAIL" starttime="20230619 19:32:43.024" endtime="20230619 19:32:43.057"/>
</kw>
<msg timestamp="20230619 19:32:43.057" level="INFO">${result} = False</msg>
<status status="PASS" starttime="20230619 19:32:43.023" endtime="20230619 19:32:43.057"/>
</kw>
<kw name="Should Be Equal" library="BuiltIn">
<arg>${result}</arg>
<arg>${False}</arg>
<arg>msg=Caddy seems to be running already, which is unexpected in this test context.</arg>
<doc>Fails if the given objects are unequal.</doc>
<status status="PASS" starttime="20230619 19:32:43.058" endtime="20230619 19:32:43.058"/>
</kw>
<status status="PASS" starttime="20230619 19:32:43.023" endtime="20230619 19:32:43.058"/>
</kw>
<kw name="Start Process" library="Process">
<arg>${CADDY_RUN} examples/Caddyfile.basic-auth</arg>
<arg>shell=True</arg>
<arg>env:GOCOVERDIR=${OUTPUT DIR}/go-coverage</arg>
<arg>alias=caddy</arg>
<doc>Starts a new process on background.</doc>
<msg timestamp="20230619 19:32:43.059" level="INFO">Starting process:
go run -cover cmd/caddy/main.go run --config examples/Caddyfile.basic-auth</msg>
<status status="PASS" starttime="20230619 19:32:43.058" endtime="20230619 19:32:43.063"/>
</kw>
<kw name="Wait Until Caddy Is Ready" library="keywords">
<doc>Return only when Caddy is ready to accept connections</doc>
<kw name="Wait Until Keyword Succeeds" library="BuiltIn">
<arg>30s</arg>
<arg>0.5s</arg>
<arg>GET</arg>
<arg>${BASE_URL}</arg>
<doc>Runs the specified keyword and retries if it fails.</doc>
<kw name="GET" library="RequestsLibrary">
<arg>${BASE_URL}</arg>
<doc>Sends a GET request.</doc>
<msg timestamp="20230619 19:32:43.067" level="FAIL">ConnectionError: HTTPConnectionPool(host='localhost', port=8080): Max retries exceeded with url: / (Caused by NewConnectionError('&lt;urllib3.connection.HTTPConnection object at 0x7f869ca37430&gt;: Failed to establish a new connection: [Errno 111] Connection refused'))</msg>
<status status="FAIL" starttime="20230619 19:32:43.064" endtime="20230619 19:32:43.068"/>
</kw>
<kw name="GET" library="RequestsLibrary">
<arg>${BASE_URL}</arg>
<doc>Sends a GET request.</doc>
<msg timestamp="20230619 19:32:43.570" level="FAIL">ConnectionError: HTTPConnectionPool(host='localhost', port=8080): Max retries exceeded with url: / (Caused by NewConnectionError('&lt;urllib3.connection.HTTPConnection object at 0x7f869c944a90&gt;: Failed to establish a new connection: [Errno 111] Connection refused'))</msg>
<status status="FAIL" starttime="20230619 19:32:43.568" endtime="20230619 19:32:43.571"/>
</kw>
<kw name="GET" library="RequestsLibrary">
<arg>${BASE_URL}</arg>
<doc>Sends a GET request.</doc>
<msg timestamp="20230619 19:32:44.074" level="FAIL">ConnectionError: HTTPConnectionPool(host='localhost', port=8080): Max retries exceeded with url: / (Caused by NewConnectionError('&lt;urllib3.connection.HTTPConnection object at 0x7f869c944400&gt;: Failed to establish a new connection: [Errno 111] Connection refused'))</msg>
<status status="FAIL" starttime="20230619 19:32:44.071" endtime="20230619 19:32:44.075"/>
</kw>
<kw name="GET" library="RequestsLibrary">
<arg>${BASE_URL}</arg>
<doc>Sends a GET request.</doc>
<msg timestamp="20230619 19:32:44.577" level="FAIL">ConnectionError: HTTPConnectionPool(host='localhost', port=8080): Max retries exceeded with url: / (Caused by NewConnectionError('&lt;urllib3.connection.HTTPConnection object at 0x7f869ca378b0&gt;: Failed to establish a new connection: [Errno 111] Connection refused'))</msg>
<status status="FAIL" starttime="20230619 19:32:44.575" endtime="20230619 19:32:44.578"/>
</kw>
<kw name="GET" library="RequestsLibrary">
<arg>${BASE_URL}</arg>
<doc>Sends a GET request.</doc>
<msg timestamp="20230619 19:32:45.080" level="FAIL">ConnectionError: HTTPConnectionPool(host='localhost', port=8080): Max retries exceeded with url: / (Caused by NewConnectionError('&lt;urllib3.connection.HTTPConnection object at 0x7f869c94d6d0&gt;: Failed to establish a new connection: [Errno 111] Connection refused'))</msg>
<status status="FAIL" starttime="20230619 19:32:45.078" endtime="20230619 19:32:45.081"/>
</kw>
<kw name="GET" library="RequestsLibrary">
<arg>${BASE_URL}</arg>
<doc>Sends a GET request.</doc>
<msg timestamp="20230619 19:32:46.941" level="INFO">GET Request : url=http://Bob:hiccup@localhost:8080/ 
 path_url=/ 
 headers={'User-Agent': 'python-requests/2.31.0', 'Accept-Encoding': 'gzip, deflate', 'Accept': '*/*', 'Connection': 'keep-alive', 'Authorization': 'Basic Qm9iOmhpY2N1cA=='} 
 body=None 
 </msg>
<msg timestamp="20230619 19:32:46.941" level="INFO">GET Response : url=http://Bob:hiccup@localhost:8080/ 
 status=200, reason=OK 
 headers={'Server': 'Caddy', 'Date': 'Mon, 19 Jun 2023 19:32:46 GMT', 'Content-Length': '0'} 
 body=None 
 </msg>
<status status="PASS" starttime="20230619 19:32:45.581" endtime="20230619 19:32:46.942"/>
</kw>
<status status="PASS" starttime="20230619 19:32:43.064" endtime="20230619 19:32:46.942"/>
</kw>
<status status="PASS" starttime="20230619 19:32:43.063" endtime="20230619 19:32:46.942"/>
</kw>
<status status="PASS" starttime="20230619 19:32:43.022" endtime="20230619 19:32:46.942"/>
</kw>
<test id="s1-s4-t1" name="Test simple upload" line="12">
<kw name="Upload File" library="keywords">
<arg>go.mod</arg>
<doc>Test uploading a single file. The go.mod argument should
be the absolute path to the file.</doc>
<kw name="Get Binary File" library="OperatingSystem">
<var>${file_data}</var>
<arg>${file_path}</arg>
<doc>Returns the contents of a specified file.</doc>
<msg timestamp="20230619 19:32:46.944" level="INFO" html="true">Getting file '&lt;a href="file:///w/go.mod"&gt;/w/go.mod&lt;/a&gt;'.</msg>
<msg timestamp="20230619 19:32:46.944" level="INFO">${file_data} = module github.com/madworx/caddy-put-upload

go 1.19

require (
	github.com/caddyserver/caddy/v2 v2.6.4
	github.com/stretchr/testify v1.8.1
)

require (
	github.com/kr/text v0.2.0 // indirect
	github.c...</msg>
<status status="PASS" starttime="20230619 19:32:46.944" endtime="20230619 19:32:46.944"/>
</kw>
<kw name="Set Variable" library="BuiltIn">
<var>${file_name}</var>
<arg>/upload/test.txt</arg>
<doc>Returns the given values which can then be assigned to a variables.</doc>
<msg timestamp="20230619 19:32:46.945" level="INFO">${file_name} = /upload/test.txt</msg>
<status status="PASS" starttime="20230619 19:32:46.944" endtime="20230619 19:32:46.945"/>
</kw>
<kw name="PUT" library="RequestsLibrary">
<var>${response}</var>
<arg>${url}${file_name}</arg>
<arg>data=${file_data}</arg>
<arg>expected_status=${expected_status}</arg>
<doc>Sends a PUT request.</doc>
<msg timestamp="20230619 19:32:46.948" level="INFO">PUT Request : url=http://Bob:hiccup@localhost:8080//upload/test.txt 
 path_url=//upload/test.txt 
 headers={'User-Agent': 'python-requests/2.31.0', 'Accept-Encoding': 'gzip, deflate', 'Accept': '*/*', 'Connection': 'keep-alive', 'Content-Length': '6839', 'Authorization': 'Basic Qm9iOmhpY2N1cA=='} 
 body=b'module github.com/madworx/caddy-put-upload\n\ngo 1.19\n\nrequire (\n\tgithub.com/caddyserver/caddy/v2 v2.6.4\n\tgithub.com/stretchr/testify v1.8.1\n)\n\nrequire (\n\tgithub.com/kr/text v0.2.0 // indirect\n\tgithub.com/rogpeppe/go-internal v1.10.0 // indirect\n)\n\nrequire (\n\tfilippo.io/edwards25519 v1.0.0 // indirect\n\tgithub.com/AndreasBriese/bbloom v0.0.0-20190825152654-46b345b51c96 // indirect\n\tgithub.com/BurntSushi/toml v1.2.1 // indirect\n\tgithub.com/Masterminds/goutils v1.1.1 // indirect\n\tgithub.com/Masterminds/semver/v3 v3.2.0 // indirect\n\tgithub.com/Masterminds/sprig/v3 v3.2.3 // indirect\n\tgithub.com/Microsoft/go-winio v0.6.0 // indirect\n\tgithub.com/alecthomas/chroma/v2 v2.5.0 // indirect\n\tgithub.com/antlr/antlr4/runtime/Go/antlr v1.4.10 // indirect\n\tgithub.com/aryann/difflib v0.0.0-20210328193216-ff5ff6dc229b // indirect\n\tgithub.com/beorn7/perks v1.0.1 // indirect\n\tgithub.com/caddyserver/certmagic v0.17.2 // indirect\n\tgithub.com/cenkalti/backoff/v4 v4.1.2 // indirect\n\tgithub.com/cespare/xxhash v1.1.0 // indirect\n\tgithub.com/cespare/xxhash/v2 v2.1.2 // indirect\n\tgithub.com/chzyer/readline v0.0.0-20180603132655-2972be24d48e // indirect\n\tgithub.com/cpuguy83/go-md2man/v2 v2.0.2 // indirect\n\tgithub.com/davecgh/go-spew v1.1.1 // indirect\n\tgithub.com/dgraph-io/badger v1.6.2 // indirect\n\tgithub.com/dgraph-io/badger/v2 v2.2007.4 // indirect\n\tgithub.com/dgraph-io/ristretto v0.1.0 // indirect\n\tgithub.com/dgryski/go-farm v0.0.0-20200201041132-a6ae2369ad13 // indirect\n\tgithub.com/dlclark/regexp2 v1.7.0 // indirect\n\tgithub.com/dustin/go-humanize v1.0.1 // indirect\n\tgithub.com/felixge/httpsnoop v1.0.3 // indirect\n\tgithub.com/fxamacker/cbor/v2 v2.4.0 // indirect\n\tgithub.com/go-chi/chi v4.1.2+incompatible // indirect\n\tgithub.com/go-kit/kit v0.10.0 // indirect\n\tgithub.com/go-logfmt/logfmt v0.5.1 // indirect\n\tgithub.com/go-logr/logr v1.2.3 // indirect\n\tgithub.com/go-logr/stdr v1.2.2 // indirect\n\tgithub.com/go-sql-driver/mysql v1.6.0 // indirect\n\tgithub.com/go-task/slim-sprig v0.0.0-20210107165309-348f09dbbbc0 // indirect\n\tgithub.com/golang/glog v1.0.0 // indirect\n\tgithub.com/golang/mock v1.6.0 // indirect\n\tgithub.com/golang/protobuf v1.5.2 // indirect\n\tgithub.com/golang/snappy v0.0.4 // indirect\n\tgithub.com/google/cel-go v0.13.0 // indirect\n\tgithub.com/google/pprof v0.0.0-20210407192527-94a9f03dee38 // indirect\n\tgithub.com/google/uuid v1.3.0 // indirect\n\tgithub.com/grpc-ecosystem/grpc-gateway v1.16.0 // indirect\n\tgithub.com/huandu/xstrings v1.3.3 // indirect\n\tgithub.com/imdario/mergo v0.3.12 // indirect\n\tgithub.com/inconshreveable/mousetrap v1.0.1 // indirect\n\tgithub.com/jackc/chunkreader/v2 v2.0.1 // indirect\n\tgithub.com/jackc/pgconn v1.13.0 // indirect\n\tgithub.com/jackc/pgio v1.0.0 // indirect\n\tgithub.com/jackc/pgpassfile v1.0.0 // indirect\n\tgithub.com/jackc/pgproto3/v2 v2.3.1 // indirect\n\tgithub.com/jackc/pgservicefile v0.0.0-20200714003250-2b9c44734f2b // indirect\n\tgithub.com/jackc/pgtype v1.12.0 // indirect\n\tgithub.com/jackc/pgx/v4 v4.17.2 // indirect\n\tgithub.com/klauspost/compress v1.15.15 // indirect\n\tgithub.com/klauspost/cpuid/v2 v2.2.3 // indirect\n\tgithub.com/libdns/libdns v0.2.1 // indirect\n\tgithub.com/manifoldco/promptui v0.9.0 // indirect\n\tgithub.com/mattn/go-colorable v0.1.8 // indirect\n\tgithub.com/mattn/go-isatty v0.0.13 // indirect\n\tgithub.com/matttproud/golang_protobuf_extensions v1.0.1 // indirect\n\tgithub.com/mgutz/ansi v0.0.0-20200706080929-d51e80ef957d // indirect\n\tgithub.com/mholt/acmez v1.1.0 // indirect\n\tgithub.com/micromdm/scep/v2 v2.1.0 // indirect\n\tgithub.com/miekg/dns v1.1.50 // indirect\n\tgithub.com/mitchellh/copystructure v1.2.0 // indirect\n\tgithub.com/mitchellh/go-ps v1.0.0 // indirect\n\tgithub.com/mitchellh/reflectwalk v1.0.2 // indirect\n\tgithub.com/onsi/ginkgo/v2 v2.2.0 // indirect\n\tgithub.com/pkg/errors v0.9.1 // indirect\n\tgithub.com/pmezard/go-difflib v1.0.0 // indirect\n\tgithub.com/prometheus/client_golang v1.14.0 // indirect\n\tgithub.com/prometheus/client_model v0.3.0 // indirect\n\tgithub.com/prometheus/common v0.37.0 // indirect\n\tgithub.com/prometheus/procfs v0.8.0 // indirect\n\tgithub.com/quic-go/qpack v0.4.0 // indirect\n\tgithub.com/quic-go/qtls-go1-18 v0.2.0 // indirect\n\tgithub.com/quic-go/qtls-go1-19 v0.2.0 // indirect\n\tgithub.com/quic-go/qtls-go1-20 v0.1.0 // indirect\n\tgithub.com/quic-go/quic-go v0.32.0 // indirect\n\tgithub.com/rs/xid v1.4.0 // indirect\n\tgithub.com/russross/blackfriday/v2 v2.1.0 // indirect\n\tgithub.com/shopspring/decimal v1.2.0 // indirect\n\tgithub.com/shurcooL/sanitized_anchor_name v1.0.0 // indirect\n\tgithub.com/sirupsen/logrus v1.9.0 // indirect\n\tgithub.com/slackhq/nebula v1.6.1 // indirect\n\tgithub.com/smallstep/certificates v0.23.2 // indirect\n\tgithub.com/smallstep/nosql v0.5.0 // indirect\n\tgithub.com/smallstep/truststore v0.12.1 // indirect\n\tgithub.com/spf13/cast v1.4.1 // indirect\n\tgithub.com/spf13/cobra v1.6.1 // indirect\n\tgithub.com/spf13/pflag v1.0.5 // indirect\n\tgithub.com/stoewer/go-strcase v1.2.0 // indirect\n\tgithub.com/tailscale/tscert v0.0.0-20230124224810-c6dc1f4049b2 // indirect\n\tgithub.com/urfave/cli v1.22.12 // indirect\n\tgithub.com/x448/float16 v0.8.4 // indirect\n\tgithub.com/yuin/goldmark v1.5.4 // indirect\n\tgithub.com/yuin/goldmark-highlighting/v2 v2.0.0-20220924101305-151362477c87 // indirect\n\tgo.etcd.io/bbolt v1.3.6 // indirect\n\tgo.mozilla.org/pkcs7 v0.0.0-20210826202110-33d05740a352 // indirect\n\tgo.opentelemetry.io/contrib/instrumentation/net/http/otelhttp v0.39.0 // indirect\n\tgo.opentelemetry.io/otel v1.13.0 // indirect\n\tgo.opentelemetry.io/otel/exporters/otlp/internal/retry v1.4.0 // indirect\n\tgo.opentelemetry.io/otel/exporters/otlp/otlptrace v1.4.0 // indirect\n\tgo.opentelemetry.io/otel/exporters/otlp/otlptrace/otlptracegrpc v1.4.0 // indirect\n\tgo.opentelemetry.io/otel/metric v0.36.0 // indirect\n\tgo.opentelemetry.io/otel/sdk v1.13.0 // indirect\n\tgo.opentelemetry.io/otel/trace v1.13.0 // indirect\n\tgo.opentelemetry.io/proto/otlp v0.12.0 // indirect\n\tgo.step.sm/cli-utils v0.7.5 // indirect\n\tgo.step.sm/crypto v0.23.2 // indirect\n\tgo.step.sm/linkedca v0.19.0 // indirect\n\tgo.uber.org/atomic v1.9.0 // indirect\n\tgo.uber.org/multierr v1.6.0 // indirect\n\tgo.uber.org/zap v1.24.0 // indirect\n\tgolang.org/x/crypto v0.5.0 // indirect\n\tgolang.org/x/exp v0.0.0-20221205204356-47842c84f3db // indirect\n\tgolang.org/x/mod v0.10.0 // indirect\n\tgolang.org/x/net v0.10.0 // indirect\n\tgolang.org/x/sync v0.2.0 // indirect\n\tgolang.org/x/sys v0.8.0 // indirect\n\tgolang.org/x/term v0.8.0 // indirect\n\tgolang.org/x/text v0.9.0 // indirect\n\tgolang.org/x/tools v0.9.3\n\tgoogle.golang.org/genproto v0.0.0-20230202175211-008b39050e57 // indirect\n\tgoogle.golang.org/grpc v1.52.3 // indirect\n\tgoogle.golang.org/protobuf v1.28.1 // indirect\n\tgopkg.in/natefinch/lumberjack.v2 v2.2.1 // indirect\n\tgopkg.in/square/go-jose.v2 v2.6.0 // indirect\n\tgopkg.in/yaml.v3 v3.0.1 // indirect\n\thowett.net/plist v1.0.0 // indirect\n)\n' 
 </msg>
<msg timestamp="20230619 19:32:46.948" level="INFO">PUT Response : url=http://Bob:hiccup@localhost:8080//upload/test.txt 
 status=201, reason=Created 
 headers={'Server': 'Caddy', 'Date': 'Mon, 19 Jun 2023 19:32:46 GMT', 'Content-Length': '44', 'Content-Type': 'text/plain; charset=utf-8'} 
 body=File /upload/test.txt created successfully.
 
 </msg>
<msg timestamp="20230619 19:32:46.948" level="INFO">${response} = &lt;Response [201]&gt;</msg>
<status status="PASS" starttime="20230619 19:32:46.945" endtime="20230619 19:32:46.948"/>
</kw>
<kw name="Log" library="BuiltIn">
<arg>${response}</arg>
<doc>Logs the given message with the given level.</doc>
<msg timestamp="20230619 19:32:46.949" level="INFO">&lt;Response [201]&gt;</msg>
<status status="PASS" starttime="20230619 19:32:46.949" endtime="20230619 19:32:46.949"/>
</kw>
<if>
<branch type="IF" condition="${text_expected} == True">
<kw name="Should Match" library="BuiltIn">
<arg>${response.text}</arg>
<arg>File ${file_name} created successfully.\n</arg>
<doc>Fails if the given ``string`` does not match the given ``pattern``.</doc>
<status status="PASS" starttime="20230619 19:32:46.949" endtime="20230619 19:32:46.950"/>
</kw>
<status status="PASS" starttime="20230619 19:32:46.949" endtime="20230619 19:32:46.951"/>
</branch>
<status status="PASS" starttime="20230619 19:32:46.949" endtime="20230619 19:32:46.951"/>
</if>
<status status="PASS" starttime="20230619 19:32:46.943" endtime="20230619 19:32:46.951"/>
</kw>
<doc>Simple uploads of a file should work</doc>
<status status="PASS" starttime="20230619 19:32:46.942" endtime="20230619 19:32:46.951"/>
</test>
<test id="s1-s4-t2" name="Unauthenticated upload should fail" line="16">
<kw name="Upload File" library="keywords">
<arg>go.mod</arg>
<arg>http://localhost:8080/</arg>
<arg>expected_status=401</arg>
<arg>text_expected=False</arg>
<doc>Test uploading a single file. The go.mod argument should
be the absolute path to the file.</doc>
<kw name="Get Binary File" library="OperatingSystem">
<var>${file_data}</var>
<arg>${file_path}</arg>
<doc>Returns the contents of a specified file.</doc>
<msg timestamp="20230619 19:32:46.953" level="INFO" html="true">Getting file '&lt;a href="file:///w/go.mod"&gt;/w/go.mod&lt;/a&gt;'.</msg>
<msg timestamp="20230619 19:32:46.953" level="INFO">${file_data} = module github.com/madworx/caddy-put-upload

go 1.19

require (
	github.com/caddyserver/caddy/v2 v2.6.4
	github.com/stretchr/testify v1.8.1
)

require (
	github.com/kr/text v0.2.0 // indirect
	github.c...</msg>
<status status="PASS" starttime="20230619 19:32:46.953" endtime="20230619 19:32:46.953"/>
</kw>
<kw name="Set Variable" library="BuiltIn">
<var>${file_name}</var>
<arg>/upload/test.txt</arg>
<doc>Returns the given values which can then be assigned to a variables.</doc>
<msg timestamp="20230619 19:32:46.953" level="INFO">${file_name} = /upload/test.txt</msg>
<status status="PASS" starttime="20230619 19:32:46.953" endtime="20230619 19:32:46.953"/>
</kw>
<kw name="PUT" library="RequestsLibrary">
<var>${response}</var>
<arg>${url}${file_name}</arg>
<arg>data=${file_data}</arg>
<arg>expected_status=${expected_status}</arg>
<doc>Sends a PUT request.</doc>
<msg timestamp="20230619 19:32:46.956" level="INFO">PUT Request : url=http://localhost:8080//upload/test.txt 
 path_url=//upload/test.txt 
 headers={'User-Agent': 'python-requests/2.31.0', 'Accept-Encoding': 'gzip, deflate', 'Accept': '*/*', 'Connection': 'keep-alive', 'Content-Length': '6839'} 
 body=b'module github.com/madworx/caddy-put-upload\n\ngo 1.19\n\nrequire (\n\tgithub.com/caddyserver/caddy/v2 v2.6.4\n\tgithub.com/stretchr/testify v1.8.1\n)\n\nrequire (\n\tgithub.com/kr/text v0.2.0 // indirect\n\tgithub.com/rogpeppe/go-internal v1.10.0 // indirect\n)\n\nrequire (\n\tfilippo.io/edwards25519 v1.0.0 // indirect\n\tgithub.com/AndreasBriese/bbloom v0.0.0-20190825152654-46b345b51c96 // indirect\n\tgithub.com/BurntSushi/toml v1.2.1 // indirect\n\tgithub.com/Masterminds/goutils v1.1.1 // indirect\n\tgithub.com/Masterminds/semver/v3 v3.2.0 // indirect\n\tgithub.com/Masterminds/sprig/v3 v3.2.3 // indirect\n\tgithub.com/Microsoft/go-winio v0.6.0 // indirect\n\tgithub.com/alecthomas/chroma/v2 v2.5.0 // indirect\n\tgithub.com/antlr/antlr4/runtime/Go/antlr v1.4.10 // indirect\n\tgithub.com/aryann/difflib v0.0.0-20210328193216-ff5ff6dc229b // indirect\n\tgithub.com/beorn7/perks v1.0.1 // indirect\n\tgithub.com/caddyserver/certmagic v0.17.2 // indirect\n\tgithub.com/cenkalti/backoff/v4 v4.1.2 // indirect\n\tgithub.com/cespare/xxhash v1.1.0 // indirect\n\tgithub.com/cespare/xxhash/v2 v2.1.2 // indirect\n\tgithub.com/chzyer/readline v0.0.0-20180603132655-2972be24d48e // indirect\n\tgithub.com/cpuguy83/go-md2man/v2 v2.0.2 // indirect\n\tgithub.com/davecgh/go-spew v1.1.1 // indirect\n\tgithub.com/dgraph-io/badger v1.6.2 // indirect\n\tgithub.com/dgraph-io/badger/v2 v2.2007.4 // indirect\n\tgithub.com/dgraph-io/ristretto v0.1.0 // indirect\n\tgithub.com/dgryski/go-farm v0.0.0-20200201041132-a6ae2369ad13 // indirect\n\tgithub.com/dlclark/regexp2 v1.7.0 // indirect\n\tgithub.com/dustin/go-humanize v1.0.1 // indirect\n\tgithub.com/felixge/httpsnoop v1.0.3 // indirect\n\tgithub.com/fxamacker/cbor/v2 v2.4.0 // indirect\n\tgithub.com/go-chi/chi v4.1.2+incompatible // indirect\n\tgithub.com/go-kit/kit v0.10.0 // indirect\n\tgithub.com/go-logfmt/logfmt v0.5.1 // indirect\n\tgithub.com/go-logr/logr v1.2.3 // indirect\n\tgithub.com/go-logr/stdr v1.2.2 // indirect\n\tgithub.com/go-sql-driver/mysql v1.6.0 // indirect\n\tgithub.com/go-task/slim-sprig v0.0.0-20210107165309-348f09dbbbc0 // indirect\n\tgithub.com/golang/glog v1.0.0 // indirect\n\tgithub.com/golang/mock v1.6.0 // indirect\n\tgithub.com/golang/protobuf v1.5.2 // indirect\n\tgithub.com/golang/snappy v0.0.4 // indirect\n\tgithub.com/google/cel-go v0.13.0 // indirect\n\tgithub.com/google/pprof v0.0.0-20210407192527-94a9f03dee38 // indirect\n\tgithub.com/google/uuid v1.3.0 // indirect\n\tgithub.com/grpc-ecosystem/grpc-gateway v1.16.0 // indirect\n\tgithub.com/huandu/xstrings v1.3.3 // indirect\n\tgithub.com/imdario/mergo v0.3.12 // indirect\n\tgithub.com/inconshreveable/mousetrap v1.0.1 // indirect\n\tgithub.com/jackc/chunkreader/v2 v2.0.1 // indirect\n\tgithub.com/jackc/pgconn v1.13.0 // indirect\n\tgithub.com/jackc/pgio v1.0.0 // indirect\n\tgithub.com/jackc/pgpassfile v1.0.0 // indirect\n\tgithub.com/jackc/pgproto3/v2 v2.3.1 // indirect\n\tgithub.com/jackc/pgservicefile v0.0.0-20200714003250-2b9c44734f2b // indirect\n\tgithub.com/jackc/pgtype v1.12.0 // indirect\n\tgithub.com/jackc/pgx/v4 v4.17.2 // indirect\n\tgithub.com/klauspost/compress v1.15.15 // indirect\n\tgithub.com/klauspost/cpuid/v2 v2.2.3 // indirect\n\tgithub.com/libdns/libdns v0.2.1 // indirect\n\tgithub.com/manifoldco/promptui v0.9.0 // indirect\n\tgithub.com/mattn/go-colorable v0.1.8 // indirect\n\tgithub.com/mattn/go-isatty v0.0.13 // indirect\n\tgithub.com/matttproud/golang_protobuf_extensions v1.0.1 // indirect\n\tgithub.com/mgutz/ansi v0.0.0-20200706080929-d51e80ef957d // indirect\n\tgithub.com/mholt/acmez v1.1.0 // indirect\n\tgithub.com/micromdm/scep/v2 v2.1.0 // indirect\n\tgithub.com/miekg/dns v1.1.50 // indirect\n\tgithub.com/mitchellh/copystructure v1.2.0 // indirect\n\tgithub.com/mitchellh/go-ps v1.0.0 // indirect\n\tgithub.com/mitchellh/reflectwalk v1.0.2 // indirect\n\tgithub.com/onsi/ginkgo/v2 v2.2.0 // indirect\n\tgithub.com/pkg/errors v0.9.1 // indirect\n\tgithub.com/pmezard/go-difflib v1.0.0 // indirect\n\tgithub.com/prometheus/client_golang v1.14.0 // indirect\n\tgithub.com/prometheus/client_model v0.3.0 // indirect\n\tgithub.com/prometheus/common v0.37.0 // indirect\n\tgithub.com/prometheus/procfs v0.8.0 // indirect\n\tgithub.com/quic-go/qpack v0.4.0 // indirect\n\tgithub.com/quic-go/qtls-go1-18 v0.2.0 // indirect\n\tgithub.com/quic-go/qtls-go1-19 v0.2.0 // indirect\n\tgithub.com/quic-go/qtls-go1-20 v0.1.0 // indirect\n\tgithub.com/quic-go/quic-go v0.32.0 // indirect\n\tgithub.com/rs/xid v1.4.0 // indirect\n\tgithub.com/russross/blackfriday/v2 v2.1.0 // indirect\n\tgithub.com/shopspring/decimal v1.2.0 // indirect\n\tgithub.com/shurcooL/sanitized_anchor_name v1.0.0 // indirect\n\tgithub.com/sirupsen/logrus v1.9.0 // indirect\n\tgithub.com/slackhq/nebula v1.6.1 // indirect\n\tgithub.com/smallstep/certificates v0.23.2 // indirect\n\tgithub.com/smallstep/nosql v0.5.0 // indirect\n\tgithub.com/smallstep/truststore v0.12.1 // indirect\n\tgithub.com/spf13/cast v1.4.1 // indirect\n\tgithub.com/spf13/cobra v1.6.1 // indirect\n\tgithub.com/spf13/pflag v1.0.5 // indirect\n\tgithub.com/stoewer/go-strcase v1.2.0 // indirect\n\tgithub.com/tailscale/tscert v0.0.0-20230124224810-c6dc1f4049b2 // indirect\n\tgithub.com/urfave/cli v1.22.12 // indirect\n\tgithub.com/x448/float16 v0.8.4 // indirect\n\tgithub.com/yuin/goldmark v1.5.4 // indirect\n\tgithub.com/yuin/goldmark-highlighting/v2 v2.0.0-20220924101305-151362477c87 // indirect\n\tgo.etcd.io/bbolt v1.3.6 // indirect\n\tgo.mozilla.org/pkcs7 v0.0.0-20210826202110-33d05740a352 // indirect\n\tgo.opentelemetry.io/contrib/instrumentation/net/http/otelhttp v0.39.0 // indirect\n\tgo.opentelemetry.io/otel v1.13.0 // indirect\n\tgo.opentelemetry.io/otel/exporters/otlp/internal/retry v1.4.0 // indirect\n\tgo.opentelemetry.io/otel/exporters/otlp/otlptrace v1.4.0 // indirect\n\tgo.opentelemetry.io/otel/exporters/otlp/otlptrace/otlptracegrpc v1.4.0 // indirect\n\tgo.opentelemetry.io/otel/metric v0.36.0 // indirect\n\tgo.opentelemetry.io/otel/sdk v1.13.0 // indirect\n\tgo.opentelemetry.io/otel/trace v1.13.0 // indirect\n\tgo.opentelemetry.io/proto/otlp v0.12.0 // indirect\n\tgo.step.sm/cli-utils v0.7.5 // indirect\n\tgo.step.sm/crypto v0.23.2 // indirect\n\tgo.step.sm/linkedca v0.19.0 // indirect\n\tgo.uber.org/atomic v1.9.0 // indirect\n\tgo.uber.org/multierr v1.6.0 // indirect\n\tgo.uber.org/zap v1.24.0 // indirect\n\tgolang.org/x/crypto v0.5.0 // indirect\n\tgolang.org/x/exp v0.0.0-20221205204356-47842c84f3db // indirect\n\tgolang.org/x/mod v0.10.0 // indirect\n\tgolang.org/x/net v0.10.0 // indirect\n\tgolang.org/x/sync v0.2.0 // indirect\n\tgolang.org/x/sys v0.8.0 // indirect\n\tgolang.org/x/term v0.8.0 // indirect\n\tgolang.org/x/text v0.9.0 // indirect\n\tgolang.org/x/tools v0.9.3\n\tgoogle.golang.org/genproto v0.0.0-20230202175211-008b39050e57 // indirect\n\tgoogle.golang.org/grpc v1.52.3 // indirect\n\tgoogle.golang.org/protobuf v1.28.1 // indirect\n\tgopkg.in/natefinch/lumberjack.v2 v2.2.1 // indirect\n\tgopkg.in/square/go-jose.v2 v2.6.0 // indirect\n\tgopkg.in/yaml.v3 v3.0.1 // indirect\n\thowett.net/plist v1.0.0 // indirect\n)\n' 
 </msg>
<msg timestamp="20230619 19:32:46.956" level="INFO">PUT Response : url=http://localhost:8080//upload/test.txt 
 status=401, reason=Unauthorized 
 headers={'Server': 'Caddy', 'Www-Authenticate': 'Basic realm="restricted"', 'Date': 'Mon, 19 Jun 2023 19:32:46 GMT', 'Content-Length': '0'} 
 body=None 
 </msg>
<msg timestamp="20230619 19:32:46.956" level="INFO">${response} = &lt;Response [401]&gt;</msg>
<status status="PASS" starttime="20230619 19:32:46.953" endtime="20230619 19:32:46.956"/>
</kw>
<kw name="Log" library="BuiltIn">
<arg>${response}</arg>
<doc>Logs the given message with the given level.</doc>
<msg timestamp="20230619 19:32:46.956" level="INFO">&lt;Response [401]&gt;</msg>
<status status="PASS" starttime="20230619 19:32:46.956" endtime="20230619 19:32:46.957"/>
</kw>
<if>
<branch type="IF" condition="${text_expected} == True">
<kw name="Should Match" library="BuiltIn">
<arg>${response.text}</arg>
<arg>File ${file_name} created successfully.\n</arg>
<doc>Fails if the given ``string`` does not match the given ``pattern``.</doc>
<status status="NOT RUN" starttime="20230619 19:32:46.957" endtime="20230619 19:32:46.957"/>
</kw>
<status status="NOT RUN" starttime="20230619 19:32:46.957" endtime="20230619 19:32:46.957"/>
</branch>
<status status="PASS" starttime="20230619 19:32:46.957" endtime="20230619 19:32:46.957"/>
</if>
<status status="PASS" starttime="20230619 19:32:46.952" endtime="20230619 19:32:46.957"/>
</kw>
<doc>Unauthenticated uploads should fail</doc>
<status status="PASS" starttime="20230619 19:32:46.951" endtime="20230619 19:32:46.957"/>
</test>
<test id="s1-s4-t3" name="Non PUT should be ignored by module" line="20">
<kw name="Wait Until Caddy Is Ready" library="keywords">
<doc>Return only when Caddy is ready to accept connections</doc>
<kw name="Wait Until Keyword Succeeds" library="BuiltIn">
<arg>30s</arg>
<arg>0.5s</arg>
<arg>GET</arg>
<arg>${BASE_URL}</arg>
<doc>Runs the specified keyword and retries if it fails.</doc>
<kw name="GET" library="RequestsLibrary">
<arg>${BASE_URL}</arg>
<doc>Sends a GET request.</doc>
<msg timestamp="20230619 19:32:46.961" level="INFO">GET Request : url=http://Bob:hiccup@localhost:8080/ 
 path_url=/ 
 headers={'User-Agent': 'python-requests/2.31.0', 'Accept-Encoding': 'gzip, deflate', 'Accept': '*/*', 'Connection': 'keep-alive', 'Authorization': 'Basic Qm9iOmhpY2N1cA=='} 
 body=None 
 </msg>
<msg timestamp="20230619 19:32:46.961" level="INFO">GET Response : url=http://Bob:hiccup@localhost:8080/ 
 status=200, reason=OK 
 headers={'Server': 'Caddy', 'Date': 'Mon, 19 Jun 2023 19:32:46 GMT', 'Content-Length': '0'} 
 body=None 
 </msg>
<status status="PASS" starttime="20230619 19:32:46.959" endtime="20230619 19:32:46.961"/>
</kw>
<status status="PASS" starttime="20230619 19:32:46.959" endtime="20230619 19:32:46.961"/>
</kw>
<status status="PASS" starttime="20230619 19:32:46.958" endtime="20230619 19:32:46.961"/>
</kw>
<doc>Non-PUT operations should be ignored by the module
(this is to improve coverage)</doc>
<status status="PASS" starttime="20230619 19:32:46.957" endtime="20230619 19:32:46.961"/>
</test>
<kw name="Suite Teardown With Caddy" library="keywords" type="TEARDOWN">
<doc>Perform a graceful shutdown if Caddy and run the regular suite teardown</doc>
<kw name="Send Signal To Process" library="Process">
<arg>SIGINT</arg>
<arg>handle=caddy</arg>
<arg>group=True</arg>
<doc>Sends the given ``signal`` to the specified process.</doc>
<msg timestamp="20230619 19:32:46.963" level="INFO">Sending signal SIGINT (2).</msg>
<status status="PASS" starttime="20230619 19:32:46.962" endtime="20230619 19:32:46.966"/>
</kw>
<kw name="Wait For Process" library="Process">
<var>${result}</var>
<arg>timeout=10s</arg>
<arg>on_timeout=terminate</arg>
<doc>Waits for the process to complete or to reach the given timeout.</doc>
<msg timestamp="20230619 19:32:46.966" level="INFO">Waiting for process to complete.</msg>
<msg timestamp="20230619 19:32:47.067" level="INFO">Process completed.</msg>
<msg timestamp="20230619 19:32:47.067" level="INFO">${result} = &lt;result object with rc -2&gt;</msg>
<status status="PASS" starttime="20230619 19:32:46.966" endtime="20230619 19:32:47.067"/>
</kw>
<kw name="Log" library="BuiltIn">
<arg>${result.stderr}</arg>
<doc>Logs the given message with the given level.</doc>
<msg timestamp="20230619 19:32:47.068" level="INFO">{"level":"info","ts":1687203165.3325646,"msg":"using provided configuration","config_file":"examples/Caddyfile.basic-auth","config_adapter":""}
{"level":"info","ts":1687203165.3345833,"logger":"admin","msg":"admin endpoint started","address":"localhost:2019","enforce_origin":false,"origins":["//localhost:2019","//[::1]:2019","//127.0.0.1:2019"]}
{"level":"info","ts":1687203165.3348691,"logger":"tls.cache.maintenance","msg":"started background certificate maintenance","cache":"0xc0004645b0"}
{"level":"info","ts":1687203165.3349779,"logger":"http.log","msg":"server running","name":"srv0","protocols":["h1","h2","h3"]}
{"level":"info","ts":1687203165.335032,"logger":"tls","msg":"cleaning storage unit","description":"FileStorage:/w/.local/share/caddy"}
{"level":"info","ts":1687203165.3350644,"logger":"tls","msg":"finished cleaning storage units"}
{"level":"info","ts":1687203165.335136,"msg":"autosaved config (load with --resume flag)","file":"/w/.config/caddy/autosave.json"}
{"level":"info","ts":1687203165.3351421,"msg":"serving initial configuration"}
{"level":"info","ts":1687203166.9627278,"msg":"shutting down","signal":"SIGINT"}
{"level":"warn","ts":1687203166.962756,"msg":"exiting; byeee!! 👋","signal":"SIGINT"}
[...]
<msg timestamp="20230619 19:35:25.880" level="INFO">Process completed.</msg>
<msg timestamp="20230619 19:35:25.881" level="INFO">${result} = &lt;result object with rc 0&gt;</msg>
<status status="PASS" starttime="20230619 19:35:25.840" endtime="20230619 19:35:25.881"/>
</kw>
<if>
<branch type="IF" condition="${result.rc} != 0">
<kw name="Log Many" library="BuiltIn">
<arg>${result.stderr}</arg>
<arg>${result.stdout}</arg>
<doc>Logs the given messages as separate entries using the INFO level.</doc>
<status status="NOT RUN" starttime="20230619 19:35:25.882" endtime="20230619 19:35:25.882"/>
</kw>
<status status="NOT RUN" starttime="20230619 19:35:25.881" endtime="20230619 19:35:25.882"/>
</branch>
<status status="PASS" starttime="20230619 19:35:25.881" endtime="20230619 19:35:25.882"/>
</if>
<kw name="Should Be Equal As Integers" library="BuiltIn">
<arg>${result.rc}</arg>
<arg>0</arg>
<doc>Fails if objects are unequal after converting them to integers.</doc>
<msg timestamp="20230619 19:35:25.884" level="INFO">Argument types are:
&lt;class 'int'&gt;
&lt;class 'str'&gt;</msg>
<status status="PASS" starttime="20230619 19:35:25.883" endtime="20230619 19:35:25.884"/>
</kw>
<return>
<value>${result}</value>
<status status="PASS" starttime="20230619 19:35:25.884" endtime="20230619 19:35:25.884"/>
</return>
<status status="PASS" starttime="20230619 19:35:25.839" endtime="20230619 19:35:25.884"/>
</kw>
<status status="PASS" starttime="20230619 19:35:25.837" endtime="20230619 19:35:25.884"/>
</iter>
<iter>
<var name="${binary}">caddy-put-security-linux-x86_64</var>
<kw name="Expect Successful Execution" library="keywords">
<arg>./dist/${binary} list-modules</arg>
<doc>Runs a ${command} and expects it to succeed. ${command}
should be a string representing the shell command.</doc>
<kw name="Run Process" library="Process">
<var>${result}</var>
<arg>${command}</arg>
<arg>shell=True</arg>
<doc>Runs a process and waits for it to complete.</doc>
<msg timestamp="20230619 19:35:25.887" level="INFO">Starting process:
./dist/caddy-put-security-linux-x86_64 list-modules</msg>
<msg timestamp="20230619 19:35:25.890" level="INFO">Waiting for process to complete.</msg>
<msg timestamp="20230619 19:35:25.966" level="INFO">Process completed.</msg>
<msg timestamp="20230619 19:35:25.966" level="INFO">${result} = &lt;result object with rc 0&gt;</msg>
<status status="PASS" starttime="20230619 19:35:25.886" endtime="20230619 19:35:25.966"/>
</kw>
<if>
<branch type="IF" condition="${result.rc} != 0">
<kw name="Log Many" library="BuiltIn">
<arg>${result.stderr}</arg>
<arg>${result.stdout}</arg>
<doc>Logs the given messages as separate entries using the INFO level.</doc>
<status status="NOT RUN" starttime="20230619 19:35:25.968" endtime="20230619 19:35:25.968"/>
</kw>
<status status="NOT RUN" starttime="20230619 19:35:25.967" endtime="20230619 19:35:25.968"/>
</branch>
<status status="PASS" starttime="20230619 19:35:25.966" endtime="20230619 19:35:25.968"/>
</if>
<kw name="Should Be Equal As Integers" library="BuiltIn">
<arg>${result.rc}</arg>
<arg>0</arg>
<doc>Fails if objects are unequal after converting them to integers.</doc>
<msg timestamp="20230619 19:35:25.969" level="INFO">Argument types are:
&lt;class 'int'&gt;
&lt;class 'str'&gt;</msg>
<status status="PASS" starttime="20230619 19:35:25.968" endtime="20230619 19:35:25.969"/>
</kw>
<return>
<value>${result}</value>
<status status="PASS" starttime="20230619 19:35:25.969" endtime="20230619 19:35:25.969"/>
</return>
<status status="PASS" starttime="20230619 19:35:25.886" endtime="20230619 19:35:25.969"/>
</kw>
<status status="PASS" starttime="20230619 19:35:25.884" endtime="20230619 19:35:25.969"/>
</iter>
<status status="PASS" starttime="20230619 19:35:25.837" endtime="20230619 19:35:25.969"/>
</for>
<doc>Verifies that all the built binaries in the 'dist/'
subdirectory execute successfully.</doc>
<status status="PASS" starttime="20230619 19:35:25.835" endtime="20230619 19:35:25.970"/>
</test>
<doc>Verifies the build process of distribution binaries and
ensures that the built binaries execute successfully.</doc>
<status status="PASS" starttime="20230619 19:32:47.911" endtime="20230619 19:35:25.971"/>
</suite>
<suite id="s1-s6" name="006 Summary" source="/w/e2e_tests/006_summary.robot">
<test id="s1-s6-t1" name="Collate code coverage reports" line="11">
<kw name="Get Coverage Filename From Suite Source" library="keywords">
<var>${cov_path}</var>
<var>${cov_filename}</var>
<doc>Splits `/w/e2e_tests/006_summary.robot` into path and filename. Constructs a
path to the coverage file in `/w/e2e_tests/results`. Returns the coverage full file
path and the coverage filename separately.</doc>
<kw name="Split Path" library="OperatingSystem">
<var>${path}</var>
<var>${suite_filename}</var>
<arg>${SUITE SOURCE}</arg>
<doc>Splits the given path from the last path separator (``/`` or ``\``).</doc>
<msg timestamp="20230619 19:35:25.978" level="INFO">${path} = /w/e2e_tests</msg>
<msg timestamp="20230619 19:35:25.978" level="INFO">${suite_filename} = 006_summary.robot</msg>
<status status="PASS" starttime="20230619 19:35:25.978" endtime="20230619 19:35:25.978"/>
</kw>
<kw name="Split Extension" library="OperatingSystem">
<var>${suite_name}</var>
<var>${ext}</var>
<arg>${suite_filename}</arg>
<doc>Splits the extension from the given path.</doc>
<msg timestamp="20230619 19:35:25.979" level="INFO">${suite_name} = 006_summary</msg>
<msg timestamp="20230619 19:35:25.979" level="INFO">${ext} = robot</msg>
<status status="PASS" starttime="20230619 19:35:25.978" endtime="20230619 19:35:25.979"/>
</kw>
<kw name="Join Path" library="OperatingSystem">
<var>${cov_path}</var>
<arg>${OUTPUT DIR}</arg>
<arg>${suite_name}.coverage</arg>
<doc>Joins the given path part(s) to the given base path.</doc>
<msg timestamp="20230619 19:35:25.979" level="INFO">${cov_path} = /w/e2e_tests/results/006_summary.coverage</msg>
<status status="PASS" starttime="20230619 19:35:25.979" endtime="20230619 19:35:25.979"/>
</kw>
<return>
<value>${cov_path}</value>
<value>${suite_name}.coverage</value>
<status status="PASS" starttime="20230619 19:35:25.979" endtime="20230619 19:35:25.979"/>
</return>
<msg timestamp="20230619 19:35:25.979" level="INFO">${cov_path} = /w/e2e_tests/results/006_summary.coverage</msg>
<msg timestamp="20230619 19:35:25.980" level="INFO">${cov_filename} = 006_summary.coverage</msg>
<status status="PASS" starttime="20230619 19:35:25.977" endtime="20230619 19:35:25.980"/>
</kw>
<kw name="Expect Successful Execution" library="keywords">
<arg>go run cmd/gocovmerge/gocovmerge.go ${OUTPUT DIR}/*.coverage &gt; ${cov_path}</arg>
<doc>Runs a ${command} and expects it to succeed. ${command}
should be a string representing the shell command.</doc>
<kw name="Run Process" library="Process">
<var>${result}</var>
<arg>${command}</arg>
<arg>shell=True</arg>
<doc>Runs a process and waits for it to complete.</doc>
<msg timestamp="20230619 19:35:25.982" level="INFO">Starting process:
go run cmd/gocovmerge/gocovmerge.go /w/e2e_tests/results/*.coverage &gt; /w/e2e_tests/results/006_summary.coverage</msg>
<msg timestamp="20230619 19:35:25.985" level="INFO">Waiting for process to complete.</msg>
<msg timestamp="20230619 19:35:26.182" level="INFO">Process completed.</msg>
<msg timestamp="20230619 19:35:26.182" level="INFO">${result} = &lt;result object with rc 0&gt;</msg>
<status status="PASS" starttime="20230619 19:35:25.981" endtime="20230619 19:35:26.182"/>
</kw>
<if>
<branch type="IF" condition="${result.rc} != 0">
<kw name="Log Many" library="BuiltIn">
<arg>${result.stderr}</arg>
<arg>${result.stdout}</arg>
<doc>Logs the given messages as separate entries using the INFO level.</doc>
<status status="NOT RUN" starttime="20230619 19:35:26.184" endtime="20230619 19:35:26.184"/>
</kw>
<status status="NOT RUN" starttime="20230619 19:35:26.183" endtime="20230619 19:35:26.184"/>
</branch>
<status status="PASS" starttime="20230619 19:35:26.182" endtime="20230619 19:35:26.184"/>
</if>
<kw name="Should Be Equal As Integers" library="BuiltIn">
<arg>${result.rc}</arg>
<arg>0</arg>
<doc>Fails if objects are unequal after converting them to integers.</doc>
<msg timestamp="20230619 19:35:26.185" level="INFO">Argument types are:
&lt;class 'int'&gt;
&lt;class 'str'&gt;</msg>
<status status="PASS" starttime="20230619 19:35:26.184" endtime="20230619 19:35:26.185"/>
</kw>
<return>
<value>${result}</value>
<status status="PASS" starttime="20230619 19:35:26.185" endtime="20230619 19:35:26.185"/>
</return>
<status status="PASS" starttime="20230619 19:35:25.981" endtime="20230619 19:35:26.186"/>
</kw>
<kw name="Generate Coverage Report" library="keywords">
<doc>Generate coverage report from generated files</doc>
<kw name="Get Coverage Filename From Suite Source" library="keywords">
<var>${cov_path}</var>
<var>${cov_filename}</var>
<doc>Splits `/w/e2e_tests/006_summary.robot` into path and filename. Constructs a
path to the coverage file in `/w/e2e_tests/results`. Returns the coverage full file
path and the coverage filename separately.</doc>
<kw name="Split Path" library="OperatingSystem">
<var>${path}</var>
<var>${suite_filename}</var>
<arg>${SUITE SOURCE}</arg>
<doc>Splits the given path from the last path separator (``/`` or ``\``).</doc>
<msg timestamp="20230619 19:35:26.187" level="INFO">${path} = /w/e2e_tests</msg>
<msg timestamp="20230619 19:35:26.187" level="INFO">${suite_filename} = 006_summary.robot</msg>
<status status="PASS" starttime="20230619 19:35:26.186" endtime="20230619 19:35:26.187"/>
</kw>
<kw name="Split Extension" library="OperatingSystem">
<var>${suite_name}</var>
<var>${ext}</var>
<arg>${suite_filename}</arg>
<doc>Splits the extension from the given path.</doc>
<msg timestamp="20230619 19:35:26.187" level="INFO">${suite_name} = 006_summary</msg>
<msg timestamp="20230619 19:35:26.187" level="INFO">${ext} = robot</msg>
<status status="PASS" starttime="20230619 19:35:26.187" endtime="20230619 19:35:26.187"/>
</kw>
<kw name="Join Path" library="OperatingSystem">
<var>${cov_path}</var>
<arg>${OUTPUT DIR}</arg>
<arg>${suite_name}.coverage</arg>
<doc>Joins the given path part(s) to the given base path.</doc>
<msg timestamp="20230619 19:35:26.188" level="INFO">${cov_path} = /w/e2e_tests/results/006_summary.coverage</msg>
<status status="PASS" starttime="20230619 19:35:26.187" endtime="20230619 19:35:26.188"/>
</kw>
<return>
<value>${cov_path}</value>
<value>${suite_name}.coverage</value>
<status status="PASS" starttime="20230619 19:35:26.188" endtime="20230619 19:35:26.188"/>
</return>
<msg timestamp="20230619 19:35:26.188" level="INFO">${cov_path} = /w/e2e_tests/results/006_summary.coverage</msg>
<msg timestamp="20230619 19:35:26.188" level="INFO">${cov_filename} = 006_summary.coverage</msg>
<status status="PASS" starttime="20230619 19:35:26.186" endtime="20230619 19:35:26.188"/>
</kw>
<kw name="Run Keyword And Return Status" library="BuiltIn">
<var>${dir_exists}</var>
<arg>Directory Should Exist</arg>
<arg>${OUTPUT DIR}/go-coverage</arg>
<doc>Runs the given keyword with given arguments and returns the status as a Boolean value.</doc>
<kw name="Directory Should Exist" library="OperatingSystem">
<arg>${OUTPUT DIR}/go-coverage</arg>
<doc>Fails unless the given path points to an existing directory.</doc>
<msg timestamp="20230619 19:35:26.189" level="FAIL">Directory '/w/e2e_tests/results/go-coverage' does not exist.</msg>
<status status="FAIL" starttime="20230619 19:35:26.189" endtime="20230619 19:35:26.189"/>
</kw>
<msg timestamp="20230619 19:35:26.189" level="INFO">${dir_exists} = False</msg>
<status status="PASS" starttime="20230619 19:35:26.188" endtime="20230619 19:35:26.189"/>
</kw>
<if>
<branch type="IF" condition="${dir_exists}">
<kw name="List Files In Directory" library="OperatingSystem">
<var>${dir_contents}</var>
<arg>${OUTPUT DIR}/go-coverage</arg>
<doc>Wrapper for `List Directory` that returns only files.</doc>
<status status="NOT RUN" starttime="20230619 19:35:26.190" endtime="20230619 19:35:26.190"/>
</kw>
<status status="NOT RUN" starttime="20230619 19:35:26.190" endtime="20230619 19:35:26.190"/>
</branch>
<branch type="ELSE">
<kw name="Set Variable" library="BuiltIn">
<var>${dir_contents}</var>
<arg>${None}</arg>
<doc>Returns the given values which can then be assigned to a variables.</doc>
<msg timestamp="20230619 19:35:26.190" level="INFO">${dir_contents} = None</msg>
<status status="PASS" starttime="20230619 19:35:26.190" endtime="20230619 19:35:26.190"/>
</kw>
<status status="PASS" starttime="20230619 19:35:26.190" endtime="20230619 19:35:26.190"/>
</branch>
<status status="PASS" starttime="20230619 19:35:26.189" endtime="20230619 19:35:26.190"/>
</if>
<if>
<branch type="IF" condition="${dir_contents}">
<kw name="Convert Coverage Fragments" library="keywords">
<arg>${cov_path}</arg>
<doc>Convert coverage fragments (from a go run/build -cover execution) into
a single file</doc>
<status status="NOT RUN" starttime="20230619 19:35:26.190" endtime="20230619 19:35:26.191"/>
</kw>
<status status="NOT RUN" starttime="20230619 19:35:26.190" endtime="20230619 19:35:26.191"/>
</branch>
<status status="PASS" starttime="20230619 19:35:26.190" endtime="20230619 19:35:26.191"/>
</if>
<kw name="Expect Successful Execution" library="keywords">
<arg>go tool cover -html\=${cov_path} -o\=${cov_path}.html</arg>
<doc>Runs a ${command} and expects it to succeed. ${command}
should be a string representing the shell command.</doc>
<kw name="Run Process" library="Process">
<var>${result}</var>
<arg>${command}</arg>
<arg>shell=True</arg>
<doc>Runs a process and waits for it to complete.</doc>
<msg timestamp="20230619 19:35:26.193" level="INFO">Starting process:
go tool cover -html=/w/e2e_tests/results/006_summary.coverage -o=/w/e2e_tests/results/006_summary.coverage.html</msg>
<msg timestamp="20230619 19:35:26.197" level="INFO">Waiting for process to complete.</msg>
<msg timestamp="20230619 19:35:26.872" level="INFO">Process completed.</msg>
<msg timestamp="20230619 19:35:26.872" level="INFO">${result} = &lt;result object with rc 0&gt;</msg>
<status status="PASS" starttime="20230619 19:35:26.193" endtime="20230619 19:35:26.872"/>
</kw>
<if>
<branch type="IF" condition="${result.rc} != 0">
<kw name="Log Many" library="BuiltIn">
<arg>${result.stderr}</arg>
<arg>${result.stdout}</arg>
<doc>Logs the given messages as separate entries using the INFO level.</doc>
<status status="NOT RUN" starttime="20230619 19:35:26.874" endtime="20230619 19:35:26.874"/>
</kw>
<status status="NOT RUN" starttime="20230619 19:35:26.873" endtime="20230619 19:35:26.874"/>
</branch>
<status status="PASS" starttime="20230619 19:35:26.872" endtime="20230619 19:35:26.874"/>
</if>
<kw name="Should Be Equal As Integers" library="BuiltIn">
<arg>${result.rc}</arg>
<arg>0</arg>
<doc>Fails if objects are unequal after converting them to integers.</doc>
<msg timestamp="20230619 19:35:26.875" level="INFO">Argument types are:
&lt;class 'int'&gt;
&lt;class 'str'&gt;</msg>
<status status="PASS" starttime="20230619 19:35:26.874" endtime="20230619 19:35:26.876"/>
</kw>
<return>
<value>${result}</value>
<status status="PASS" starttime="20230619 19:35:26.876" endtime="20230619 19:35:26.876"/>
</return>
<status status="PASS" starttime="20230619 19:35:26.192" endtime="20230619 19:35:26.876"/>
</kw>
<kw name="Expect Successful Execution" library="keywords">
<var>${result}</var>
<arg>go tool cover -func\=${cov_path}</arg>
<doc>Runs a ${command} and expects it to succeed. ${command}
should be a string representing the shell command.</doc>
<kw name="Run Process" library="Process">
<var>${result}</var>
<arg>${command}</arg>
<arg>shell=True</arg>
<doc>Runs a process and waits for it to complete.</doc>
<msg timestamp="20230619 19:35:26.878" level="INFO">Starting process:
go tool cover -func=/w/e2e_tests/results/006_summary.coverage</msg>
<msg timestamp="20230619 19:35:26.881" level="INFO">Waiting for process to complete.</msg>
<msg timestamp="20230619 19:35:27.286" level="INFO">Process completed.</msg>
<msg timestamp="20230619 19:35:27.286" level="INFO">${result} = &lt;result object with rc 0&gt;</msg>
<status status="PASS" starttime="20230619 19:35:26.878" endtime="20230619 19:35:27.286"/>
</kw>
<if>
<branch type="IF" condition="${result.rc} != 0">
<kw name="Log Many" library="BuiltIn">
<arg>${result.stderr}</arg>
<arg>${result.stdout}</arg>
<doc>Logs the given messages as separate entries using the INFO level.</doc>
<status status="NOT RUN" starttime="20230619 19:35:27.288" endtime="20230619 19:35:27.288"/>
</kw>
<status status="NOT RUN" starttime="20230619 19:35:27.286" endtime="20230619 19:35:27.288"/>
</branch>
<status status="PASS" starttime="20230619 19:35:27.286" endtime="20230619 19:35:27.288"/>
</if>
<kw name="Should Be Equal As Integers" library="BuiltIn">
<arg>${result.rc}</arg>
<arg>0</arg>
<doc>Fails if objects are unequal after converting them to integers.</doc>
<msg timestamp="20230619 19:35:27.290" level="INFO">Argument types are:
&lt;class 'int'&gt;
&lt;class 'str'&gt;</msg>
<status status="PASS" starttime="20230619 19:35:27.288" endtime="20230619 19:35:27.290"/>
</kw>
<return>
<value>${result}</value>
<status status="PASS" starttime="20230619 19:35:27.290" endtime="20230619 19:35:27.290"/>
</return>
<msg timestamp="20230619 19:35:27.290" level="INFO">${result} = &lt;result object with rc 0&gt;</msg>
<status status="PASS" starttime="20230619 19:35:26.877" endtime="20230619 19:35:27.290"/>
</kw>
<kw name="Get Regexp Matches" library="String">
<var>${percent}</var>
<arg>${result.stdout}</arg>
<arg>total:.*?([0-9.]+%)$</arg>
<arg>1</arg>
<doc>Returns a list of all non-overlapping matches in the given string.</doc>
<msg timestamp="20230619 19:35:27.291" level="INFO">${percent} = ['82.6%']</msg>
<status status="PASS" starttime="20230619 19:35:27.290" endtime="20230619 19:35:27.291"/>
</kw>
<kw name="Set Suite Metadata" library="BuiltIn">
<arg>Code coverage</arg>
<arg>${percent[0]} [${cov_filename}.html|HTML Report] | [${cov_filename}|Coverage file]</arg>
<doc>Sets metadata for the current test suite.</doc>
<msg timestamp="20230619 19:35:27.292" level="INFO">Set suite metadata 'Code coverage' to value '82.6% [006_summary.coverage.html|HTML Report] | [006_summary.coverage|Coverage file]'.</msg>
<status status="PASS" starttime="20230619 19:35:27.291" endtime="20230619 19:35:27.292"/>
</kw>
<status status="PASS" starttime="20230619 19:35:26.186" endtime="20230619 19:35:27.292"/>
</kw>
<doc>Combine all code coverage profiles into one.</doc>
<status status="PASS" starttime="20230619 19:35:25.977" endtime="20230619 19:35:27.292"/>
</test>
<doc>Aggregate multiple code coverage reports into a single report.
It leverages the gocovmerge utility, a Go tool that merges multiple
coverage profiles. The suite utilizes keywords defined in the
resources/keywords.robot file.</doc>
<meta name="Code coverage">82.6% [006_summary.coverage.html|HTML Report] | [006_summary.coverage|Coverage file]</meta>
<status status="PASS" starttime="20230619 19:35:25.972" endtime="20230619 19:35:27.293"/>
</suite>
<status status="PASS" starttime="20230619 19:30:22.942" endtime="20230619 19:35:27.296"/>
</suite>
<statistics>
<total>
<stat pass="15" fail="0" skip="0">All Tests</stat>
</total>
<tag>
</tag>
<suite>
<stat pass="15" fail="0" skip="0" id="s1" name="E2E Tests">E2E Tests</stat>
<stat pass="3" fail="0" skip="0" id="s1-s1" name="001 Source Code">E2E Tests.001 Source Code</stat>
<stat pass="2" fail="0" skip="0" id="s1-s2" name="002 Unit Tests">E2E Tests.002 Unit Tests</stat>
<stat pass="4" fail="0" skip="0" id="s1-s3" name="003 Configuration">E2E Tests.003 Configuration</stat>
<stat pass="3" fail="0" skip="0" id="s1-s4" name="004 Requests">E2E Tests.004 Requests</stat>
<stat pass="2" fail="0" skip="0" id="s1-s5" name="005 Binaries">E2E Tests.005 Binaries</stat>
<stat pass="1" fail="0" skip="0" id="s1-s6" name="006 Summary">E2E Tests.006 Summary</stat>
</suite>
</statistics>
<errors>
</errors>
</robot>
