<?xml version="1.0" encoding="UTF-8"?>
<robot generator="Robot 6.1.1 (Python 3.11.2 on linux)" generated="20240222 16:02:17.217" rpa="false" schemaversion="4">
<suite id="s1" name="E2E Tests" source="/w/e2e_tests">
<suite id="s1-s1" name="001 Source Code" source="/w/e2e_tests/001_source_code.robot">
<test id="s1-s1-t1" name="Golang" line="8">
<kw name="Expect Successful Execution" library="keywords">
<arg>make lint-go</arg>
<doc>Runs a ${command} and expects it to succeed. ${command}
should be a string representing the shell command.</doc>
<kw name="Run Process" library="Process">
<var>${result}</var>
<arg>${command}</arg>
<arg>shell=True</arg>
<doc>Runs a process and waits for it to complete.</doc>
<msg timestamp="20240222 16:02:17.288" level="INFO">Starting process:
make lint-go</msg>
<msg timestamp="20240222 16:02:17.290" level="INFO">Waiting for process to complete.</msg>
<msg timestamp="20240222 16:03:10.128" level="INFO">Process completed.</msg>
<msg timestamp="20240222 16:03:10.128" level="INFO">${result} = &lt;result object with rc 0&gt;</msg>
<status status="PASS" starttime="20240222 16:02:17.288" endtime="20240222 16:03:10.128"/>
</kw>
<if>
<branch type="IF" condition="${result.rc} != 0">
<kw name="Log Many" library="BuiltIn">
<arg>${result.stderr}</arg>
<arg>${result.stdout}</arg>
<doc>Logs the given messages as separate entries using the INFO level.</doc>
<status status="NOT RUN" starttime="20240222 16:03:10.129" endtime="20240222 16:03:10.129"/>
</kw>
<status status="NOT RUN" starttime="20240222 16:03:10.128" endtime="20240222 16:03:10.129"/>
</branch>
<status status="PASS" starttime="20240222 16:03:10.128" endtime="20240222 16:03:10.129"/>
</if>
<kw name="Should Be Equal As Integers" library="BuiltIn">
<arg>${result.rc}</arg>
<arg>0</arg>
<doc>Fails if objects are unequal after converting them to integers.</doc>
<msg timestamp="20240222 16:03:10.130" level="INFO">Argument types are:
&lt;class 'int'&gt;
&lt;class 'str'&gt;</msg>
<status status="PASS" starttime="20240222 16:03:10.129" endtime="20240222 16:03:10.130"/>
</kw>
<return>
<value>${result}</value>
<status status="PASS" starttime="20240222 16:03:10.130" endtime="20240222 16:03:10.130"/>
</return>
<status status="PASS" starttime="20240222 16:02:17.288" endtime="20240222 16:03:10.130"/>
</kw>
<doc>Lint Golang code</doc>
<status status="PASS" starttime="20240222 16:02:17.286" endtime="20240222 16:03:10.130"/>
</test>
<test id="s1-s1-t2" name="Robot Framework" line="12">
<kw name="Expect Successful Execution" library="keywords">
<arg>make lint-robot</arg>
<doc>Runs a ${command} and expects it to succeed. ${command}
should be a string representing the shell command.</doc>
<kw name="Run Process" library="Process">
<var>${result}</var>
<arg>${command}</arg>
<arg>shell=True</arg>
<doc>Runs a process and waits for it to complete.</doc>
<msg timestamp="20240222 16:03:10.132" level="INFO">Starting process:
make lint-robot</msg>
<msg timestamp="20240222 16:03:10.135" level="INFO">Waiting for process to complete.</msg>
<msg timestamp="20240222 16:03:10.634" level="INFO">Process completed.</msg>
<msg timestamp="20240222 16:03:10.634" level="INFO">${result} = &lt;result object with rc 0&gt;</msg>
<status status="PASS" starttime="20240222 16:03:10.132" endtime="20240222 16:03:10.634"/>
</kw>
<if>
<branch type="IF" condition="${result.rc} != 0">
<kw name="Log Many" library="BuiltIn">
<arg>${result.stderr}</arg>
<arg>${result.stdout}</arg>
<doc>Logs the given messages as separate entries using the INFO level.</doc>
<status status="NOT RUN" starttime="20240222 16:03:10.635" endtime="20240222 16:03:10.635"/>
</kw>
<status status="NOT RUN" starttime="20240222 16:03:10.635" endtime="20240222 16:03:10.635"/>
</branch>
<status status="PASS" starttime="20240222 16:03:10.635" endtime="20240222 16:03:10.635"/>
</if>
<kw name="Should Be Equal As Integers" library="BuiltIn">
<arg>${result.rc}</arg>
<arg>0</arg>
<doc>Fails if objects are unequal after converting them to integers.</doc>
<msg timestamp="20240222 16:03:10.636" level="INFO">Argument types are:
&lt;class 'int'&gt;
&lt;class 'str'&gt;</msg>
<status status="PASS" starttime="20240222 16:03:10.635" endtime="20240222 16:03:10.636"/>
</kw>
<return>
<value>${result}</value>
<status status="PASS" starttime="20240222 16:03:10.636" endtime="20240222 16:03:10.636"/>
</return>
<status status="PASS" starttime="20240222 16:03:10.132" endtime="20240222 16:03:10.636"/>
</kw>
<doc>Lint Robot Framework code</doc>
<status status="PASS" starttime="20240222 16:03:10.131" endtime="20240222 16:03:10.636"/>
</test>
<test id="s1-s1-t3" name="Python" line="16">
<kw name="Expect Successful Execution" library="keywords">
<arg>make lint-python</arg>
<doc>Runs a ${command} and expects it to succeed. ${command}
should be a string representing the shell command.</doc>
<kw name="Run Process" library="Process">
<var>${result}</var>
<arg>${command}</arg>
<arg>shell=True</arg>
<doc>Runs a process and waits for it to complete.</doc>
<msg timestamp="20240222 16:03:10.638" level="INFO">Starting process:
make lint-python</msg>
<msg timestamp="20240222 16:03:10.640" level="INFO">Waiting for process to complete.</msg>
<msg timestamp="20240222 16:03:12.055" level="INFO">Process completed.</msg>
<msg timestamp="20240222 16:03:12.055" level="INFO">${result} = &lt;result object with rc 0&gt;</msg>
<status status="PASS" starttime="20240222 16:03:10.638" endtime="20240222 16:03:12.055"/>
</kw>
<if>
<branch type="IF" condition="${result.rc} != 0">
<kw name="Log Many" library="BuiltIn">
<arg>${result.stderr}</arg>
<arg>${result.stdout}</arg>
<doc>Logs the given messages as separate entries using the INFO level.</doc>
<status status="NOT RUN" starttime="20240222 16:03:12.056" endtime="20240222 16:03:12.056"/>
</kw>
<status status="NOT RUN" starttime="20240222 16:03:12.055" endtime="20240222 16:03:12.056"/>
</branch>
<status status="PASS" starttime="20240222 16:03:12.055" endtime="20240222 16:03:12.056"/>
</if>
<kw name="Should Be Equal As Integers" library="BuiltIn">
<arg>${result.rc}</arg>
<arg>0</arg>
<doc>Fails if objects are unequal after converting them to integers.</doc>
<msg timestamp="20240222 16:03:12.057" level="INFO">Argument types are:
&lt;class 'int'&gt;
&lt;class 'str'&gt;</msg>
<status status="PASS" starttime="20240222 16:03:12.056" endtime="20240222 16:03:12.057"/>
</kw>
<return>
<value>${result}</value>
<status status="PASS" starttime="20240222 16:03:12.057" endtime="20240222 16:03:12.057"/>
</return>
<status status="PASS" starttime="20240222 16:03:10.638" endtime="20240222 16:03:12.057"/>
</kw>
<doc>Lint Python code</doc>
<status status="PASS" starttime="20240222 16:03:10.637" endtime="20240222 16:03:12.057"/>
</test>
<doc>This test suite performs code linting for different languages.</doc>
<status status="PASS" starttime="20240222 16:02:17.230" endtime="20240222 16:03:12.058"/>
</suite>
<suite id="s1-s2" name="002 Unit Tests" source="/w/e2e_tests/002_unit_tests.robot">
<kw name="Suite Setup" library="keywords" type="SETUP">
<doc>Ensure there is a directory for coverage files</doc>
<kw name="Create Directory" library="OperatingSystem">
<arg>${OUTPUT DIR}/go-coverage</arg>
<doc>Creates the specified directory.</doc>
<msg timestamp="20240222 16:03:12.062" level="INFO" html="true">Created directory '&lt;a href="file:///w/e2e_tests/results/go-coverage"&gt;/w/e2e_tests/results/go-coverage&lt;/a&gt;'.</msg>
<status status="PASS" starttime="20240222 16:03:12.062" endtime="20240222 16:03:12.062"/>
</kw>
<status status="PASS" starttime="20240222 16:03:12.061" endtime="20240222 16:03:12.062"/>
</kw>
<test id="s1-s2-t1" name="Unit tests" line="12">
<kw name="Get Coverage Filename From Suite Source" library="keywords">
<var>${cov_path}</var>
<var>${cov_filename}</var>
<doc>Splits `/w/e2e_tests/002_unit_tests.robot` into path and filename. Constructs a
path to the coverage file in `/w/e2e_tests/results`. Returns the coverage full file
path and the coverage filename separately.</doc>
<kw name="Split Path" library="OperatingSystem">
<var>${path}</var>
<var>${suite_filename}</var>
<arg>${SUITE SOURCE}</arg>
<doc>Splits the given path from the last path separator (``/`` or ``\``).</doc>
<msg timestamp="20240222 16:03:12.063" level="INFO">${path} = /w/e2e_tests</msg>
<msg timestamp="20240222 16:03:12.063" level="INFO">${suite_filename} = 002_unit_tests.robot</msg>
<status status="PASS" starttime="20240222 16:03:12.063" endtime="20240222 16:03:12.063"/>
</kw>
<kw name="Split Extension" library="OperatingSystem">
<var>${suite_name}</var>
<var>${ext}</var>
<arg>${suite_filename}</arg>
<doc>Splits the extension from the given path.</doc>
<msg timestamp="20240222 16:03:12.063" level="INFO">${suite_name} = 002_unit_tests</msg>
<msg timestamp="20240222 16:03:12.063" level="INFO">${ext} = robot</msg>
<status status="PASS" starttime="20240222 16:03:12.063" endtime="20240222 16:03:12.063"/>
</kw>
<kw name="Join Path" library="OperatingSystem">
<var>${cov_path}</var>
<arg>${OUTPUT DIR}</arg>
<arg>${suite_name}.coverage</arg>
<doc>Joins the given path part(s) to the given base path.</doc>
<msg timestamp="20240222 16:03:12.063" level="INFO">${cov_path} = /w/e2e_tests/results/002_unit_tests.coverage</msg>
<status status="PASS" starttime="20240222 16:03:12.063" endtime="20240222 16:03:12.063"/>
</kw>
<return>
<value>${cov_path}</value>
<value>${suite_name}.coverage</value>
<status status="PASS" starttime="20240222 16:03:12.063" endtime="20240222 16:03:12.063"/>
</return>
<msg timestamp="20240222 16:03:12.064" level="INFO">${cov_path} = /w/e2e_tests/results/002_unit_tests.coverage</msg>
<msg timestamp="20240222 16:03:12.064" level="INFO">${cov_filename} = 002_unit_tests.coverage</msg>
<status status="PASS" starttime="20240222 16:03:12.062" endtime="20240222 16:03:12.064"/>
</kw>
<kw name="Run Process" library="Process">
<var>${result}</var>
<arg>go test ./... -v -coverprofile\=${cov_path} -covermode\=set</arg>
<arg>shell=True</arg>
<doc>Runs a process and waits for it to complete.</doc>
<msg timestamp="20240222 16:03:12.064" level="INFO">Starting process:
go test ./... -v -coverprofile=/w/e2e_tests/results/002_unit_tests.coverage -covermode=set</msg>
<msg timestamp="20240222 16:03:12.067" level="INFO">Waiting for process to complete.</msg>
<msg timestamp="20240222 16:03:19.968" level="INFO">Process completed.</msg>
<msg timestamp="20240222 16:03:19.968" level="INFO">${result} = &lt;result object with rc 0&gt;</msg>
<status status="PASS" starttime="20240222 16:03:12.064" endtime="20240222 16:03:19.968"/>
</kw>
<kw name="Log Many" library="BuiltIn">
<arg>${result.stdout}</arg>
<arg>${result.stderr}</arg>
<doc>Logs the given messages as separate entries using the INFO level.</doc>
<msg timestamp="20240222 16:03:19.969" level="INFO">=== RUN   TestServeHTTP
{"level":"info","ts":1708617798.7220302,"logger":"http.handlers.http_put","msg":"upload information","r.URL.Path":"/myfile.txt","h.UploadDir":"/tmp/TestServeHTTP403211085/001","h.RoutePrefix":"","uploadDiskPath":"/tmp/TestServeHTTP403211085/001/myfile.txt","uploadFilePath":"/myfile.txt"}
--- PASS: TestServeHTTP (0.00s)
=== RUN   TestParseCaddyfile
--- PASS: TestParseCaddyfile (0.00s)
PASS
	github.com/madworx/caddy-put-upload	coverage: 73.3% of statements
ok  	github.com/madworx/caddy-put-upload	0.042s	coverage: 73.3% of statements
?   	github.com/madworx/caddy-put-upload/cmd/caddy	[no test files]
?   	github.com/madworx/caddy-put-upload/cmd/gocovmerge	[no test files]
?   	github.com/madworx/caddy-put-upload/e2e_tests/resources	[no test files]</msg>
<msg timestamp="20240222 16:03:19.970" level="INFO"/>
<status status="PASS" starttime="20240222 16:03:19.969" endtime="20240222 16:03:19.970"/>
</kw>
<kw name="Should Be Equal As Integers" library="BuiltIn">
<arg>${result.rc}</arg>
<arg>0</arg>
<doc>Fails if objects are unequal after converting them to integers.</doc>
<msg timestamp="20240222 16:03:19.970" level="INFO">Argument types are:
&lt;class 'int'&gt;
&lt;class 'str'&gt;</msg>
<status status="PASS" starttime="20240222 16:03:19.970" endtime="20240222 16:03:19.970"/>
</kw>
<doc>Execute golang unit tests</doc>
<status status="PASS" starttime="20240222 16:03:12.062" endtime="20240222 16:03:19.970"/>
</test>
<test id="s1-s2-t2" name="Failing unit tests should be detected" line="21">
<kw name="Copy File" library="OperatingSystem">
<arg>e2e_tests/resources/test_fail.go</arg>
<arg>fail_test.go</arg>
<doc>Copies the source file into the destination.</doc>
<msg timestamp="20240222 16:03:19.972" level="INFO" html="true">Copied file from '&lt;a href="file:///w/e2e_tests/resources/test_fail.go"&gt;/w/e2e_tests/resources/test_fail.go&lt;/a&gt;' to '&lt;a href="file:///w/fail_test.go"&gt;/w/fail_test.go&lt;/a&gt;'.</msg>
<status status="PASS" starttime="20240222 16:03:19.971" endtime="20240222 16:03:19.972"/>
</kw>
<kw name="Run Process" library="Process">
<var>${result}</var>
<arg>go test ./... -v</arg>
<arg>shell=True</arg>
<doc>Runs a process and waits for it to complete.</doc>
<msg timestamp="20240222 16:03:19.972" level="INFO">Starting process:
go test ./... -v</msg>
<msg timestamp="20240222 16:03:19.975" level="INFO">Waiting for process to complete.</msg>
<msg timestamp="20240222 16:03:21.394" level="INFO">Process completed.</msg>
<msg timestamp="20240222 16:03:21.394" level="INFO">${result} = &lt;result object with rc 1&gt;</msg>
<status status="PASS" starttime="20240222 16:03:19.972" endtime="20240222 16:03:21.394"/>
</kw>
<kw name="Log Many" library="BuiltIn">
<arg>${result.stdout}</arg>
<arg>${result.stderr}</arg>
<doc>Logs the given messages as separate entries using the INFO level.</doc>
<msg timestamp="20240222 16:03:21.395" level="INFO">?   	github.com/madworx/caddy-put-upload/cmd/caddy	[no test files]
?   	github.com/madworx/caddy-put-upload/cmd/gocovmerge	[no test files]
?   	github.com/madworx/caddy-put-upload/e2e_tests/resources	[no test files]
=== RUN   TestFailure
--- FAIL: TestFailure (0.00s)
=== RUN   TestServeHTTP
{"level":"info","ts":1708617801.3473032,"logger":"http.handlers.http_put","msg":"upload information","r.URL.Path":"/myfile.txt","h.UploadDir":"/tmp/TestServeHTTP3731923307/001","h.RoutePrefix":"","uploadDiskPath":"/tmp/TestServeHTTP3731923307/001/myfile.txt","uploadFilePath":"/myfile.txt"}
--- PASS: TestServeHTTP (0.00s)
=== RUN   TestParseCaddyfile
--- PASS: TestParseCaddyfile (0.00s)
FAIL
FAIL	github.com/madworx/caddy-put-upload	0.011s
FAIL</msg>
<msg timestamp="20240222 16:03:21.395" level="INFO"/>
<status status="PASS" starttime="20240222 16:03:21.394" endtime="20240222 16:03:21.395"/>
</kw>
<kw name="Should Be Equal As Integers" library="BuiltIn">
<arg>${result.rc}</arg>
<arg>1</arg>
<doc>Fails if objects are unequal after converting them to integers.</doc>
<msg timestamp="20240222 16:03:21.396" level="INFO">Argument types are:
&lt;class 'int'&gt;
&lt;class 'str'&gt;</msg>
<status status="PASS" starttime="20240222 16:03:21.396" endtime="20240222 16:03:21.396"/>
</kw>
<kw name="Remove File" library="OperatingSystem" type="TEARDOWN">
<arg>fail_test.go</arg>
<doc>Removes a file with the given path.</doc>
<msg timestamp="20240222 16:03:21.396" level="INFO" html="true">Removed file '&lt;a href="file:///w/fail_test.go"&gt;/w/fail_test.go&lt;/a&gt;'.</msg>
<status status="PASS" starttime="20240222 16:03:21.396" endtime="20240222 16:03:21.396"/>
</kw>
<doc>Ensure that we notice if unit tests start to fail</doc>
<status status="PASS" starttime="20240222 16:03:19.970" endtime="20240222 16:03:21.396"/>
</test>
<kw name="Suite Teardown" library="keywords" type="TEARDOWN">
<doc>Generate coverage report and remove coverage directory</doc>
<kw name="Generate Coverage Report" library="keywords">
<doc>Generate coverage report from generated files</doc>
<kw name="Get Coverage Filename From Suite Source" library="keywords">
<var>${cov_path}</var>
<var>${cov_filename}</var>
<doc>Splits `/w/e2e_tests/002_unit_tests.robot` into path and filename. Constructs a
path to the coverage file in `/w/e2e_tests/results`. Returns the coverage full file
path and the coverage filename separately.</doc>
<kw name="Split Path" library="OperatingSystem">
<var>${path}</var>
<var>${suite_filename}</var>
<arg>${SUITE SOURCE}</arg>
<doc>Splits the given path from the last path separator (``/`` or ``\``).</doc>
<msg timestamp="20240222 16:03:21.398" level="INFO">${path} = /w/e2e_tests</msg>
<msg timestamp="20240222 16:03:21.398" level="INFO">${suite_filename} = 002_unit_tests.robot</msg>
<status status="PASS" starttime="20240222 16:03:21.397" endtime="20240222 16:03:21.398"/>
</kw>
<kw name="Split Extension" library="OperatingSystem">
<var>${suite_name}</var>
<var>${ext}</var>
<arg>${suite_filename}</arg>
<doc>Splits the extension from the given path.</doc>
<msg timestamp="20240222 16:03:21.398" level="INFO">${suite_name} = 002_unit_tests</msg>
<msg timestamp="20240222 16:03:21.398" level="INFO">${ext} = robot</msg>
<status status="PASS" starttime="20240222 16:03:21.398" endtime="20240222 16:03:21.398"/>
</kw>
<kw name="Join Path" library="OperatingSystem">
<var>${cov_path}</var>
<arg>${OUTPUT DIR}</arg>
<arg>${suite_name}.coverage</arg>
<doc>Joins the given path part(s) to the given base path.</doc>
<msg timestamp="20240222 16:03:21.398" level="INFO">${cov_path} = /w/e2e_tests/results/002_unit_tests.coverage</msg>
<status status="PASS" starttime="20240222 16:03:21.398" endtime="20240222 16:03:21.398"/>
</kw>
<return>
<value>${cov_path}</value>
<value>${suite_name}.coverage</value>
<status status="PASS" starttime="20240222 16:03:21.398" endtime="20240222 16:03:21.398"/>
</return>
<msg timestamp="20240222 16:03:21.398" level="INFO">${cov_path} = /w/e2e_tests/results/002_unit_tests.coverage</msg>
<msg timestamp="20240222 16:03:21.398" level="INFO">${cov_filename} = 002_unit_tests.coverage</msg>
<status status="PASS" starttime="20240222 16:03:21.397" endtime="20240222 16:03:21.398"/>
</kw>
<kw name="Run Keyword And Return Status" library="BuiltIn">
<var>${dir_exists}</var>
<arg>Directory Should Exist</arg>
<arg>${OUTPUT DIR}/go-coverage</arg>
<doc>Runs the given keyword with given arguments and returns the status as a Boolean value.</doc>
<kw name="Directory Should Exist" library="OperatingSystem">
<arg>${OUTPUT DIR}/go-coverage</arg>
<doc>Fails unless the given path points to an existing directory.</doc>
<msg timestamp="20240222 16:03:21.399" level="INFO" html="true">Directory '&lt;a href="file:///w/e2e_tests/results/go-coverage"&gt;/w/e2e_tests/results/go-coverage&lt;/a&gt;' exists.</msg>
<status status="PASS" starttime="20240222 16:03:21.399" endtime="20240222 16:03:21.399"/>
</kw>
<msg timestamp="20240222 16:03:21.399" level="INFO">${dir_exists} = True</msg>
<status status="PASS" starttime="20240222 16:03:21.399" endtime="20240222 16:03:21.399"/>
</kw>
<if>
<branch type="IF" condition="${dir_exists}">
<kw name="List Files In Directory" library="OperatingSystem">
<var>${dir_contents}</var>
<arg>${OUTPUT DIR}/go-coverage</arg>
<doc>Wrapper for `List Directory` that returns only files.</doc>
<msg timestamp="20240222 16:03:21.399" level="INFO" html="true">Listing contents of directory '&lt;a href="file:///w/e2e_tests/results/go-coverage"&gt;/w/e2e_tests/results/go-coverage&lt;/a&gt;'.</msg>
<msg timestamp="20240222 16:03:21.399" level="INFO">0 files:
</msg>
<msg timestamp="20240222 16:03:21.399" level="INFO">${dir_contents} = []</msg>
<status status="PASS" starttime="20240222 16:03:21.399" endtime="20240222 16:03:21.399"/>
</kw>
<status status="PASS" starttime="20240222 16:03:21.399" endtime="20240222 16:03:21.399"/>
</branch>
<branch type="ELSE">
<kw name="Set Variable" library="BuiltIn">
<var>${dir_contents}</var>
<arg>${None}</arg>
<doc>Returns the given values which can then be assigned to a variables.</doc>
<status status="NOT RUN" starttime="20240222 16:03:21.399" endtime="20240222 16:03:21.399"/>
</kw>
<status status="NOT RUN" starttime="20240222 16:03:21.399" endtime="20240222 16:03:21.399"/>
</branch>
<status status="PASS" starttime="20240222 16:03:21.399" endtime="20240222 16:03:21.399"/>
</if>
<if>
<branch type="IF" condition="${dir_contents}">
<kw name="Convert Coverage Fragments" library="keywords">
<arg>${cov_path}</arg>
<doc>Convert coverage fragments (from a go run/build -cover execution) into
a single file</doc>
<status status="NOT RUN" starttime="20240222 16:03:21.400" endtime="20240222 16:03:21.400"/>
</kw>
<status status="NOT RUN" starttime="20240222 16:03:21.400" endtime="20240222 16:03:21.400"/>
</branch>
<status status="PASS" starttime="20240222 16:03:21.400" endtime="20240222 16:03:21.400"/>
</if>
<kw name="Expect Successful Execution" library="keywords">
<arg>go tool cover -html\=${cov_path} -o\=${cov_path}.html</arg>
<doc>Runs a ${command} and expects it to succeed. ${command}
should be a string representing the shell command.</doc>
<kw name="Run Process" library="Process">
<var>${result}</var>
<arg>${command}</arg>
<arg>shell=True</arg>
<doc>Runs a process and waits for it to complete.</doc>
<msg timestamp="20240222 16:03:21.401" level="INFO">Starting process:
go tool cover -html=/w/e2e_tests/results/002_unit_tests.coverage -o=/w/e2e_tests/results/002_unit_tests.coverage.html</msg>
<msg timestamp="20240222 16:03:21.403" level="INFO">Waiting for process to complete.</msg>
<msg timestamp="20240222 16:03:21.641" level="INFO">Process completed.</msg>
<msg timestamp="20240222 16:03:21.641" level="INFO">${result} = &lt;result object with rc 0&gt;</msg>
<status status="PASS" starttime="20240222 16:03:21.401" endtime="20240222 16:03:21.641"/>
</kw>
<if>
<branch type="IF" condition="${result.rc} != 0">
<kw name="Log Many" library="BuiltIn">
<arg>${result.stderr}</arg>
<arg>${result.stdout}</arg>
<doc>Logs the given messages as separate entries using the INFO level.</doc>
<status status="NOT RUN" starttime="20240222 16:03:21.642" endtime="20240222 16:03:21.642"/>
</kw>
<status status="NOT RUN" starttime="20240222 16:03:21.642" endtime="20240222 16:03:21.642"/>
</branch>
<status status="PASS" starttime="20240222 16:03:21.641" endtime="20240222 16:03:21.642"/>
</if>
<kw name="Should Be Equal As Integers" library="BuiltIn">
<arg>${result.rc}</arg>
<arg>0</arg>
<doc>Fails if objects are unequal after converting them to integers.</doc>
<msg timestamp="20240222 16:03:21.643" level="INFO">Argument types are:
&lt;class 'int'&gt;
&lt;class 'str'&gt;</msg>
<status status="PASS" starttime="20240222 16:03:21.642" endtime="20240222 16:03:21.643"/>
</kw>
<return>
<value>${result}</value>
<status status="PASS" starttime="20240222 16:03:21.643" endtime="20240222 16:03:21.643"/>
</return>
<status status="PASS" starttime="20240222 16:03:21.400" endtime="20240222 16:03:21.643"/>
</kw>
<kw name="Expect Successful Execution" library="keywords">
<var>${result}</var>
<arg>go tool cover -func\=${cov_path}</arg>
<doc>Runs a ${command} and expects it to succeed. ${command}
should be a string representing the shell command.</doc>
<kw name="Run Process" library="Process">
<var>${result}</var>
<arg>${command}</arg>
<arg>shell=True</arg>
<doc>Runs a process and waits for it to complete.</doc>
<msg timestamp="20240222 16:03:21.644" level="INFO">Starting process:
go tool cover -func=/w/e2e_tests/results/002_unit_tests.coverage</msg>
<msg timestamp="20240222 16:03:21.647" level="INFO">Waiting for process to complete.</msg>
<msg timestamp="20240222 16:03:21.892" level="INFO">Process completed.</msg>
<msg timestamp="20240222 16:03:21.892" level="INFO">${result} = &lt;result object with rc 0&gt;</msg>
<status status="PASS" starttime="20240222 16:03:21.644" endtime="20240222 16:03:21.892"/>
</kw>
<if>
<branch type="IF" condition="${result.rc} != 0">
<kw name="Log Many" library="BuiltIn">
<arg>${result.stderr}</arg>
<arg>${result.stdout}</arg>
<doc>Logs the given messages as separate entries using the INFO level.</doc>
<status status="NOT RUN" starttime="20240222 16:03:21.893" endtime="20240222 16:03:21.893"/>
</kw>
<status status="NOT RUN" starttime="20240222 16:03:21.892" endtime="20240222 16:03:21.893"/>
</branch>
<status status="PASS" starttime="20240222 16:03:21.892" endtime="20240222 16:03:21.893"/>
</if>
<kw name="Should Be Equal As Integers" library="BuiltIn">
<arg>${result.rc}</arg>
<arg>0</arg>
<doc>Fails if objects are unequal after converting them to integers.</doc>
<msg timestamp="20240222 16:03:21.894" level="INFO">Argument types are:
&lt;class 'int'&gt;
&lt;class 'str'&gt;</msg>
<status status="PASS" starttime="20240222 16:03:21.893" endtime="20240222 16:03:21.894"/>
</kw>
<return>
<value>${result}</value>
<status status="PASS" starttime="20240222 16:03:21.894" endtime="20240222 16:03:21.894"/>
</return>
<msg timestamp="20240222 16:03:21.894" level="INFO">${result} = &lt;result object with rc 0&gt;</msg>
<status status="PASS" starttime="20240222 16:03:21.644" endtime="20240222 16:03:21.894"/>
</kw>
<kw name="Get Regexp Matches" library="String">
<var>${percent}</var>
<arg>${result.stdout}</arg>
<arg>total:.*?([0-9.]+%)$</arg>
<arg>1</arg>
<doc>Returns a list of all non-overlapping matches in the given string.</doc>
<msg timestamp="20240222 16:03:21.895" level="INFO">${percent} = ['73.3%']</msg>
<status status="PASS" starttime="20240222 16:03:21.894" endtime="20240222 16:03:21.895"/>
</kw>
<kw name="Set Suite Metadata" library="BuiltIn">
<arg>Code coverage</arg>
<arg>${percent[0]} [${cov_filename}.html|HTML Report] | [${cov_filename}|Coverage file]</arg>
<doc>Sets metadata for the current test suite.</doc>
<msg timestamp="20240222 16:03:21.895" level="INFO">Set suite metadata 'Code coverage' to value '73.3% [002_unit_tests.coverage.html|HTML Report] | [002_unit_tests.coverage|Coverage file]'.</msg>
<status status="PASS" starttime="20240222 16:03:21.895" endtime="20240222 16:03:21.895"/>
</kw>
<status status="PASS" starttime="20240222 16:03:21.397" endtime="20240222 16:03:21.895"/>
</kw>
<kw name="Remove Directory" library="OperatingSystem">
<arg>${OUTPUT DIR}/go-coverage</arg>
<arg>recursive=True</arg>
<doc>Removes the directory pointed to by the given ``path``.</doc>
<msg timestamp="20240222 16:03:21.896" level="INFO" html="true">Removed directory '&lt;a href="file:///w/e2e_tests/results/go-coverage"&gt;/w/e2e_tests/results/go-coverage&lt;/a&gt;'.</msg>
<status status="PASS" starttime="20240222 16:03:21.895" endtime="20240222 16:03:21.896"/>
</kw>
<status status="PASS" starttime="20240222 16:03:21.397" endtime="20240222 16:03:21.896"/>
</kw>
<doc>Run native unit tests for the golang code and serves to aggregate
all test results into one report, also generating a coverage report.</doc>
<meta name="Code coverage">73.3% [002_unit_tests.coverage.html|HTML Report] | [002_unit_tests.coverage|Coverage file]</meta>
<status status="PASS" starttime="20240222 16:03:12.059" endtime="20240222 16:03:21.896"/>
</suite>
<suite id="s1-s3" name="003 Configuration" source="/w/e2e_tests/003_configuration.robot">
<kw name="Suite Setup" library="keywords" type="SETUP">
<doc>Ensure there is a directory for coverage files</doc>
<kw name="Create Directory" library="OperatingSystem">
<arg>${OUTPUT DIR}/go-coverage</arg>
<doc>Creates the specified directory.</doc>
<msg timestamp="20240222 16:03:21.900" level="INFO" html="true">Created directory '&lt;a href="file:///w/e2e_tests/results/go-coverage"&gt;/w/e2e_tests/results/go-coverage&lt;/a&gt;'.</msg>
<status status="PASS" starttime="20240222 16:03:21.900" endtime="20240222 16:03:21.900"/>
</kw>
<status status="PASS" starttime="20240222 16:03:21.900" endtime="20240222 16:03:21.900"/>
</kw>
<test id="s1-s3-t1" name="Example configuration: basic authentication" line="14">
<kw name="Validate Configuration" library="keywords">
<arg>examples/Caddyfile.basic-auth</arg>
<arg>0</arg>
<doc>Validate if configuration behaves as expected</doc>
<kw name="Run Process" library="Process">
<var>${result}</var>
<arg>${CADDY_VALIDATE} ${file_name}</arg>
<arg>shell=True</arg>
<arg>env:GOCOVERDIR=${OUTPUT DIR}/go-coverage</arg>
<doc>Runs a process and waits for it to complete.</doc>
<msg timestamp="20240222 16:03:21.901" level="INFO">Starting process:
go run -cover cmd/caddy/main.go validate --config examples/Caddyfile.basic-auth</msg>
<msg timestamp="20240222 16:03:21.904" level="INFO">Waiting for process to complete.</msg>
<msg timestamp="20240222 16:03:23.382" level="INFO">Process completed.</msg>
<msg timestamp="20240222 16:03:23.382" level="INFO">${result} = &lt;result object with rc 0&gt;</msg>
<status status="PASS" starttime="20240222 16:03:21.901" endtime="20240222 16:03:23.382"/>
</kw>
<kw name="Should Be Equal As Integers" library="BuiltIn">
<arg>${result.rc}</arg>
<arg>${expected_status_code}</arg>
<doc>Fails if objects are unequal after converting them to integers.</doc>
<msg timestamp="20240222 16:03:23.383" level="INFO">Argument types are:
&lt;class 'int'&gt;
&lt;class 'str'&gt;</msg>
<status status="PASS" starttime="20240222 16:03:23.383" endtime="20240222 16:03:23.384"/>
</kw>
<kw name="Should Contain" library="BuiltIn">
<arg>${result.stderr}</arg>
<arg>${expected_response}</arg>
<doc>Fails if ``container`` does not contain ``item`` one or more times.</doc>
<status status="PASS" starttime="20240222 16:03:23.384" endtime="20240222 16:03:23.384"/>
</kw>
<status status="PASS" starttime="20240222 16:03:21.901" endtime="20240222 16:03:23.384"/>
</kw>
<doc>Test that example configuration with HTTP basic authentication is accepted</doc>
<status status="PASS" starttime="20240222 16:03:21.900" endtime="20240222 16:03:23.384"/>
</test>
<test id="s1-s3-t2" name="Example configuration: basic-auth, public-readers" line="18">
<kw name="Validate Configuration" library="keywords">
<arg>examples/Caddyfile.basic-auth.public-readers</arg>
<arg>0</arg>
<doc>Validate if configuration behaves as expected</doc>
<kw name="Run Process" library="Process">
<var>${result}</var>
<arg>${CADDY_VALIDATE} ${file_name}</arg>
<arg>shell=True</arg>
<arg>env:GOCOVERDIR=${OUTPUT DIR}/go-coverage</arg>
<doc>Runs a process and waits for it to complete.</doc>
<msg timestamp="20240222 16:03:23.386" level="INFO">Starting process:
go run -cover cmd/caddy/main.go validate --config examples/Caddyfile.basic-auth.public-readers</msg>
<msg timestamp="20240222 16:03:23.388" level="INFO">Waiting for process to complete.</msg>
<msg timestamp="20240222 16:03:24.800" level="INFO">Process completed.</msg>
<msg timestamp="20240222 16:03:24.801" level="INFO">${result} = &lt;result object with rc 0&gt;</msg>
<status status="PASS" starttime="20240222 16:03:23.385" endtime="20240222 16:03:24.801"/>
</kw>
<kw name="Should Be Equal As Integers" library="BuiltIn">
<arg>${result.rc}</arg>
<arg>${expected_status_code}</arg>
<doc>Fails if objects are unequal after converting them to integers.</doc>
<msg timestamp="20240222 16:03:24.802" level="INFO">Argument types are:
&lt;class 'int'&gt;
&lt;class 'str'&gt;</msg>
<status status="PASS" starttime="20240222 16:03:24.801" endtime="20240222 16:03:24.802"/>
</kw>
<kw name="Should Contain" library="BuiltIn">
<arg>${result.stderr}</arg>
<arg>${expected_response}</arg>
<doc>Fails if ``container`` does not contain ``item`` one or more times.</doc>
<status status="PASS" starttime="20240222 16:03:24.802" endtime="20240222 16:03:24.802"/>
</kw>
<status status="PASS" starttime="20240222 16:03:23.385" endtime="20240222 16:03:24.802"/>
</kw>
<doc>Example configuration with HTTP basic authentication and public readers</doc>
<status status="PASS" starttime="20240222 16:03:23.384" endtime="20240222 16:03:24.802"/>
</test>
<test id="s1-s3-t3" name="Example configuration: no authentication" line="22">
<kw name="Validate Configuration" library="keywords">
<arg>examples/Caddyfile.no-authentication</arg>
<arg>0</arg>
<doc>Validate if configuration behaves as expected</doc>
<kw name="Run Process" library="Process">
<var>${result}</var>
<arg>${CADDY_VALIDATE} ${file_name}</arg>
<arg>shell=True</arg>
<arg>env:GOCOVERDIR=${OUTPUT DIR}/go-coverage</arg>
<doc>Runs a process and waits for it to complete.</doc>
<msg timestamp="20240222 16:03:24.804" level="INFO">Starting process:
go run -cover cmd/caddy/main.go validate --config examples/Caddyfile.no-authentication</msg>
<msg timestamp="20240222 16:03:24.806" level="INFO">Waiting for process to complete.</msg>
<msg timestamp="20240222 16:03:26.211" level="INFO">Process completed.</msg>
<msg timestamp="20240222 16:03:26.211" level="INFO">${result} = &lt;result object with rc 0&gt;</msg>
<status status="PASS" starttime="20240222 16:03:24.803" endtime="20240222 16:03:26.211"/>
</kw>
<kw name="Should Be Equal As Integers" library="BuiltIn">
<arg>${result.rc}</arg>
<arg>${expected_status_code}</arg>
<doc>Fails if objects are unequal after converting them to integers.</doc>
<msg timestamp="20240222 16:03:26.212" level="INFO">Argument types are:
&lt;class 'int'&gt;
&lt;class 'str'&gt;</msg>
<status status="PASS" starttime="20240222 16:03:26.211" endtime="20240222 16:03:26.212"/>
</kw>
<kw name="Should Contain" library="BuiltIn">
<arg>${result.stderr}</arg>
<arg>${expected_response}</arg>
<doc>Fails if ``container`` does not contain ``item`` one or more times.</doc>
<status status="PASS" starttime="20240222 16:03:26.212" endtime="20240222 16:03:26.212"/>
</kw>
<status status="PASS" starttime="20240222 16:03:24.803" endtime="20240222 16:03:26.212"/>
</kw>
<doc>Test that example configuration without authentication is accepted</doc>
<status status="PASS" starttime="20240222 16:03:24.803" endtime="20240222 16:03:26.213"/>
</test>
<test id="s1-s3-t4" name="Invalid configuration: empty" line="26">
<kw name="Validate Configuration" library="keywords">
<arg>e2e_tests/resources/Caddyfile.invalid-no-arg</arg>
<arg>1</arg>
<arg>wrong argument count or unexpected line ending after 'http_put_file'</arg>
<doc>Validate if configuration behaves as expected</doc>
<kw name="Run Process" library="Process">
<var>${result}</var>
<arg>${CADDY_VALIDATE} ${file_name}</arg>
<arg>shell=True</arg>
<arg>env:GOCOVERDIR=${OUTPUT DIR}/go-coverage</arg>
<doc>Runs a process and waits for it to complete.</doc>
<msg timestamp="20240222 16:03:26.215" level="INFO">Starting process:
go run -cover cmd/caddy/main.go validate --config e2e_tests/resources/Caddyfile.invalid-no-arg</msg>
<msg timestamp="20240222 16:03:26.218" level="INFO">Waiting for process to complete.</msg>
<msg timestamp="20240222 16:03:27.638" level="INFO">Process completed.</msg>
<msg timestamp="20240222 16:03:27.638" level="INFO">${result} = &lt;result object with rc 1&gt;</msg>
<status status="PASS" starttime="20240222 16:03:26.215" endtime="20240222 16:03:27.638"/>
</kw>
<kw name="Should Be Equal As Integers" library="BuiltIn">
<arg>${result.rc}</arg>
<arg>${expected_status_code}</arg>
<doc>Fails if objects are unequal after converting them to integers.</doc>
<msg timestamp="20240222 16:03:27.639" level="INFO">Argument types are:
&lt;class 'int'&gt;
&lt;class 'str'&gt;</msg>
<status status="PASS" starttime="20240222 16:03:27.638" endtime="20240222 16:03:27.639"/>
</kw>
<kw name="Should Contain" library="BuiltIn">
<arg>${result.stderr}</arg>
<arg>${expected_response}</arg>
<doc>Fails if ``container`` does not contain ``item`` one or more times.</doc>
<status status="PASS" starttime="20240222 16:03:27.639" endtime="20240222 16:03:27.639"/>
</kw>
<status status="PASS" starttime="20240222 16:03:26.213" endtime="20240222 16:03:27.639"/>
</kw>
<doc>Test that an invalid configuration is rejected (no arguments)</doc>
<status status="PASS" starttime="20240222 16:03:26.213" endtime="20240222 16:03:27.639"/>
</test>
<test id="s1-s3-t5" name="Invalid configuration: structure" line="32">
<kw name="Validate Configuration" library="keywords">
<arg>e2e_tests/resources/Caddyfile.invalid-nested-args</arg>
<arg>1</arg>
<arg>wrong argument count or unexpected line ending after 'http_put_file'</arg>
<doc>Validate if configuration behaves as expected</doc>
<kw name="Run Process" library="Process">
<var>${result}</var>
<arg>${CADDY_VALIDATE} ${file_name}</arg>
<arg>shell=True</arg>
<arg>env:GOCOVERDIR=${OUTPUT DIR}/go-coverage</arg>
<doc>Runs a process and waits for it to complete.</doc>
<msg timestamp="20240222 16:03:27.641" level="INFO">Starting process:
go run -cover cmd/caddy/main.go validate --config e2e_tests/resources/Caddyfile.invalid-nested-args</msg>
<msg timestamp="20240222 16:03:27.643" level="INFO">Waiting for process to complete.</msg>
<msg timestamp="20240222 16:03:29.041" level="INFO">Process completed.</msg>
<msg timestamp="20240222 16:03:29.042" level="INFO">${result} = &lt;result object with rc 1&gt;</msg>
<status status="PASS" starttime="20240222 16:03:27.640" endtime="20240222 16:03:29.042"/>
</kw>
<kw name="Should Be Equal As Integers" library="BuiltIn">
<arg>${result.rc}</arg>
<arg>${expected_status_code}</arg>
<doc>Fails if objects are unequal after converting them to integers.</doc>
<msg timestamp="20240222 16:03:29.043" level="INFO">Argument types are:
&lt;class 'int'&gt;
&lt;class 'str'&gt;</msg>
<status status="PASS" starttime="20240222 16:03:29.042" endtime="20240222 16:03:29.043"/>
</kw>
<kw name="Should Contain" library="BuiltIn">
<arg>${result.stderr}</arg>
<arg>${expected_response}</arg>
<doc>Fails if ``container`` does not contain ``item`` one or more times.</doc>
<status status="PASS" starttime="20240222 16:03:29.043" endtime="20240222 16:03:29.043"/>
</kw>
<status status="PASS" starttime="20240222 16:03:27.640" endtime="20240222 16:03:29.043"/>
</kw>
<doc>Test that an invalid configuration is rejected (nested argument)</doc>
<status status="PASS" starttime="20240222 16:03:27.640" endtime="20240222 16:03:29.043"/>
</test>
<kw name="Suite Teardown" library="keywords" type="TEARDOWN">
<doc>Generate coverage report and remove coverage directory</doc>
<kw name="Generate Coverage Report" library="keywords">
<doc>Generate coverage report from generated files</doc>
<kw name="Get Coverage Filename From Suite Source" library="keywords">
<var>${cov_path}</var>
<var>${cov_filename}</var>
<doc>Splits `/w/e2e_tests/003_configuration.robot` into path and filename. Constructs a
path to the coverage file in `/w/e2e_tests/results`. Returns the coverage full file
path and the coverage filename separately.</doc>
<kw name="Split Path" library="OperatingSystem">
<var>${path}</var>
<var>${suite_filename}</var>
<arg>${SUITE SOURCE}</arg>
<doc>Splits the given path from the last path separator (``/`` or ``\``).</doc>
<msg timestamp="20240222 16:03:29.045" level="INFO">${path} = /w/e2e_tests</msg>
<msg timestamp="20240222 16:03:29.045" level="INFO">${suite_filename} = 003_configuration.robot</msg>
<status status="PASS" starttime="20240222 16:03:29.044" endtime="20240222 16:03:29.045"/>
</kw>
<kw name="Split Extension" library="OperatingSystem">
<var>${suite_name}</var>
<var>${ext}</var>
<arg>${suite_filename}</arg>
<doc>Splits the extension from the given path.</doc>
<msg timestamp="20240222 16:03:29.045" level="INFO">${suite_name} = 003_configuration</msg>
<msg timestamp="20240222 16:03:29.045" level="INFO">${ext} = robot</msg>
<status status="PASS" starttime="20240222 16:03:29.045" endtime="20240222 16:03:29.045"/>
</kw>
<kw name="Join Path" library="OperatingSystem">
<var>${cov_path}</var>
<arg>${OUTPUT DIR}</arg>
<arg>${suite_name}.coverage</arg>
<doc>Joins the given path part(s) to the given base path.</doc>
<msg timestamp="20240222 16:03:29.045" level="INFO">${cov_path} = /w/e2e_tests/results/003_configuration.coverage</msg>
<status status="PASS" starttime="20240222 16:03:29.045" endtime="20240222 16:03:29.045"/>
</kw>
<return>
<value>${cov_path}</value>
<value>${suite_name}.coverage</value>
<status status="PASS" starttime="20240222 16:03:29.045" endtime="20240222 16:03:29.045"/>
</return>
<msg timestamp="20240222 16:03:29.045" level="INFO">${cov_path} = /w/e2e_tests/results/003_configuration.coverage</msg>
<msg timestamp="20240222 16:03:29.045" level="INFO">${cov_filename} = 003_configuration.coverage</msg>
<status status="PASS" starttime="20240222 16:03:29.044" endtime="20240222 16:03:29.045"/>
</kw>
<kw name="Run Keyword And Return Status" library="BuiltIn">
<var>${dir_exists}</var>
<arg>Directory Should Exist</arg>
<arg>${OUTPUT DIR}/go-coverage</arg>
<doc>Runs the given keyword with given arguments and returns the status as a Boolean value.</doc>
<kw name="Directory Should Exist" library="OperatingSystem">
<arg>${OUTPUT DIR}/go-coverage</arg>
<doc>Fails unless the given path points to an existing directory.</doc>
<msg timestamp="20240222 16:03:29.046" level="INFO" html="true">Directory '&lt;a href="file:///w/e2e_tests/results/go-coverage"&gt;/w/e2e_tests/results/go-coverage&lt;/a&gt;' exists.</msg>
<status status="PASS" starttime="20240222 16:03:29.046" endtime="20240222 16:03:29.046"/>
</kw>
<msg timestamp="20240222 16:03:29.046" level="INFO">${dir_exists} = True</msg>
<status status="PASS" starttime="20240222 16:03:29.045" endtime="20240222 16:03:29.046"/>
</kw>
<if>
<branch type="IF" condition="${dir_exists}">
<kw name="List Files In Directory" library="OperatingSystem">
<var>${dir_contents}</var>
<arg>${OUTPUT DIR}/go-coverage</arg>
<doc>Wrapper for `List Directory` that returns only files.</doc>
<msg timestamp="20240222 16:03:29.046" level="INFO" html="true">Listing contents of directory '&lt;a href="file:///w/e2e_tests/results/go-coverage"&gt;/w/e2e_tests/results/go-coverage&lt;/a&gt;'.</msg>
<msg timestamp="20240222 16:03:29.046" level="INFO">6 files:
covcounters.3276327bd5c484eb4bde42a651bc4f27.9428.1708617803367987225
covcounters.3276327bd5c484eb4bde42a651bc4f27.9509.1708617804786964778
covcounters.3276327bd5c484eb4bde42a651bc4f27.9591.1708617806196908925
covcounters.3276327bd5c484eb4bde42a651bc4f27.9671.1708617807623770397
covcounters.3276327bd5c484eb4bde42a651bc4f27.9751.1708617809027550587
covmeta.3276327bd5c484eb4bde42a651bc4f27</msg>
<msg timestamp="20240222 16:03:29.046" level="INFO">${dir_contents} = ['covcounters.3276327bd5c484eb4bde42a651bc4f27.9428.1708617803367987225', 'covcounters.3276327bd5c484eb4bde42a651bc4f27.9509.1708617804786964778', 'covcounters.3276327bd5c484eb4bde42a651bc4f27.9591.17...</msg>
<status status="PASS" starttime="20240222 16:03:29.046" endtime="20240222 16:03:29.046"/>
</kw>
<status status="PASS" starttime="20240222 16:03:29.046" endtime="20240222 16:03:29.046"/>
</branch>
<branch type="ELSE">
<kw name="Set Variable" library="BuiltIn">
<var>${dir_contents}</var>
<arg>${None}</arg>
<doc>Returns the given values which can then be assigned to a variables.</doc>
<status status="NOT RUN" starttime="20240222 16:03:29.046" endtime="20240222 16:03:29.046"/>
</kw>
<status status="NOT RUN" starttime="20240222 16:03:29.046" endtime="20240222 16:03:29.046"/>
</branch>
<status status="PASS" starttime="20240222 16:03:29.046" endtime="20240222 16:03:29.047"/>
</if>
<if>
<branch type="IF" condition="${dir_contents}">
<kw name="Convert Coverage Fragments" library="keywords">
<arg>${cov_path}</arg>
<doc>Convert coverage fragments (from a go run/build -cover execution) into
a single file</doc>
<kw name="Run Process" library="Process">
<var>${result}</var>
<arg>go tool covdata textfmt -i\=${OUTPUT DIR}/go-coverage -o\=${cov_path}</arg>
<arg>shell=True</arg>
<doc>Runs a process and waits for it to complete.</doc>
<msg timestamp="20240222 16:03:29.047" level="INFO">Starting process:
go tool covdata textfmt -i=/w/e2e_tests/results/go-coverage -o=/w/e2e_tests/results/003_configuration.coverage</msg>
<msg timestamp="20240222 16:03:29.050" level="INFO">Waiting for process to complete.</msg>
<msg timestamp="20240222 16:03:29.057" level="INFO">Process completed.</msg>
<msg timestamp="20240222 16:03:29.057" level="INFO">${result} = &lt;result object with rc 0&gt;</msg>
<status status="PASS" starttime="20240222 16:03:29.047" endtime="20240222 16:03:29.057"/>
</kw>
<kw name="Should Be Equal As Integers" library="BuiltIn">
<arg>${result.rc}</arg>
<arg>0</arg>
<doc>Fails if objects are unequal after converting them to integers.</doc>
<msg timestamp="20240222 16:03:29.058" level="INFO">Argument types are:
&lt;class 'int'&gt;
&lt;class 'str'&gt;</msg>
<status status="PASS" starttime="20240222 16:03:29.057" endtime="20240222 16:03:29.058"/>
</kw>
<status status="PASS" starttime="20240222 16:03:29.047" endtime="20240222 16:03:29.058"/>
</kw>
<status status="PASS" starttime="20240222 16:03:29.047" endtime="20240222 16:03:29.058"/>
</branch>
<status status="PASS" starttime="20240222 16:03:29.047" endtime="20240222 16:03:29.058"/>
</if>
<kw name="Expect Successful Execution" library="keywords">
<arg>go tool cover -html\=${cov_path} -o\=${cov_path}.html</arg>
<doc>Runs a ${command} and expects it to succeed. ${command}
should be a string representing the shell command.</doc>
<kw name="Run Process" library="Process">
<var>${result}</var>
<arg>${command}</arg>
<arg>shell=True</arg>
<doc>Runs a process and waits for it to complete.</doc>
<msg timestamp="20240222 16:03:29.059" level="INFO">Starting process:
go tool cover -html=/w/e2e_tests/results/003_configuration.coverage -o=/w/e2e_tests/results/003_configuration.coverage.html</msg>
<msg timestamp="20240222 16:03:29.061" level="INFO">Waiting for process to complete.</msg>
<msg timestamp="20240222 16:03:29.293" level="INFO">Process completed.</msg>
<msg timestamp="20240222 16:03:29.293" level="INFO">${result} = &lt;result object with rc 0&gt;</msg>
<status status="PASS" starttime="20240222 16:03:29.059" endtime="20240222 16:03:29.293"/>
</kw>
<if>
<branch type="IF" condition="${result.rc} != 0">
<kw name="Log Many" library="BuiltIn">
<arg>${result.stderr}</arg>
<arg>${result.stdout}</arg>
<doc>Logs the given messages as separate entries using the INFO level.</doc>
<status status="NOT RUN" starttime="20240222 16:03:29.294" endtime="20240222 16:03:29.294"/>
</kw>
<status status="NOT RUN" starttime="20240222 16:03:29.294" endtime="20240222 16:03:29.294"/>
</branch>
<status status="PASS" starttime="20240222 16:03:29.294" endtime="20240222 16:03:29.294"/>
</if>
<kw name="Should Be Equal As Integers" library="BuiltIn">
<arg>${result.rc}</arg>
<arg>0</arg>
<doc>Fails if objects are unequal after converting them to integers.</doc>
<msg timestamp="20240222 16:03:29.295" level="INFO">Argument types are:
&lt;class 'int'&gt;
&lt;class 'str'&gt;</msg>
<status status="PASS" starttime="20240222 16:03:29.295" endtime="20240222 16:03:29.295"/>
</kw>
<return>
<value>${result}</value>
<status status="PASS" starttime="20240222 16:03:29.295" endtime="20240222 16:03:29.295"/>
</return>
<status status="PASS" starttime="20240222 16:03:29.058" endtime="20240222 16:03:29.295"/>
</kw>
<kw name="Expect Successful Execution" library="keywords">
<var>${result}</var>
<arg>go tool cover -func\=${cov_path}</arg>
<doc>Runs a ${command} and expects it to succeed. ${command}
should be a string representing the shell command.</doc>
<kw name="Run Process" library="Process">
<var>${result}</var>
<arg>${command}</arg>
<arg>shell=True</arg>
<doc>Runs a process and waits for it to complete.</doc>
<msg timestamp="20240222 16:03:29.296" level="INFO">Starting process:
go tool cover -func=/w/e2e_tests/results/003_configuration.coverage</msg>
<msg timestamp="20240222 16:03:29.299" level="INFO">Waiting for process to complete.</msg>
<msg timestamp="20240222 16:03:29.546" level="INFO">Process completed.</msg>
<msg timestamp="20240222 16:03:29.547" level="INFO">${result} = &lt;result object with rc 0&gt;</msg>
<status status="PASS" starttime="20240222 16:03:29.296" endtime="20240222 16:03:29.547"/>
</kw>
<if>
<branch type="IF" condition="${result.rc} != 0">
<kw name="Log Many" library="BuiltIn">
<arg>${result.stderr}</arg>
<arg>${result.stdout}</arg>
<doc>Logs the given messages as separate entries using the INFO level.</doc>
<status status="NOT RUN" starttime="20240222 16:03:29.548" endtime="20240222 16:03:29.548"/>
</kw>
<status status="NOT RUN" starttime="20240222 16:03:29.547" endtime="20240222 16:03:29.548"/>
</branch>
<status status="PASS" starttime="20240222 16:03:29.547" endtime="20240222 16:03:29.548"/>
</if>
<kw name="Should Be Equal As Integers" library="BuiltIn">
<arg>${result.rc}</arg>
<arg>0</arg>
<doc>Fails if objects are unequal after converting them to integers.</doc>
<msg timestamp="20240222 16:03:29.548" level="INFO">Argument types are:
&lt;class 'int'&gt;
&lt;class 'str'&gt;</msg>
<status status="PASS" starttime="20240222 16:03:29.548" endtime="20240222 16:03:29.548"/>
</kw>
<return>
<value>${result}</value>
<status status="PASS" starttime="20240222 16:03:29.548" endtime="20240222 16:03:29.548"/>
</return>
<msg timestamp="20240222 16:03:29.548" level="INFO">${result} = &lt;result object with rc 0&gt;</msg>
<status status="PASS" starttime="20240222 16:03:29.296" endtime="20240222 16:03:29.548"/>
</kw>
<kw name="Get Regexp Matches" library="String">
<var>${percent}</var>
<arg>${result.stdout}</arg>
<arg>total:.*?([0-9.]+%)$</arg>
<arg>1</arg>
<doc>Returns a list of all non-overlapping matches in the given string.</doc>
<msg timestamp="20240222 16:03:29.549" level="INFO">${percent} = ['39.1%']</msg>
<status status="PASS" starttime="20240222 16:03:29.548" endtime="20240222 16:03:29.549"/>
</kw>
<kw name="Set Suite Metadata" library="BuiltIn">
<arg>Code coverage</arg>
<arg>${percent[0]} [${cov_filename}.html|HTML Report] | [${cov_filename}|Coverage file]</arg>
<doc>Sets metadata for the current test suite.</doc>
<msg timestamp="20240222 16:03:29.550" level="INFO">Set suite metadata 'Code coverage' to value '39.1% [003_configuration.coverage.html|HTML Report] | [003_configuration.coverage|Coverage file]'.</msg>
<status status="PASS" starttime="20240222 16:03:29.549" endtime="20240222 16:03:29.550"/>
</kw>
<status status="PASS" starttime="20240222 16:03:29.044" endtime="20240222 16:03:29.550"/>
</kw>
<kw name="Remove Directory" library="OperatingSystem">
<arg>${OUTPUT DIR}/go-coverage</arg>
<arg>recursive=True</arg>
<doc>Removes the directory pointed to by the given ``path``.</doc>
<msg timestamp="20240222 16:03:29.550" level="INFO" html="true">Removed directory '&lt;a href="file:///w/e2e_tests/results/go-coverage"&gt;/w/e2e_tests/results/go-coverage&lt;/a&gt;'.</msg>
<status status="PASS" starttime="20240222 16:03:29.550" endtime="20240222 16:03:29.550"/>
</kw>
<status status="PASS" starttime="20240222 16:03:29.044" endtime="20240222 16:03:29.550"/>
</kw>
<doc>A series of test cases designed to verify the behavior of various
configurations, ranging from valid to invalid scenarios.
It utilizes keywords and resources defined in the
'resources/keywords.robot' file for test execution.</doc>
<meta name="Code coverage">39.1% [003_configuration.coverage.html|HTML Report] | [003_configuration.coverage|Coverage file]</meta>
<status status="PASS" starttime="20240222 16:03:21.897" endtime="20240222 16:03:29.550"/>
</suite>
<suite id="s1-s4" name="004 Requests" source="/w/e2e_tests/004_requests.robot">
<kw name="Suite Setup With Caddy" library="keywords" type="SETUP">
<doc>Run regular suite setup, start Caddy and wait until it is available</doc>
<kw name="Suite Setup" library="keywords">
<doc>Ensure there is a directory for coverage files</doc>
<kw name="Create Directory" library="OperatingSystem">
<arg>${OUTPUT DIR}/go-coverage</arg>
<doc>Creates the specified directory.</doc>
<msg timestamp="20240222 16:03:29.555" level="INFO" html="true">Created directory '&lt;a href="file:///w/e2e_tests/results/go-coverage"&gt;/w/e2e_tests/results/go-coverage&lt;/a&gt;'.</msg>
<status status="PASS" starttime="20240222 16:03:29.555" endtime="20240222 16:03:29.555"/>
</kw>
<status status="PASS" starttime="20240222 16:03:29.555" endtime="20240222 16:03:29.555"/>
</kw>
<kw name="Create Directory" library="OperatingSystem">
<arg>./test</arg>
<doc>Creates the specified directory.</doc>
<msg timestamp="20240222 16:03:29.555" level="INFO" html="true">Created directory '&lt;a href="file:///w/test"&gt;/w/test&lt;/a&gt;'.</msg>
<status status="PASS" starttime="20240222 16:03:29.555" endtime="20240222 16:03:29.555"/>
</kw>
<kw name="Expect Caddy Not Ready" library="keywords">
<doc>Check that Caddy is not ready to accept connections</doc>
<kw name="Run Keyword And Return Status" library="BuiltIn">
<var>${result}</var>
<arg>GET</arg>
<arg>${BASE_URL}</arg>
<doc>Runs the given keyword with given arguments and returns the status as a Boolean value.</doc>
<kw name="GET" library="RequestsLibrary">
<arg>${BASE_URL}</arg>
<doc>Sends a GET request.</doc>
<msg timestamp="20240222 16:03:29.558" level="FAIL">ConnectionError: HTTPConnectionPool(host='localhost', port=8080): Max retries exceeded with url: / (Caused by NewConnectionError('&lt;urllib3.connection.HTTPConnection object at 0x7f90b10633d0&gt;: Failed to establish a new connection: [Errno 111] Connection refused'))</msg>
<status status="FAIL" starttime="20240222 16:03:29.556" endtime="20240222 16:03:29.561"/>
</kw>
<msg timestamp="20240222 16:03:29.561" level="INFO">${result} = False</msg>
<status status="PASS" starttime="20240222 16:03:29.555" endtime="20240222 16:03:29.561"/>
</kw>
<kw name="Should Be Equal" library="BuiltIn">
<arg>${result}</arg>
<arg>${False}</arg>
<arg>msg=Caddy seems to be running already, which is unexpected in this test context.</arg>
<doc>Fails if the given objects are unequal.</doc>
<status status="PASS" starttime="20240222 16:03:29.561" endtime="20240222 16:03:29.561"/>
</kw>
<status status="PASS" starttime="20240222 16:03:29.555" endtime="20240222 16:03:29.561"/>
</kw>
<kw name="Start Process" library="Process">
<arg>${CADDY_RUN} examples/Caddyfile.basic-auth</arg>
<arg>shell=True</arg>
<arg>env:GOCOVERDIR=${OUTPUT DIR}/go-coverage</arg>
<arg>alias=caddy</arg>
<doc>Starts a new process on background.</doc>
<msg timestamp="20240222 16:03:29.561" level="INFO">Starting process:
go run -cover cmd/caddy/main.go run --config examples/Caddyfile.basic-auth</msg>
<status status="PASS" starttime="20240222 16:03:29.561" endtime="20240222 16:03:29.564"/>
</kw>
<kw name="Wait Until Caddy Is Ready" library="keywords">
<doc>Return only when Caddy is ready to accept connections</doc>
<kw name="Wait Until Keyword Succeeds" library="BuiltIn">
<arg>30s</arg>
<arg>0.5s</arg>
<arg>GET</arg>
<arg>${BASE_URL}</arg>
<doc>Runs the specified keyword and retries if it fails.</doc>
<kw name="GET" library="RequestsLibrary">
<arg>${BASE_URL}</arg>
<doc>Sends a GET request.</doc>
<msg timestamp="20240222 16:03:29.567" level="FAIL">ConnectionError: HTTPConnectionPool(host='localhost', port=8080): Max retries exceeded with url: / (Caused by NewConnectionError('&lt;urllib3.connection.HTTPConnection object at 0x7f90b0c5a0d0&gt;: Failed to establish a new connection: [Errno 111] Connection refused'))</msg>
<status status="FAIL" starttime="20240222 16:03:29.565" endtime="20240222 16:03:29.568"/>
</kw>
<kw name="GET" library="RequestsLibrary">
<arg>${BASE_URL}</arg>
<doc>Sends a GET request.</doc>
<msg timestamp="20240222 16:03:30.070" level="FAIL">ConnectionError: HTTPConnectionPool(host='localhost', port=8080): Max retries exceeded with url: / (Caused by NewConnectionError('&lt;urllib3.connection.HTTPConnection object at 0x7f90b0c69050&gt;: Failed to establish a new connection: [Errno 111] Connection refused'))</msg>
<status status="FAIL" starttime="20240222 16:03:30.068" endtime="20240222 16:03:30.072"/>
</kw>
<kw name="GET" library="RequestsLibrary">
<arg>${BASE_URL}</arg>
<doc>Sends a GET request.</doc>
<msg timestamp="20240222 16:03:30.574" level="FAIL">ConnectionError: HTTPConnectionPool(host='localhost', port=8080): Max retries exceeded with url: / (Caused by NewConnectionError('&lt;urllib3.connection.HTTPConnection object at 0x7f90b0c58e10&gt;: Failed to establish a new connection: [Errno 111] Connection refused'))</msg>
<status status="FAIL" starttime="20240222 16:03:30.573" endtime="20240222 16:03:30.575"/>
</kw>
<kw name="GET" library="RequestsLibrary">
<arg>${BASE_URL}</arg>
<doc>Sends a GET request.</doc>
<msg timestamp="20240222 16:03:32.135" level="INFO">GET Request : url=http://Bob:hiccup@localhost:8080/ 
 path_url=/ 
 headers={'User-Agent': 'python-requests/2.31.0', 'Accept-Encoding': 'gzip, deflate', 'Accept': '*/*', 'Connection': 'keep-alive', 'Authorization': 'Basic Qm9iOmhpY2N1cA=='} 
 body=None 
 </msg>
<msg timestamp="20240222 16:03:32.135" level="INFO">GET Response : url=http://Bob:hiccup@localhost:8080/ 
 status=200, reason=OK 
 headers={'Content-Type': 'text/html; charset=utf-8', 'Server': 'Caddy', 'Date': 'Thu, 22 Feb 2024 16:03:32 GMT', 'Transfer-Encoding': 'chunked'} 
 body=
&lt;!DOCTYPE html&gt;
&lt;html&gt;
	&lt;head&gt;
		&lt;title&gt;/&lt;/title&gt;
		&lt;link rel="canonical" href="//"  /&gt;
		&lt;meta charset="utf-8"&gt;
		&lt;meta name="color-scheme" content="light dark"&gt;
		&lt;meta name="viewport" content="width=device-width, initial-scale=1.0"&gt;
&lt;style&gt;
* { padding: 0; margin: 0; box-sizing: border-box; }

body {
	font-family: Inter, system-ui, sans-serif;
	font-size: 16px;
	text-rendering: optimizespeed;
	background-color: #f3f6f7;
	min-height: 100vh;
}

img,
svg {
	vertical-align: middle;
	z-index: 1;
}

img {
	max-width: 100%;
	max-height: 100%;
	border-radius: 5px;
}

td img {
	max-width: 1.5em;
	max-height: 2em;
	object-fit: cover;
}

body,
a,
svg,
.layout.current,
.layout.current svg,
.go-up {
	color: #333;
	text-decoration: none;
}

.wrapper {
	max-width: 1200px;
	margin-left: auto;
	margin-right: auto;
}

header,
.meta {
	padding-left: 5%;
	padding-right: 5%;
}

td a {
	color: #006ed3;
	text-decoration: none;
}

td a:hover {
	color: #0095e4;
}

td a:visited {
	color: #800080;
}

td a:visited:hover {
	color: #b900b9;
}

th:first-child,
td:first-child {
	width: 5%;
}

th:last-child,
td:last-child {
	width: 5%;
}

.size,
.timestamp {
	font-size: 14px;
}

.grid .size {
	font-size: 12px;
	margin-top: .5em;
	color: #496a84;
}

header {
	padding-top: 15px;
	padding-bottom: 15px;
	box-shadow: 0px 0px 20px 0px rgb(0 0 0 / 10%);
}

.breadcrumbs {
	text-transform: uppercase;
	font-size: 10px;
	letter-spacing: 1px;
	color: #939393;
	margin-bottom: 5px;
	padding-left: 3px;
}

h1 {
	font-size: 20px;
	font-family: Poppins, system-ui, sans-serif;
	font-weight: normal;
	white-space: nowrap;
	overflow-x: hidden;
	text-overflow: ellipsis;
	color: #c5c5c5;
}

h1 a,
th a {
	color: #000;
}

h1 a {
	padding: 0 3px;
	margin: 0 1px;
}

h1 a:hover {
	background: #ffffc4;
}

h1 a:first-child {
	margin: 0;
}

header,
main {
	background-color: white;
}

main {
	margin: 3em auto 0;
	border-radius: 5px;
	box-shadow: 0 2px 5px 1px rgb(0 0 0 / 5%);
}

.meta {
	display: flex;
	gap: 1em;
	font-size: 14px;
	border-bottom: 1px solid #e5e9ea;
	padding-top: 1em;
	padding-bottom: 1em;
}

#summary {
	display: flex;
	gap: 1em;
	align-items: center;
	margin-right: auto;
}

.filter-container {
	position: relative;
	display: inline-block;
	margin-left: 1em;
}

#search-icon {
	color: #777;
	position: absolute;
	height: 1em;
	top: .6em;
	left: .5em;
}

#filter {
	padding: .5em 1em .5em 2.5em;
	border: none;
	border: 1px solid #CCC;
	border-radius: 5px;
	font-family: inherit;
	position: relative;
	z-index: 2;
	background: none;
}

.layout,
.layout svg {
	color: #9a9a9a;
}

table {
	width: 100%;
	border-collapse: collapse;
}

tbody tr,
tbody tr a,
.entry a {
	transition: all .15s;
}

tbody tr:hover,
.grid .entry a:hover {
	background-color: #f4f9fd;
}

th,
td {
	text-align: left;
}

th {
	position: sticky;
	top: 0;
	background: white;
	white-space: nowrap;
	z-index: 2;
	text-transform: uppercase;
	font-size: 14px;
	letter-spacing: 1px;
	padding: .75em 0;
}

td {
	white-space: nowrap;
}

td:nth-child(2) {
	width: 75%;
}

td:nth-child(2) a {
	padding: 1em 0;
	display: block;
}

td:nth-child(3),
th:nth-child(3) {
	padding: 0 20px 0 20px;
	min-width: 150px;
}

td .go-up {
	text-transform: uppercase;
	font-size: 12px;
	font-weight: bold;
}

.name,
.go-up {
	word-break: break-all;
	overflow-wrap: break-word;
	white-space: pre-wrap;
}

.listing .icon-tabler {
	color: #454545;
}

.listing .icon-tabler-folder-filled {
	color: #ffb900 !important;
}

.sizebar {
	position: relative;
	padding: 0.25rem 0.5rem;
	display: flex;
}

.sizebar-bar {
	background-color: #dbeeff;
	position: absolute;
	top: 0;
	right: 0;
	bottom: 0;
	left: 0;
	z-index: 0;
	height: 100%;
	pointer-events: none;
}

.sizebar-text {
	position: relative;
	z-index: 1;
	overflow: hidden;
	text-overflow: ellipsis;
	white-space: nowrap;
}

.grid {
	display: grid;
	grid-template-columns: repeat(auto-fill, minmax(16em, 1fr));
	gap: 2px;
}

.grid .entry {
	position: relative;
	width: 100%;
}

.grid .entry a {
	display: flex;
	flex-direction: column;
	align-items: center;
	justify-content: center;
	padding: 1.5em;
	height: 100%;
}

.grid .entry svg {
	width: 75px;
	height: 75px;
}

.grid .entry img {
	max-height: 200px;
	object-fit: cover;
}

.grid .entry .name {
	margin-top: 1em;
}

footer {
	padding: 40px 20px;
	font-size: 12px;
	text-align: center;
}

.caddy-logo {
	display: inline-block;
	height: 2.5em;
	margin: 0 auto;
}

@media (max-width: 600px) {
	.hideable {
		display: none;
	}

	td:nth-child(2) {
		width: auto;
	}

	th:nth-child(3),
	td:nth-child(3) {
		padding-right: 5%;
		text-align: right;
	}

	h1 {
		color: #000;
	}

	h1 a {
		margin: 0;
	}

	#filter {
		max-width: 100px;
	}

	.grid .entry {
		max-width: initial;
	}
}


@media (prefers-color-scheme: dark) {
	html {
		background: black; /* overscroll */
	}

	body {
		background: linear-gradient(180deg, rgb(34 50 66) 0%, rgb(26 31 38) 100%);
		background-attachment: fixed;
	}

	body,
	a,
	svg,
	.layout.current,
	.layout.current svg,
	.go-up {
		color: #ccc;
	}

	h1 a,
	th a {
		color: white;
	}

	h1 {
		color: white;
	}

	h1 a:hover {
		background: hsl(213deg 100% 73% / 20%);
	}

	header,
	main,
	.grid .entry {
		background-color: #101720;
	}

	tbody tr:hover,
	.grid .entry a:hover {
		background-color: #162030;
		color: #fff;
	}

	th {
		background-color: #18212c;
	}

	td a,
	.listing .icon-tabler {
		color: #abc8e3;
	}

	td a:hover,
	td a:hover .icon-tabler {
		color: white;
	}

	td a:visited {
		color: #cd53cd;
	}

	td a:visited:hover {
		color: #f676f6;
	}

	#search-icon {
		color: #7798c4;
	}

	#filter {
		color: #ffffff;
		border: 1px solid #29435c;
	}

	.meta {
		border-bottom: 1px solid #222e3b;
	}

	.sizebar-bar {
		background-color: #1f3549;
	}

	.grid .entry a {
		background-color: #080b0f;
	}

	#Wordmark path,
	#R path {
		fill: #ccc !important;
	}
	#R circle {
		stroke: #ccc !important;
	}
}

&lt;/style&gt;
&lt;/head&gt;
&lt;body onload="initPage()"&gt;
	&lt;header&gt;
		&lt;div class="wrapper"&gt;
			&lt;div class="breadcrumbs"&gt;Folder Path&lt;/div&gt;
				&lt;h1&gt;
					&lt;a href=""&gt;/&lt;/a&gt;
				&lt;/h1&gt;
			&lt;/div&gt;
		&lt;/header&gt;
		&lt;div class="wrapper"&gt;
			&lt;main&gt;
				&lt;div class="meta"&gt;
					&lt;div id="summary"&gt;
						&lt;span class="meta-item"&gt;
							&lt;b&gt;0&lt;/b&gt; directories
						&lt;/span&gt;
						&lt;span class="meta-item"&gt;
							&lt;b&gt;0&lt;/b&gt; files
						&lt;/span&gt;
					&lt;/div&gt;
					&lt;a href="javascript:queryParam('layout', '')" id="layout-list" class='layoutcurrent'&gt;
						&lt;svg xmlns="http://www.w3.org/2000/svg" class="icon icon-tabler icon-tabler-layout-list" width="16" height="16" viewBox="0 0 24 24" stroke-width="2" stroke="currentColor" fill="none" stroke-linecap="round" stroke-linejoin="round"&gt;
							&lt;path stroke="none" d="M0 0h24v24H0z" fill="none"/&gt;
							&lt;path d="M4 4m0 2a2 2 0 0 1 2 -2h12a2 2 0 0 1 2 2v2a2 2 0 0 1 -2 2h-12a2 2 0 0 1 -2 -2z"/&gt;
							&lt;path d="M4 14m0 2a2 2 0 0 1 2 -2h12a2 2 0 0 1 2 2v2a2 2 0 0 1 -2 2h-12a2 2 0 0 1 -2 -2z"/&gt;
						&lt;/svg&gt;
						List
					&lt;/a&gt;
					&lt;a href="javascript:queryParam('layout', 'grid')" id="layout-grid" class='layout'&gt;
						&lt;svg xmlns="http://www.w3.org/2000/svg" class="icon icon-tabler icon-tabler-layout-grid" width="16" height="16" viewBox="0 0 24 24" stroke-width="2" stroke="currentColor" fill="none" stroke-linecap="round" stroke-linejoin="round"&gt;
							&lt;path stroke="none" d="M0 0h24v24H0z" fill="none"/&gt;
							&lt;path d="M4 4m0 1a1 1 0 0 1 1 -1h4a1 1 0 0 1 1 1v4a1 1 0 0 1 -1 1h-4a1 1 0 0 1 -1 -1z"/&gt;
							&lt;path d="M14 4m0 1a1 1 0 0 1 1 -1h4a1 1 0 0 1 1 1v4a1 1 0 0 1 -1 1h-4a1 1 0 0 1 -1 -1z"/&gt;
							&lt;path d="M4 14m0 1a1 1 0 0 1 1 -1h4a1 1 0 0 1 1 1v4a1 1 0 0 1 -1 1h-4a1 1 0 0 1 -1 -1z"/&gt;
							&lt;path d="M14 14m0 1a1 1 0 0 1 1 -1h4a1 1 0 0 1 1 1v4a1 1 0 0 1 -1 1h-4a1 1 0 0 1 -1 -1z"/&gt;
						&lt;/svg&gt;
						Grid
					&lt;/a&gt;
				&lt;/div&gt;
				&lt;div class='listing'&gt;
				&lt;table aria-describedby="summary"&gt;
					&lt;thead&gt;
					&lt;tr&gt;
						&lt;th&gt;&lt;/th&gt;
						&lt;th&gt;
							&lt;a href="?sort=namedirfirst&amp;order=desc" class="icon"&gt;
								&lt;svg xmlns="http://www.w3.org/2000/svg" class="icon icon-tabler icon-tabler-caret-up" width="24" height="24" viewBox="0 0 24 24" stroke-width="2" stroke="currentColor" fill="none" stroke-linecap="round" stroke-linejoin="round"&gt;
									&lt;path stroke="none" d="M0 0h24v24H0z" fill="none"/&gt;
									&lt;path d="M18 14l-6 -6l-6 6h12"/&gt;
								&lt;/svg&gt;
							&lt;/a&gt;
							&lt;a href="?sort=name&amp;order=asc"&gt;
								Name
							&lt;/a&gt;

							&lt;div class="filter-container"&gt;
								&lt;svg id="search-icon" xmlns="http://www.w3.org/2000/svg" class="icon icon-tabler icon-tabler-search" width="24" height="24" viewBox="0 0 24 24" stroke-width="2" stroke="currentColor" fill="none" stroke-linecap="round" stroke-linejoin="round"&gt;
									&lt;path stroke="none" d="M0 0h24v24H0z" fill="none"/&gt;
									&lt;path d="M10 10m-7 0a7 7 0 1 0 14 0a7 7 0 1 0 -14 0"/&gt;
									&lt;path d="M21 21l-6 -6"/&gt;
								&lt;/svg&gt;
								&lt;input type="search" placeholder="Search" id="filter" onkeyup='filter()'&gt;
							&lt;/div&gt;
						&lt;/th&gt;
						&lt;th&gt;
							&lt;a href="?sort=size&amp;order=asc"&gt;
								Size
							&lt;/a&gt;
						&lt;/th&gt;
						&lt;th class="hideable"&gt;
							&lt;a href="?sort=time&amp;order=asc"&gt;
								Modified
							&lt;/a&gt;
						&lt;/th&gt;
						&lt;th class="hideable"&gt;&lt;/th&gt;
					&lt;/tr&gt;
					&lt;/thead&gt;
					&lt;tbody&gt;
					&lt;/tbody&gt;
				&lt;/table&gt;
			&lt;/div&gt;
			&lt;/main&gt;
		&lt;/div&gt;
		&lt;footer&gt;
			Served with
			&lt;a rel="noopener noreferrer" href="https://caddyserver.com"&gt;
				&lt;svg class="caddy-logo" viewBox="0 0 379 114" version="1.1" xmlns="http://www.w3.org/2000/svg" xmlns:xlink="http://www.w3.org/1999/xlink" xml:space="preserve" xmlns:serif="http://www.serif.com/" style="fill-rule:evenodd;clip-rule:evenodd;stroke-linecap:round;stroke-linejoin:round;"&gt;
					&lt;g transform="matrix(1,0,0,1,-1982.99,-530.985)"&gt;
						&lt;g transform="matrix(1.16548,0,0,1.10195,1823.12,393.466)"&gt;
							&lt;g transform="matrix(1,0,0,1,0.233052,1.17986)"&gt;
								&lt;g id="Icon" transform="matrix(0.858013,0,0,0.907485,-3224.99,-1435.83)"&gt;
									&lt;g&gt;
										&lt;g transform="matrix(-0.191794,-0.715786,0.715786,-0.191794,4329.14,4673.64)"&gt;
											&lt;path d="M3901.56,6... (set the log level to DEBUG or TRACE to see the full content) 
 </msg>
<status status="PASS" starttime="20240222 16:03:31.075" endtime="20240222 16:03:32.136"/>
</kw>
<status status="PASS" starttime="20240222 16:03:29.565" endtime="20240222 16:03:32.136"/>
</kw>
<status status="PASS" starttime="20240222 16:03:29.564" endtime="20240222 16:03:32.136"/>
</kw>
<status status="PASS" starttime="20240222 16:03:29.555" endtime="20240222 16:03:32.136"/>
</kw>
<test id="s1-s4-t1" name="Test simple upload" line="12">
<kw name="Upload File" library="keywords">
<arg>go.mod</arg>
<doc>Test uploading a single file. The go.mod argument should
be the absolute path to the file.</doc>
<kw name="Get Binary File" library="OperatingSystem">
<var>${file_data}</var>
<arg>${file_path}</arg>
<doc>Returns the contents of a specified file.</doc>
<msg timestamp="20240222 16:03:32.137" level="INFO" html="true">Getting file '&lt;a href="file:///w/go.mod"&gt;/w/go.mod&lt;/a&gt;'.</msg>
<msg timestamp="20240222 16:03:32.137" level="INFO">${file_data} = module github.com/madworx/caddy-put-upload

go 1.19

require (
	github.com/caddyserver/caddy/v2 v2.7.5
	github.com/stretchr/testify v1.8.4
)

require (
	github.com/antlr/antlr4/runtime/Go/antlr/v4 v4....</msg>
<status status="PASS" starttime="20240222 16:03:32.137" endtime="20240222 16:03:32.137"/>
</kw>
<kw name="Set Variable" library="BuiltIn">
<var>${file_name}</var>
<arg>/test.txt</arg>
<doc>Returns the given values which can then be assigned to a variables.</doc>
<msg timestamp="20240222 16:03:32.137" level="INFO">${file_name} = /test.txt</msg>
<status status="PASS" starttime="20240222 16:03:32.137" endtime="20240222 16:03:32.137"/>
</kw>
<kw name="PUT" library="RequestsLibrary">
<var>${response}</var>
<arg>${url}${file_name}</arg>
<arg>data=${file_data}</arg>
<arg>expected_status=${expected_status}</arg>
<doc>Sends a PUT request.</doc>
<msg timestamp="20240222 16:03:32.139" level="INFO">PUT Request : url=http://Bob:hiccup@localhost:8080//upload/test.txt 
 path_url=//upload/test.txt 
 headers={'User-Agent': 'python-requests/2.31.0', 'Accept-Encoding': 'gzip, deflate', 'Accept': '*/*', 'Connection': 'keep-alive', 'Content-Length': '7402', 'Authorization': 'Basic Qm9iOmhpY2N1cA=='} 
 body=b'module github.com/madworx/caddy-put-upload\n\ngo 1.19\n\nrequire (\n\tgithub.com/caddyserver/caddy/v2 v2.7.5\n\tgithub.com/stretchr/testify v1.8.4\n)\n\nrequire (\n\tgithub.com/antlr/antlr4/runtime/Go/antlr/v4 v4.0.0-20230305170008-8188dc5388df // indirect\n\tgithub.com/go-chi/chi/v5 v5.0.10 // indirect\n\tgithub.com/go-kit/log v0.2.1 // indirect\n\tgithub.com/google/certificate-transparency-go v1.1.6 // indirect\n\tgithub.com/google/go-tpm v0.9.0 // indirect\n\tgithub.com/google/go-tspi v0.3.0 // indirect\n\tgithub.com/grpc-ecosystem/grpc-gateway/v2 v2.18.0 // indirect\n\tgithub.com/mastercactapus/proxyprotocol v0.0.4 // indirect\n\tgithub.com/matttproud/golang_protobuf_extensions/v2 v2.0.0 // indirect\n\tgithub.com/smallstep/go-attestation v0.4.4-0.20230627102604-cf579e53cbd2 // indirect\n\tgithub.com/zeebo/blake3 v0.2.3 // indirect\n\tgo.opentelemetry.io/contrib/propagators/autoprop v0.45.0 // indirect\n\tgo.opentelemetry.io/contrib/propagators/aws v1.20.0 // indirect\n\tgo.opentelemetry.io/contrib/propagators/b3 v1.20.0 // indirect\n\tgo.opentelemetry.io/contrib/propagators/jaeger v1.20.0 // indirect\n\tgo.opentelemetry.io/contrib/propagators/ot v1.20.0 // indirect\n\tgo.uber.org/mock v0.3.0 // indirect\n\tgoogle.golang.org/genproto/googleapis/api v0.0.0-20231016165738-49dd2c1f3d0b // indirect\n\tgoogle.golang.org/genproto/googleapis/rpc v0.0.0-20231016165738-49dd2c1f3d0b // indirect\n)\n\nrequire (\n\tfilippo.io/edwards25519 v1.0.0 // indirect\n\tgithub.com/AndreasBriese/bbloom v0.0.0-20190825152654-46b345b51c96 // indirect\n\tgithub.com/BurntSushi/toml v1.3.2 // indirect\n\tgithub.com/Masterminds/goutils v1.1.1 // indirect\n\tgithub.com/Masterminds/semver/v3 v3.2.1 // indirect\n\tgithub.com/Masterminds/sprig/v3 v3.2.3 // indirect\n\tgithub.com/Microsoft/go-winio v0.6.1 // indirect\n\tgithub.com/alecthomas/chroma/v2 v2.9.1 // indirect\n\tgithub.com/aryann/difflib v0.0.0-20210328193216-ff5ff6dc229b // indirect\n\tgithub.com/beorn7/perks v1.0.1 // indirect\n\tgithub.com/caddyserver/certmagic v0.19.2 // indirect\n\tgithub.com/cenkalti/backoff/v4 v4.2.1 // indirect\n\tgithub.com/cespare/xxhash v1.1.0 // indirect\n\tgithub.com/cespare/xxhash/v2 v2.2.0 // indirect\n\tgithub.com/chzyer/readline v1.5.1 // indirect\n\tgithub.com/cpuguy83/go-md2man/v2 v2.0.3 // indirect\n\tgithub.com/davecgh/go-spew v1.1.1 // indirect\n\tgithub.com/dgraph-io/badger v1.6.2 // indirect\n\tgithub.com/dgraph-io/badger/v2 v2.2007.4 // indirect\n\tgithub.com/dgraph-io/ristretto v0.1.1 // indirect\n\tgithub.com/dgryski/go-farm v0.0.0-20200201041132-a6ae2369ad13 // indirect\n\tgithub.com/dlclark/regexp2 v1.10.0 // indirect\n\tgithub.com/dustin/go-humanize v1.0.1 // indirect\n\tgithub.com/felixge/httpsnoop v1.0.3 // indirect\n\tgithub.com/fxamacker/cbor/v2 v2.5.0 // indirect\n\tgithub.com/go-chi/chi v4.1.2+incompatible // indirect\n\tgithub.com/go-kit/kit v0.13.0 // indirect\n\tgithub.com/go-logfmt/logfmt v0.6.0 // indirect\n\tgithub.com/go-logr/logr v1.2.4 // indirect\n\tgithub.com/go-logr/stdr v1.2.2 // indirect\n\tgithub.com/go-sql-driver/mysql v1.7.1 // indirect\n\tgithub.com/go-task/slim-sprig v0.0.0-20230315185526-52ccab3ef572 // indirect\n\tgithub.com/golang/glog v1.1.2 // indirect\n\tgithub.com/golang/protobuf v1.5.3 // indirect\n\tgithub.com/golang/snappy v0.0.4 // indirect\n\tgithub.com/google/cel-go v0.17.1 // indirect\n\tgithub.com/google/pprof v0.0.0-20230926050212-f7f687d19a98 // indirect\n\tgithub.com/google/uuid v1.3.1 // indirect\n\tgithub.com/huandu/xstrings v1.4.0 // indirect\n\tgithub.com/imdario/mergo v0.3.16 // indirect\n\tgithub.com/inconshreveable/mousetrap v1.1.0 // indirect\n\tgithub.com/jackc/chunkreader/v2 v2.0.1 // indirect\n\tgithub.com/jackc/pgconn v1.14.1 // indirect\n\tgithub.com/jackc/pgio v1.0.0 // indirect\n\tgithub.com/jackc/pgpassfile v1.0.0 // indirect\n\tgithub.com/jackc/pgproto3/v2 v2.3.2 // indirect\n\tgithub.com/jackc/pgservicefile v0.0.0-20221227161230-091c0ba34f0a // indirect\n\tgithub.com/jackc/pgtype v1.14.0 // indirect\n\tgithub.com/jackc/pgx/v4 v4.18.1 // indirect\n\tgithub.com/klauspost/compress v1.17.2 // indirect\n\tgithub.com/klauspost/cpuid/v2 v2.2.5 // indirect\n\tgithub.com/libdns/libdns v0.2.1 // indirect\n\tgithub.com/manifoldco/promptui v0.9.0 // indirect\n\tgithub.com/mattn/go-colorable v0.1.13 // indirect\n\tgithub.com/mattn/go-isatty v0.0.20 // indirect\n\tgithub.com/mgutz/ansi v0.0.0-20200706080929-d51e80ef957d // indirect\n\tgithub.com/mholt/acmez v1.2.0 // indirect\n\tgithub.com/micromdm/scep/v2 v2.1.0 // indirect\n\tgithub.com/miekg/dns v1.1.56 // indirect\n\tgithub.com/mitchellh/copystructure v1.2.0 // indirect\n\tgithub.com/mitchellh/go-ps v1.0.0 // indirect\n\tgithub.com/mitchellh/reflectwalk v1.0.2 // indirect\n\tgithub.com/onsi/ginkgo/v2 v2.13.0 // indirect\n\tgithub.com/pkg/errors v0.9.1 // indirect\n\tgithub.com/pmezard/go-difflib v1.0.0 // indirect\n\tgithub.com/prometheus/client_golang v1.17.0 // indirect\n\tgithub.com/prometheus/client_model v0.5.0 // indirect\n\tgithub.com/prometheus/common v0.45.0 // indirect\n\tgithub.com/prometheus/procfs v0.12.0 // indirect\n\tgithub.com/quic-go/qpack v0.4.0 // indirect\n\tgithub.com/quic-go/qtls-go1-20 v0.3.4 // indirect\n\tgithub.com/quic-go/quic-go v0.39.1 // indirect\n\tgithub.com/rs/xid v1.5.0 // indirect\n\tgithub.com/russross/blackfriday/v2 v2.1.0 // indirect\n\tgithub.com/shopspring/decimal v1.3.1 // indirect\n\tgithub.com/shurcooL/sanitized_anchor_name v1.0.0 // indirect\n\tgithub.com/sirupsen/logrus v1.9.3 // indirect\n\tgithub.com/slackhq/nebula v1.7.2 // indirect\n\tgithub.com/smallstep/certificates v0.25.0 // indirect\n\tgithub.com/smallstep/nosql v0.6.0 // indirect\n\tgithub.com/smallstep/truststore v0.12.1 // indirect\n\tgithub.com/spf13/cast v1.5.1 // indirect\n\tgithub.com/spf13/cobra v1.7.0 // indirect\n\tgithub.com/spf13/pflag v1.0.5 // indirect\n\tgithub.com/stoewer/go-strcase v1.3.0 // indirect\n\tgithub.com/tailscale/tscert v0.0.0-20230806124524-28a91b69a046 // indirect\n\tgithub.com/urfave/cli v1.22.14 // indirect\n\tgithub.com/x448/float16 v0.8.4 // indirect\n\tgithub.com/yuin/goldmark v1.5.6 // indirect\n\tgithub.com/yuin/goldmark-highlighting/v2 v2.0.0-20230729083705-37449abec8cc // indirect\n\tgo.etcd.io/bbolt v1.3.7 // indirect\n\tgo.mozilla.org/pkcs7 v0.0.0-20210826202110-33d05740a352 // indirect\n\tgo.opentelemetry.io/contrib/instrumentation/net/http/otelhttp v0.45.0 // indirect\n\tgo.opentelemetry.io/otel v1.19.0 // indirect\n\tgo.opentelemetry.io/otel/exporters/otlp/otlptrace v1.19.0 // indirect\n\tgo.opentelemetry.io/otel/exporters/otlp/otlptrace/otlptracegrpc v1.19.0 // indirect\n\tgo.opentelemetry.io/otel/metric v1.19.0 // indirect\n\tgo.opentelemetry.io/otel/sdk v1.19.0 // indirect\n\tgo.opentelemetry.io/otel/trace v1.19.0 // indirect\n\tgo.opentelemetry.io/proto/otlp v1.0.0 // indirect\n\tgo.step.sm/cli-utils v0.8.0 // indirect\n\tgo.step.sm/crypto v0.36.1 // indirect\n\tgo.step.sm/linkedca v0.20.1 // indirect\n\tgo.uber.org/multierr v1.11.0 // indirect\n\tgo.uber.org/zap v1.26.0\n\tgolang.org/x/crypto v0.17.0 // indirect\n\tgolang.org/x/exp v0.0.0-20231006140011-7918f672742d // indirect\n\tgolang.org/x/mod v0.13.0 // indirect\n\tgolang.org/x/net v0.17.0 // indirect\n\tgolang.org/x/sync v0.4.0 // indirect\n\tgolang.org/x/sys v0.15.0 // indirect\n\tgolang.org/x/term v0.15.0 // indirect\n\tgolang.org/x/text v0.14.0 // indirect\n\tgolang.org/x/tools v0.14.0\n\tgoogle.golang.org/grpc v1.59.0 // indirect\n\tgoogle.golang.org/protobuf v1.31.0 // indirect\n\tgopkg.in/natefinch/lumberjack.v2 v2.2.1 // indirect\n\tgopkg.in/square/go-jose.v2 v2.6.0 // indirect\n\tgopkg.in/yaml.v3 v3.0.1 // indirect\n\thowett.net/plist v1.0.0 // indirect\n)\n' 
 </msg>
<msg timestamp="20240222 16:03:32.139" level="INFO">PUT Response : url=http://Bob:hiccup@localhost:8080//upload/test.txt 
 status=201, reason=Created 
 headers={'Server': 'Caddy', 'Date': 'Thu, 22 Feb 2024 16:03:32 GMT', 'Content-Length': '36', 'Content-Type': 'text/plain; charset=utf-8'} 
 body=File /test.txt created successfully. 
 </msg>
<msg timestamp="20240222 16:03:32.139" level="INFO">${response} = &lt;Response [201]&gt;</msg>
<status status="PASS" starttime="20240222 16:03:32.137" endtime="20240222 16:03:32.139"/>
</kw>
<kw name="Log" library="BuiltIn">
<arg>${response}</arg>
<doc>Logs the given message with the given level.</doc>
<msg timestamp="20240222 16:03:32.139" level="INFO">&lt;Response [201]&gt;</msg>
<status status="PASS" starttime="20240222 16:03:32.139" endtime="20240222 16:03:32.139"/>
</kw>
<if>
<branch type="IF" condition="${text_expected} == True">
<kw name="Should Match" library="BuiltIn">
<arg>${response.text}</arg>
<arg>File ${file_name} created successfully.</arg>
<doc>Fails if the given ``string`` does not match the given ``pattern``.</doc>
<status status="PASS" starttime="20240222 16:03:32.140" endtime="20240222 16:03:32.140"/>
</kw>
<status status="PASS" starttime="20240222 16:03:32.140" endtime="20240222 16:03:32.140"/>
</branch>
<status status="PASS" starttime="20240222 16:03:32.139" endtime="20240222 16:03:32.140"/>
</if>
<status status="PASS" starttime="20240222 16:03:32.136" endtime="20240222 16:03:32.140"/>
</kw>
<doc>Simple uploads of a file should work</doc>
<status status="PASS" starttime="20240222 16:03:32.136" endtime="20240222 16:03:32.140"/>
</test>
<test id="s1-s4-t2" name="Read back uploaded file" line="16">
<kw name="Readback File" library="keywords">
<arg>go.mod</arg>
<doc>Test reading back a single file. The go.mod argument should
be the absolute path to the file.</doc>
<kw name="Get Binary File" library="OperatingSystem">
<var>${file_data}</var>
<arg>${file_path}</arg>
<doc>Returns the contents of a specified file.</doc>
<msg timestamp="20240222 16:03:32.141" level="INFO" html="true">Getting file '&lt;a href="file:///w/go.mod"&gt;/w/go.mod&lt;/a&gt;'.</msg>
<msg timestamp="20240222 16:03:32.141" level="INFO">${file_data} = module github.com/madworx/caddy-put-upload

go 1.19

require (
	github.com/caddyserver/caddy/v2 v2.7.5
	github.com/stretchr/testify v1.8.4
)

require (
	github.com/antlr/antlr4/runtime/Go/antlr/v4 v4....</msg>
<status status="PASS" starttime="20240222 16:03:32.141" endtime="20240222 16:03:32.142"/>
</kw>
<kw name="Set Variable" library="BuiltIn">
<var>${file_name}</var>
<arg>/test.txt</arg>
<doc>Returns the given values which can then be assigned to a variables.</doc>
<msg timestamp="20240222 16:03:32.142" level="INFO">${file_name} = /test.txt</msg>
<status status="PASS" starttime="20240222 16:03:32.142" endtime="20240222 16:03:32.142"/>
</kw>
<kw name="GET" library="RequestsLibrary">
<var>${response}</var>
<arg>${url}${file_name}</arg>
[...]
<msg timestamp="20240222 16:05:34.943" level="INFO">Process completed.</msg>
<msg timestamp="20240222 16:05:34.943" level="INFO">${result} = &lt;result object with rc 0&gt;</msg>
<status status="PASS" starttime="20240222 16:05:34.915" endtime="20240222 16:05:34.943"/>
</kw>
<if>
<branch type="IF" condition="${result.rc} != 0">
<kw name="Log Many" library="BuiltIn">
<arg>${result.stderr}</arg>
<arg>${result.stdout}</arg>
<doc>Logs the given messages as separate entries using the INFO level.</doc>
<status status="NOT RUN" starttime="20240222 16:05:34.944" endtime="20240222 16:05:34.944"/>
</kw>
<status status="NOT RUN" starttime="20240222 16:05:34.943" endtime="20240222 16:05:34.944"/>
</branch>
<status status="PASS" starttime="20240222 16:05:34.943" endtime="20240222 16:05:34.944"/>
</if>
<kw name="Should Be Equal As Integers" library="BuiltIn">
<arg>${result.rc}</arg>
<arg>0</arg>
<doc>Fails if objects are unequal after converting them to integers.</doc>
<msg timestamp="20240222 16:05:34.944" level="INFO">Argument types are:
&lt;class 'int'&gt;
&lt;class 'str'&gt;</msg>
<status status="PASS" starttime="20240222 16:05:34.944" endtime="20240222 16:05:34.944"/>
</kw>
<return>
<value>${result}</value>
<status status="PASS" starttime="20240222 16:05:34.944" endtime="20240222 16:05:34.944"/>
</return>
<status status="PASS" starttime="20240222 16:05:34.915" endtime="20240222 16:05:34.945"/>
</kw>
<status status="PASS" starttime="20240222 16:05:34.914" endtime="20240222 16:05:34.945"/>
</iter>
<iter>
<var name="${binary}">caddy-put-security-linux-x86_64</var>
<kw name="Expect Successful Execution" library="keywords">
<arg>./dist/${binary} list-modules</arg>
<doc>Runs a ${command} and expects it to succeed. ${command}
should be a string representing the shell command.</doc>
<kw name="Run Process" library="Process">
<var>${result}</var>
<arg>${command}</arg>
<arg>shell=True</arg>
<doc>Runs a process and waits for it to complete.</doc>
<msg timestamp="20240222 16:05:34.946" level="INFO">Starting process:
./dist/caddy-put-security-linux-x86_64 list-modules</msg>
<msg timestamp="20240222 16:05:34.948" level="INFO">Waiting for process to complete.</msg>
<msg timestamp="20240222 16:05:34.993" level="INFO">Process completed.</msg>
<msg timestamp="20240222 16:05:34.993" level="INFO">${result} = &lt;result object with rc 0&gt;</msg>
<status status="PASS" starttime="20240222 16:05:34.946" endtime="20240222 16:05:34.993"/>
</kw>
<if>
<branch type="IF" condition="${result.rc} != 0">
<kw name="Log Many" library="BuiltIn">
<arg>${result.stderr}</arg>
<arg>${result.stdout}</arg>
<doc>Logs the given messages as separate entries using the INFO level.</doc>
<status status="NOT RUN" starttime="20240222 16:05:34.994" endtime="20240222 16:05:34.994"/>
</kw>
<status status="NOT RUN" starttime="20240222 16:05:34.993" endtime="20240222 16:05:34.994"/>
</branch>
<status status="PASS" starttime="20240222 16:05:34.993" endtime="20240222 16:05:34.994"/>
</if>
<kw name="Should Be Equal As Integers" library="BuiltIn">
<arg>${result.rc}</arg>
<arg>0</arg>
<doc>Fails if objects are unequal after converting them to integers.</doc>
<msg timestamp="20240222 16:05:34.995" level="INFO">Argument types are:
&lt;class 'int'&gt;
&lt;class 'str'&gt;</msg>
<status status="PASS" starttime="20240222 16:05:34.994" endtime="20240222 16:05:34.995"/>
</kw>
<return>
<value>${result}</value>
<status status="PASS" starttime="20240222 16:05:34.995" endtime="20240222 16:05:34.995"/>
</return>
<status status="PASS" starttime="20240222 16:05:34.946" endtime="20240222 16:05:34.995"/>
</kw>
<status status="PASS" starttime="20240222 16:05:34.945" endtime="20240222 16:05:34.995"/>
</iter>
<status status="PASS" starttime="20240222 16:05:34.914" endtime="20240222 16:05:34.995"/>
</for>
<doc>Verifies that all the built binaries in the 'dist/'
subdirectory execute successfully.</doc>
<status status="PASS" starttime="20240222 16:05:34.912" endtime="20240222 16:05:34.995"/>
</test>
<doc>Verifies the build process of distribution binaries and
ensures that the built binaries execute successfully.</doc>
<status status="PASS" starttime="20240222 16:03:32.762" endtime="20240222 16:05:34.996"/>
</suite>
<suite id="s1-s6" name="006 Summary" source="/w/e2e_tests/006_summary.robot">
<test id="s1-s6-t1" name="Collate code coverage reports" line="11">
<kw name="Get Coverage Filename From Suite Source" library="keywords">
<var>${cov_path}</var>
<var>${cov_filename}</var>
<doc>Splits `/w/e2e_tests/006_summary.robot` into path and filename. Constructs a
path to the coverage file in `/w/e2e_tests/results`. Returns the coverage full file
path and the coverage filename separately.</doc>
<kw name="Split Path" library="OperatingSystem">
<var>${path}</var>
<var>${suite_filename}</var>
<arg>${SUITE SOURCE}</arg>
<doc>Splits the given path from the last path separator (``/`` or ``\``).</doc>
<msg timestamp="20240222 16:05:35.001" level="INFO">${path} = /w/e2e_tests</msg>
<msg timestamp="20240222 16:05:35.001" level="INFO">${suite_filename} = 006_summary.robot</msg>
<status status="PASS" starttime="20240222 16:05:35.001" endtime="20240222 16:05:35.001"/>
</kw>
<kw name="Split Extension" library="OperatingSystem">
<var>${suite_name}</var>
<var>${ext}</var>
<arg>${suite_filename}</arg>
<doc>Splits the extension from the given path.</doc>
<msg timestamp="20240222 16:05:35.001" level="INFO">${suite_name} = 006_summary</msg>
<msg timestamp="20240222 16:05:35.001" level="INFO">${ext} = robot</msg>
<status status="PASS" starttime="20240222 16:05:35.001" endtime="20240222 16:05:35.001"/>
</kw>
<kw name="Join Path" library="OperatingSystem">
<var>${cov_path}</var>
<arg>${OUTPUT DIR}</arg>
<arg>${suite_name}.coverage</arg>
<doc>Joins the given path part(s) to the given base path.</doc>
<msg timestamp="20240222 16:05:35.001" level="INFO">${cov_path} = /w/e2e_tests/results/006_summary.coverage</msg>
<status status="PASS" starttime="20240222 16:05:35.001" endtime="20240222 16:05:35.001"/>
</kw>
<return>
<value>${cov_path}</value>
<value>${suite_name}.coverage</value>
<status status="PASS" starttime="20240222 16:05:35.001" endtime="20240222 16:05:35.001"/>
</return>
<msg timestamp="20240222 16:05:35.002" level="INFO">${cov_path} = /w/e2e_tests/results/006_summary.coverage</msg>
<msg timestamp="20240222 16:05:35.002" level="INFO">${cov_filename} = 006_summary.coverage</msg>
<status status="PASS" starttime="20240222 16:05:35.000" endtime="20240222 16:05:35.002"/>
</kw>
<kw name="Expect Successful Execution" library="keywords">
<arg>go run cmd/gocovmerge/gocovmerge.go ${OUTPUT DIR}/*.coverage &gt; ${cov_path}</arg>
<doc>Runs a ${command} and expects it to succeed. ${command}
should be a string representing the shell command.</doc>
<kw name="Run Process" library="Process">
<var>${result}</var>
<arg>${command}</arg>
<arg>shell=True</arg>
<doc>Runs a process and waits for it to complete.</doc>
<msg timestamp="20240222 16:05:35.003" level="INFO">Starting process:
go run cmd/gocovmerge/gocovmerge.go /w/e2e_tests/results/*.coverage &gt; /w/e2e_tests/results/006_summary.coverage</msg>
<msg timestamp="20240222 16:05:35.005" level="INFO">Waiting for process to complete.</msg>
<msg timestamp="20240222 16:05:35.123" level="INFO">Process completed.</msg>
<msg timestamp="20240222 16:05:35.123" level="INFO">${result} = &lt;result object with rc 0&gt;</msg>
<status status="PASS" starttime="20240222 16:05:35.003" endtime="20240222 16:05:35.123"/>
</kw>
<if>
<branch type="IF" condition="${result.rc} != 0">
<kw name="Log Many" library="BuiltIn">
<arg>${result.stderr}</arg>
<arg>${result.stdout}</arg>
<doc>Logs the given messages as separate entries using the INFO level.</doc>
<status status="NOT RUN" starttime="20240222 16:05:35.124" endtime="20240222 16:05:35.124"/>
</kw>
<status status="NOT RUN" starttime="20240222 16:05:35.124" endtime="20240222 16:05:35.124"/>
</branch>
<status status="PASS" starttime="20240222 16:05:35.123" endtime="20240222 16:05:35.124"/>
</if>
<kw name="Should Be Equal As Integers" library="BuiltIn">
<arg>${result.rc}</arg>
<arg>0</arg>
<doc>Fails if objects are unequal after converting them to integers.</doc>
<msg timestamp="20240222 16:05:35.125" level="INFO">Argument types are:
&lt;class 'int'&gt;
&lt;class 'str'&gt;</msg>
<status status="PASS" starttime="20240222 16:05:35.124" endtime="20240222 16:05:35.125"/>
</kw>
<return>
<value>${result}</value>
<status status="PASS" starttime="20240222 16:05:35.125" endtime="20240222 16:05:35.125"/>
</return>
<status status="PASS" starttime="20240222 16:05:35.002" endtime="20240222 16:05:35.125"/>
</kw>
<kw name="Generate Coverage Report" library="keywords">
<doc>Generate coverage report from generated files</doc>
<kw name="Get Coverage Filename From Suite Source" library="keywords">
<var>${cov_path}</var>
<var>${cov_filename}</var>
<doc>Splits `/w/e2e_tests/006_summary.robot` into path and filename. Constructs a
path to the coverage file in `/w/e2e_tests/results`. Returns the coverage full file
path and the coverage filename separately.</doc>
<kw name="Split Path" library="OperatingSystem">
<var>${path}</var>
<var>${suite_filename}</var>
<arg>${SUITE SOURCE}</arg>
<doc>Splits the given path from the last path separator (``/`` or ``\``).</doc>
<msg timestamp="20240222 16:05:35.126" level="INFO">${path} = /w/e2e_tests</msg>
<msg timestamp="20240222 16:05:35.126" level="INFO">${suite_filename} = 006_summary.robot</msg>
<status status="PASS" starttime="20240222 16:05:35.126" endtime="20240222 16:05:35.126"/>
</kw>
<kw name="Split Extension" library="OperatingSystem">
<var>${suite_name}</var>
<var>${ext}</var>
<arg>${suite_filename}</arg>
<doc>Splits the extension from the given path.</doc>
<msg timestamp="20240222 16:05:35.126" level="INFO">${suite_name} = 006_summary</msg>
<msg timestamp="20240222 16:05:35.126" level="INFO">${ext} = robot</msg>
<status status="PASS" starttime="20240222 16:05:35.126" endtime="20240222 16:05:35.126"/>
</kw>
<kw name="Join Path" library="OperatingSystem">
<var>${cov_path}</var>
<arg>${OUTPUT DIR}</arg>
<arg>${suite_name}.coverage</arg>
<doc>Joins the given path part(s) to the given base path.</doc>
<msg timestamp="20240222 16:05:35.126" level="INFO">${cov_path} = /w/e2e_tests/results/006_summary.coverage</msg>
<status status="PASS" starttime="20240222 16:05:35.126" endtime="20240222 16:05:35.126"/>
</kw>
<return>
<value>${cov_path}</value>
<value>${suite_name}.coverage</value>
<status status="PASS" starttime="20240222 16:05:35.126" endtime="20240222 16:05:35.126"/>
</return>
<msg timestamp="20240222 16:05:35.126" level="INFO">${cov_path} = /w/e2e_tests/results/006_summary.coverage</msg>
<msg timestamp="20240222 16:05:35.126" level="INFO">${cov_filename} = 006_summary.coverage</msg>
<status status="PASS" starttime="20240222 16:05:35.125" endtime="20240222 16:05:35.126"/>
</kw>
<kw name="Run Keyword And Return Status" library="BuiltIn">
<var>${dir_exists}</var>
<arg>Directory Should Exist</arg>
<arg>${OUTPUT DIR}/go-coverage</arg>
<doc>Runs the given keyword with given arguments and returns the status as a Boolean value.</doc>
<kw name="Directory Should Exist" library="OperatingSystem">
<arg>${OUTPUT DIR}/go-coverage</arg>
<doc>Fails unless the given path points to an existing directory.</doc>
<msg timestamp="20240222 16:05:35.127" level="FAIL">Directory '/w/e2e_tests/results/go-coverage' does not exist.</msg>
<status status="FAIL" starttime="20240222 16:05:35.127" endtime="20240222 16:05:35.127"/>
</kw>
<msg timestamp="20240222 16:05:35.127" level="INFO">${dir_exists} = False</msg>
<status status="PASS" starttime="20240222 16:05:35.126" endtime="20240222 16:05:35.127"/>
</kw>
<if>
<branch type="IF" condition="${dir_exists}">
<kw name="List Files In Directory" library="OperatingSystem">
<var>${dir_contents}</var>
<arg>${OUTPUT DIR}/go-coverage</arg>
<doc>Wrapper for `List Directory` that returns only files.</doc>
<status status="NOT RUN" starttime="20240222 16:05:35.127" endtime="20240222 16:05:35.127"/>
</kw>
<status status="NOT RUN" starttime="20240222 16:05:35.127" endtime="20240222 16:05:35.127"/>
</branch>
<branch type="ELSE">
<kw name="Set Variable" library="BuiltIn">
<var>${dir_contents}</var>
<arg>${None}</arg>
<doc>Returns the given values which can then be assigned to a variables.</doc>
<msg timestamp="20240222 16:05:35.127" level="INFO">${dir_contents} = None</msg>
<status status="PASS" starttime="20240222 16:05:35.127" endtime="20240222 16:05:35.127"/>
</kw>
<status status="PASS" starttime="20240222 16:05:35.127" endtime="20240222 16:05:35.127"/>
</branch>
<status status="PASS" starttime="20240222 16:05:35.127" endtime="20240222 16:05:35.127"/>
</if>
<if>
<branch type="IF" condition="${dir_contents}">
<kw name="Convert Coverage Fragments" library="keywords">
<arg>${cov_path}</arg>
<doc>Convert coverage fragments (from a go run/build -cover execution) into
a single file</doc>
<status status="NOT RUN" starttime="20240222 16:05:35.128" endtime="20240222 16:05:35.128"/>
</kw>
<status status="NOT RUN" starttime="20240222 16:05:35.128" endtime="20240222 16:05:35.128"/>
</branch>
<status status="PASS" starttime="20240222 16:05:35.128" endtime="20240222 16:05:35.128"/>
</if>
<kw name="Expect Successful Execution" library="keywords">
<arg>go tool cover -html\=${cov_path} -o\=${cov_path}.html</arg>
<doc>Runs a ${command} and expects it to succeed. ${command}
should be a string representing the shell command.</doc>
<kw name="Run Process" library="Process">
<var>${result}</var>
<arg>${command}</arg>
<arg>shell=True</arg>
<doc>Runs a process and waits for it to complete.</doc>
<msg timestamp="20240222 16:05:35.129" level="INFO">Starting process:
go tool cover -html=/w/e2e_tests/results/006_summary.coverage -o=/w/e2e_tests/results/006_summary.coverage.html</msg>
<msg timestamp="20240222 16:05:35.131" level="INFO">Waiting for process to complete.</msg>
<msg timestamp="20240222 16:05:35.368" level="INFO">Process completed.</msg>
<msg timestamp="20240222 16:05:35.369" level="INFO">${result} = &lt;result object with rc 0&gt;</msg>
<status status="PASS" starttime="20240222 16:05:35.129" endtime="20240222 16:05:35.369"/>
</kw>
<if>
<branch type="IF" condition="${result.rc} != 0">
<kw name="Log Many" library="BuiltIn">
<arg>${result.stderr}</arg>
<arg>${result.stdout}</arg>
<doc>Logs the given messages as separate entries using the INFO level.</doc>
<status status="NOT RUN" starttime="20240222 16:05:35.370" endtime="20240222 16:05:35.370"/>
</kw>
<status status="NOT RUN" starttime="20240222 16:05:35.369" endtime="20240222 16:05:35.370"/>
</branch>
<status status="PASS" starttime="20240222 16:05:35.369" endtime="20240222 16:05:35.370"/>
</if>
<kw name="Should Be Equal As Integers" library="BuiltIn">
<arg>${result.rc}</arg>
<arg>0</arg>
<doc>Fails if objects are unequal after converting them to integers.</doc>
<msg timestamp="20240222 16:05:35.370" level="INFO">Argument types are:
&lt;class 'int'&gt;
&lt;class 'str'&gt;</msg>
<status status="PASS" starttime="20240222 16:05:35.370" endtime="20240222 16:05:35.370"/>
</kw>
<return>
<value>${result}</value>
<status status="PASS" starttime="20240222 16:05:35.370" endtime="20240222 16:05:35.370"/>
</return>
<status status="PASS" starttime="20240222 16:05:35.128" endtime="20240222 16:05:35.371"/>
</kw>
<kw name="Expect Successful Execution" library="keywords">
<var>${result}</var>
<arg>go tool cover -func\=${cov_path}</arg>
<doc>Runs a ${command} and expects it to succeed. ${command}
should be a string representing the shell command.</doc>
<kw name="Run Process" library="Process">
<var>${result}</var>
<arg>${command}</arg>
<arg>shell=True</arg>
<doc>Runs a process and waits for it to complete.</doc>
<msg timestamp="20240222 16:05:35.372" level="INFO">Starting process:
go tool cover -func=/w/e2e_tests/results/006_summary.coverage</msg>
<msg timestamp="20240222 16:05:35.375" level="INFO">Waiting for process to complete.</msg>
<msg timestamp="20240222 16:05:35.618" level="INFO">Process completed.</msg>
<msg timestamp="20240222 16:05:35.618" level="INFO">${result} = &lt;result object with rc 0&gt;</msg>
<status status="PASS" starttime="20240222 16:05:35.372" endtime="20240222 16:05:35.618"/>
</kw>
<if>
<branch type="IF" condition="${result.rc} != 0">
<kw name="Log Many" library="BuiltIn">
<arg>${result.stderr}</arg>
<arg>${result.stdout}</arg>
<doc>Logs the given messages as separate entries using the INFO level.</doc>
<status status="NOT RUN" starttime="20240222 16:05:35.619" endtime="20240222 16:05:35.619"/>
</kw>
<status status="NOT RUN" starttime="20240222 16:05:35.618" endtime="20240222 16:05:35.619"/>
</branch>
<status status="PASS" starttime="20240222 16:05:35.618" endtime="20240222 16:05:35.619"/>
</if>
<kw name="Should Be Equal As Integers" library="BuiltIn">
<arg>${result.rc}</arg>
<arg>0</arg>
<doc>Fails if objects are unequal after converting them to integers.</doc>
<msg timestamp="20240222 16:05:35.620" level="INFO">Argument types are:
&lt;class 'int'&gt;
&lt;class 'str'&gt;</msg>
<status status="PASS" starttime="20240222 16:05:35.619" endtime="20240222 16:05:35.620"/>
</kw>
<return>
<value>${result}</value>
<status status="PASS" starttime="20240222 16:05:35.620" endtime="20240222 16:05:35.620"/>
</return>
<msg timestamp="20240222 16:05:35.620" level="INFO">${result} = &lt;result object with rc 0&gt;</msg>
<status status="PASS" starttime="20240222 16:05:35.371" endtime="20240222 16:05:35.620"/>
</kw>
<kw name="Get Regexp Matches" library="String">
<var>${percent}</var>
<arg>${result.stdout}</arg>
<arg>total:.*?([0-9.]+%)$</arg>
<arg>1</arg>
<doc>Returns a list of all non-overlapping matches in the given string.</doc>
<msg timestamp="20240222 16:05:35.620" level="INFO">${percent} = ['82.6%']</msg>
<status status="PASS" starttime="20240222 16:05:35.620" endtime="20240222 16:05:35.620"/>
</kw>
<kw name="Set Suite Metadata" library="BuiltIn">
<arg>Code coverage</arg>
<arg>${percent[0]} [${cov_filename}.html|HTML Report] | [${cov_filename}|Coverage file]</arg>
<doc>Sets metadata for the current test suite.</doc>
<msg timestamp="20240222 16:05:35.621" level="INFO">Set suite metadata 'Code coverage' to value '82.6% [006_summary.coverage.html|HTML Report] | [006_summary.coverage|Coverage file]'.</msg>
<status status="PASS" starttime="20240222 16:05:35.620" endtime="20240222 16:05:35.621"/>
</kw>
<status status="PASS" starttime="20240222 16:05:35.125" endtime="20240222 16:05:35.621"/>
</kw>
<doc>Combine all code coverage profiles into one.</doc>
<status status="PASS" starttime="20240222 16:05:35.000" endtime="20240222 16:05:35.621"/>
</test>
<doc>Aggregate multiple code coverage reports into a single report.
It leverages the gocovmerge utility, a Go tool that merges multiple
coverage profiles. The suite utilizes keywords defined in the
resources/keywords.robot file.</doc>
<meta name="Code coverage">82.6% [006_summary.coverage.html|HTML Report] | [006_summary.coverage|Coverage file]</meta>
<status status="PASS" starttime="20240222 16:05:34.997" endtime="20240222 16:05:35.621"/>
</suite>
<status status="PASS" starttime="20240222 16:02:17.218" endtime="20240222 16:05:35.623"/>
</suite>
<statistics>
<total>
<stat pass="17" fail="0" skip="0">All Tests</stat>
</total>
<tag>
</tag>
<suite>
<stat pass="17" fail="0" skip="0" id="s1" name="E2E Tests">E2E Tests</stat>
<stat pass="3" fail="0" skip="0" id="s1-s1" name="001 Source Code">E2E Tests.001 Source Code</stat>
<stat pass="2" fail="0" skip="0" id="s1-s2" name="002 Unit Tests">E2E Tests.002 Unit Tests</stat>
<stat pass="5" fail="0" skip="0" id="s1-s3" name="003 Configuration">E2E Tests.003 Configuration</stat>
<stat pass="4" fail="0" skip="0" id="s1-s4" name="004 Requests">E2E Tests.004 Requests</stat>
<stat pass="2" fail="0" skip="0" id="s1-s5" name="005 Binaries">E2E Tests.005 Binaries</stat>
<stat pass="1" fail="0" skip="0" id="s1-s6" name="006 Summary">E2E Tests.006 Summary</stat>
</suite>
</statistics>
<errors>
</errors>
</robot>
