<?xml version="1.0" encoding="UTF-8"?>
<robot generator="Robot 6.1 (Python 3.11.2 on linux)" generated="20230711 09:37:04.688" rpa="false" schemaversion="4">
<suite id="s1" name="E2E Tests" source="/w/e2e_tests">
<suite id="s1-s1" name="001 Source Code" source="/w/e2e_tests/001_source_code.robot">
<test id="s1-s1-t1" name="Golang" line="8">
<kw name="Expect Successful Execution" library="keywords">
<arg>make lint-go</arg>
<doc>Runs a ${command} and expects it to succeed. ${command}
should be a string representing the shell command.</doc>
<kw name="Run Process" library="Process">
<var>${result}</var>
<arg>${command}</arg>
<arg>shell=True</arg>
<doc>Runs a process and waits for it to complete.</doc>
<msg timestamp="20230711 09:37:04.773" level="INFO">Starting process:
make lint-go</msg>
<msg timestamp="20230711 09:37:04.776" level="INFO">Waiting for process to complete.</msg>
<msg timestamp="20230711 09:38:35.632" level="INFO">Process completed.</msg>
<msg timestamp="20230711 09:38:35.632" level="INFO">${result} = &lt;result object with rc 0&gt;</msg>
<status status="PASS" starttime="20230711 09:37:04.773" endtime="20230711 09:38:35.632"/>
</kw>
<if>
<branch type="IF" condition="${result.rc} != 0">
<kw name="Log Many" library="BuiltIn">
<arg>${result.stderr}</arg>
<arg>${result.stdout}</arg>
<doc>Logs the given messages as separate entries using the INFO level.</doc>
<status status="NOT RUN" starttime="20230711 09:38:35.633" endtime="20230711 09:38:35.633"/>
</kw>
<status status="NOT RUN" starttime="20230711 09:38:35.632" endtime="20230711 09:38:35.634"/>
</branch>
<status status="PASS" starttime="20230711 09:38:35.632" endtime="20230711 09:38:35.634"/>
</if>
<kw name="Should Be Equal As Integers" library="BuiltIn">
<arg>${result.rc}</arg>
<arg>0</arg>
<doc>Fails if objects are unequal after converting them to integers.</doc>
<msg timestamp="20230711 09:38:35.634" level="INFO">Argument types are:
&lt;class 'int'&gt;
&lt;class 'str'&gt;</msg>
<status status="PASS" starttime="20230711 09:38:35.634" endtime="20230711 09:38:35.634"/>
</kw>
<return>
<value>${result}</value>
<status status="PASS" starttime="20230711 09:38:35.634" endtime="20230711 09:38:35.635"/>
</return>
<status status="PASS" starttime="20230711 09:37:04.773" endtime="20230711 09:38:35.635"/>
</kw>
<doc>Lint Golang code</doc>
<status status="PASS" starttime="20230711 09:37:04.771" endtime="20230711 09:38:35.635"/>
</test>
<test id="s1-s1-t2" name="Robot Framework" line="12">
<kw name="Expect Successful Execution" library="keywords">
<arg>make lint-robot</arg>
<doc>Runs a ${command} and expects it to succeed. ${command}
should be a string representing the shell command.</doc>
<kw name="Run Process" library="Process">
<var>${result}</var>
<arg>${command}</arg>
<arg>shell=True</arg>
<doc>Runs a process and waits for it to complete.</doc>
<msg timestamp="20230711 09:38:35.637" level="INFO">Starting process:
make lint-robot</msg>
<msg timestamp="20230711 09:38:35.641" level="INFO">Waiting for process to complete.</msg>
<msg timestamp="20230711 09:38:36.399" level="INFO">Process completed.</msg>
<msg timestamp="20230711 09:38:36.400" level="INFO">${result} = &lt;result object with rc 0&gt;</msg>
<status status="PASS" starttime="20230711 09:38:35.637" endtime="20230711 09:38:36.400"/>
</kw>
<if>
<branch type="IF" condition="${result.rc} != 0">
<kw name="Log Many" library="BuiltIn">
<arg>${result.stderr}</arg>
<arg>${result.stdout}</arg>
<doc>Logs the given messages as separate entries using the INFO level.</doc>
<status status="NOT RUN" starttime="20230711 09:38:36.401" endtime="20230711 09:38:36.401"/>
</kw>
<status status="NOT RUN" starttime="20230711 09:38:36.400" endtime="20230711 09:38:36.401"/>
</branch>
<status status="PASS" starttime="20230711 09:38:36.400" endtime="20230711 09:38:36.401"/>
</if>
<kw name="Should Be Equal As Integers" library="BuiltIn">
<arg>${result.rc}</arg>
<arg>0</arg>
<doc>Fails if objects are unequal after converting them to integers.</doc>
<msg timestamp="20230711 09:38:36.402" level="INFO">Argument types are:
&lt;class 'int'&gt;
&lt;class 'str'&gt;</msg>
<status status="PASS" starttime="20230711 09:38:36.401" endtime="20230711 09:38:36.402"/>
</kw>
<return>
<value>${result}</value>
<status status="PASS" starttime="20230711 09:38:36.402" endtime="20230711 09:38:36.402"/>
</return>
<status status="PASS" starttime="20230711 09:38:35.636" endtime="20230711 09:38:36.402"/>
</kw>
<doc>Lint Robot Framework code</doc>
<status status="PASS" starttime="20230711 09:38:35.635" endtime="20230711 09:38:36.402"/>
</test>
<test id="s1-s1-t3" name="Python" line="16">
<kw name="Expect Successful Execution" library="keywords">
<arg>make lint-python</arg>
<doc>Runs a ${command} and expects it to succeed. ${command}
should be a string representing the shell command.</doc>
<kw name="Run Process" library="Process">
<var>${result}</var>
<arg>${command}</arg>
<arg>shell=True</arg>
<doc>Runs a process and waits for it to complete.</doc>
<msg timestamp="20230711 09:38:36.405" level="INFO">Starting process:
make lint-python</msg>
<msg timestamp="20230711 09:38:36.408" level="INFO">Waiting for process to complete.</msg>
<msg timestamp="20230711 09:38:38.510" level="INFO">Process completed.</msg>
<msg timestamp="20230711 09:38:38.511" level="INFO">${result} = &lt;result object with rc 0&gt;</msg>
<status status="PASS" starttime="20230711 09:38:36.405" endtime="20230711 09:38:38.511"/>
</kw>
<if>
<branch type="IF" condition="${result.rc} != 0">
<kw name="Log Many" library="BuiltIn">
<arg>${result.stderr}</arg>
<arg>${result.stdout}</arg>
<doc>Logs the given messages as separate entries using the INFO level.</doc>
<status status="NOT RUN" starttime="20230711 09:38:38.512" endtime="20230711 09:38:38.512"/>
</kw>
<status status="NOT RUN" starttime="20230711 09:38:38.511" endtime="20230711 09:38:38.512"/>
</branch>
<status status="PASS" starttime="20230711 09:38:38.511" endtime="20230711 09:38:38.512"/>
</if>
<kw name="Should Be Equal As Integers" library="BuiltIn">
<arg>${result.rc}</arg>
<arg>0</arg>
<doc>Fails if objects are unequal after converting them to integers.</doc>
<msg timestamp="20230711 09:38:38.513" level="INFO">Argument types are:
&lt;class 'int'&gt;
&lt;class 'str'&gt;</msg>
<status status="PASS" starttime="20230711 09:38:38.512" endtime="20230711 09:38:38.513"/>
</kw>
<return>
<value>${result}</value>
<status status="PASS" starttime="20230711 09:38:38.513" endtime="20230711 09:38:38.513"/>
</return>
<status status="PASS" starttime="20230711 09:38:36.405" endtime="20230711 09:38:38.513"/>
</kw>
<doc>Lint Python code</doc>
<status status="PASS" starttime="20230711 09:38:36.403" endtime="20230711 09:38:38.513"/>
</test>
<doc>This test suite performs code linting for different languages.</doc>
<status status="PASS" starttime="20230711 09:37:04.704" endtime="20230711 09:38:38.514"/>
</suite>
<suite id="s1-s2" name="002 Unit Tests" source="/w/e2e_tests/002_unit_tests.robot">
<kw name="Suite Setup" library="keywords" type="SETUP">
<doc>Ensure there is a directory for coverage files</doc>
<kw name="Create Directory" library="OperatingSystem">
<arg>${OUTPUT DIR}/go-coverage</arg>
<doc>Creates the specified directory.</doc>
<msg timestamp="20230711 09:38:38.520" level="INFO" html="true">Created directory '&lt;a href="file:///w/e2e_tests/results/go-coverage"&gt;/w/e2e_tests/results/go-coverage&lt;/a&gt;'.</msg>
<status status="PASS" starttime="20230711 09:38:38.520" endtime="20230711 09:38:38.520"/>
</kw>
<status status="PASS" starttime="20230711 09:38:38.519" endtime="20230711 09:38:38.520"/>
</kw>
<test id="s1-s2-t1" name="Unit tests" line="12">
<kw name="Get Coverage Filename From Suite Source" library="keywords">
<var>${cov_path}</var>
<var>${cov_filename}</var>
<doc>Splits `/w/e2e_tests/002_unit_tests.robot` into path and filename. Constructs a
path to the coverage file in `/w/e2e_tests/results`. Returns the coverage full file
path and the coverage filename separately.</doc>
<kw name="Split Path" library="OperatingSystem">
<var>${path}</var>
<var>${suite_filename}</var>
<arg>${SUITE SOURCE}</arg>
<doc>Splits the given path from the last path separator (``/`` or ``\``).</doc>
<msg timestamp="20230711 09:38:38.521" level="INFO">${path} = /w/e2e_tests</msg>
<msg timestamp="20230711 09:38:38.521" level="INFO">${suite_filename} = 002_unit_tests.robot</msg>
<status status="PASS" starttime="20230711 09:38:38.521" endtime="20230711 09:38:38.521"/>
</kw>
<kw name="Split Extension" library="OperatingSystem">
<var>${suite_name}</var>
<var>${ext}</var>
<arg>${suite_filename}</arg>
<doc>Splits the extension from the given path.</doc>
<msg timestamp="20230711 09:38:38.522" level="INFO">${suite_name} = 002_unit_tests</msg>
<msg timestamp="20230711 09:38:38.522" level="INFO">${ext} = robot</msg>
<status status="PASS" starttime="20230711 09:38:38.521" endtime="20230711 09:38:38.522"/>
</kw>
<kw name="Join Path" library="OperatingSystem">
<var>${cov_path}</var>
<arg>${OUTPUT DIR}</arg>
<arg>${suite_name}.coverage</arg>
<doc>Joins the given path part(s) to the given base path.</doc>
<msg timestamp="20230711 09:38:38.522" level="INFO">${cov_path} = /w/e2e_tests/results/002_unit_tests.coverage</msg>
<status status="PASS" starttime="20230711 09:38:38.522" endtime="20230711 09:38:38.522"/>
</kw>
<return>
<value>${cov_path}</value>
<value>${suite_name}.coverage</value>
<status status="PASS" starttime="20230711 09:38:38.522" endtime="20230711 09:38:38.522"/>
</return>
<msg timestamp="20230711 09:38:38.522" level="INFO">${cov_path} = /w/e2e_tests/results/002_unit_tests.coverage</msg>
<msg timestamp="20230711 09:38:38.522" level="INFO">${cov_filename} = 002_unit_tests.coverage</msg>
<status status="PASS" starttime="20230711 09:38:38.521" endtime="20230711 09:38:38.522"/>
</kw>
<kw name="Run Process" library="Process">
<var>${result}</var>
<arg>go test ./... -v -coverprofile\=${cov_path} -covermode\=set</arg>
<arg>shell=True</arg>
<doc>Runs a process and waits for it to complete.</doc>
<msg timestamp="20230711 09:38:38.523" level="INFO">Starting process:
go test ./... -v -coverprofile=/w/e2e_tests/results/002_unit_tests.coverage -covermode=set</msg>
<msg timestamp="20230711 09:38:38.525" level="INFO">Waiting for process to complete.</msg>
<msg timestamp="20230711 09:38:52.184" level="INFO">Process completed.</msg>
<msg timestamp="20230711 09:38:52.184" level="INFO">${result} = &lt;result object with rc 0&gt;</msg>
<status status="PASS" starttime="20230711 09:38:38.522" endtime="20230711 09:38:52.184"/>
</kw>
<kw name="Log Many" library="BuiltIn">
<arg>${result.stdout}</arg>
<arg>${result.stderr}</arg>
<doc>Logs the given messages as separate entries using the INFO level.</doc>
<msg timestamp="20230711 09:38:52.186" level="INFO">=== RUN   TestServeHTTP
{"level":"info","ts":1689068329.8329003,"logger":"http.handlers.http_put","msg":"upload information","r.URL.Path":"/myfile.txt","h.UploadDir":"/tmp/TestServeHTTP3336501118/001","h.RoutePrefix":"","uploadDiskPath":"/tmp/TestServeHTTP3336501118/001/myfile.txt","uploadFilePath":"/myfile.txt"}
--- PASS: TestServeHTTP (0.00s)
=== RUN   TestParseCaddyfile
--- PASS: TestParseCaddyfile (0.00s)
PASS
	github.com/madworx/caddy-put-upload	coverage: 73.3% of statements
ok  	github.com/madworx/caddy-put-upload	0.013s	coverage: 73.3% of statements
?   	github.com/madworx/caddy-put-upload/cmd/caddy	[no test files]
?   	github.com/madworx/caddy-put-upload/cmd/gocovmerge	[no test files]
?   	github.com/madworx/caddy-put-upload/e2e_tests/resources	[no test files]</msg>
<msg timestamp="20230711 09:38:52.186" level="INFO"/>
<status status="PASS" starttime="20230711 09:38:52.185" endtime="20230711 09:38:52.186"/>
</kw>
<kw name="Should Be Equal As Integers" library="BuiltIn">
<arg>${result.rc}</arg>
<arg>0</arg>
<doc>Fails if objects are unequal after converting them to integers.</doc>
<msg timestamp="20230711 09:38:52.187" level="INFO">Argument types are:
&lt;class 'int'&gt;
&lt;class 'str'&gt;</msg>
<status status="PASS" starttime="20230711 09:38:52.186" endtime="20230711 09:38:52.187"/>
</kw>
<doc>Execute golang unit tests</doc>
<status status="PASS" starttime="20230711 09:38:38.520" endtime="20230711 09:38:52.187"/>
</test>
<test id="s1-s2-t2" name="Failing unit tests should be detected" line="21">
<kw name="Copy File" library="OperatingSystem">
<arg>e2e_tests/resources/test_fail.go</arg>
<arg>fail_test.go</arg>
<doc>Copies the source file into the destination.</doc>
<msg timestamp="20230711 09:38:52.190" level="INFO" html="true">Copied file from '&lt;a href="file:///w/e2e_tests/resources/test_fail.go"&gt;/w/e2e_tests/resources/test_fail.go&lt;/a&gt;' to '&lt;a href="file:///w/fail_test.go"&gt;/w/fail_test.go&lt;/a&gt;'.</msg>
<status status="PASS" starttime="20230711 09:38:52.189" endtime="20230711 09:38:52.190"/>
</kw>
<kw name="Run Process" library="Process">
<var>${result}</var>
<arg>go test ./... -v</arg>
<arg>shell=True</arg>
<doc>Runs a process and waits for it to complete.</doc>
<msg timestamp="20230711 09:38:52.190" level="INFO">Starting process:
go test ./... -v</msg>
<msg timestamp="20230711 09:38:52.193" level="INFO">Waiting for process to complete.</msg>
<msg timestamp="20230711 09:38:54.036" level="INFO">Process completed.</msg>
<msg timestamp="20230711 09:38:54.036" level="INFO">${result} = &lt;result object with rc 1&gt;</msg>
<status status="PASS" starttime="20230711 09:38:52.190" endtime="20230711 09:38:54.036"/>
</kw>
<kw name="Log Many" library="BuiltIn">
<arg>${result.stdout}</arg>
<arg>${result.stderr}</arg>
<doc>Logs the given messages as separate entries using the INFO level.</doc>
<msg timestamp="20230711 09:38:54.038" level="INFO">?   	github.com/madworx/caddy-put-upload/cmd/caddy	[no test files]
=== RUN   TestFailure
--- FAIL: TestFailure (0.00s)
=== RUN   TestServeHTTP
{"level":"info","ts":1689068333.9814608,"logger":"http.handlers.http_put","msg":"upload information","r.URL.Path":"/myfile.txt","h.UploadDir":"/tmp/TestServeHTTP2643107227/001","h.RoutePrefix":"","uploadDiskPath":"/tmp/TestServeHTTP2643107227/001/myfile.txt","uploadFilePath":"/myfile.txt"}
--- PASS: TestServeHTTP (0.00s)
=== RUN   TestParseCaddyfile
--- PASS: TestParseCaddyfile (0.00s)
FAIL
FAIL	github.com/madworx/caddy-put-upload	0.013s
?   	github.com/madworx/caddy-put-upload/cmd/gocovmerge	[no test files]
?   	github.com/madworx/caddy-put-upload/e2e_tests/resources	[no test files]
FAIL</msg>
<msg timestamp="20230711 09:38:54.038" level="INFO"/>
<status status="PASS" starttime="20230711 09:38:54.037" endtime="20230711 09:38:54.038"/>
</kw>
<kw name="Should Be Equal As Integers" library="BuiltIn">
<arg>${result.rc}</arg>
<arg>1</arg>
<doc>Fails if objects are unequal after converting them to integers.</doc>
<msg timestamp="20230711 09:38:54.039" level="INFO">Argument types are:
&lt;class 'int'&gt;
&lt;class 'str'&gt;</msg>
<status status="PASS" starttime="20230711 09:38:54.038" endtime="20230711 09:38:54.039"/>
</kw>
<kw name="Remove File" library="OperatingSystem" type="TEARDOWN">
<arg>fail_test.go</arg>
<doc>Removes a file with the given path.</doc>
<msg timestamp="20230711 09:38:54.039" level="INFO" html="true">Removed file '&lt;a href="file:///w/fail_test.go"&gt;/w/fail_test.go&lt;/a&gt;'.</msg>
<status status="PASS" starttime="20230711 09:38:54.039" endtime="20230711 09:38:54.039"/>
</kw>
<doc>Ensure that we notice if unit tests start to fail</doc>
<status status="PASS" starttime="20230711 09:38:52.189" endtime="20230711 09:38:54.039"/>
</test>
<kw name="Suite Teardown" library="keywords" type="TEARDOWN">
<doc>Generate coverage report and remove coverage directory</doc>
<kw name="Generate Coverage Report" library="keywords">
<doc>Generate coverage report from generated files</doc>
<kw name="Get Coverage Filename From Suite Source" library="keywords">
<var>${cov_path}</var>
<var>${cov_filename}</var>
<doc>Splits `/w/e2e_tests/002_unit_tests.robot` into path and filename. Constructs a
path to the coverage file in `/w/e2e_tests/results`. Returns the coverage full file
path and the coverage filename separately.</doc>
<kw name="Split Path" library="OperatingSystem">
<var>${path}</var>
<var>${suite_filename}</var>
<arg>${SUITE SOURCE}</arg>
<doc>Splits the given path from the last path separator (``/`` or ``\``).</doc>
<msg timestamp="20230711 09:38:54.041" level="INFO">${path} = /w/e2e_tests</msg>
<msg timestamp="20230711 09:38:54.041" level="INFO">${suite_filename} = 002_unit_tests.robot</msg>
<status status="PASS" starttime="20230711 09:38:54.041" endtime="20230711 09:38:54.041"/>
</kw>
<kw name="Split Extension" library="OperatingSystem">
<var>${suite_name}</var>
<var>${ext}</var>
<arg>${suite_filename}</arg>
<doc>Splits the extension from the given path.</doc>
<msg timestamp="20230711 09:38:54.042" level="INFO">${suite_name} = 002_unit_tests</msg>
<msg timestamp="20230711 09:38:54.042" level="INFO">${ext} = robot</msg>
<status status="PASS" starttime="20230711 09:38:54.041" endtime="20230711 09:38:54.042"/>
</kw>
<kw name="Join Path" library="OperatingSystem">
<var>${cov_path}</var>
<arg>${OUTPUT DIR}</arg>
<arg>${suite_name}.coverage</arg>
<doc>Joins the given path part(s) to the given base path.</doc>
<msg timestamp="20230711 09:38:54.042" level="INFO">${cov_path} = /w/e2e_tests/results/002_unit_tests.coverage</msg>
<status status="PASS" starttime="20230711 09:38:54.042" endtime="20230711 09:38:54.042"/>
</kw>
<return>
<value>${cov_path}</value>
<value>${suite_name}.coverage</value>
<status status="PASS" starttime="20230711 09:38:54.042" endtime="20230711 09:38:54.042"/>
</return>
<msg timestamp="20230711 09:38:54.042" level="INFO">${cov_path} = /w/e2e_tests/results/002_unit_tests.coverage</msg>
<msg timestamp="20230711 09:38:54.042" level="INFO">${cov_filename} = 002_unit_tests.coverage</msg>
<status status="PASS" starttime="20230711 09:38:54.041" endtime="20230711 09:38:54.042"/>
</kw>
<kw name="Run Keyword And Return Status" library="BuiltIn">
<var>${dir_exists}</var>
<arg>Directory Should Exist</arg>
<arg>${OUTPUT DIR}/go-coverage</arg>
<doc>Runs the given keyword with given arguments and returns the status as a Boolean value.</doc>
<kw name="Directory Should Exist" library="OperatingSystem">
<arg>${OUTPUT DIR}/go-coverage</arg>
<doc>Fails unless the given path points to an existing directory.</doc>
<msg timestamp="20230711 09:38:54.043" level="INFO" html="true">Directory '&lt;a href="file:///w/e2e_tests/results/go-coverage"&gt;/w/e2e_tests/results/go-coverage&lt;/a&gt;' exists.</msg>
<status status="PASS" starttime="20230711 09:38:54.042" endtime="20230711 09:38:54.043"/>
</kw>
<msg timestamp="20230711 09:38:54.043" level="INFO">${dir_exists} = True</msg>
<status status="PASS" starttime="20230711 09:38:54.042" endtime="20230711 09:38:54.043"/>
</kw>
<if>
<branch type="IF" condition="${dir_exists}">
<kw name="List Files In Directory" library="OperatingSystem">
<var>${dir_contents}</var>
<arg>${OUTPUT DIR}/go-coverage</arg>
<doc>Wrapper for `List Directory` that returns only files.</doc>
<msg timestamp="20230711 09:38:54.043" level="INFO" html="true">Listing contents of directory '&lt;a href="file:///w/e2e_tests/results/go-coverage"&gt;/w/e2e_tests/results/go-coverage&lt;/a&gt;'.</msg>
<msg timestamp="20230711 09:38:54.043" level="INFO">0 files:
</msg>
<msg timestamp="20230711 09:38:54.043" level="INFO">${dir_contents} = []</msg>
<status status="PASS" starttime="20230711 09:38:54.043" endtime="20230711 09:38:54.043"/>
</kw>
<status status="PASS" starttime="20230711 09:38:54.043" endtime="20230711 09:38:54.043"/>
</branch>
<branch type="ELSE">
<kw name="Set Variable" library="BuiltIn">
<var>${dir_contents}</var>
<arg>${None}</arg>
<doc>Returns the given values which can then be assigned to a variables.</doc>
<status status="NOT RUN" starttime="20230711 09:38:54.043" endtime="20230711 09:38:54.043"/>
</kw>
<status status="NOT RUN" starttime="20230711 09:38:54.043" endtime="20230711 09:38:54.043"/>
</branch>
<status status="PASS" starttime="20230711 09:38:54.043" endtime="20230711 09:38:54.043"/>
</if>
<if>
<branch type="IF" condition="${dir_contents}">
<kw name="Convert Coverage Fragments" library="keywords">
<arg>${cov_path}</arg>
<doc>Convert coverage fragments (from a go run/build -cover execution) into
a single file</doc>
<status status="NOT RUN" starttime="20230711 09:38:54.044" endtime="20230711 09:38:54.044"/>
</kw>
<status status="NOT RUN" starttime="20230711 09:38:54.044" endtime="20230711 09:38:54.044"/>
</branch>
<status status="PASS" starttime="20230711 09:38:54.044" endtime="20230711 09:38:54.044"/>
</if>
<kw name="Expect Successful Execution" library="keywords">
<arg>go tool cover -html\=${cov_path} -o\=${cov_path}.html</arg>
<doc>Runs a ${command} and expects it to succeed. ${command}
should be a string representing the shell command.</doc>
<kw name="Run Process" library="Process">
<var>${result}</var>
<arg>${command}</arg>
<arg>shell=True</arg>
<doc>Runs a process and waits for it to complete.</doc>
<msg timestamp="20230711 09:38:54.045" level="INFO">Starting process:
go tool cover -html=/w/e2e_tests/results/002_unit_tests.coverage -o=/w/e2e_tests/results/002_unit_tests.coverage.html</msg>
<msg timestamp="20230711 09:38:54.048" level="INFO">Waiting for process to complete.</msg>
<msg timestamp="20230711 09:38:54.394" level="INFO">Process completed.</msg>
<msg timestamp="20230711 09:38:54.394" level="INFO">${result} = &lt;result object with rc 0&gt;</msg>
<status status="PASS" starttime="20230711 09:38:54.045" endtime="20230711 09:38:54.394"/>
</kw>
<if>
<branch type="IF" condition="${result.rc} != 0">
<kw name="Log Many" library="BuiltIn">
<arg>${result.stderr}</arg>
<arg>${result.stdout}</arg>
<doc>Logs the given messages as separate entries using the INFO level.</doc>
<status status="NOT RUN" starttime="20230711 09:38:54.395" endtime="20230711 09:38:54.395"/>
</kw>
<status status="NOT RUN" starttime="20230711 09:38:54.394" endtime="20230711 09:38:54.395"/>
</branch>
<status status="PASS" starttime="20230711 09:38:54.394" endtime="20230711 09:38:54.395"/>
</if>
<kw name="Should Be Equal As Integers" library="BuiltIn">
<arg>${result.rc}</arg>
<arg>0</arg>
<doc>Fails if objects are unequal after converting them to integers.</doc>
<msg timestamp="20230711 09:38:54.396" level="INFO">Argument types are:
&lt;class 'int'&gt;
&lt;class 'str'&gt;</msg>
<status status="PASS" starttime="20230711 09:38:54.395" endtime="20230711 09:38:54.396"/>
</kw>
<return>
<value>${result}</value>
<status status="PASS" starttime="20230711 09:38:54.396" endtime="20230711 09:38:54.396"/>
</return>
<status status="PASS" starttime="20230711 09:38:54.045" endtime="20230711 09:38:54.396"/>
</kw>
<kw name="Expect Successful Execution" library="keywords">
<var>${result}</var>
<arg>go tool cover -func\=${cov_path}</arg>
<doc>Runs a ${command} and expects it to succeed. ${command}
should be a string representing the shell command.</doc>
<kw name="Run Process" library="Process">
<var>${result}</var>
<arg>${command}</arg>
<arg>shell=True</arg>
<doc>Runs a process and waits for it to complete.</doc>
<msg timestamp="20230711 09:38:54.398" level="INFO">Starting process:
go tool cover -func=/w/e2e_tests/results/002_unit_tests.coverage</msg>
<msg timestamp="20230711 09:38:54.401" level="INFO">Waiting for process to complete.</msg>
<msg timestamp="20230711 09:38:54.742" level="INFO">Process completed.</msg>
<msg timestamp="20230711 09:38:54.742" level="INFO">${result} = &lt;result object with rc 0&gt;</msg>
<status status="PASS" starttime="20230711 09:38:54.398" endtime="20230711 09:38:54.742"/>
</kw>
<if>
<branch type="IF" condition="${result.rc} != 0">
<kw name="Log Many" library="BuiltIn">
<arg>${result.stderr}</arg>
<arg>${result.stdout}</arg>
<doc>Logs the given messages as separate entries using the INFO level.</doc>
<status status="NOT RUN" starttime="20230711 09:38:54.743" endtime="20230711 09:38:54.743"/>
</kw>
<status status="NOT RUN" starttime="20230711 09:38:54.742" endtime="20230711 09:38:54.743"/>
</branch>
<status status="PASS" starttime="20230711 09:38:54.742" endtime="20230711 09:38:54.743"/>
</if>
<kw name="Should Be Equal As Integers" library="BuiltIn">
<arg>${result.rc}</arg>
<arg>0</arg>
<doc>Fails if objects are unequal after converting them to integers.</doc>
<msg timestamp="20230711 09:38:54.744" level="INFO">Argument types are:
&lt;class 'int'&gt;
&lt;class 'str'&gt;</msg>
<status status="PASS" starttime="20230711 09:38:54.743" endtime="20230711 09:38:54.744"/>
</kw>
<return>
<value>${result}</value>
<status status="PASS" starttime="20230711 09:38:54.744" endtime="20230711 09:38:54.744"/>
</return>
<msg timestamp="20230711 09:38:54.744" level="INFO">${result} = &lt;result object with rc 0&gt;</msg>
<status status="PASS" starttime="20230711 09:38:54.397" endtime="20230711 09:38:54.744"/>
</kw>
<kw name="Get Regexp Matches" library="String">
<var>${percent}</var>
<arg>${result.stdout}</arg>
<arg>total:.*?([0-9.]+%)$</arg>
<arg>1</arg>
<doc>Returns a list of all non-overlapping matches in the given string.</doc>
<msg timestamp="20230711 09:38:54.745" level="INFO">${percent} = ['73.3%']</msg>
<status status="PASS" starttime="20230711 09:38:54.744" endtime="20230711 09:38:54.745"/>
</kw>
<kw name="Set Suite Metadata" library="BuiltIn">
<arg>Code coverage</arg>
<arg>${percent[0]} [${cov_filename}.html|HTML Report] | [${cov_filename}|Coverage file]</arg>
<doc>Sets metadata for the current test suite.</doc>
<msg timestamp="20230711 09:38:54.746" level="INFO">Set suite metadata 'Code coverage' to value '73.3% [002_unit_tests.coverage.html|HTML Report] | [002_unit_tests.coverage|Coverage file]'.</msg>
<status status="PASS" starttime="20230711 09:38:54.745" endtime="20230711 09:38:54.746"/>
</kw>
<status status="PASS" starttime="20230711 09:38:54.041" endtime="20230711 09:38:54.746"/>
</kw>
<kw name="Remove Directory" library="OperatingSystem">
<arg>${OUTPUT DIR}/go-coverage</arg>
<arg>recursive=True</arg>
<doc>Removes the directory pointed to by the given ``path``.</doc>
<msg timestamp="20230711 09:38:54.747" level="INFO" html="true">Removed directory '&lt;a href="file:///w/e2e_tests/results/go-coverage"&gt;/w/e2e_tests/results/go-coverage&lt;/a&gt;'.</msg>
<status status="PASS" starttime="20230711 09:38:54.746" endtime="20230711 09:38:54.747"/>
</kw>
<status status="PASS" starttime="20230711 09:38:54.040" endtime="20230711 09:38:54.747"/>
</kw>
<doc>Run native unit tests for the golang code and serves to aggregate
all test results into one report, also generating a coverage report.</doc>
<meta name="Code coverage">73.3% [002_unit_tests.coverage.html|HTML Report] | [002_unit_tests.coverage|Coverage file]</meta>
<status status="PASS" starttime="20230711 09:38:38.516" endtime="20230711 09:38:54.747"/>
</suite>
<suite id="s1-s3" name="003 Configuration" source="/w/e2e_tests/003_configuration.robot">
<kw name="Suite Setup" library="keywords" type="SETUP">
<doc>Ensure there is a directory for coverage files</doc>
<kw name="Create Directory" library="OperatingSystem">
<arg>${OUTPUT DIR}/go-coverage</arg>
<doc>Creates the specified directory.</doc>
<msg timestamp="20230711 09:38:54.752" level="INFO" html="true">Created directory '&lt;a href="file:///w/e2e_tests/results/go-coverage"&gt;/w/e2e_tests/results/go-coverage&lt;/a&gt;'.</msg>
<status status="PASS" starttime="20230711 09:38:54.752" endtime="20230711 09:38:54.752"/>
</kw>
<status status="PASS" starttime="20230711 09:38:54.752" endtime="20230711 09:38:54.752"/>
</kw>
<test id="s1-s3-t1" name="Example configuration: basic authentication" line="14">
<kw name="Validate Configuration" library="keywords">
<arg>examples/Caddyfile.basic-auth</arg>
<arg>0</arg>
<doc>Validate if configuration behaves as expected</doc>
<kw name="Run Process" library="Process">
<var>${result}</var>
<arg>${CADDY_VALIDATE} ${file_name}</arg>
<arg>shell=True</arg>
<arg>env:GOCOVERDIR=${OUTPUT DIR}/go-coverage</arg>
<doc>Runs a process and waits for it to complete.</doc>
<msg timestamp="20230711 09:38:54.754" level="INFO">Starting process:
go run -cover cmd/caddy/main.go validate --config examples/Caddyfile.basic-auth</msg>
<msg timestamp="20230711 09:38:54.757" level="INFO">Waiting for process to complete.</msg>
<msg timestamp="20230711 09:38:56.803" level="INFO">Process completed.</msg>
<msg timestamp="20230711 09:38:56.803" level="INFO">${result} = &lt;result object with rc 0&gt;</msg>
<status status="PASS" starttime="20230711 09:38:54.753" endtime="20230711 09:38:56.803"/>
</kw>
<kw name="Should Be Equal As Integers" library="BuiltIn">
<arg>${result.rc}</arg>
<arg>${expected_status_code}</arg>
<doc>Fails if objects are unequal after converting them to integers.</doc>
<msg timestamp="20230711 09:38:56.805" level="INFO">Argument types are:
&lt;class 'int'&gt;
&lt;class 'str'&gt;</msg>
<status status="PASS" starttime="20230711 09:38:56.804" endtime="20230711 09:38:56.805"/>
</kw>
<kw name="Should Contain" library="BuiltIn">
<arg>${result.stderr}</arg>
<arg>${expected_response}</arg>
<doc>Fails if ``container`` does not contain ``item`` one or more times.</doc>
<status status="PASS" starttime="20230711 09:38:56.805" endtime="20230711 09:38:56.805"/>
</kw>
<status status="PASS" starttime="20230711 09:38:54.753" endtime="20230711 09:38:56.805"/>
</kw>
<doc>Test that example configuration with HTTP basic authentication is accepted</doc>
<status status="PASS" starttime="20230711 09:38:54.752" endtime="20230711 09:38:56.805"/>
</test>
<test id="s1-s3-t2" name="Example configuration: no authentication" line="18">
<kw name="Validate Configuration" library="keywords">
<arg>examples/Caddyfile.no-authentication</arg>
<arg>0</arg>
<doc>Validate if configuration behaves as expected</doc>
<kw name="Run Process" library="Process">
<var>${result}</var>
<arg>${CADDY_VALIDATE} ${file_name}</arg>
<arg>shell=True</arg>
<arg>env:GOCOVERDIR=${OUTPUT DIR}/go-coverage</arg>
<doc>Runs a process and waits for it to complete.</doc>
<msg timestamp="20230711 09:38:56.807" level="INFO">Starting process:
go run -cover cmd/caddy/main.go validate --config examples/Caddyfile.no-authentication</msg>
<msg timestamp="20230711 09:38:56.810" level="INFO">Waiting for process to complete.</msg>
<msg timestamp="20230711 09:38:58.759" level="INFO">Process completed.</msg>
<msg timestamp="20230711 09:38:58.760" level="INFO">${result} = &lt;result object with rc 0&gt;</msg>
<status status="PASS" starttime="20230711 09:38:56.807" endtime="20230711 09:38:58.760"/>
</kw>
<kw name="Should Be Equal As Integers" library="BuiltIn">
<arg>${result.rc}</arg>
<arg>${expected_status_code}</arg>
<doc>Fails if objects are unequal after converting them to integers.</doc>
<msg timestamp="20230711 09:38:58.761" level="INFO">Argument types are:
&lt;class 'int'&gt;
&lt;class 'str'&gt;</msg>
<status status="PASS" starttime="20230711 09:38:58.760" endtime="20230711 09:38:58.761"/>
</kw>
<kw name="Should Contain" library="BuiltIn">
<arg>${result.stderr}</arg>
<arg>${expected_response}</arg>
<doc>Fails if ``container`` does not contain ``item`` one or more times.</doc>
<status status="PASS" starttime="20230711 09:38:58.761" endtime="20230711 09:38:58.762"/>
</kw>
<status status="PASS" starttime="20230711 09:38:56.806" endtime="20230711 09:38:58.762"/>
</kw>
<doc>Test that example configuration without authentication is accepted</doc>
<status status="PASS" starttime="20230711 09:38:56.806" endtime="20230711 09:38:58.762"/>
</test>
<test id="s1-s3-t3" name="Invalid configuration: empty" line="22">
<kw name="Validate Configuration" library="keywords">
<arg>e2e_tests/resources/Caddyfile.invalid-no-arg</arg>
<arg>1</arg>
<arg>Wrong argument count or unexpected line ending after 'http_put_file'</arg>
<doc>Validate if configuration behaves as expected</doc>
<kw name="Run Process" library="Process">
<var>${result}</var>
<arg>${CADDY_VALIDATE} ${file_name}</arg>
<arg>shell=True</arg>
<arg>env:GOCOVERDIR=${OUTPUT DIR}/go-coverage</arg>
<doc>Runs a process and waits for it to complete.</doc>
<msg timestamp="20230711 09:38:58.763" level="INFO">Starting process:
go run -cover cmd/caddy/main.go validate --config e2e_tests/resources/Caddyfile.invalid-no-arg</msg>
<msg timestamp="20230711 09:38:58.766" level="INFO">Waiting for process to complete.</msg>
<msg timestamp="20230711 09:39:00.703" level="INFO">Process completed.</msg>
<msg timestamp="20230711 09:39:00.703" level="INFO">${result} = &lt;result object with rc 1&gt;</msg>
<status status="PASS" starttime="20230711 09:38:58.763" endtime="20230711 09:39:00.703"/>
</kw>
<kw name="Should Be Equal As Integers" library="BuiltIn">
<arg>${result.rc}</arg>
<arg>${expected_status_code}</arg>
<doc>Fails if objects are unequal after converting them to integers.</doc>
<msg timestamp="20230711 09:39:00.704" level="INFO">Argument types are:
&lt;class 'int'&gt;
&lt;class 'str'&gt;</msg>
<status status="PASS" starttime="20230711 09:39:00.703" endtime="20230711 09:39:00.705"/>
</kw>
<kw name="Should Contain" library="BuiltIn">
<arg>${result.stderr}</arg>
<arg>${expected_response}</arg>
<doc>Fails if ``container`` does not contain ``item`` one or more times.</doc>
<status status="PASS" starttime="20230711 09:39:00.705" endtime="20230711 09:39:00.705"/>
</kw>
<status status="PASS" starttime="20230711 09:38:58.763" endtime="20230711 09:39:00.705"/>
</kw>
<doc>Test that an invalid configuration is rejected (no arguments)</doc>
<status status="PASS" starttime="20230711 09:38:58.762" endtime="20230711 09:39:00.705"/>
</test>
<test id="s1-s3-t4" name="Invalid configuration: structure" line="28">
<kw name="Validate Configuration" library="keywords">
<arg>e2e_tests/resources/Caddyfile.invalid-nested-args</arg>
<arg>1</arg>
<arg>Wrong argument count or unexpected line ending after 'http_put_file'</arg>
<doc>Validate if configuration behaves as expected</doc>
<kw name="Run Process" library="Process">
<var>${result}</var>
<arg>${CADDY_VALIDATE} ${file_name}</arg>
<arg>shell=True</arg>
<arg>env:GOCOVERDIR=${OUTPUT DIR}/go-coverage</arg>
<doc>Runs a process and waits for it to complete.</doc>
<msg timestamp="20230711 09:39:00.707" level="INFO">Starting process:
go run -cover cmd/caddy/main.go validate --config e2e_tests/resources/Caddyfile.invalid-nested-args</msg>
<msg timestamp="20230711 09:39:00.710" level="INFO">Waiting for process to complete.</msg>
<msg timestamp="20230711 09:39:02.721" level="INFO">Process completed.</msg>
<msg timestamp="20230711 09:39:02.721" level="INFO">${result} = &lt;result object with rc 1&gt;</msg>
<status status="PASS" starttime="20230711 09:39:00.707" endtime="20230711 09:39:02.721"/>
</kw>
<kw name="Should Be Equal As Integers" library="BuiltIn">
<arg>${result.rc}</arg>
<arg>${expected_status_code}</arg>
<doc>Fails if objects are unequal after converting them to integers.</doc>
<msg timestamp="20230711 09:39:02.723" level="INFO">Argument types are:
&lt;class 'int'&gt;
&lt;class 'str'&gt;</msg>
<status status="PASS" starttime="20230711 09:39:02.722" endtime="20230711 09:39:02.723"/>
</kw>
<kw name="Should Contain" library="BuiltIn">
<arg>${result.stderr}</arg>
<arg>${expected_response}</arg>
<doc>Fails if ``container`` does not contain ``item`` one or more times.</doc>
<status status="PASS" starttime="20230711 09:39:02.723" endtime="20230711 09:39:02.723"/>
</kw>
<status status="PASS" starttime="20230711 09:39:00.706" endtime="20230711 09:39:02.723"/>
</kw>
<doc>Test that an invalid configuration is rejected (nested argument)</doc>
<status status="PASS" starttime="20230711 09:39:00.706" endtime="20230711 09:39:02.723"/>
</test>
<kw name="Suite Teardown" library="keywords" type="TEARDOWN">
<doc>Generate coverage report and remove coverage directory</doc>
<kw name="Generate Coverage Report" library="keywords">
<doc>Generate coverage report from generated files</doc>
<kw name="Get Coverage Filename From Suite Source" library="keywords">
<var>${cov_path}</var>
<var>${cov_filename}</var>
<doc>Splits `/w/e2e_tests/003_configuration.robot` into path and filename. Constructs a
path to the coverage file in `/w/e2e_tests/results`. Returns the coverage full file
path and the coverage filename separately.</doc>
<kw name="Split Path" library="OperatingSystem">
<var>${path}</var>
<var>${suite_filename}</var>
<arg>${SUITE SOURCE}</arg>
<doc>Splits the given path from the last path separator (``/`` or ``\``).</doc>
<msg timestamp="20230711 09:39:02.725" level="INFO">${path} = /w/e2e_tests</msg>
<msg timestamp="20230711 09:39:02.725" level="INFO">${suite_filename} = 003_configuration.robot</msg>
<status status="PASS" starttime="20230711 09:39:02.725" endtime="20230711 09:39:02.725"/>
</kw>
<kw name="Split Extension" library="OperatingSystem">
<var>${suite_name}</var>
<var>${ext}</var>
<arg>${suite_filename}</arg>
<doc>Splits the extension from the given path.</doc>
<msg timestamp="20230711 09:39:02.725" level="INFO">${suite_name} = 003_configuration</msg>
<msg timestamp="20230711 09:39:02.725" level="INFO">${ext} = robot</msg>
<status status="PASS" starttime="20230711 09:39:02.725" endtime="20230711 09:39:02.725"/>
</kw>
<kw name="Join Path" library="OperatingSystem">
<var>${cov_path}</var>
<arg>${OUTPUT DIR}</arg>
<arg>${suite_name}.coverage</arg>
<doc>Joins the given path part(s) to the given base path.</doc>
<msg timestamp="20230711 09:39:02.726" level="INFO">${cov_path} = /w/e2e_tests/results/003_configuration.coverage</msg>
<status status="PASS" starttime="20230711 09:39:02.725" endtime="20230711 09:39:02.726"/>
</kw>
<return>
<value>${cov_path}</value>
<value>${suite_name}.coverage</value>
<status status="PASS" starttime="20230711 09:39:02.726" endtime="20230711 09:39:02.726"/>
</return>
<msg timestamp="20230711 09:39:02.726" level="INFO">${cov_path} = /w/e2e_tests/results/003_configuration.coverage</msg>
<msg timestamp="20230711 09:39:02.726" level="INFO">${cov_filename} = 003_configuration.coverage</msg>
<status status="PASS" starttime="20230711 09:39:02.725" endtime="20230711 09:39:02.726"/>
</kw>
<kw name="Run Keyword And Return Status" library="BuiltIn">
<var>${dir_exists}</var>
<arg>Directory Should Exist</arg>
<arg>${OUTPUT DIR}/go-coverage</arg>
<doc>Runs the given keyword with given arguments and returns the status as a Boolean value.</doc>
<kw name="Directory Should Exist" library="OperatingSystem">
<arg>${OUTPUT DIR}/go-coverage</arg>
<doc>Fails unless the given path points to an existing directory.</doc>
<msg timestamp="20230711 09:39:02.726" level="INFO" html="true">Directory '&lt;a href="file:///w/e2e_tests/results/go-coverage"&gt;/w/e2e_tests/results/go-coverage&lt;/a&gt;' exists.</msg>
<status status="PASS" starttime="20230711 09:39:02.726" endtime="20230711 09:39:02.726"/>
</kw>
<msg timestamp="20230711 09:39:02.726" level="INFO">${dir_exists} = True</msg>
<status status="PASS" starttime="20230711 09:39:02.726" endtime="20230711 09:39:02.727"/>
</kw>
<if>
<branch type="IF" condition="${dir_exists}">
<kw name="List Files In Directory" library="OperatingSystem">
<var>${dir_contents}</var>
<arg>${OUTPUT DIR}/go-coverage</arg>
<doc>Wrapper for `List Directory` that returns only files.</doc>
<msg timestamp="20230711 09:39:02.727" level="INFO" html="true">Listing contents of directory '&lt;a href="file:///w/e2e_tests/results/go-coverage"&gt;/w/e2e_tests/results/go-coverage&lt;/a&gt;'.</msg>
<msg timestamp="20230711 09:39:02.727" level="INFO">5 files:
covcounters.3276327bd5c484eb4bde42a651bc4f27.7909.1689068336791951886
covcounters.3276327bd5c484eb4bde42a651bc4f27.7962.1689068338748692088
covcounters.3276327bd5c484eb4bde42a651bc4f27.8013.1689068340692474547
covcounters.3276327bd5c484eb4bde42a651bc4f27.8065.1689068342710873432
covmeta.3276327bd5c484eb4bde42a651bc4f27</msg>
<msg timestamp="20230711 09:39:02.727" level="INFO">${dir_contents} = ['covcounters.3276327bd5c484eb4bde42a651bc4f27.7909.1689068336791951886', 'covcounters.3276327bd5c484eb4bde42a651bc4f27.7962.1689068338748692088', 'covcounters.3276327bd5c484eb4bde42a651bc4f27.8013.16...</msg>
<status status="PASS" starttime="20230711 09:39:02.727" endtime="20230711 09:39:02.727"/>
</kw>
<status status="PASS" starttime="20230711 09:39:02.727" endtime="20230711 09:39:02.727"/>
</branch>
<branch type="ELSE">
<kw name="Set Variable" library="BuiltIn">
<var>${dir_contents}</var>
<arg>${None}</arg>
<doc>Returns the given values which can then be assigned to a variables.</doc>
<status status="NOT RUN" starttime="20230711 09:39:02.727" endtime="20230711 09:39:02.727"/>
</kw>
<status status="NOT RUN" starttime="20230711 09:39:02.727" endtime="20230711 09:39:02.727"/>
</branch>
<status status="PASS" starttime="20230711 09:39:02.727" endtime="20230711 09:39:02.727"/>
</if>
<if>
<branch type="IF" condition="${dir_contents}">
<kw name="Convert Coverage Fragments" library="keywords">
<arg>${cov_path}</arg>
<doc>Convert coverage fragments (from a go run/build -cover execution) into
a single file</doc>
<kw name="Run Process" library="Process">
<var>${result}</var>
<arg>go tool covdata textfmt -i\=${OUTPUT DIR}/go-coverage -o\=${cov_path}</arg>
<arg>shell=True</arg>
<doc>Runs a process and waits for it to complete.</doc>
<msg timestamp="20230711 09:39:02.728" level="INFO">Starting process:
go tool covdata textfmt -i=/w/e2e_tests/results/go-coverage -o=/w/e2e_tests/results/003_configuration.coverage</msg>
<msg timestamp="20230711 09:39:02.731" level="INFO">Waiting for process to complete.</msg>
<msg timestamp="20230711 09:39:02.739" level="INFO">Process completed.</msg>
<msg timestamp="20230711 09:39:02.739" level="INFO">${result} = &lt;result object with rc 0&gt;</msg>
<status status="PASS" starttime="20230711 09:39:02.728" endtime="20230711 09:39:02.739"/>
</kw>
<kw name="Should Be Equal As Integers" library="BuiltIn">
<arg>${result.rc}</arg>
<arg>0</arg>
<doc>Fails if objects are unequal after converting them to integers.</doc>
<msg timestamp="20230711 09:39:02.740" level="INFO">Argument types are:
&lt;class 'int'&gt;
&lt;class 'str'&gt;</msg>
<status status="PASS" starttime="20230711 09:39:02.740" endtime="20230711 09:39:02.740"/>
</kw>
<status status="PASS" starttime="20230711 09:39:02.727" endtime="20230711 09:39:02.741"/>
</kw>
<status status="PASS" starttime="20230711 09:39:02.727" endtime="20230711 09:39:02.741"/>
</branch>
<status status="PASS" starttime="20230711 09:39:02.727" endtime="20230711 09:39:02.741"/>
</if>
<kw name="Expect Successful Execution" library="keywords">
<arg>go tool cover -html\=${cov_path} -o\=${cov_path}.html</arg>
<doc>Runs a ${command} and expects it to succeed. ${command}
should be a string representing the shell command.</doc>
<kw name="Run Process" library="Process">
<var>${result}</var>
<arg>${command}</arg>
<arg>shell=True</arg>
<doc>Runs a process and waits for it to complete.</doc>
<msg timestamp="20230711 09:39:02.742" level="INFO">Starting process:
go tool cover -html=/w/e2e_tests/results/003_configuration.coverage -o=/w/e2e_tests/results/003_configuration.coverage.html</msg>
<msg timestamp="20230711 09:39:02.745" level="INFO">Waiting for process to complete.</msg>
<msg timestamp="20230711 09:39:03.085" level="INFO">Process completed.</msg>
<msg timestamp="20230711 09:39:03.085" level="INFO">${result} = &lt;result object with rc 0&gt;</msg>
<status status="PASS" starttime="20230711 09:39:02.742" endtime="20230711 09:39:03.085"/>
</kw>
<if>
<branch type="IF" condition="${result.rc} != 0">
<kw name="Log Many" library="BuiltIn">
<arg>${result.stderr}</arg>
<arg>${result.stdout}</arg>
<doc>Logs the given messages as separate entries using the INFO level.</doc>
<status status="NOT RUN" starttime="20230711 09:39:03.086" endtime="20230711 09:39:03.087"/>
</kw>
<status status="NOT RUN" starttime="20230711 09:39:03.086" endtime="20230711 09:39:03.087"/>
</branch>
<status status="PASS" starttime="20230711 09:39:03.085" endtime="20230711 09:39:03.087"/>
</if>
<kw name="Should Be Equal As Integers" library="BuiltIn">
<arg>${result.rc}</arg>
<arg>0</arg>
<doc>Fails if objects are unequal after converting them to integers.</doc>
<msg timestamp="20230711 09:39:03.087" level="INFO">Argument types are:
&lt;class 'int'&gt;
&lt;class 'str'&gt;</msg>
<status status="PASS" starttime="20230711 09:39:03.087" endtime="20230711 09:39:03.087"/>
</kw>
<return>
<value>${result}</value>
<status status="PASS" starttime="20230711 09:39:03.087" endtime="20230711 09:39:03.087"/>
</return>
<status status="PASS" starttime="20230711 09:39:02.742" endtime="20230711 09:39:03.088"/>
</kw>
<kw name="Expect Successful Execution" library="keywords">
<var>${result}</var>
<arg>go tool cover -func\=${cov_path}</arg>
<doc>Runs a ${command} and expects it to succeed. ${command}
should be a string representing the shell command.</doc>
<kw name="Run Process" library="Process">
<var>${result}</var>
<arg>${command}</arg>
<arg>shell=True</arg>
<doc>Runs a process and waits for it to complete.</doc>
<msg timestamp="20230711 09:39:03.089" level="INFO">Starting process:
go tool cover -func=/w/e2e_tests/results/003_configuration.coverage</msg>
<msg timestamp="20230711 09:39:03.092" level="INFO">Waiting for process to complete.</msg>
<msg timestamp="20230711 09:39:03.429" level="INFO">Process completed.</msg>
<msg timestamp="20230711 09:39:03.429" level="INFO">${result} = &lt;result object with rc 0&gt;</msg>
<status status="PASS" starttime="20230711 09:39:03.089" endtime="20230711 09:39:03.429"/>
</kw>
<if>
<branch type="IF" condition="${result.rc} != 0">
<kw name="Log Many" library="BuiltIn">
<arg>${result.stderr}</arg>
<arg>${result.stdout}</arg>
<doc>Logs the given messages as separate entries using the INFO level.</doc>
<status status="NOT RUN" starttime="20230711 09:39:03.431" endtime="20230711 09:39:03.431"/>
</kw>
<status status="NOT RUN" starttime="20230711 09:39:03.430" endtime="20230711 09:39:03.431"/>
</branch>
<status status="PASS" starttime="20230711 09:39:03.429" endtime="20230711 09:39:03.431"/>
</if>
<kw name="Should Be Equal As Integers" library="BuiltIn">
<arg>${result.rc}</arg>
<arg>0</arg>
<doc>Fails if objects are unequal after converting them to integers.</doc>
<msg timestamp="20230711 09:39:03.431" level="INFO">Argument types are:
&lt;class 'int'&gt;
&lt;class 'str'&gt;</msg>
<status status="PASS" starttime="20230711 09:39:03.431" endtime="20230711 09:39:03.431"/>
</kw>
<return>
<value>${result}</value>
<status status="PASS" starttime="20230711 09:39:03.431" endtime="20230711 09:39:03.432"/>
</return>
<msg timestamp="20230711 09:39:03.432" level="INFO">${result} = &lt;result object with rc 0&gt;</msg>
<status status="PASS" starttime="20230711 09:39:03.089" endtime="20230711 09:39:03.432"/>
</kw>
<kw name="Get Regexp Matches" library="String">
<var>${percent}</var>
<arg>${result.stdout}</arg>
<arg>total:.*?([0-9.]+%)$</arg>
<arg>1</arg>
<doc>Returns a list of all non-overlapping matches in the given string.</doc>
<msg timestamp="20230711 09:39:03.432" level="INFO">${percent} = ['39.1%']</msg>
<status status="PASS" starttime="20230711 09:39:03.432" endtime="20230711 09:39:03.432"/>
</kw>
<kw name="Set Suite Metadata" library="BuiltIn">
<arg>Code coverage</arg>
<arg>${percent[0]} [${cov_filename}.html|HTML Report] | [${cov_filename}|Coverage file]</arg>
<doc>Sets metadata for the current test suite.</doc>
<msg timestamp="20230711 09:39:03.433" level="INFO">Set suite metadata 'Code coverage' to value '39.1% [003_configuration.coverage.html|HTML Report] | [003_configuration.coverage|Coverage file]'.</msg>
<status status="PASS" starttime="20230711 09:39:03.432" endtime="20230711 09:39:03.433"/>
</kw>
<status status="PASS" starttime="20230711 09:39:02.724" endtime="20230711 09:39:03.433"/>
</kw>
<kw name="Remove Directory" library="OperatingSystem">
<arg>${OUTPUT DIR}/go-coverage</arg>
<arg>recursive=True</arg>
<doc>Removes the directory pointed to by the given ``path``.</doc>
<msg timestamp="20230711 09:39:03.434" level="INFO" html="true">Removed directory '&lt;a href="file:///w/e2e_tests/results/go-coverage"&gt;/w/e2e_tests/results/go-coverage&lt;/a&gt;'.</msg>
<status status="PASS" starttime="20230711 09:39:03.433" endtime="20230711 09:39:03.434"/>
</kw>
<status status="PASS" starttime="20230711 09:39:02.724" endtime="20230711 09:39:03.434"/>
</kw>
<doc>A series of test cases designed to verify the behavior of various
configurations, ranging from valid to invalid scenarios.
It utilizes keywords and resources defined in the
'resources/keywords.robot' file for test execution.</doc>
<meta name="Code coverage">39.1% [003_configuration.coverage.html|HTML Report] | [003_configuration.coverage|Coverage file]</meta>
<status status="PASS" starttime="20230711 09:38:54.748" endtime="20230711 09:39:03.434"/>
</suite>
<suite id="s1-s4" name="004 Requests" source="/w/e2e_tests/004_requests.robot">
<kw name="Suite Setup With Caddy" library="keywords" type="SETUP">
<doc>Run regular suite setup, start Caddy and wait until it is available</doc>
<kw name="Suite Setup" library="keywords">
<doc>Ensure there is a directory for coverage files</doc>
<kw name="Create Directory" library="OperatingSystem">
<arg>${OUTPUT DIR}/go-coverage</arg>
<doc>Creates the specified directory.</doc>
<msg timestamp="20230711 09:39:03.441" level="INFO" html="true">Created directory '&lt;a href="file:///w/e2e_tests/results/go-coverage"&gt;/w/e2e_tests/results/go-coverage&lt;/a&gt;'.</msg>
<status status="PASS" starttime="20230711 09:39:03.441" endtime="20230711 09:39:03.441"/>
</kw>
<status status="PASS" starttime="20230711 09:39:03.440" endtime="20230711 09:39:03.441"/>
</kw>
<kw name="Create Directory" library="OperatingSystem">
<arg>./test</arg>
<doc>Creates the specified directory.</doc>
<msg timestamp="20230711 09:39:03.441" level="INFO" html="true">Created directory '&lt;a href="file:///w/test"&gt;/w/test&lt;/a&gt;'.</msg>
<status status="PASS" starttime="20230711 09:39:03.441" endtime="20230711 09:39:03.441"/>
</kw>
<kw name="Expect Caddy Not Ready" library="keywords">
<doc>Check that Caddy is not ready to accept connections</doc>
<kw name="Run Keyword And Return Status" library="BuiltIn">
<var>${result}</var>
<arg>GET</arg>
<arg>${BASE_URL}</arg>
<doc>Runs the given keyword with given arguments and returns the status as a Boolean value.</doc>
<kw name="GET" library="RequestsLibrary">
<arg>${BASE_URL}</arg>
<doc>Sends a GET request.</doc>
<msg timestamp="20230711 09:39:03.446" level="FAIL">ConnectionError: HTTPConnectionPool(host='localhost', port=8080): Max retries exceeded with url: / (Caused by NewConnectionError('&lt;urllib3.connection.HTTPConnection object at 0x7f257efe6e90&gt;: Failed to establish a new connection: [Errno 111] Connection refused'))</msg>
<status status="FAIL" starttime="20230711 09:39:03.442" endtime="20230711 09:39:03.454"/>
</kw>
<msg timestamp="20230711 09:39:03.454" level="INFO">${result} = False</msg>
<status status="PASS" starttime="20230711 09:39:03.441" endtime="20230711 09:39:03.454"/>
</kw>
<kw name="Should Be Equal" library="BuiltIn">
<arg>${result}</arg>
<arg>${False}</arg>
<arg>msg=Caddy seems to be running already, which is unexpected in this test context.</arg>
<doc>Fails if the given objects are unequal.</doc>
<status status="PASS" starttime="20230711 09:39:03.454" endtime="20230711 09:39:03.454"/>
</kw>
<status status="PASS" starttime="20230711 09:39:03.441" endtime="20230711 09:39:03.454"/>
</kw>
<kw name="Start Process" library="Process">
<arg>${CADDY_RUN} examples/Caddyfile.basic-auth</arg>
<arg>shell=True</arg>
<arg>env:GOCOVERDIR=${OUTPUT DIR}/go-coverage</arg>
<arg>alias=caddy</arg>
<doc>Starts a new process on background.</doc>
<msg timestamp="20230711 09:39:03.454" level="INFO">Starting process:
go run -cover cmd/caddy/main.go run --config examples/Caddyfile.basic-auth</msg>
<status status="PASS" starttime="20230711 09:39:03.454" endtime="20230711 09:39:03.458"/>
</kw>
<kw name="Wait Until Caddy Is Ready" library="keywords">
<doc>Return only when Caddy is ready to accept connections</doc>
<kw name="Wait Until Keyword Succeeds" library="BuiltIn">
<arg>30s</arg>
<arg>0.5s</arg>
<arg>GET</arg>
<arg>${BASE_URL}</arg>
<doc>Runs the specified keyword and retries if it fails.</doc>
<kw name="GET" library="RequestsLibrary">
<arg>${BASE_URL}</arg>
<doc>Sends a GET request.</doc>
<msg timestamp="20230711 09:39:03.461" level="FAIL">ConnectionError: HTTPConnectionPool(host='localhost', port=8080): Max retries exceeded with url: / (Caused by NewConnectionError('&lt;urllib3.connection.HTTPConnection object at 0x7f257ec94090&gt;: Failed to establish a new connection: [Errno 111] Connection refused'))</msg>
<status status="FAIL" starttime="20230711 09:39:03.459" endtime="20230711 09:39:03.462"/>
</kw>
<kw name="GET" library="RequestsLibrary">
<arg>${BASE_URL}</arg>
<doc>Sends a GET request.</doc>
<msg timestamp="20230711 09:39:03.964" level="FAIL">ConnectionError: HTTPConnectionPool(host='localhost', port=8080): Max retries exceeded with url: / (Caused by NewConnectionError('&lt;urllib3.connection.HTTPConnection object at 0x7f257ec96f10&gt;: Failed to establish a new connection: [Errno 111] Connection refused'))</msg>
<status status="FAIL" starttime="20230711 09:39:03.963" endtime="20230711 09:39:03.966"/>
</kw>
<kw name="GET" library="RequestsLibrary">
<arg>${BASE_URL}</arg>
<doc>Sends a GET request.</doc>
<msg timestamp="20230711 09:39:04.469" level="FAIL">ConnectionError: HTTPConnectionPool(host='localhost', port=8080): Max retries exceeded with url: / (Caused by NewConnectionError('&lt;urllib3.connection.HTTPConnection object at 0x7f257ec97690&gt;: Failed to establish a new connection: [Errno 111] Connection refused'))</msg>
<status status="FAIL" starttime="20230711 09:39:04.467" endtime="20230711 09:39:04.470"/>
</kw>
<kw name="GET" library="RequestsLibrary">
<arg>${BASE_URL}</arg>
<doc>Sends a GET request.</doc>
<msg timestamp="20230711 09:39:04.973" level="FAIL">ConnectionError: HTTPConnectionPool(host='localhost', port=8080): Max retries exceeded with url: / (Caused by NewConnectionError('&lt;urllib3.connection.HTTPConnection object at 0x7f257ec1b210&gt;: Failed to establish a new connection: [Errno 111] Connection refused'))</msg>
<status status="FAIL" starttime="20230711 09:39:04.971" endtime="20230711 09:39:04.978"/>
</kw>
<kw name="GET" library="RequestsLibrary">
<arg>${BASE_URL}</arg>
<doc>Sends a GET request.</doc>
<msg timestamp="20230711 09:39:06.612" level="INFO">GET Request : url=http://Bob:hiccup@localhost:8080/ 
 path_url=/ 
 headers={'User-Agent': 'python-requests/2.31.0', 'Accept-Encoding': 'gzip, deflate', 'Accept': '*/*', 'Connection': 'keep-alive', 'Authorization': 'Basic Qm9iOmhpY2N1cA=='} 
 body=None 
 </msg>
<msg timestamp="20230711 09:39:06.612" level="INFO">GET Response : url=http://Bob:hiccup@localhost:8080/ 
 status=200, reason=OK 
 headers={'Content-Type': 'text/html; charset=utf-8', 'Server': 'Caddy', 'Date': 'Tue, 11 Jul 2023 09:39:06 GMT', 'Transfer-Encoding': 'chunked'} 
 body=&lt;!DOCTYPE html&gt;
&lt;html&gt;
	&lt;head&gt;
		&lt;title&gt;/&lt;/title&gt;
		&lt;meta charset="utf-8"&gt;
		&lt;meta name="viewport" content="width=device-width, initial-scale=1.0"&gt;
&lt;style&gt;
* { padding: 0; margin: 0; }

body {
	font-family: sans-serif;
	text-rendering: optimizespeed;
	background-color: #ffffff;
}

a {
	color: #006ed3;
	text-decoration: none;
}

a:hover,
h1 a:hover {
	color: #319cff;
}

a:visited {
	color: #800080;
}

a:visited:hover {
	color: #b900b9;
}

header,
#summary {
	padding-left: 5%;
	padding-right: 5%;
}

th:first-child,
td:first-child {
	width: 5%;
}

th:last-child,
td:last-child {
	width: 5%;
}

header {
	padding-top: 25px;
	padding-bottom: 15px;
	background-color: #f2f2f2;
}

h1 {
	font-size: 20px;
	font-weight: normal;
	white-space: nowrap;
	overflow-x: hidden;
	text-overflow: ellipsis;
	color: #999;
}

h1 a {
	color: #000;
	margin: 0 4px;
}

h1 a:hover {
	text-decoration: underline;
}

h1 a:first-child {
	margin: 0;
}

main {
	display: block;
}

.meta {
	font-size: 12px;
	font-family: Verdana, sans-serif;
	border-bottom: 1px solid #9C9C9C;
	padding-top: 10px;
	padding-bottom: 10px;
}

.meta-item {
	margin-right: 1em;
}

#filter {
	padding: 4px;
	border: 1px solid #CCC;
}

table {
	width: 100%;
	border-collapse: collapse;
}

tr {
	border-bottom: 1px dashed #dadada;
}

tbody tr:hover {
	background-color: #ffffec;
}

th,
td {
	text-align: left;
	padding: 10px 0;
}

th {
	padding-top: 15px;
	padding-bottom: 15px;
	font-size: 16px;
	white-space: nowrap;
}

th a {
	color: black;
}

th svg {
	vertical-align: middle;
}

td {
	white-space: nowrap;
	font-size: 14px;
}

td:nth-child(2) {
	width: 80%;
}

td:nth-child(3),
th:nth-child(3) {
	padding: 0 20px 0 20px;
}

th:nth-child(4),
td:nth-child(4) {
	text-align: right;
}

td:nth-child(2) svg {
	position: absolute;
}

td .name,
td .goup {
	margin-left: 1.75em;
	word-break: break-all;
	overflow-wrap: break-word;
	white-space: pre-wrap;
}

.icon {
	margin-right: 5px;
}

.icon.sort {
	display: inline-block;
	width: 1em;
	height: 1em;
	position: relative;
	top: .2em;
}

.icon.sort .top {
	position: absolute;
	left: 0;
	top: -1px;
}

.icon.sort .bottom {
	position: absolute;
	bottom: -1px;
	left: 0;
}

footer {
	padding: 40px 20px;
	font-size: 12px;
	text-align: center;
}

@media (max-width: 600px) {
	.hideable {
		display: none;
	}

	td:nth-child(2) {
		width: auto;
	}

	th:nth-child(3),
	td:nth-child(3) {
		padding-right: 5%;
		text-align: right;
	}

	h1 {
		color: #000;
	}

	h1 a {
		margin: 0;
	}

	#filter {
		max-width: 100px;
	}
}

@media (prefers-color-scheme: dark) {
	body {
		background-color: #101010;
		color: #dddddd;
	}

	header {
		background-color: #151515;
	}

	tbody tr:hover {
		background-color: #252525;
	}

	header a,
	th a {
		color: #dddddd;
	}

	a {
		color: #5796d1;
		text-decoration: none;
	}

	a:hover,
	h1 a:hover {
		color: #62b2fd;
	}

	a:visited {
		color: #c269c2;
	}

	a:visited:hover {
		color: #d03cd0;
	}

	tr {
		border-bottom: 1px dashed rgba(255, 255, 255, 0.12);
	}

	#up-arrow,
	#down-arrow {
		fill: #dddddd;
	}

	#filter {
		background-color: #151515;
		color: #ffffff;
		border: 1px solid #212121;
	}

	.meta {
		border-bottom: 1px solid #212121
	}
}
&lt;/style&gt;
	&lt;/head&gt;
	&lt;body onload='initFilter()'&gt;
		&lt;svg version="1.1" xmlns="http://www.w3.org/2000/svg" xmlns:xlink="http://www.w3.org/1999/xlink" height="0" width="0" style="position: absolute;"&gt;
			&lt;defs&gt;
				&lt;!-- Folder --&gt;
				&lt;g id="folder" fill-rule="nonzero" fill="none"&gt;
					&lt;path d="M285.22 37.55h-142.6L110.9 0H31.7C14.25 0 0 16.9 0 37.55v75.1h316.92V75.1c0-20.65-14.26-37.55-31.7-37.55z" fill="#FFA000"/&gt;
					&lt;path d="M285.22 36H31.7C14.25 36 0 50.28 0 67.74v158.7c0 17.47 14.26 31.75 31.7 31.75H285.2c17.44 0 31.7-14.3 31.7-31.75V67.75c0-17.47-14.26-31.75-31.7-31.75z" fill="#FFCA28"/&gt;
				&lt;/g&gt;
				&lt;g id="folder-shortcut" stroke="none" stroke-width="1" fill="none" fill-rule="evenodd"&gt;
					&lt;g id="folder-shortcut-group" fill-rule="nonzero"&gt;
						&lt;g id="folder-shortcut-shape"&gt;
							&lt;path d="M285.224876,37.5486902 L142.612438,37.5486902 L110.920785,0 L31.6916529,0 C14.2612438,0 0,16.8969106 0,37.5486902 L0,112.646071 L316.916529,112.646071 L316.916529,75.0973805 C316.916529,54.4456008 302.655285,37.5486902 285.224876,37.5486902 Z" id="Shape" fill="#FFA000"&gt;&lt;/path&gt;
							&lt;path d="M285.224876,36 L31.6916529,36 C14.2612438,36 0,50.2838568 0,67.7419039 L0,226.451424 C0,243.909471 14.2612438,258.193328 31.6916529,258.193328 L285.224876,258.193328 C302.655285,258.193328 316.916529,243.909471 316.916529,226.451424 L316.916529,67.7419039 C316.916529,50.2838568 302.655285,36 285.224876,36 Z" id="Shape" fill="#FFCA28"&gt;&lt;/path&gt;
						&lt;/g&gt;
						&lt;path d="M126.154134,250.559184 C126.850974,251.883673 127.300549,253.006122 127.772602,254.106122 C128.469442,255.206122 128.919016,256.104082 129.638335,257.002041 C130.559962,258.326531 131.728855,259 133.100057,259 C134.493737,259 135.415364,258.55102 136.112204,257.67551 C136.809044,257.002041 137.258619,255.902041 137.258619,254.577551 C137.258619,253.904082 137.258619,252.804082 137.033832,251.457143 C136.786566,249.908163 136.561779,249.032653 136.561779,248.583673 C136.089726,242.814286 135.864939,237.920408 135.864939,233.273469 C135.864939,225.057143 136.786566,217.514286 138.180246,210.846939 C139.798713,204.202041 141.889234,198.634694 144.429328,193.763265 C147.216689,188.869388 150.678411,184.873469 154.836973,181.326531 C158.995535,177.779592 163.626149,174.883673 168.481552,172.661224 C173.336954,170.438776 179.113983,168.665306 185.587852,167.340816 C192.061722,166.218367 198.760378,165.342857 205.481514,164.669388 C212.18017,164.220408 219.598146,163.995918 228.162535,163.995918 L246.055591,163.995918 L246.055591,195.514286 C246.055591,197.736735 246.752431,199.510204 248.370899,201.059184 C250.214153,202.608163 252.079886,203.506122 254.372715,203.506122 C256.463236,203.506122 258.531277,202.608163 260.172223,201.059184 L326.102289,137.797959 C327.720757,136.24898 328.642384,134.47551 328.642384,132.253061 C328.642384,130.030612 327.720757,128.257143 326.102289,126.708163 L260.172223,63.4469388 C258.553756,61.8979592 256.463236,61 254.395194,61 C252.079886,61 250.236632,61.8979592 248.393377,63.4469388 C246.77491,64.9959184 246.07807,66.7693878 246.07807,68.9918367 L246.07807,100.510204 L228.162535,100.510204 C166.863084,100.510204 129.166282,117.167347 115.274437,150.459184 C110.666301,161.54898 108.350993,175.310204 108.350993,191.742857 C108.350993,205.279592 113.903236,223.912245 124.760454,247.438776 C125.00772,248.112245 125.457294,249.010204 126.154134,250.559184 Z" id="Shape" fill="#FFFFFF" transform="translate(218.496689, 160.000000) scale(-1, 1) translate(-218.496689, -160.000000) "&gt;&lt;/path&gt;
					&lt;/g&gt;
				&lt;/g&gt;

				&lt;!-- File --&gt;
				&lt;g id="file" stroke="#000" stroke-width="25" fill="#FFF" fill-rule="evenodd" stroke-linecap="round" stroke-linejoin="round"&gt;
					&lt;path d="M13 24.12v274.76c0 6.16 5.87 11.12 13.17 11.12H239c7.3 0 13.17-4.96 13.17-11.12V136.15S132.6 13 128.37 13H26.17C18.87 13 13 17.96 13 24.12z"/&gt;
					&lt;path d="M129.37 13L129 113.9c0 10.58 7.26 19.1 16.27 19.1H249L129.37 13z"/&gt;
				&lt;/g&gt;
				&lt;g id="file-shortcut" stroke="none" stroke-width="1" fill="none" fill-rule="evenodd"&gt;
					&lt;g id="file-shortcut-group" transform="translate(13.000000, 13.000000)"&gt;
						&lt;g id="file-shortcut-shape" stroke="#000000" stroke-width="25" fill="#FFFFFF" stroke-linecap="round" stroke-linejoin="round"&gt;
							&lt;path d="M0,11.1214886 L0,285.878477 C0,292.039924 5.87498876,296.999983 13.1728373,296.999983 L225.997983,296.999983 C233.295974,296.999983 239.17082,292.039942 239.17082,285.878477 L239.17082,123.145388 C239.17082,123.145388 119.58541,2.84217094e-14 115.369423,2.84217094e-14 L13.1728576,2.84217094e-14 C5.87500907,-1.71479982e-05 0,4.96022995 0,11.1214886 Z" id="rect1171"&gt;&lt;/path&gt;
							&lt;path d="M116.37005,0 L116,100.904964 C116,111.483663 123.258008,120 132.273377,120 L236,120 L116.37005,0 L116.37005,0 Z" id="rect1794"&gt;&lt;/path&gt;
						&lt;/g&gt;
						&lt;path d="M47.803141,294.093878 C48.4999811,295.177551 48.9495553,296.095918 49.4216083,296.995918 C50.1184484,297.895918 50.5680227,298.630612 51.2873415,299.365306 C52.2089688,300.44898 53.3778619,301 54.7490634,301 C56.1427436,301 57.0643709,300.632653 57.761211,299.916327 C58.4580511,299.365306 58.9076254,298.465306 58.9076254,297.381633 C58.9076254,296.830612 58.9076254,295.930612 58.6828382,294.828571 C58.4355724,293.561224 58.2107852,292.844898 58.2107852,292.477551 C57.7387323,287.757143 57.5139451,283.753061 57.5139451,279.95102 C57.5139451,273.228571 58.4355724,267.057143 59.8292526,261.602041 C61.44772,256.165306 63.5382403,251.610204 66.0783349,247.62449 C68.8656954,243.620408 72.3274172,240.35102 76.4859792,237.44898 C80.6445412,234.546939 85.2751561,232.177551 90.1305582,230.359184 C94.9859603,228.540816 100.76299,227.089796 107.236859,226.006122 C113.710728,225.087755 120.409385,224.371429 127.13052,223.820408 C133.829177,223.453061 141.247152,223.269388 149.811542,223.269388 L167.704598,223.269388 L167.704598,249.057143 C167.704598,250.87551 168.401438,252.326531 170.019905,253.593878 C171.86316,254.861224 173.728893,255.595918 176.021722,255.595918 C178.112242,255.595918 180.180284,254.861224 181.82123,253.593878 L247.751296,201.834694 C249.369763,200.567347 250.291391,199.116327 250.291391,197.297959 C250.291391,195.479592 249.369763,194.028571 247.751296,192.761224 L181.82123,141.002041 C180.202763,139.734694 178.112242,139 176.044201,139 C173.728893,139 171.885639,139.734694 170.042384,141.002041 C168.423917,142.269388 167.727077,143.720408 167.727077,145.538776 L167.727077,171.326531 L149.811542,171.326531 C88.5120908,171.326531 50.8152886,184.955102 36.9234437,212.193878 C32.3153075,221.267347 30,232.526531 30,245.971429 C30,257.046939 35.5522422,272.291837 46.4094607,291.540816 C46.6567266,292.091837 47.1063009,292.826531 47.803141,294.093878 Z" id="Shape-Copy" fill="#000000" fill-rule="nonzero" transform="translate(140.145695, 220.000000) scale(-1, 1) translate(-140.145695, -... (set the log level to DEBUG or TRACE to see the full content) 
 </msg>
<status status="PASS" starttime="20230711 09:39:05.479" endtime="20230711 09:39:06.612"/>
</kw>
<status status="PASS" starttime="20230711 09:39:03.458" endtime="20230711 09:39:06.613"/>
</kw>
<status status="PASS" starttime="20230711 09:39:03.458" endtime="20230711 09:39:06.613"/>
</kw>
<status status="PASS" starttime="20230711 09:39:03.440" endtime="20230711 09:39:06.613"/>
</kw>
<test id="s1-s4-t1" name="Test simple upload" line="12">
<kw name="Upload File" library="keywords">
<arg>go.mod</arg>
<doc>Test uploading a single file. The go.mod argument should
be the absolute path to the file.</doc>
<kw name="Get Binary File" library="OperatingSystem">
<var>${file_data}</var>
<arg>${file_path}</arg>
<doc>Returns the contents of a specified file.</doc>
<msg timestamp="20230711 09:39:06.614" level="INFO" html="true">Getting file '&lt;a href="file:///w/go.mod"&gt;/w/go.mod&lt;/a&gt;'.</msg>
<msg timestamp="20230711 09:39:06.614" level="INFO">${file_data} = module github.com/madworx/caddy-put-upload

go 1.19

require (
	github.com/caddyserver/caddy/v2 v2.6.4
	github.com/stretchr/testify v1.8.1
)

require (
	github.com/kr/text v0.2.0 // indirect
	github.c...</msg>
<status status="PASS" starttime="20230711 09:39:06.614" endtime="20230711 09:39:06.614"/>
</kw>
<kw name="Set Variable" library="BuiltIn">
<var>${file_name}</var>
<arg>/test.txt</arg>
<doc>Returns the given values which can then be assigned to a variables.</doc>
<msg timestamp="20230711 09:39:06.614" level="INFO">${file_name} = /test.txt</msg>
<status status="PASS" starttime="20230711 09:39:06.614" endtime="20230711 09:39:06.614"/>
</kw>
<kw name="PUT" library="RequestsLibrary">
<var>${response}</var>
<arg>${url}${file_name}</arg>
<arg>data=${file_data}</arg>
<arg>expected_status=${expected_status}</arg>
<doc>Sends a PUT request.</doc>
<msg timestamp="20230711 09:39:06.617" level="INFO">PUT Request : url=http://Bob:hiccup@localhost:8080//upload/test.txt 
 path_url=//upload/test.txt 
 headers={'User-Agent': 'python-requests/2.31.0', 'Accept-Encoding': 'gzip, deflate', 'Accept': '*/*', 'Connection': 'keep-alive', 'Content-Length': '6827', 'Authorization': 'Basic Qm9iOmhpY2N1cA=='} 
 body=b'module github.com/madworx/caddy-put-upload\n\ngo 1.19\n\nrequire (\n\tgithub.com/caddyserver/caddy/v2 v2.6.4\n\tgithub.com/stretchr/testify v1.8.1\n)\n\nrequire (\n\tgithub.com/kr/text v0.2.0 // indirect\n\tgithub.com/rogpeppe/go-internal v1.10.0 // indirect\n)\n\nrequire (\n\tfilippo.io/edwards25519 v1.0.0 // indirect\n\tgithub.com/AndreasBriese/bbloom v0.0.0-20190825152654-46b345b51c96 // indirect\n\tgithub.com/BurntSushi/toml v1.2.1 // indirect\n\tgithub.com/Masterminds/goutils v1.1.1 // indirect\n\tgithub.com/Masterminds/semver/v3 v3.2.0 // indirect\n\tgithub.com/Masterminds/sprig/v3 v3.2.3 // indirect\n\tgithub.com/Microsoft/go-winio v0.6.0 // indirect\n\tgithub.com/alecthomas/chroma/v2 v2.5.0 // indirect\n\tgithub.com/antlr/antlr4/runtime/Go/antlr v1.4.10 // indirect\n\tgithub.com/aryann/difflib v0.0.0-20210328193216-ff5ff6dc229b // indirect\n\tgithub.com/beorn7/perks v1.0.1 // indirect\n\tgithub.com/caddyserver/certmagic v0.17.2 // indirect\n\tgithub.com/cenkalti/backoff/v4 v4.1.2 // indirect\n\tgithub.com/cespare/xxhash v1.1.0 // indirect\n\tgithub.com/cespare/xxhash/v2 v2.2.0 // indirect\n\tgithub.com/chzyer/readline v0.0.0-20180603132655-2972be24d48e // indirect\n\tgithub.com/cpuguy83/go-md2man/v2 v2.0.2 // indirect\n\tgithub.com/davecgh/go-spew v1.1.1 // indirect\n\tgithub.com/dgraph-io/badger v1.6.2 // indirect\n\tgithub.com/dgraph-io/badger/v2 v2.2007.4 // indirect\n\tgithub.com/dgraph-io/ristretto v0.1.0 // indirect\n\tgithub.com/dgryski/go-farm v0.0.0-20200201041132-a6ae2369ad13 // indirect\n\tgithub.com/dlclark/regexp2 v1.7.0 // indirect\n\tgithub.com/dustin/go-humanize v1.0.1 // indirect\n\tgithub.com/felixge/httpsnoop v1.0.3 // indirect\n\tgithub.com/fxamacker/cbor/v2 v2.4.0 // indirect\n\tgithub.com/go-chi/chi v4.1.2+incompatible // indirect\n\tgithub.com/go-kit/kit v0.10.0 // indirect\n\tgithub.com/go-logfmt/logfmt v0.5.1 // indirect\n\tgithub.com/go-logr/logr v1.2.3 // indirect\n\tgithub.com/go-logr/stdr v1.2.2 // indirect\n\tgithub.com/go-sql-driver/mysql v1.6.0 // indirect\n\tgithub.com/go-task/slim-sprig v0.0.0-20210107165309-348f09dbbbc0 // indirect\n\tgithub.com/golang/glog v1.0.0 // indirect\n\tgithub.com/golang/mock v1.6.0 // indirect\n\tgithub.com/golang/protobuf v1.5.2 // indirect\n\tgithub.com/golang/snappy v0.0.4 // indirect\n\tgithub.com/google/cel-go v0.13.0 // indirect\n\tgithub.com/google/pprof v0.0.0-20210407192527-94a9f03dee38 // indirect\n\tgithub.com/google/uuid v1.3.0 // indirect\n\tgithub.com/grpc-ecosystem/grpc-gateway v1.16.0 // indirect\n\tgithub.com/huandu/xstrings v1.3.3 // indirect\n\tgithub.com/imdario/mergo v0.3.12 // indirect\n\tgithub.com/inconshreveable/mousetrap v1.0.1 // indirect\n\tgithub.com/jackc/chunkreader/v2 v2.0.1 // indirect\n\tgithub.com/jackc/pgconn v1.13.0 // indirect\n\tgithub.com/jackc/pgio v1.0.0 // indirect\n\tgithub.com/jackc/pgpassfile v1.0.0 // indirect\n\tgithub.com/jackc/pgproto3/v2 v2.3.1 // indirect\n\tgithub.com/jackc/pgservicefile v0.0.0-20200714003250-2b9c44734f2b // indirect\n\tgithub.com/jackc/pgtype v1.12.0 // indirect\n\tgithub.com/jackc/pgx/v4 v4.17.2 // indirect\n\tgithub.com/klauspost/compress v1.15.15 // indirect\n\tgithub.com/klauspost/cpuid/v2 v2.2.3 // indirect\n\tgithub.com/libdns/libdns v0.2.1 // indirect\n\tgithub.com/manifoldco/promptui v0.9.0 // indirect\n\tgithub.com/mattn/go-colorable v0.1.8 // indirect\n\tgithub.com/mattn/go-isatty v0.0.13 // indirect\n\tgithub.com/matttproud/golang_protobuf_extensions v1.0.1 // indirect\n\tgithub.com/mgutz/ansi v0.0.0-20200706080929-d51e80ef957d // indirect\n\tgithub.com/mholt/acmez v1.1.0 // indirect\n\tgithub.com/micromdm/scep/v2 v2.1.0 // indirect\n\tgithub.com/miekg/dns v1.1.50 // indirect\n\tgithub.com/mitchellh/copystructure v1.2.0 // indirect\n\tgithub.com/mitchellh/go-ps v1.0.0 // indirect\n\tgithub.com/mitchellh/reflectwalk v1.0.2 // indirect\n\tgithub.com/onsi/ginkgo/v2 v2.2.0 // indirect\n\tgithub.com/pkg/errors v0.9.1 // indirect\n\tgithub.com/pmezard/go-difflib v1.0.0 // indirect\n\tgithub.com/prometheus/client_golang v1.14.0 // indirect\n\tgithub.com/prometheus/client_model v0.3.0 // indirect\n\tgithub.com/prometheus/common v0.37.0 // indirect\n\tgithub.com/prometheus/procfs v0.8.0 // indirect\n\tgithub.com/quic-go/qpack v0.4.0 // indirect\n\tgithub.com/quic-go/qtls-go1-18 v0.2.0 // indirect\n\tgithub.com/quic-go/qtls-go1-19 v0.2.0 // indirect\n\tgithub.com/quic-go/qtls-go1-20 v0.1.0 // indirect\n\tgithub.com/quic-go/quic-go v0.32.0 // indirect\n\tgithub.com/rs/xid v1.4.0 // indirect\n\tgithub.com/russross/blackfriday/v2 v2.1.0 // indirect\n\tgithub.com/shopspring/decimal v1.2.0 // indirect\n\tgithub.com/shurcooL/sanitized_anchor_name v1.0.0 // indirect\n\tgithub.com/sirupsen/logrus v1.9.0 // indirect\n\tgithub.com/slackhq/nebula v1.6.1 // indirect\n\tgithub.com/smallstep/certificates v0.23.2 // indirect\n\tgithub.com/smallstep/nosql v0.5.0 // indirect\n\tgithub.com/smallstep/truststore v0.12.1 // indirect\n\tgithub.com/spf13/cast v1.4.1 // indirect\n\tgithub.com/spf13/cobra v1.6.1 // indirect\n\tgithub.com/spf13/pflag v1.0.5 // indirect\n\tgithub.com/stoewer/go-strcase v1.2.0 // indirect\n\tgithub.com/tailscale/tscert v0.0.0-20230124224810-c6dc1f4049b2 // indirect\n\tgithub.com/urfave/cli v1.22.12 // indirect\n\tgithub.com/x448/float16 v0.8.4 // indirect\n\tgithub.com/yuin/goldmark v1.5.4 // indirect\n\tgithub.com/yuin/goldmark-highlighting/v2 v2.0.0-20220924101305-151362477c87 // indirect\n\tgo.etcd.io/bbolt v1.3.6 // indirect\n\tgo.mozilla.org/pkcs7 v0.0.0-20210826202110-33d05740a352 // indirect\n\tgo.opentelemetry.io/contrib/instrumentation/net/http/otelhttp v0.39.0 // indirect\n\tgo.opentelemetry.io/otel v1.13.0 // indirect\n\tgo.opentelemetry.io/otel/exporters/otlp/internal/retry v1.4.0 // indirect\n\tgo.opentelemetry.io/otel/exporters/otlp/otlptrace v1.4.0 // indirect\n\tgo.opentelemetry.io/otel/exporters/otlp/otlptrace/otlptracegrpc v1.4.0 // indirect\n\tgo.opentelemetry.io/otel/metric v0.36.0 // indirect\n\tgo.opentelemetry.io/otel/sdk v1.13.0 // indirect\n\tgo.opentelemetry.io/otel/trace v1.13.0 // indirect\n\tgo.opentelemetry.io/proto/otlp v0.12.0 // indirect\n\tgo.step.sm/cli-utils v0.7.5 // indirect\n\tgo.step.sm/crypto v0.23.2 // indirect\n\tgo.step.sm/linkedca v0.19.0 // indirect\n\tgo.uber.org/atomic v1.9.0 // indirect\n\tgo.uber.org/multierr v1.6.0 // indirect\n\tgo.uber.org/zap v1.24.0\n\tgolang.org/x/crypto v0.5.0 // indirect\n\tgolang.org/x/exp v0.0.0-20221205204356-47842c84f3db // indirect\n\tgolang.org/x/mod v0.10.0 // indirect\n\tgolang.org/x/net v0.10.0 // indirect\n\tgolang.org/x/sync v0.2.0 // indirect\n\tgolang.org/x/sys v0.8.0 // indirect\n\tgolang.org/x/term v0.8.0 // indirect\n\tgolang.org/x/text v0.9.0 // indirect\n\tgolang.org/x/tools v0.9.3\n\tgoogle.golang.org/genproto v0.0.0-20230202175211-008b39050e57 // indirect\n\tgoogle.golang.org/grpc v1.53.0 // indirect\n\tgoogle.golang.org/protobuf v1.28.1 // indirect\n\tgopkg.in/natefinch/lumberjack.v2 v2.2.1 // indirect\n\tgopkg.in/square/go-jose.v2 v2.6.0 // indirect\n\tgopkg.in/yaml.v3 v3.0.1 // indirect\n\thowett.net/plist v1.0.0 // indirect\n)\n' 
 </msg>
<msg timestamp="20230711 09:39:06.617" level="INFO">PUT Response : url=http://Bob:hiccup@localhost:8080//upload/test.txt 
 status=201, reason=Created 
 headers={'Server': 'Caddy', 'Date': 'Tue, 11 Jul 2023 09:39:06 GMT', 'Content-Length': '36', 'Content-Type': 'text/plain; charset=utf-8'} 
 body=File /test.txt created successfully. 
 </msg>
<msg timestamp="20230711 09:39:06.617" level="INFO">${response} = &lt;Response [201]&gt;</msg>
<status status="PASS" starttime="20230711 09:39:06.614" endtime="20230711 09:39:06.617"/>
</kw>
<kw name="Log" library="BuiltIn">
<arg>${response}</arg>
<doc>Logs the given message with the given level.</doc>
<msg timestamp="20230711 09:39:06.617" level="INFO">&lt;Response [201]&gt;</msg>
<status status="PASS" starttime="20230711 09:39:06.617" endtime="20230711 09:39:06.617"/>
</kw>
<if>
<branch type="IF" condition="${text_expected} == True">
<kw name="Should Match" library="BuiltIn">
<arg>${response.text}</arg>
<arg>File ${file_name} created successfully.</arg>
<doc>Fails if the given ``string`` does not match the given ``pattern``.</doc>
<status status="PASS" starttime="20230711 09:39:06.618" endtime="20230711 09:39:06.619"/>
</kw>
<status status="PASS" starttime="20230711 09:39:06.618" endtime="20230711 09:39:06.619"/>
</branch>
<status status="PASS" starttime="20230711 09:39:06.618" endtime="20230711 09:39:06.619"/>
</if>
<status status="PASS" starttime="20230711 09:39:06.613" endtime="20230711 09:39:06.619"/>
</kw>
<doc>Simple uploads of a file should work</doc>
<status status="PASS" starttime="20230711 09:39:06.613" endtime="20230711 09:39:06.619"/>
</test>
<test id="s1-s4-t2" name="Read back uploaded file" line="16">
<kw name="Readback File" library="keywords">
<arg>go.mod</arg>
<doc>Test reading back a single file. The go.mod argument should
be the absolute path to the file.</doc>
<kw name="Get Binary File" library="OperatingSystem">
<var>${file_data}</var>
<arg>${file_path}</arg>
<doc>Returns the contents of a specified file.</doc>
<msg timestamp="20230711 09:39:06.620" level="INFO" html="true">Getting file '&lt;a href="file:///w/go.mod"&gt;/w/go.mod&lt;/a&gt;'.</msg>
<msg timestamp="20230711 09:39:06.620" level="INFO">${file_data} = module github.com/madworx/caddy-put-upload

go 1.19

require (
	github.com/caddyserver/caddy/v2 v2.6.4
	github.com/stretchr/testify v1.8.1
)

require (
	github.com/kr/text v0.2.0 // indirect
	github.c...</msg>
<status status="PASS" starttime="20230711 09:39:06.620" endtime="20230711 09:39:06.620"/>
</kw>
<kw name="Set Variable" library="BuiltIn">
<var>${file_name}</var>
<arg>/test.txt</arg>
<doc>Returns the given values which can then be assigned to a variables.</doc>
<msg timestamp="20230711 09:39:06.620" level="INFO">${file_name} = /test.txt</msg>
<status status="PASS" starttime="20230711 09:39:06.620" endtime="20230711 09:39:06.620"/>
</kw>
<kw name="GET" library="RequestsLibrary">
<var>${response}</var>
<arg>${url}${file_name}</arg>
<arg>expected_status=${expected_status}</arg>
<doc>Sends a GET request.</doc>
<msg timestamp="20230711 09:39:06.629" level="INFO">GET Request : url=http://Bob:hiccup@localhost:8080//test.txt 
 path_url=//test.txt 
 headers={'User-Agent': 'python-requests/2.31.0', 'Accept-Encoding': 'gzip, deflate', 'Accept': '*/*', 'Connection': 'keep-alive', 'Authorization': 'Basic Qm9iOmhpY2N1cA=='} 
 body=None 
 </msg>
<msg timestamp="20230711 09:39:06.629" level="INFO">GET Response : url=http://Bob:hiccup@localhost:8080//test.txt 
 status=200, reason=OK 
 headers={'Accept-Ranges': 'bytes', 'Content-Length': '6827', 'Content-Type': 'text/plain; charset=utf-8', 'Etag': '"rxmlh659n"', 'Last-Modified': 'Tue, 11 Jul 2023 09:39:06 GMT', 'Server': 'Caddy', 'Date': 'Tue, 11 Jul 2023 09:39:06 GMT'} 
 body=module github.com/madworx/caddy-put-upload

go 1.19

require (
	github.com/caddyserver/caddy/v2 v2.6.4
	github.com/stretchr/testify v1.8.1
)

require (
	github.com/kr/text v0.2.0 // indirect
	github.com/rogpeppe/go-internal v1.10.0 // indirect
)

require (
	filippo.io/edwards25519 v1.0.0 // indirect
	github.com/AndreasBriese/bbloom v0.0.0-20190825152654-46b345b51c96 // indirect
	github.com/BurntSushi/toml v1.2.1 // indirect
	github.com/Masterminds/goutils v1.1.1 // indirect
	github.com/Masterminds/semver/v3 v3.2.0 // indirect
	github.com/Masterminds/sprig/v3 v3.2.3 // indirect
	github.com/Microsoft/go-winio v0.6.0 // indirect
	github.com/alecthomas/chroma/v2 v2.5.0 // indirect
	github.com/antlr/antlr4/runtime/Go/antlr v1.4.10 // indirect
	github.com/aryann/difflib v0.0.0-20210328193216-ff5ff6dc229b // indirect
	github.com/beorn7/perks v1.0.1 // indirect
	github.com/caddyserver/certmagic v0.17.2 // indirect
	github.com/cenkalti/backoff/v4 v4.1.2 // indirect
	github.com/cespare/xxhash v1.1.0 // indirect
	github.com/cespare/xxhash/v2 v2.2.0 // indirect
	github.com/chzyer/readline v0.0.0-20180603132655-2972be24d48e // indirect
	github.com/cpuguy83/go-md2man/v2 v2.0.2 // indirect
	github.com/davecgh/go-spew v1.1.1 // indirect
	github.com/dgraph-io/badger v1.6.2 // indirect
	github.com/dgraph-io/badger/v2 v2.2007.4 // indirect
	github.com/dgraph-io/ristretto v0.1.0 // indirect
	github.com/dgryski/go-farm v0.0.0-20200201041132-a6ae2369ad13 // indirect
	github.com/dlclark/regexp2 v1.7.0 // indirect
	github.com/dustin/go-humanize v1.0.1 // indirect
	github.com/felixge/httpsnoop v1.0.3 // indirect
	github.com/fxamacker/cbor/v2 v2.4.0 // indirect
	github.com/go-chi/chi v4.1.2+incompatible // indirect
[...]
<msg timestamp="20230711 09:42:19.096" level="INFO">Process completed.</msg>
<msg timestamp="20230711 09:42:19.097" level="INFO">${result} = &lt;result object with rc 0&gt;</msg>
<status status="PASS" starttime="20230711 09:42:18.938" endtime="20230711 09:42:19.097"/>
</kw>
<if>
<branch type="IF" condition="${result.rc} != 0">
<kw name="Log Many" library="BuiltIn">
<arg>${result.stderr}</arg>
<arg>${result.stdout}</arg>
<doc>Logs the given messages as separate entries using the INFO level.</doc>
<status status="NOT RUN" starttime="20230711 09:42:19.098" endtime="20230711 09:42:19.099"/>
</kw>
<status status="NOT RUN" starttime="20230711 09:42:19.097" endtime="20230711 09:42:19.099"/>
</branch>
<status status="PASS" starttime="20230711 09:42:19.097" endtime="20230711 09:42:19.099"/>
</if>
<kw name="Should Be Equal As Integers" library="BuiltIn">
<arg>${result.rc}</arg>
<arg>0</arg>
<doc>Fails if objects are unequal after converting them to integers.</doc>
<msg timestamp="20230711 09:42:19.099" level="INFO">Argument types are:
&lt;class 'int'&gt;
&lt;class 'str'&gt;</msg>
<status status="PASS" starttime="20230711 09:42:19.099" endtime="20230711 09:42:19.099"/>
</kw>
<return>
<value>${result}</value>
<status status="PASS" starttime="20230711 09:42:19.099" endtime="20230711 09:42:19.099"/>
</return>
<status status="PASS" starttime="20230711 09:42:18.937" endtime="20230711 09:42:19.100"/>
</kw>
<status status="PASS" starttime="20230711 09:42:18.936" endtime="20230711 09:42:19.100"/>
</iter>
<iter>
<var name="${binary}">caddy-put-security-linux-x86_64</var>
<kw name="Expect Successful Execution" library="keywords">
<arg>./dist/${binary} list-modules</arg>
<doc>Runs a ${command} and expects it to succeed. ${command}
should be a string representing the shell command.</doc>
<kw name="Run Process" library="Process">
<var>${result}</var>
<arg>${command}</arg>
<arg>shell=True</arg>
<doc>Runs a process and waits for it to complete.</doc>
<msg timestamp="20230711 09:42:19.101" level="INFO">Starting process:
./dist/caddy-put-security-linux-x86_64 list-modules</msg>
<msg timestamp="20230711 09:42:19.104" level="INFO">Waiting for process to complete.</msg>
<msg timestamp="20230711 09:42:19.185" level="INFO">Process completed.</msg>
<msg timestamp="20230711 09:42:19.186" level="INFO">${result} = &lt;result object with rc 0&gt;</msg>
<status status="PASS" starttime="20230711 09:42:19.101" endtime="20230711 09:42:19.186"/>
</kw>
<if>
<branch type="IF" condition="${result.rc} != 0">
<kw name="Log Many" library="BuiltIn">
<arg>${result.stderr}</arg>
<arg>${result.stdout}</arg>
<doc>Logs the given messages as separate entries using the INFO level.</doc>
<status status="NOT RUN" starttime="20230711 09:42:19.187" endtime="20230711 09:42:19.187"/>
</kw>
<status status="NOT RUN" starttime="20230711 09:42:19.186" endtime="20230711 09:42:19.187"/>
</branch>
<status status="PASS" starttime="20230711 09:42:19.186" endtime="20230711 09:42:19.187"/>
</if>
<kw name="Should Be Equal As Integers" library="BuiltIn">
<arg>${result.rc}</arg>
<arg>0</arg>
<doc>Fails if objects are unequal after converting them to integers.</doc>
<msg timestamp="20230711 09:42:19.188" level="INFO">Argument types are:
&lt;class 'int'&gt;
&lt;class 'str'&gt;</msg>
<status status="PASS" starttime="20230711 09:42:19.187" endtime="20230711 09:42:19.188"/>
</kw>
<return>
<value>${result}</value>
<status status="PASS" starttime="20230711 09:42:19.188" endtime="20230711 09:42:19.188"/>
</return>
<status status="PASS" starttime="20230711 09:42:19.101" endtime="20230711 09:42:19.188"/>
</kw>
<status status="PASS" starttime="20230711 09:42:19.100" endtime="20230711 09:42:19.188"/>
</iter>
<status status="PASS" starttime="20230711 09:42:18.936" endtime="20230711 09:42:19.188"/>
</for>
<doc>Verifies that all the built binaries in the 'dist/'
subdirectory execute successfully.</doc>
<status status="PASS" starttime="20230711 09:42:18.935" endtime="20230711 09:42:19.188"/>
</test>
<doc>Verifies the build process of distribution binaries and
ensures that the built binaries execute successfully.</doc>
<status status="PASS" starttime="20230711 09:39:07.448" endtime="20230711 09:42:19.190"/>
</suite>
<suite id="s1-s6" name="006 Summary" source="/w/e2e_tests/006_summary.robot">
<test id="s1-s6-t1" name="Collate code coverage reports" line="11">
<kw name="Get Coverage Filename From Suite Source" library="keywords">
<var>${cov_path}</var>
<var>${cov_filename}</var>
<doc>Splits `/w/e2e_tests/006_summary.robot` into path and filename. Constructs a
path to the coverage file in `/w/e2e_tests/results`. Returns the coverage full file
path and the coverage filename separately.</doc>
<kw name="Split Path" library="OperatingSystem">
<var>${path}</var>
<var>${suite_filename}</var>
<arg>${SUITE SOURCE}</arg>
<doc>Splits the given path from the last path separator (``/`` or ``\``).</doc>
<msg timestamp="20230711 09:42:19.198" level="INFO">${path} = /w/e2e_tests</msg>
<msg timestamp="20230711 09:42:19.198" level="INFO">${suite_filename} = 006_summary.robot</msg>
<status status="PASS" starttime="20230711 09:42:19.198" endtime="20230711 09:42:19.198"/>
</kw>
<kw name="Split Extension" library="OperatingSystem">
<var>${suite_name}</var>
<var>${ext}</var>
<arg>${suite_filename}</arg>
<doc>Splits the extension from the given path.</doc>
<msg timestamp="20230711 09:42:19.199" level="INFO">${suite_name} = 006_summary</msg>
<msg timestamp="20230711 09:42:19.199" level="INFO">${ext} = robot</msg>
<status status="PASS" starttime="20230711 09:42:19.199" endtime="20230711 09:42:19.199"/>
</kw>
<kw name="Join Path" library="OperatingSystem">
<var>${cov_path}</var>
<arg>${OUTPUT DIR}</arg>
<arg>${suite_name}.coverage</arg>
<doc>Joins the given path part(s) to the given base path.</doc>
<msg timestamp="20230711 09:42:19.199" level="INFO">${cov_path} = /w/e2e_tests/results/006_summary.coverage</msg>
<status status="PASS" starttime="20230711 09:42:19.199" endtime="20230711 09:42:19.199"/>
</kw>
<return>
<value>${cov_path}</value>
<value>${suite_name}.coverage</value>
<status status="PASS" starttime="20230711 09:42:19.199" endtime="20230711 09:42:19.199"/>
</return>
<msg timestamp="20230711 09:42:19.200" level="INFO">${cov_path} = /w/e2e_tests/results/006_summary.coverage</msg>
<msg timestamp="20230711 09:42:19.200" level="INFO">${cov_filename} = 006_summary.coverage</msg>
<status status="PASS" starttime="20230711 09:42:19.198" endtime="20230711 09:42:19.200"/>
</kw>
<kw name="Expect Successful Execution" library="keywords">
<arg>go run cmd/gocovmerge/gocovmerge.go ${OUTPUT DIR}/*.coverage &gt; ${cov_path}</arg>
<doc>Runs a ${command} and expects it to succeed. ${command}
should be a string representing the shell command.</doc>
<kw name="Run Process" library="Process">
<var>${result}</var>
<arg>${command}</arg>
<arg>shell=True</arg>
<doc>Runs a process and waits for it to complete.</doc>
<msg timestamp="20230711 09:42:19.202" level="INFO">Starting process:
go run cmd/gocovmerge/gocovmerge.go /w/e2e_tests/results/*.coverage &gt; /w/e2e_tests/results/006_summary.coverage</msg>
<msg timestamp="20230711 09:42:19.205" level="INFO">Waiting for process to complete.</msg>
<msg timestamp="20230711 09:42:19.425" level="INFO">Process completed.</msg>
<msg timestamp="20230711 09:42:19.426" level="INFO">${result} = &lt;result object with rc 0&gt;</msg>
<status status="PASS" starttime="20230711 09:42:19.201" endtime="20230711 09:42:19.426"/>
</kw>
<if>
<branch type="IF" condition="${result.rc} != 0">
<kw name="Log Many" library="BuiltIn">
<arg>${result.stderr}</arg>
<arg>${result.stdout}</arg>
<doc>Logs the given messages as separate entries using the INFO level.</doc>
<status status="NOT RUN" starttime="20230711 09:42:19.427" endtime="20230711 09:42:19.427"/>
</kw>
<status status="NOT RUN" starttime="20230711 09:42:19.426" endtime="20230711 09:42:19.427"/>
</branch>
<status status="PASS" starttime="20230711 09:42:19.426" endtime="20230711 09:42:19.427"/>
</if>
<kw name="Should Be Equal As Integers" library="BuiltIn">
<arg>${result.rc}</arg>
<arg>0</arg>
<doc>Fails if objects are unequal after converting them to integers.</doc>
<msg timestamp="20230711 09:42:19.428" level="INFO">Argument types are:
&lt;class 'int'&gt;
&lt;class 'str'&gt;</msg>
<status status="PASS" starttime="20230711 09:42:19.427" endtime="20230711 09:42:19.428"/>
</kw>
<return>
<value>${result}</value>
<status status="PASS" starttime="20230711 09:42:19.428" endtime="20230711 09:42:19.428"/>
</return>
<status status="PASS" starttime="20230711 09:42:19.201" endtime="20230711 09:42:19.428"/>
</kw>
<kw name="Generate Coverage Report" library="keywords">
<doc>Generate coverage report from generated files</doc>
<kw name="Get Coverage Filename From Suite Source" library="keywords">
<var>${cov_path}</var>
<var>${cov_filename}</var>
<doc>Splits `/w/e2e_tests/006_summary.robot` into path and filename. Constructs a
path to the coverage file in `/w/e2e_tests/results`. Returns the coverage full file
path and the coverage filename separately.</doc>
<kw name="Split Path" library="OperatingSystem">
<var>${path}</var>
<var>${suite_filename}</var>
<arg>${SUITE SOURCE}</arg>
<doc>Splits the given path from the last path separator (``/`` or ``\``).</doc>
<msg timestamp="20230711 09:42:19.429" level="INFO">${path} = /w/e2e_tests</msg>
<msg timestamp="20230711 09:42:19.429" level="INFO">${suite_filename} = 006_summary.robot</msg>
<status status="PASS" starttime="20230711 09:42:19.429" endtime="20230711 09:42:19.429"/>
</kw>
<kw name="Split Extension" library="OperatingSystem">
<var>${suite_name}</var>
<var>${ext}</var>
<arg>${suite_filename}</arg>
<doc>Splits the extension from the given path.</doc>
<msg timestamp="20230711 09:42:19.429" level="INFO">${suite_name} = 006_summary</msg>
<msg timestamp="20230711 09:42:19.429" level="INFO">${ext} = robot</msg>
<status status="PASS" starttime="20230711 09:42:19.429" endtime="20230711 09:42:19.429"/>
</kw>
<kw name="Join Path" library="OperatingSystem">
<var>${cov_path}</var>
<arg>${OUTPUT DIR}</arg>
<arg>${suite_name}.coverage</arg>
<doc>Joins the given path part(s) to the given base path.</doc>
<msg timestamp="20230711 09:42:19.429" level="INFO">${cov_path} = /w/e2e_tests/results/006_summary.coverage</msg>
<status status="PASS" starttime="20230711 09:42:19.429" endtime="20230711 09:42:19.429"/>
</kw>
<return>
<value>${cov_path}</value>
<value>${suite_name}.coverage</value>
<status status="PASS" starttime="20230711 09:42:19.429" endtime="20230711 09:42:19.429"/>
</return>
<msg timestamp="20230711 09:42:19.430" level="INFO">${cov_path} = /w/e2e_tests/results/006_summary.coverage</msg>
<msg timestamp="20230711 09:42:19.430" level="INFO">${cov_filename} = 006_summary.coverage</msg>
<status status="PASS" starttime="20230711 09:42:19.428" endtime="20230711 09:42:19.430"/>
</kw>
<kw name="Run Keyword And Return Status" library="BuiltIn">
<var>${dir_exists}</var>
<arg>Directory Should Exist</arg>
<arg>${OUTPUT DIR}/go-coverage</arg>
<doc>Runs the given keyword with given arguments and returns the status as a Boolean value.</doc>
<kw name="Directory Should Exist" library="OperatingSystem">
<arg>${OUTPUT DIR}/go-coverage</arg>
<doc>Fails unless the given path points to an existing directory.</doc>
<msg timestamp="20230711 09:42:19.430" level="FAIL">Directory '/w/e2e_tests/results/go-coverage' does not exist.</msg>
<status status="FAIL" starttime="20230711 09:42:19.430" endtime="20230711 09:42:19.430"/>
</kw>
<msg timestamp="20230711 09:42:19.430" level="INFO">${dir_exists} = False</msg>
<status status="PASS" starttime="20230711 09:42:19.430" endtime="20230711 09:42:19.430"/>
</kw>
<if>
<branch type="IF" condition="${dir_exists}">
<kw name="List Files In Directory" library="OperatingSystem">
<var>${dir_contents}</var>
<arg>${OUTPUT DIR}/go-coverage</arg>
<doc>Wrapper for `List Directory` that returns only files.</doc>
<status status="NOT RUN" starttime="20230711 09:42:19.431" endtime="20230711 09:42:19.431"/>
</kw>
<status status="NOT RUN" starttime="20230711 09:42:19.431" endtime="20230711 09:42:19.431"/>
</branch>
<branch type="ELSE">
<kw name="Set Variable" library="BuiltIn">
<var>${dir_contents}</var>
<arg>${None}</arg>
<doc>Returns the given values which can then be assigned to a variables.</doc>
<msg timestamp="20230711 09:42:19.431" level="INFO">${dir_contents} = None</msg>
<status status="PASS" starttime="20230711 09:42:19.431" endtime="20230711 09:42:19.431"/>
</kw>
<status status="PASS" starttime="20230711 09:42:19.431" endtime="20230711 09:42:19.431"/>
</branch>
<status status="PASS" starttime="20230711 09:42:19.431" endtime="20230711 09:42:19.431"/>
</if>
<if>
<branch type="IF" condition="${dir_contents}">
<kw name="Convert Coverage Fragments" library="keywords">
<arg>${cov_path}</arg>
<doc>Convert coverage fragments (from a go run/build -cover execution) into
a single file</doc>
<status status="NOT RUN" starttime="20230711 09:42:19.431" endtime="20230711 09:42:19.431"/>
</kw>
<status status="NOT RUN" starttime="20230711 09:42:19.431" endtime="20230711 09:42:19.431"/>
</branch>
<status status="PASS" starttime="20230711 09:42:19.431" endtime="20230711 09:42:19.431"/>
</if>
<kw name="Expect Successful Execution" library="keywords">
<arg>go tool cover -html\=${cov_path} -o\=${cov_path}.html</arg>
<doc>Runs a ${command} and expects it to succeed. ${command}
should be a string representing the shell command.</doc>
<kw name="Run Process" library="Process">
<var>${result}</var>
<arg>${command}</arg>
<arg>shell=True</arg>
<doc>Runs a process and waits for it to complete.</doc>
<msg timestamp="20230711 09:42:19.433" level="INFO">Starting process:
go tool cover -html=/w/e2e_tests/results/006_summary.coverage -o=/w/e2e_tests/results/006_summary.coverage.html</msg>
<msg timestamp="20230711 09:42:19.435" level="INFO">Waiting for process to complete.</msg>
<msg timestamp="20230711 09:42:19.831" level="INFO">Process completed.</msg>
<msg timestamp="20230711 09:42:19.831" level="INFO">${result} = &lt;result object with rc 0&gt;</msg>
<status status="PASS" starttime="20230711 09:42:19.433" endtime="20230711 09:42:19.831"/>
</kw>
<if>
<branch type="IF" condition="${result.rc} != 0">
<kw name="Log Many" library="BuiltIn">
<arg>${result.stderr}</arg>
<arg>${result.stdout}</arg>
<doc>Logs the given messages as separate entries using the INFO level.</doc>
<status status="NOT RUN" starttime="20230711 09:42:19.833" endtime="20230711 09:42:19.833"/>
</kw>
<status status="NOT RUN" starttime="20230711 09:42:19.832" endtime="20230711 09:42:19.833"/>
</branch>
<status status="PASS" starttime="20230711 09:42:19.832" endtime="20230711 09:42:19.833"/>
</if>
<kw name="Should Be Equal As Integers" library="BuiltIn">
<arg>${result.rc}</arg>
<arg>0</arg>
<doc>Fails if objects are unequal after converting them to integers.</doc>
<msg timestamp="20230711 09:42:19.834" level="INFO">Argument types are:
&lt;class 'int'&gt;
&lt;class 'str'&gt;</msg>
<status status="PASS" starttime="20230711 09:42:19.833" endtime="20230711 09:42:19.834"/>
</kw>
<return>
<value>${result}</value>
<status status="PASS" starttime="20230711 09:42:19.834" endtime="20230711 09:42:19.834"/>
</return>
<status status="PASS" starttime="20230711 09:42:19.432" endtime="20230711 09:42:19.834"/>
</kw>
<kw name="Expect Successful Execution" library="keywords">
<var>${result}</var>
<arg>go tool cover -func\=${cov_path}</arg>
<doc>Runs a ${command} and expects it to succeed. ${command}
should be a string representing the shell command.</doc>
<kw name="Run Process" library="Process">
<var>${result}</var>
<arg>${command}</arg>
<arg>shell=True</arg>
<doc>Runs a process and waits for it to complete.</doc>
<msg timestamp="20230711 09:42:19.836" level="INFO">Starting process:
go tool cover -func=/w/e2e_tests/results/006_summary.coverage</msg>
<msg timestamp="20230711 09:42:19.839" level="INFO">Waiting for process to complete.</msg>
<msg timestamp="20230711 09:42:20.190" level="INFO">Process completed.</msg>
<msg timestamp="20230711 09:42:20.191" level="INFO">${result} = &lt;result object with rc 0&gt;</msg>
<status status="PASS" starttime="20230711 09:42:19.836" endtime="20230711 09:42:20.191"/>
</kw>
<if>
<branch type="IF" condition="${result.rc} != 0">
<kw name="Log Many" library="BuiltIn">
<arg>${result.stderr}</arg>
<arg>${result.stdout}</arg>
<doc>Logs the given messages as separate entries using the INFO level.</doc>
<status status="NOT RUN" starttime="20230711 09:42:20.192" endtime="20230711 09:42:20.192"/>
</kw>
<status status="NOT RUN" starttime="20230711 09:42:20.191" endtime="20230711 09:42:20.192"/>
</branch>
<status status="PASS" starttime="20230711 09:42:20.191" endtime="20230711 09:42:20.192"/>
</if>
<kw name="Should Be Equal As Integers" library="BuiltIn">
<arg>${result.rc}</arg>
<arg>0</arg>
<doc>Fails if objects are unequal after converting them to integers.</doc>
<msg timestamp="20230711 09:42:20.193" level="INFO">Argument types are:
&lt;class 'int'&gt;
&lt;class 'str'&gt;</msg>
<status status="PASS" starttime="20230711 09:42:20.192" endtime="20230711 09:42:20.193"/>
</kw>
<return>
<value>${result}</value>
<status status="PASS" starttime="20230711 09:42:20.193" endtime="20230711 09:42:20.193"/>
</return>
<msg timestamp="20230711 09:42:20.193" level="INFO">${result} = &lt;result object with rc 0&gt;</msg>
<status status="PASS" starttime="20230711 09:42:19.835" endtime="20230711 09:42:20.193"/>
</kw>
<kw name="Get Regexp Matches" library="String">
<var>${percent}</var>
<arg>${result.stdout}</arg>
<arg>total:.*?([0-9.]+%)$</arg>
<arg>1</arg>
<doc>Returns a list of all non-overlapping matches in the given string.</doc>
<msg timestamp="20230711 09:42:20.194" level="INFO">${percent} = ['82.6%']</msg>
<status status="PASS" starttime="20230711 09:42:20.193" endtime="20230711 09:42:20.194"/>
</kw>
<kw name="Set Suite Metadata" library="BuiltIn">
<arg>Code coverage</arg>
<arg>${percent[0]} [${cov_filename}.html|HTML Report] | [${cov_filename}|Coverage file]</arg>
<doc>Sets metadata for the current test suite.</doc>
<msg timestamp="20230711 09:42:20.195" level="INFO">Set suite metadata 'Code coverage' to value '82.6% [006_summary.coverage.html|HTML Report] | [006_summary.coverage|Coverage file]'.</msg>
<status status="PASS" starttime="20230711 09:42:20.194" endtime="20230711 09:42:20.195"/>
</kw>
<status status="PASS" starttime="20230711 09:42:19.428" endtime="20230711 09:42:20.195"/>
</kw>
<doc>Combine all code coverage profiles into one.</doc>
<status status="PASS" starttime="20230711 09:42:19.197" endtime="20230711 09:42:20.195"/>
</test>
<doc>Aggregate multiple code coverage reports into a single report.
It leverages the gocovmerge utility, a Go tool that merges multiple
coverage profiles. The suite utilizes keywords defined in the
resources/keywords.robot file.</doc>
<meta name="Code coverage">82.6% [006_summary.coverage.html|HTML Report] | [006_summary.coverage|Coverage file]</meta>
<status status="PASS" starttime="20230711 09:42:19.192" endtime="20230711 09:42:20.196"/>
</suite>
<status status="PASS" starttime="20230711 09:37:04.689" endtime="20230711 09:42:20.197"/>
</suite>
<statistics>
<total>
<stat pass="16" fail="0" skip="0">All Tests</stat>
</total>
<tag>
</tag>
<suite>
<stat pass="16" fail="0" skip="0" id="s1" name="E2E Tests">E2E Tests</stat>
<stat pass="3" fail="0" skip="0" id="s1-s1" name="001 Source Code">E2E Tests.001 Source Code</stat>
<stat pass="2" fail="0" skip="0" id="s1-s2" name="002 Unit Tests">E2E Tests.002 Unit Tests</stat>
<stat pass="4" fail="0" skip="0" id="s1-s3" name="003 Configuration">E2E Tests.003 Configuration</stat>
<stat pass="4" fail="0" skip="0" id="s1-s4" name="004 Requests">E2E Tests.004 Requests</stat>
<stat pass="2" fail="0" skip="0" id="s1-s5" name="005 Binaries">E2E Tests.005 Binaries</stat>
<stat pass="1" fail="0" skip="0" id="s1-s6" name="006 Summary">E2E Tests.006 Summary</stat>
</suite>
</statistics>
<errors>
</errors>
</robot>
