<?xml version="1.0" encoding="UTF-8"?>
<robot generator="Robot 6.1 (Python 3.9.2 on linux)" generated="20230619 23:14:45.254" rpa="false" schemaversion="4">
<suite id="s1" name="E2E Tests" source="/w/e2e_tests">
<suite id="s1-s1" name="001 Source Code" source="/w/e2e_tests/001_source_code.robot">
<test id="s1-s1-t1" name="Golang" line="8">
<kw name="Expect Successful Execution" library="keywords">
<arg>make lint-go</arg>
<doc>Runs a ${command} and expects it to succeed. ${command}
should be a string representing the shell command.</doc>
<kw name="Run Process" library="Process">
<var>${result}</var>
<arg>${command}</arg>
<arg>shell=True</arg>
<doc>Runs a process and waits for it to complete.</doc>
<msg timestamp="20230619 23:14:45.341" level="INFO">Starting process:
make lint-go</msg>
<msg timestamp="20230619 23:14:45.344" level="INFO">Waiting for process to complete.</msg>
<msg timestamp="20230619 23:16:06.529" level="INFO">Process completed.</msg>
<msg timestamp="20230619 23:16:06.529" level="INFO">${result} = &lt;result object with rc 0&gt;</msg>
<status status="PASS" starttime="20230619 23:14:45.341" endtime="20230619 23:16:06.529"/>
</kw>
<if>
<branch type="IF" condition="${result.rc} != 0">
<kw name="Log Many" library="BuiltIn">
<arg>${result.stderr}</arg>
<arg>${result.stdout}</arg>
<doc>Logs the given messages as separate entries using the INFO level.</doc>
<status status="NOT RUN" starttime="20230619 23:16:06.531" endtime="20230619 23:16:06.531"/>
</kw>
<status status="NOT RUN" starttime="20230619 23:16:06.530" endtime="20230619 23:16:06.531"/>
</branch>
<status status="PASS" starttime="20230619 23:16:06.530" endtime="20230619 23:16:06.531"/>
</if>
<kw name="Should Be Equal As Integers" library="BuiltIn">
<arg>${result.rc}</arg>
<arg>0</arg>
<doc>Fails if objects are unequal after converting them to integers.</doc>
<msg timestamp="20230619 23:16:06.532" level="INFO">Argument types are:
&lt;class 'int'&gt;
&lt;class 'str'&gt;</msg>
<status status="PASS" starttime="20230619 23:16:06.531" endtime="20230619 23:16:06.532"/>
</kw>
<return>
<value>${result}</value>
<status status="PASS" starttime="20230619 23:16:06.532" endtime="20230619 23:16:06.532"/>
</return>
<status status="PASS" starttime="20230619 23:14:45.340" endtime="20230619 23:16:06.532"/>
</kw>
<doc>Lint Golang code</doc>
<status status="PASS" starttime="20230619 23:14:45.339" endtime="20230619 23:16:06.532"/>
</test>
<test id="s1-s1-t2" name="Robot Framework" line="12">
<kw name="Expect Successful Execution" library="keywords">
<arg>make lint-robot</arg>
<doc>Runs a ${command} and expects it to succeed. ${command}
should be a string representing the shell command.</doc>
<kw name="Run Process" library="Process">
<var>${result}</var>
<arg>${command}</arg>
<arg>shell=True</arg>
<doc>Runs a process and waits for it to complete.</doc>
<msg timestamp="20230619 23:16:06.535" level="INFO">Starting process:
make lint-robot</msg>
<msg timestamp="20230619 23:16:06.537" level="INFO">Waiting for process to complete.</msg>
<msg timestamp="20230619 23:16:07.130" level="INFO">Process completed.</msg>
<msg timestamp="20230619 23:16:07.131" level="INFO">${result} = &lt;result object with rc 0&gt;</msg>
<status status="PASS" starttime="20230619 23:16:06.534" endtime="20230619 23:16:07.131"/>
</kw>
<if>
<branch type="IF" condition="${result.rc} != 0">
<kw name="Log Many" library="BuiltIn">
<arg>${result.stderr}</arg>
<arg>${result.stdout}</arg>
<doc>Logs the given messages as separate entries using the INFO level.</doc>
<status status="NOT RUN" starttime="20230619 23:16:07.132" endtime="20230619 23:16:07.132"/>
</kw>
<status status="NOT RUN" starttime="20230619 23:16:07.131" endtime="20230619 23:16:07.132"/>
</branch>
<status status="PASS" starttime="20230619 23:16:07.131" endtime="20230619 23:16:07.132"/>
</if>
<kw name="Should Be Equal As Integers" library="BuiltIn">
<arg>${result.rc}</arg>
<arg>0</arg>
<doc>Fails if objects are unequal after converting them to integers.</doc>
<msg timestamp="20230619 23:16:07.133" level="INFO">Argument types are:
&lt;class 'int'&gt;
&lt;class 'str'&gt;</msg>
<status status="PASS" starttime="20230619 23:16:07.132" endtime="20230619 23:16:07.133"/>
</kw>
<return>
<value>${result}</value>
<status status="PASS" starttime="20230619 23:16:07.133" endtime="20230619 23:16:07.133"/>
</return>
<status status="PASS" starttime="20230619 23:16:06.534" endtime="20230619 23:16:07.133"/>
</kw>
<doc>Lint Robot Framework code</doc>
<status status="PASS" starttime="20230619 23:16:06.533" endtime="20230619 23:16:07.134"/>
</test>
<test id="s1-s1-t3" name="Python" line="16">
<kw name="Expect Successful Execution" library="keywords">
<arg>make lint-python</arg>
<doc>Runs a ${command} and expects it to succeed. ${command}
should be a string representing the shell command.</doc>
<kw name="Run Process" library="Process">
<var>${result}</var>
<arg>${command}</arg>
<arg>shell=True</arg>
<doc>Runs a process and waits for it to complete.</doc>
<msg timestamp="20230619 23:16:07.136" level="INFO">Starting process:
make lint-python</msg>
<msg timestamp="20230619 23:16:07.138" level="INFO">Waiting for process to complete.</msg>
<msg timestamp="20230619 23:16:09.181" level="INFO">Process completed.</msg>
<msg timestamp="20230619 23:16:09.181" level="INFO">${result} = &lt;result object with rc 0&gt;</msg>
<status status="PASS" starttime="20230619 23:16:07.136" endtime="20230619 23:16:09.181"/>
</kw>
<if>
<branch type="IF" condition="${result.rc} != 0">
<kw name="Log Many" library="BuiltIn">
<arg>${result.stderr}</arg>
<arg>${result.stdout}</arg>
<doc>Logs the given messages as separate entries using the INFO level.</doc>
<status status="NOT RUN" starttime="20230619 23:16:09.182" endtime="20230619 23:16:09.182"/>
</kw>
<status status="NOT RUN" starttime="20230619 23:16:09.181" endtime="20230619 23:16:09.182"/>
</branch>
<status status="PASS" starttime="20230619 23:16:09.181" endtime="20230619 23:16:09.183"/>
</if>
<kw name="Should Be Equal As Integers" library="BuiltIn">
<arg>${result.rc}</arg>
<arg>0</arg>
<doc>Fails if objects are unequal after converting them to integers.</doc>
<msg timestamp="20230619 23:16:09.183" level="INFO">Argument types are:
&lt;class 'int'&gt;
&lt;class 'str'&gt;</msg>
<status status="PASS" starttime="20230619 23:16:09.183" endtime="20230619 23:16:09.183"/>
</kw>
<return>
<value>${result}</value>
<status status="PASS" starttime="20230619 23:16:09.183" endtime="20230619 23:16:09.184"/>
</return>
<status status="PASS" starttime="20230619 23:16:07.135" endtime="20230619 23:16:09.184"/>
</kw>
<doc>Lint Python code</doc>
<status status="PASS" starttime="20230619 23:16:07.134" endtime="20230619 23:16:09.184"/>
</test>
<doc>This test suite performs code linting for different languages.</doc>
<status status="PASS" starttime="20230619 23:14:45.271" endtime="20230619 23:16:09.185"/>
</suite>
<suite id="s1-s2" name="002 Unit Tests" source="/w/e2e_tests/002_unit_tests.robot">
<kw name="Suite Setup" library="keywords" type="SETUP">
<doc>Ensure there is a directory for coverage files</doc>
<kw name="Create Directory" library="OperatingSystem">
<arg>${OUTPUT DIR}/go-coverage</arg>
<doc>Creates the specified directory.</doc>
<msg timestamp="20230619 23:16:09.191" level="INFO" html="true">Created directory '&lt;a href="file:///w/e2e_tests/results/go-coverage"&gt;/w/e2e_tests/results/go-coverage&lt;/a&gt;'.</msg>
<status status="PASS" starttime="20230619 23:16:09.191" endtime="20230619 23:16:09.191"/>
</kw>
<status status="PASS" starttime="20230619 23:16:09.191" endtime="20230619 23:16:09.191"/>
</kw>
<test id="s1-s2-t1" name="Unit tests" line="12">
<kw name="Get Coverage Filename From Suite Source" library="keywords">
<var>${cov_path}</var>
<var>${cov_filename}</var>
<doc>Splits `/w/e2e_tests/002_unit_tests.robot` into path and filename. Constructs a
path to the coverage file in `/w/e2e_tests/results`. Returns the coverage full file
path and the coverage filename separately.</doc>
<kw name="Split Path" library="OperatingSystem">
<var>${path}</var>
<var>${suite_filename}</var>
<arg>${SUITE SOURCE}</arg>
<doc>Splits the given path from the last path separator (``/`` or ``\``).</doc>
<msg timestamp="20230619 23:16:09.192" level="INFO">${path} = /w/e2e_tests</msg>
<msg timestamp="20230619 23:16:09.192" level="INFO">${suite_filename} = 002_unit_tests.robot</msg>
<status status="PASS" starttime="20230619 23:16:09.192" endtime="20230619 23:16:09.192"/>
</kw>
<kw name="Split Extension" library="OperatingSystem">
<var>${suite_name}</var>
<var>${ext}</var>
<arg>${suite_filename}</arg>
<doc>Splits the extension from the given path.</doc>
<msg timestamp="20230619 23:16:09.193" level="INFO">${suite_name} = 002_unit_tests</msg>
<msg timestamp="20230619 23:16:09.193" level="INFO">${ext} = robot</msg>
<status status="PASS" starttime="20230619 23:16:09.192" endtime="20230619 23:16:09.193"/>
</kw>
<kw name="Join Path" library="OperatingSystem">
<var>${cov_path}</var>
<arg>${OUTPUT DIR}</arg>
<arg>${suite_name}.coverage</arg>
<doc>Joins the given path part(s) to the given base path.</doc>
<msg timestamp="20230619 23:16:09.193" level="INFO">${cov_path} = /w/e2e_tests/results/002_unit_tests.coverage</msg>
<status status="PASS" starttime="20230619 23:16:09.193" endtime="20230619 23:16:09.193"/>
</kw>
<return>
<value>${cov_path}</value>
<value>${suite_name}.coverage</value>
<status status="PASS" starttime="20230619 23:16:09.193" endtime="20230619 23:16:09.193"/>
</return>
<msg timestamp="20230619 23:16:09.193" level="INFO">${cov_path} = /w/e2e_tests/results/002_unit_tests.coverage</msg>
<msg timestamp="20230619 23:16:09.193" level="INFO">${cov_filename} = 002_unit_tests.coverage</msg>
<status status="PASS" starttime="20230619 23:16:09.192" endtime="20230619 23:16:09.193"/>
</kw>
<kw name="Run Process" library="Process">
<var>${result}</var>
<arg>go test ./... -v -coverprofile\=${cov_path} -covermode\=set</arg>
<arg>shell=True</arg>
<doc>Runs a process and waits for it to complete.</doc>
<msg timestamp="20230619 23:16:09.194" level="INFO">Starting process:
go test ./... -v -coverprofile=/w/e2e_tests/results/002_unit_tests.coverage -covermode=set</msg>
<msg timestamp="20230619 23:16:09.196" level="INFO">Waiting for process to complete.</msg>
<msg timestamp="20230619 23:16:21.820" level="INFO">Process completed.</msg>
<msg timestamp="20230619 23:16:21.821" level="INFO">${result} = &lt;result object with rc 0&gt;</msg>
<status status="PASS" starttime="20230619 23:16:09.193" endtime="20230619 23:16:21.821"/>
</kw>
<kw name="Log Many" library="BuiltIn">
<arg>${result.stdout}</arg>
<arg>${result.stderr}</arg>
<doc>Logs the given messages as separate entries using the INFO level.</doc>
<msg timestamp="20230619 23:16:21.822" level="INFO">=== RUN   TestServeHTTP
--- PASS: TestServeHTTP (0.00s)
=== RUN   TestParseCaddyfile
--- PASS: TestParseCaddyfile (0.00s)
PASS
	github.com/madworx/caddy-put-upload	coverage: 73.3% of statements
ok  	github.com/madworx/caddy-put-upload	0.013s	coverage: 73.3% of statements
?   	github.com/madworx/caddy-put-upload/cmd/caddy	[no test files]
?   	github.com/madworx/caddy-put-upload/cmd/gocovmerge	[no test files]
?   	github.com/madworx/caddy-put-upload/e2e_tests/resources	[no test files]</msg>
<msg timestamp="20230619 23:16:21.823" level="INFO"/>
<status status="PASS" starttime="20230619 23:16:21.821" endtime="20230619 23:16:21.823"/>
</kw>
<kw name="Should Be Equal As Integers" library="BuiltIn">
<arg>${result.rc}</arg>
<arg>0</arg>
<doc>Fails if objects are unequal after converting them to integers.</doc>
<msg timestamp="20230619 23:16:21.823" level="INFO">Argument types are:
&lt;class 'int'&gt;
&lt;class 'str'&gt;</msg>
<status status="PASS" starttime="20230619 23:16:21.823" endtime="20230619 23:16:21.824"/>
</kw>
<doc>Execute golang unit tests</doc>
<status status="PASS" starttime="20230619 23:16:09.191" endtime="20230619 23:16:21.824"/>
</test>
<test id="s1-s2-t2" name="Failing unit tests should be detected" line="21">
<kw name="Copy File" library="OperatingSystem">
<arg>e2e_tests/resources/test_fail.go</arg>
<arg>fail_test.go</arg>
<doc>Copies the source file into the destination.</doc>
<msg timestamp="20230619 23:16:21.826" level="INFO" html="true">Copied file from '&lt;a href="file:///w/e2e_tests/resources/test_fail.go"&gt;/w/e2e_tests/resources/test_fail.go&lt;/a&gt;' to '&lt;a href="file:///w/fail_test.go"&gt;/w/fail_test.go&lt;/a&gt;'.</msg>
<status status="PASS" starttime="20230619 23:16:21.824" endtime="20230619 23:16:21.826"/>
</kw>
<kw name="Run Process" library="Process">
<var>${result}</var>
<arg>go test ./... -v</arg>
<arg>shell=True</arg>
<doc>Runs a process and waits for it to complete.</doc>
<msg timestamp="20230619 23:16:21.826" level="INFO">Starting process:
go test ./... -v</msg>
<msg timestamp="20230619 23:16:21.830" level="INFO">Waiting for process to complete.</msg>
<msg timestamp="20230619 23:16:23.586" level="INFO">Process completed.</msg>
<msg timestamp="20230619 23:16:23.587" level="INFO">${result} = &lt;result object with rc 1&gt;</msg>
<status status="PASS" starttime="20230619 23:16:21.826" endtime="20230619 23:16:23.587"/>
</kw>
<kw name="Log Many" library="BuiltIn">
<arg>${result.stdout}</arg>
<arg>${result.stderr}</arg>
<doc>Logs the given messages as separate entries using the INFO level.</doc>
<msg timestamp="20230619 23:16:23.588" level="INFO">?   	github.com/madworx/caddy-put-upload/cmd/caddy	[no test files]
=== RUN   TestFailure
--- FAIL: TestFailure (0.00s)
=== RUN   TestServeHTTP
--- PASS: TestServeHTTP (0.00s)
=== RUN   TestParseCaddyfile
--- PASS: TestParseCaddyfile (0.00s)
FAIL
FAIL	github.com/madworx/caddy-put-upload	0.012s
?   	github.com/madworx/caddy-put-upload/cmd/gocovmerge	[no test files]
?   	github.com/madworx/caddy-put-upload/e2e_tests/resources	[no test files]
FAIL</msg>
<msg timestamp="20230619 23:16:23.588" level="INFO"/>
<status status="PASS" starttime="20230619 23:16:23.587" endtime="20230619 23:16:23.588"/>
</kw>
<kw name="Should Be Equal As Integers" library="BuiltIn">
<arg>${result.rc}</arg>
<arg>1</arg>
<doc>Fails if objects are unequal after converting them to integers.</doc>
<msg timestamp="20230619 23:16:23.589" level="INFO">Argument types are:
&lt;class 'int'&gt;
&lt;class 'str'&gt;</msg>
<status status="PASS" starttime="20230619 23:16:23.589" endtime="20230619 23:16:23.589"/>
</kw>
<kw name="Remove File" library="OperatingSystem" type="TEARDOWN">
<arg>fail_test.go</arg>
<doc>Removes a file with the given path.</doc>
<msg timestamp="20230619 23:16:23.590" level="INFO" html="true">Removed file '&lt;a href="file:///w/fail_test.go"&gt;/w/fail_test.go&lt;/a&gt;'.</msg>
<status status="PASS" starttime="20230619 23:16:23.590" endtime="20230619 23:16:23.590"/>
</kw>
<doc>Ensure that we notice if unit tests start to fail</doc>
<status status="PASS" starttime="20230619 23:16:21.824" endtime="20230619 23:16:23.590"/>
</test>
<kw name="Suite Teardown" library="keywords" type="TEARDOWN">
<doc>Generate coverage report and remove coverage directory</doc>
<kw name="Generate Coverage Report" library="keywords">
<doc>Generate coverage report from generated files</doc>
<kw name="Get Coverage Filename From Suite Source" library="keywords">
<var>${cov_path}</var>
<var>${cov_filename}</var>
<doc>Splits `/w/e2e_tests/002_unit_tests.robot` into path and filename. Constructs a
path to the coverage file in `/w/e2e_tests/results`. Returns the coverage full file
path and the coverage filename separately.</doc>
<kw name="Split Path" library="OperatingSystem">
<var>${path}</var>
<var>${suite_filename}</var>
<arg>${SUITE SOURCE}</arg>
<doc>Splits the given path from the last path separator (``/`` or ``\``).</doc>
<msg timestamp="20230619 23:16:23.592" level="INFO">${path} = /w/e2e_tests</msg>
<msg timestamp="20230619 23:16:23.592" level="INFO">${suite_filename} = 002_unit_tests.robot</msg>
<status status="PASS" starttime="20230619 23:16:23.592" endtime="20230619 23:16:23.592"/>
</kw>
<kw name="Split Extension" library="OperatingSystem">
<var>${suite_name}</var>
<var>${ext}</var>
<arg>${suite_filename}</arg>
<doc>Splits the extension from the given path.</doc>
<msg timestamp="20230619 23:16:23.592" level="INFO">${suite_name} = 002_unit_tests</msg>
<msg timestamp="20230619 23:16:23.592" level="INFO">${ext} = robot</msg>
<status status="PASS" starttime="20230619 23:16:23.592" endtime="20230619 23:16:23.592"/>
</kw>
<kw name="Join Path" library="OperatingSystem">
<var>${cov_path}</var>
<arg>${OUTPUT DIR}</arg>
<arg>${suite_name}.coverage</arg>
<doc>Joins the given path part(s) to the given base path.</doc>
<msg timestamp="20230619 23:16:23.593" level="INFO">${cov_path} = /w/e2e_tests/results/002_unit_tests.coverage</msg>
<status status="PASS" starttime="20230619 23:16:23.592" endtime="20230619 23:16:23.593"/>
</kw>
<return>
<value>${cov_path}</value>
<value>${suite_name}.coverage</value>
<status status="PASS" starttime="20230619 23:16:23.593" endtime="20230619 23:16:23.593"/>
</return>
<msg timestamp="20230619 23:16:23.593" level="INFO">${cov_path} = /w/e2e_tests/results/002_unit_tests.coverage</msg>
<msg timestamp="20230619 23:16:23.593" level="INFO">${cov_filename} = 002_unit_tests.coverage</msg>
<status status="PASS" starttime="20230619 23:16:23.591" endtime="20230619 23:16:23.594"/>
</kw>
<kw name="Run Keyword And Return Status" library="BuiltIn">
<var>${dir_exists}</var>
<arg>Directory Should Exist</arg>
<arg>${OUTPUT DIR}/go-coverage</arg>
<doc>Runs the given keyword with given arguments and returns the status as a Boolean value.</doc>
<kw name="Directory Should Exist" library="OperatingSystem">
<arg>${OUTPUT DIR}/go-coverage</arg>
<doc>Fails unless the given path points to an existing directory.</doc>
<msg timestamp="20230619 23:16:23.594" level="INFO" html="true">Directory '&lt;a href="file:///w/e2e_tests/results/go-coverage"&gt;/w/e2e_tests/results/go-coverage&lt;/a&gt;' exists.</msg>
<status status="PASS" starttime="20230619 23:16:23.594" endtime="20230619 23:16:23.594"/>
</kw>
<msg timestamp="20230619 23:16:23.594" level="INFO">${dir_exists} = True</msg>
<status status="PASS" starttime="20230619 23:16:23.594" endtime="20230619 23:16:23.594"/>
</kw>
<if>
<branch type="IF" condition="${dir_exists}">
<kw name="List Files In Directory" library="OperatingSystem">
<var>${dir_contents}</var>
<arg>${OUTPUT DIR}/go-coverage</arg>
<doc>Wrapper for `List Directory` that returns only files.</doc>
<msg timestamp="20230619 23:16:23.595" level="INFO" html="true">Listing contents of directory '&lt;a href="file:///w/e2e_tests/results/go-coverage"&gt;/w/e2e_tests/results/go-coverage&lt;/a&gt;'.</msg>
<msg timestamp="20230619 23:16:23.595" level="INFO">0 files:
</msg>
<msg timestamp="20230619 23:16:23.596" level="INFO">${dir_contents} = []</msg>
<status status="PASS" starttime="20230619 23:16:23.594" endtime="20230619 23:16:23.596"/>
</kw>
<status status="PASS" starttime="20230619 23:16:23.594" endtime="20230619 23:16:23.596"/>
</branch>
<branch type="ELSE">
<kw name="Set Variable" library="BuiltIn">
<var>${dir_contents}</var>
<arg>${None}</arg>
<doc>Returns the given values which can then be assigned to a variables.</doc>
<status status="NOT RUN" starttime="20230619 23:16:23.596" endtime="20230619 23:16:23.596"/>
</kw>
<status status="NOT RUN" starttime="20230619 23:16:23.596" endtime="20230619 23:16:23.596"/>
</branch>
<status status="PASS" starttime="20230619 23:16:23.594" endtime="20230619 23:16:23.596"/>
</if>
<if>
<branch type="IF" condition="${dir_contents}">
<kw name="Convert Coverage Fragments" library="keywords">
<arg>${cov_path}</arg>
<doc>Convert coverage fragments (from a go run/build -cover execution) into
a single file</doc>
<status status="NOT RUN" starttime="20230619 23:16:23.596" endtime="20230619 23:16:23.596"/>
</kw>
<status status="NOT RUN" starttime="20230619 23:16:23.596" endtime="20230619 23:16:23.596"/>
</branch>
<status status="PASS" starttime="20230619 23:16:23.596" endtime="20230619 23:16:23.596"/>
</if>
<kw name="Expect Successful Execution" library="keywords">
<arg>go tool cover -html\=${cov_path} -o\=${cov_path}.html</arg>
<doc>Runs a ${command} and expects it to succeed. ${command}
should be a string representing the shell command.</doc>
<kw name="Run Process" library="Process">
<var>${result}</var>
<arg>${command}</arg>
<arg>shell=True</arg>
<doc>Runs a process and waits for it to complete.</doc>
<msg timestamp="20230619 23:16:23.598" level="INFO">Starting process:
go tool cover -html=/w/e2e_tests/results/002_unit_tests.coverage -o=/w/e2e_tests/results/002_unit_tests.coverage.html</msg>
<msg timestamp="20230619 23:16:23.601" level="INFO">Waiting for process to complete.</msg>
<msg timestamp="20230619 23:16:23.941" level="INFO">Process completed.</msg>
<msg timestamp="20230619 23:16:23.942" level="INFO">${result} = &lt;result object with rc 0&gt;</msg>
<status status="PASS" starttime="20230619 23:16:23.598" endtime="20230619 23:16:23.942"/>
</kw>
<if>
<branch type="IF" condition="${result.rc} != 0">
<kw name="Log Many" library="BuiltIn">
<arg>${result.stderr}</arg>
<arg>${result.stdout}</arg>
<doc>Logs the given messages as separate entries using the INFO level.</doc>
<status status="NOT RUN" starttime="20230619 23:16:23.943" endtime="20230619 23:16:23.943"/>
</kw>
<status status="NOT RUN" starttime="20230619 23:16:23.942" endtime="20230619 23:16:23.943"/>
</branch>
<status status="PASS" starttime="20230619 23:16:23.942" endtime="20230619 23:16:23.943"/>
</if>
<kw name="Should Be Equal As Integers" library="BuiltIn">
<arg>${result.rc}</arg>
<arg>0</arg>
<doc>Fails if objects are unequal after converting them to integers.</doc>
<msg timestamp="20230619 23:16:23.944" level="INFO">Argument types are:
&lt;class 'int'&gt;
&lt;class 'str'&gt;</msg>
<status status="PASS" starttime="20230619 23:16:23.943" endtime="20230619 23:16:23.944"/>
</kw>
<return>
<value>${result}</value>
<status status="PASS" starttime="20230619 23:16:23.944" endtime="20230619 23:16:23.944"/>
</return>
<status status="PASS" starttime="20230619 23:16:23.598" endtime="20230619 23:16:23.944"/>
</kw>
<kw name="Expect Successful Execution" library="keywords">
<var>${result}</var>
<arg>go tool cover -func\=${cov_path}</arg>
<doc>Runs a ${command} and expects it to succeed. ${command}
should be a string representing the shell command.</doc>
<kw name="Run Process" library="Process">
<var>${result}</var>
<arg>${command}</arg>
<arg>shell=True</arg>
<doc>Runs a process and waits for it to complete.</doc>
<msg timestamp="20230619 23:16:23.946" level="INFO">Starting process:
go tool cover -func=/w/e2e_tests/results/002_unit_tests.coverage</msg>
<msg timestamp="20230619 23:16:23.949" level="INFO">Waiting for process to complete.</msg>
<msg timestamp="20230619 23:16:24.286" level="INFO">Process completed.</msg>
<msg timestamp="20230619 23:16:24.286" level="INFO">${result} = &lt;result object with rc 0&gt;</msg>
<status status="PASS" starttime="20230619 23:16:23.946" endtime="20230619 23:16:24.287"/>
</kw>
<if>
<branch type="IF" condition="${result.rc} != 0">
<kw name="Log Many" library="BuiltIn">
<arg>${result.stderr}</arg>
<arg>${result.stdout}</arg>
<doc>Logs the given messages as separate entries using the INFO level.</doc>
<status status="NOT RUN" starttime="20230619 23:16:24.288" endtime="20230619 23:16:24.288"/>
</kw>
<status status="NOT RUN" starttime="20230619 23:16:24.287" endtime="20230619 23:16:24.288"/>
</branch>
<status status="PASS" starttime="20230619 23:16:24.287" endtime="20230619 23:16:24.288"/>
</if>
<kw name="Should Be Equal As Integers" library="BuiltIn">
<arg>${result.rc}</arg>
<arg>0</arg>
<doc>Fails if objects are unequal after converting them to integers.</doc>
<msg timestamp="20230619 23:16:24.289" level="INFO">Argument types are:
&lt;class 'int'&gt;
&lt;class 'str'&gt;</msg>
<status status="PASS" starttime="20230619 23:16:24.288" endtime="20230619 23:16:24.289"/>
</kw>
<return>
<value>${result}</value>
<status status="PASS" starttime="20230619 23:16:24.289" endtime="20230619 23:16:24.289"/>
</return>
<msg timestamp="20230619 23:16:24.289" level="INFO">${result} = &lt;result object with rc 0&gt;</msg>
<status status="PASS" starttime="20230619 23:16:23.945" endtime="20230619 23:16:24.289"/>
</kw>
<kw name="Get Regexp Matches" library="String">
<var>${percent}</var>
<arg>${result.stdout}</arg>
<arg>total:.*?([0-9.]+%)$</arg>
<arg>1</arg>
<doc>Returns a list of all non-overlapping matches in the given string.</doc>
<msg timestamp="20230619 23:16:24.290" level="INFO">${percent} = ['73.3%']</msg>
<status status="PASS" starttime="20230619 23:16:24.290" endtime="20230619 23:16:24.290"/>
</kw>
<kw name="Set Suite Metadata" library="BuiltIn">
<arg>Code coverage</arg>
<arg>${percent[0]} [${cov_filename}.html|HTML Report] | [${cov_filename}|Coverage file]</arg>
<doc>Sets metadata for the current test suite.</doc>
<msg timestamp="20230619 23:16:24.291" level="INFO">Set suite metadata 'Code coverage' to value '73.3% [002_unit_tests.coverage.html|HTML Report] | [002_unit_tests.coverage|Coverage file]'.</msg>
<status status="PASS" starttime="20230619 23:16:24.291" endtime="20230619 23:16:24.291"/>
</kw>
<status status="PASS" starttime="20230619 23:16:23.591" endtime="20230619 23:16:24.291"/>
</kw>
<kw name="Remove Directory" library="OperatingSystem">
<arg>${OUTPUT DIR}/go-coverage</arg>
<arg>recursive=True</arg>
<doc>Removes the directory pointed to by the given ``path``.</doc>
<msg timestamp="20230619 23:16:24.292" level="INFO" html="true">Removed directory '&lt;a href="file:///w/e2e_tests/results/go-coverage"&gt;/w/e2e_tests/results/go-coverage&lt;/a&gt;'.</msg>
<status status="PASS" starttime="20230619 23:16:24.292" endtime="20230619 23:16:24.292"/>
</kw>
<status status="PASS" starttime="20230619 23:16:23.591" endtime="20230619 23:16:24.292"/>
</kw>
<doc>Run native unit tests for the golang code and serves to aggregate
all test results into one report, also generating a coverage report.</doc>
<meta name="Code coverage">73.3% [002_unit_tests.coverage.html|HTML Report] | [002_unit_tests.coverage|Coverage file]</meta>
<status status="PASS" starttime="20230619 23:16:09.186" endtime="20230619 23:16:24.292"/>
</suite>
<suite id="s1-s3" name="003 Configuration" source="/w/e2e_tests/003_configuration.robot">
<kw name="Suite Setup" library="keywords" type="SETUP">
<doc>Ensure there is a directory for coverage files</doc>
<kw name="Create Directory" library="OperatingSystem">
<arg>${OUTPUT DIR}/go-coverage</arg>
<doc>Creates the specified directory.</doc>
<msg timestamp="20230619 23:16:24.298" level="INFO" html="true">Created directory '&lt;a href="file:///w/e2e_tests/results/go-coverage"&gt;/w/e2e_tests/results/go-coverage&lt;/a&gt;'.</msg>
<status status="PASS" starttime="20230619 23:16:24.298" endtime="20230619 23:16:24.298"/>
</kw>
<status status="PASS" starttime="20230619 23:16:24.298" endtime="20230619 23:16:24.298"/>
</kw>
<test id="s1-s3-t1" name="Example configuration: basic authentication" line="14">
<kw name="Validate Configuration" library="keywords">
<arg>examples/Caddyfile.basic-auth</arg>
<arg>0</arg>
<doc>Validate if configuration behaves as expected</doc>
<kw name="Run Process" library="Process">
<var>${result}</var>
<arg>${CADDY_VALIDATE} ${file_name}</arg>
<arg>shell=True</arg>
<arg>env:GOCOVERDIR=${OUTPUT DIR}/go-coverage</arg>
<doc>Runs a process and waits for it to complete.</doc>
<msg timestamp="20230619 23:16:24.300" level="INFO">Starting process:
go run -cover cmd/caddy/main.go validate --config examples/Caddyfile.basic-auth</msg>
<msg timestamp="20230619 23:16:24.302" level="INFO">Waiting for process to complete.</msg>
<msg timestamp="20230619 23:16:26.133" level="INFO">Process completed.</msg>
<msg timestamp="20230619 23:16:26.133" level="INFO">${result} = &lt;result object with rc 0&gt;</msg>
<status status="PASS" starttime="20230619 23:16:24.300" endtime="20230619 23:16:26.133"/>
</kw>
<kw name="Should Be Equal As Integers" library="BuiltIn">
<arg>${result.rc}</arg>
<arg>${expected_status_code}</arg>
<doc>Fails if objects are unequal after converting them to integers.</doc>
<msg timestamp="20230619 23:16:26.135" level="INFO">Argument types are:
&lt;class 'int'&gt;
&lt;class 'str'&gt;</msg>
<status status="PASS" starttime="20230619 23:16:26.134" endtime="20230619 23:16:26.135"/>
</kw>
<kw name="Should Contain" library="BuiltIn">
<arg>${result.stderr}</arg>
<arg>${expected_response}</arg>
<doc>Fails if ``container`` does not contain ``item`` one or more times.</doc>
<status status="PASS" starttime="20230619 23:16:26.135" endtime="20230619 23:16:26.136"/>
</kw>
<status status="PASS" starttime="20230619 23:16:24.299" endtime="20230619 23:16:26.136"/>
</kw>
<doc>Test that example configuration with HTTP basic authentication is accepted</doc>
<status status="PASS" starttime="20230619 23:16:24.298" endtime="20230619 23:16:26.136"/>
</test>
<test id="s1-s3-t2" name="Example configuration: no authentication" line="18">
<kw name="Validate Configuration" library="keywords">
<arg>examples/Caddyfile.no-authentication</arg>
<arg>0</arg>
<doc>Validate if configuration behaves as expected</doc>
<kw name="Run Process" library="Process">
<var>${result}</var>
<arg>${CADDY_VALIDATE} ${file_name}</arg>
<arg>shell=True</arg>
<arg>env:GOCOVERDIR=${OUTPUT DIR}/go-coverage</arg>
<doc>Runs a process and waits for it to complete.</doc>
<msg timestamp="20230619 23:16:26.138" level="INFO">Starting process:
go run -cover cmd/caddy/main.go validate --config examples/Caddyfile.no-authentication</msg>
<msg timestamp="20230619 23:16:26.141" level="INFO">Waiting for process to complete.</msg>
<msg timestamp="20230619 23:16:27.899" level="INFO">Process completed.</msg>
<msg timestamp="20230619 23:16:27.899" level="INFO">${result} = &lt;result object with rc 0&gt;</msg>
<status status="PASS" starttime="20230619 23:16:26.138" endtime="20230619 23:16:27.899"/>
</kw>
<kw name="Should Be Equal As Integers" library="BuiltIn">
<arg>${result.rc}</arg>
<arg>${expected_status_code}</arg>
<doc>Fails if objects are unequal after converting them to integers.</doc>
<msg timestamp="20230619 23:16:27.901" level="INFO">Argument types are:
&lt;class 'int'&gt;
&lt;class 'str'&gt;</msg>
<status status="PASS" starttime="20230619 23:16:27.900" endtime="20230619 23:16:27.901"/>
</kw>
<kw name="Should Contain" library="BuiltIn">
<arg>${result.stderr}</arg>
<arg>${expected_response}</arg>
<doc>Fails if ``container`` does not contain ``item`` one or more times.</doc>
<status status="PASS" starttime="20230619 23:16:27.901" endtime="20230619 23:16:27.902"/>
</kw>
<status status="PASS" starttime="20230619 23:16:26.137" endtime="20230619 23:16:27.902"/>
</kw>
<doc>Test that example configuration without authentication is accepted</doc>
<status status="PASS" starttime="20230619 23:16:26.136" endtime="20230619 23:16:27.902"/>
</test>
<test id="s1-s3-t3" name="Invalid configuration: empty" line="22">
<kw name="Validate Configuration" library="keywords">
<arg>e2e_tests/resources/Caddyfile.invalid-no-arg</arg>
<arg>1</arg>
<arg>Wrong argument count or unexpected line ending after 'http_put_file'</arg>
<doc>Validate if configuration behaves as expected</doc>
<kw name="Run Process" library="Process">
<var>${result}</var>
<arg>${CADDY_VALIDATE} ${file_name}</arg>
<arg>shell=True</arg>
<arg>env:GOCOVERDIR=${OUTPUT DIR}/go-coverage</arg>
<doc>Runs a process and waits for it to complete.</doc>
<msg timestamp="20230619 23:16:27.903" level="INFO">Starting process:
go run -cover cmd/caddy/main.go validate --config e2e_tests/resources/Caddyfile.invalid-no-arg</msg>
<msg timestamp="20230619 23:16:27.906" level="INFO">Waiting for process to complete.</msg>
<msg timestamp="20230619 23:16:29.675" level="INFO">Process completed.</msg>
<msg timestamp="20230619 23:16:29.676" level="INFO">${result} = &lt;result object with rc 1&gt;</msg>
<status status="PASS" starttime="20230619 23:16:27.903" endtime="20230619 23:16:29.676"/>
</kw>
<kw name="Should Be Equal As Integers" library="BuiltIn">
<arg>${result.rc}</arg>
<arg>${expected_status_code}</arg>
<doc>Fails if objects are unequal after converting them to integers.</doc>
<msg timestamp="20230619 23:16:29.677" level="INFO">Argument types are:
&lt;class 'int'&gt;
&lt;class 'str'&gt;</msg>
<status status="PASS" starttime="20230619 23:16:29.676" endtime="20230619 23:16:29.677"/>
</kw>
<kw name="Should Contain" library="BuiltIn">
<arg>${result.stderr}</arg>
<arg>${expected_response}</arg>
<doc>Fails if ``container`` does not contain ``item`` one or more times.</doc>
<status status="PASS" starttime="20230619 23:16:29.677" endtime="20230619 23:16:29.678"/>
</kw>
<status status="PASS" starttime="20230619 23:16:27.903" endtime="20230619 23:16:29.678"/>
</kw>
<doc>Test that an invalid configuration is rejected (no arguments)</doc>
<status status="PASS" starttime="20230619 23:16:27.902" endtime="20230619 23:16:29.678"/>
</test>
<test id="s1-s3-t4" name="Invalid configuration: structure" line="28">
<kw name="Validate Configuration" library="keywords">
<arg>e2e_tests/resources/Caddyfile.invalid-nested-args</arg>
<arg>1</arg>
<arg>Wrong argument count or unexpected line ending after 'http_put_file'</arg>
<doc>Validate if configuration behaves as expected</doc>
<kw name="Run Process" library="Process">
<var>${result}</var>
<arg>${CADDY_VALIDATE} ${file_name}</arg>
<arg>shell=True</arg>
<arg>env:GOCOVERDIR=${OUTPUT DIR}/go-coverage</arg>
<doc>Runs a process and waits for it to complete.</doc>
<msg timestamp="20230619 23:16:29.681" level="INFO">Starting process:
go run -cover cmd/caddy/main.go validate --config e2e_tests/resources/Caddyfile.invalid-nested-args</msg>
<msg timestamp="20230619 23:16:29.683" level="INFO">Waiting for process to complete.</msg>
<msg timestamp="20230619 23:16:31.470" level="INFO">Process completed.</msg>
<msg timestamp="20230619 23:16:31.470" level="INFO">${result} = &lt;result object with rc 1&gt;</msg>
<status status="PASS" starttime="20230619 23:16:29.680" endtime="20230619 23:16:31.470"/>
</kw>
<kw name="Should Be Equal As Integers" library="BuiltIn">
<arg>${result.rc}</arg>
<arg>${expected_status_code}</arg>
<doc>Fails if objects are unequal after converting them to integers.</doc>
<msg timestamp="20230619 23:16:31.472" level="INFO">Argument types are:
&lt;class 'int'&gt;
&lt;class 'str'&gt;</msg>
<status status="PASS" starttime="20230619 23:16:31.471" endtime="20230619 23:16:31.472"/>
</kw>
<kw name="Should Contain" library="BuiltIn">
<arg>${result.stderr}</arg>
<arg>${expected_response}</arg>
<doc>Fails if ``container`` does not contain ``item`` one or more times.</doc>
<status status="PASS" starttime="20230619 23:16:31.472" endtime="20230619 23:16:31.473"/>
</kw>
<status status="PASS" starttime="20230619 23:16:29.680" endtime="20230619 23:16:31.473"/>
</kw>
<doc>Test that an invalid configuration is rejected (nested argument)</doc>
<status status="PASS" starttime="20230619 23:16:29.679" endtime="20230619 23:16:31.473"/>
</test>
<kw name="Suite Teardown" library="keywords" type="TEARDOWN">
<doc>Generate coverage report and remove coverage directory</doc>
<kw name="Generate Coverage Report" library="keywords">
<doc>Generate coverage report from generated files</doc>
<kw name="Get Coverage Filename From Suite Source" library="keywords">
<var>${cov_path}</var>
<var>${cov_filename}</var>
<doc>Splits `/w/e2e_tests/003_configuration.robot` into path and filename. Constructs a
path to the coverage file in `/w/e2e_tests/results`. Returns the coverage full file
path and the coverage filename separately.</doc>
<kw name="Split Path" library="OperatingSystem">
<var>${path}</var>
<var>${suite_filename}</var>
<arg>${SUITE SOURCE}</arg>
<doc>Splits the given path from the last path separator (``/`` or ``\``).</doc>
<msg timestamp="20230619 23:16:31.475" level="INFO">${path} = /w/e2e_tests</msg>
<msg timestamp="20230619 23:16:31.475" level="INFO">${suite_filename} = 003_configuration.robot</msg>
<status status="PASS" starttime="20230619 23:16:31.474" endtime="20230619 23:16:31.475"/>
</kw>
<kw name="Split Extension" library="OperatingSystem">
<var>${suite_name}</var>
<var>${ext}</var>
<arg>${suite_filename}</arg>
<doc>Splits the extension from the given path.</doc>
<msg timestamp="20230619 23:16:31.475" level="INFO">${suite_name} = 003_configuration</msg>
<msg timestamp="20230619 23:16:31.475" level="INFO">${ext} = robot</msg>
<status status="PASS" starttime="20230619 23:16:31.475" endtime="20230619 23:16:31.475"/>
</kw>
<kw name="Join Path" library="OperatingSystem">
<var>${cov_path}</var>
<arg>${OUTPUT DIR}</arg>
<arg>${suite_name}.coverage</arg>
<doc>Joins the given path part(s) to the given base path.</doc>
<msg timestamp="20230619 23:16:31.475" level="INFO">${cov_path} = /w/e2e_tests/results/003_configuration.coverage</msg>
<status status="PASS" starttime="20230619 23:16:31.475" endtime="20230619 23:16:31.475"/>
</kw>
<return>
<value>${cov_path}</value>
<value>${suite_name}.coverage</value>
<status status="PASS" starttime="20230619 23:16:31.476" endtime="20230619 23:16:31.476"/>
</return>
<msg timestamp="20230619 23:16:31.476" level="INFO">${cov_path} = /w/e2e_tests/results/003_configuration.coverage</msg>
<msg timestamp="20230619 23:16:31.476" level="INFO">${cov_filename} = 003_configuration.coverage</msg>
<status status="PASS" starttime="20230619 23:16:31.474" endtime="20230619 23:16:31.476"/>
</kw>
<kw name="Run Keyword And Return Status" library="BuiltIn">
<var>${dir_exists}</var>
<arg>Directory Should Exist</arg>
<arg>${OUTPUT DIR}/go-coverage</arg>
<doc>Runs the given keyword with given arguments and returns the status as a Boolean value.</doc>
<kw name="Directory Should Exist" library="OperatingSystem">
<arg>${OUTPUT DIR}/go-coverage</arg>
<doc>Fails unless the given path points to an existing directory.</doc>
<msg timestamp="20230619 23:16:31.476" level="INFO" html="true">Directory '&lt;a href="file:///w/e2e_tests/results/go-coverage"&gt;/w/e2e_tests/results/go-coverage&lt;/a&gt;' exists.</msg>
<status status="PASS" starttime="20230619 23:16:31.476" endtime="20230619 23:16:31.476"/>
</kw>
<msg timestamp="20230619 23:16:31.476" level="INFO">${dir_exists} = True</msg>
<status status="PASS" starttime="20230619 23:16:31.476" endtime="20230619 23:16:31.476"/>
</kw>
<if>
<branch type="IF" condition="${dir_exists}">
<kw name="List Files In Directory" library="OperatingSystem">
<var>${dir_contents}</var>
<arg>${OUTPUT DIR}/go-coverage</arg>
<doc>Wrapper for `List Directory` that returns only files.</doc>
<msg timestamp="20230619 23:16:31.477" level="INFO" html="true">Listing contents of directory '&lt;a href="file:///w/e2e_tests/results/go-coverage"&gt;/w/e2e_tests/results/go-coverage&lt;/a&gt;'.</msg>
<msg timestamp="20230619 23:16:31.477" level="INFO">5 files:
covcounters.6b007adb3d230b7f717346764648bf5a.7883.1687216586122056307
covcounters.6b007adb3d230b7f717346764648bf5a.7937.1687216587888259425
covcounters.6b007adb3d230b7f717346764648bf5a.7991.1687216589665296263
covcounters.6b007adb3d230b7f717346764648bf5a.8043.1687216591458922350
covmeta.6b007adb3d230b7f717346764648bf5a</msg>
<msg timestamp="20230619 23:16:31.477" level="INFO">${dir_contents} = ['covcounters.6b007adb3d230b7f717346764648bf5a.7883.1687216586122056307', 'covcounters.6b007adb3d230b7f717346764648bf5a.7937.1687216587888259425', 'covcounters.6b007adb3d230b7f717346764648bf5a.7991.16...</msg>
<status status="PASS" starttime="20230619 23:16:31.477" endtime="20230619 23:16:31.477"/>
</kw>
<status status="PASS" starttime="20230619 23:16:31.477" endtime="20230619 23:16:31.477"/>
</branch>
<branch type="ELSE">
<kw name="Set Variable" library="BuiltIn">
<var>${dir_contents}</var>
<arg>${None}</arg>
<doc>Returns the given values which can then be assigned to a variables.</doc>
<status status="NOT RUN" starttime="20230619 23:16:31.477" endtime="20230619 23:16:31.477"/>
</kw>
<status status="NOT RUN" starttime="20230619 23:16:31.477" endtime="20230619 23:16:31.477"/>
</branch>
<status status="PASS" starttime="20230619 23:16:31.477" endtime="20230619 23:16:31.477"/>
</if>
<if>
<branch type="IF" condition="${dir_contents}">
<kw name="Convert Coverage Fragments" library="keywords">
<arg>${cov_path}</arg>
<doc>Convert coverage fragments (from a go run/build -cover execution) into
a single file</doc>
<kw name="Run Process" library="Process">
<var>${result}</var>
<arg>go tool covdata textfmt -i\=${OUTPUT DIR}/go-coverage -o\=${cov_path}</arg>
<arg>shell=True</arg>
<doc>Runs a process and waits for it to complete.</doc>
<msg timestamp="20230619 23:16:31.478" level="INFO">Starting process:
go tool covdata textfmt -i=/w/e2e_tests/results/go-coverage -o=/w/e2e_tests/results/003_configuration.coverage</msg>
<msg timestamp="20230619 23:16:31.481" level="INFO">Waiting for process to complete.</msg>
<msg timestamp="20230619 23:16:31.488" level="INFO">Process completed.</msg>
<msg timestamp="20230619 23:16:31.489" level="INFO">${result} = &lt;result object with rc 0&gt;</msg>
<status status="PASS" starttime="20230619 23:16:31.478" endtime="20230619 23:16:31.489"/>
</kw>
<kw name="Should Be Equal As Integers" library="BuiltIn">
<arg>${result.rc}</arg>
<arg>0</arg>
<doc>Fails if objects are unequal after converting them to integers.</doc>
<msg timestamp="20230619 23:16:31.490" level="INFO">Argument types are:
&lt;class 'int'&gt;
&lt;class 'str'&gt;</msg>
<status status="PASS" starttime="20230619 23:16:31.489" endtime="20230619 23:16:31.490"/>
</kw>
<status status="PASS" starttime="20230619 23:16:31.478" endtime="20230619 23:16:31.490"/>
</kw>
<status status="PASS" starttime="20230619 23:16:31.477" endtime="20230619 23:16:31.490"/>
</branch>
<status status="PASS" starttime="20230619 23:16:31.477" endtime="20230619 23:16:31.490"/>
</if>
<kw name="Expect Successful Execution" library="keywords">
<arg>go tool cover -html\=${cov_path} -o\=${cov_path}.html</arg>
<doc>Runs a ${command} and expects it to succeed. ${command}
should be a string representing the shell command.</doc>
<kw name="Run Process" library="Process">
<var>${result}</var>
<arg>${command}</arg>
<arg>shell=True</arg>
<doc>Runs a process and waits for it to complete.</doc>
<msg timestamp="20230619 23:16:31.492" level="INFO">Starting process:
go tool cover -html=/w/e2e_tests/results/003_configuration.coverage -o=/w/e2e_tests/results/003_configuration.coverage.html</msg>
<msg timestamp="20230619 23:16:31.495" level="INFO">Waiting for process to complete.</msg>
<msg timestamp="20230619 23:16:31.820" level="INFO">Process completed.</msg>
<msg timestamp="20230619 23:16:31.820" level="INFO">${result} = &lt;result object with rc 0&gt;</msg>
<status status="PASS" starttime="20230619 23:16:31.492" endtime="20230619 23:16:31.820"/>
</kw>
<if>
<branch type="IF" condition="${result.rc} != 0">
<kw name="Log Many" library="BuiltIn">
<arg>${result.stderr}</arg>
<arg>${result.stdout}</arg>
<doc>Logs the given messages as separate entries using the INFO level.</doc>
<status status="NOT RUN" starttime="20230619 23:16:31.822" endtime="20230619 23:16:31.822"/>
</kw>
<status status="NOT RUN" starttime="20230619 23:16:31.821" endtime="20230619 23:16:31.822"/>
</branch>
<status status="PASS" starttime="20230619 23:16:31.821" endtime="20230619 23:16:31.822"/>
</if>
<kw name="Should Be Equal As Integers" library="BuiltIn">
<arg>${result.rc}</arg>
<arg>0</arg>
<doc>Fails if objects are unequal after converting them to integers.</doc>
<msg timestamp="20230619 23:16:31.823" level="INFO">Argument types are:
&lt;class 'int'&gt;
&lt;class 'str'&gt;</msg>
<status status="PASS" starttime="20230619 23:16:31.822" endtime="20230619 23:16:31.823"/>
</kw>
<return>
<value>${result}</value>
<status status="PASS" starttime="20230619 23:16:31.823" endtime="20230619 23:16:31.823"/>
</return>
<status status="PASS" starttime="20230619 23:16:31.492" endtime="20230619 23:16:31.823"/>
</kw>
<kw name="Expect Successful Execution" library="keywords">
<var>${result}</var>
<arg>go tool cover -func\=${cov_path}</arg>
<doc>Runs a ${command} and expects it to succeed. ${command}
should be a string representing the shell command.</doc>
<kw name="Run Process" library="Process">
<var>${result}</var>
<arg>${command}</arg>
<arg>shell=True</arg>
<doc>Runs a process and waits for it to complete.</doc>
<msg timestamp="20230619 23:16:31.825" level="INFO">Starting process:
go tool cover -func=/w/e2e_tests/results/003_configuration.coverage</msg>
<msg timestamp="20230619 23:16:31.827" level="INFO">Waiting for process to complete.</msg>
<msg timestamp="20230619 23:16:32.151" level="INFO">Process completed.</msg>
<msg timestamp="20230619 23:16:32.152" level="INFO">${result} = &lt;result object with rc 0&gt;</msg>
<status status="PASS" starttime="20230619 23:16:31.825" endtime="20230619 23:16:32.152"/>
</kw>
<if>
<branch type="IF" condition="${result.rc} != 0">
<kw name="Log Many" library="BuiltIn">
<arg>${result.stderr}</arg>
<arg>${result.stdout}</arg>
<doc>Logs the given messages as separate entries using the INFO level.</doc>
<status status="NOT RUN" starttime="20230619 23:16:32.153" endtime="20230619 23:16:32.153"/>
</kw>
<status status="NOT RUN" starttime="20230619 23:16:32.152" endtime="20230619 23:16:32.153"/>
</branch>
<status status="PASS" starttime="20230619 23:16:32.152" endtime="20230619 23:16:32.153"/>
</if>
<kw name="Should Be Equal As Integers" library="BuiltIn">
<arg>${result.rc}</arg>
<arg>0</arg>
<doc>Fails if objects are unequal after converting them to integers.</doc>
<msg timestamp="20230619 23:16:32.154" level="INFO">Argument types are:
&lt;class 'int'&gt;
&lt;class 'str'&gt;</msg>
<status status="PASS" starttime="20230619 23:16:32.153" endtime="20230619 23:16:32.154"/>
</kw>
<return>
<value>${result}</value>
<status status="PASS" starttime="20230619 23:16:32.154" endtime="20230619 23:16:32.154"/>
</return>
<msg timestamp="20230619 23:16:32.154" level="INFO">${result} = &lt;result object with rc 0&gt;</msg>
<status status="PASS" starttime="20230619 23:16:31.824" endtime="20230619 23:16:32.155"/>
</kw>
<kw name="Get Regexp Matches" library="String">
<var>${percent}</var>
<arg>${result.stdout}</arg>
<arg>total:.*?([0-9.]+%)$</arg>
<arg>1</arg>
<doc>Returns a list of all non-overlapping matches in the given string.</doc>
<msg timestamp="20230619 23:16:32.155" level="INFO">${percent} = ['37.0%']</msg>
<status status="PASS" starttime="20230619 23:16:32.155" endtime="20230619 23:16:32.155"/>
</kw>
<kw name="Set Suite Metadata" library="BuiltIn">
<arg>Code coverage</arg>
<arg>${percent[0]} [${cov_filename}.html|HTML Report] | [${cov_filename}|Coverage file]</arg>
<doc>Sets metadata for the current test suite.</doc>
<msg timestamp="20230619 23:16:32.156" level="INFO">Set suite metadata 'Code coverage' to value '37.0% [003_configuration.coverage.html|HTML Report] | [003_configuration.coverage|Coverage file]'.</msg>
<status status="PASS" starttime="20230619 23:16:32.155" endtime="20230619 23:16:32.156"/>
</kw>
<status status="PASS" starttime="20230619 23:16:31.474" endtime="20230619 23:16:32.156"/>
</kw>
<kw name="Remove Directory" library="OperatingSystem">
<arg>${OUTPUT DIR}/go-coverage</arg>
<arg>recursive=True</arg>
<doc>Removes the directory pointed to by the given ``path``.</doc>
<msg timestamp="20230619 23:16:32.157" level="INFO" html="true">Removed directory '&lt;a href="file:///w/e2e_tests/results/go-coverage"&gt;/w/e2e_tests/results/go-coverage&lt;/a&gt;'.</msg>
<status status="PASS" starttime="20230619 23:16:32.156" endtime="20230619 23:16:32.157"/>
</kw>
<status status="PASS" starttime="20230619 23:16:31.474" endtime="20230619 23:16:32.157"/>
</kw>
<doc>A series of test cases designed to verify the behavior of various
configurations, ranging from valid to invalid scenarios.
It utilizes keywords and resources defined in the
'resources/keywords.robot' file for test execution.</doc>
<meta name="Code coverage">37.0% [003_configuration.coverage.html|HTML Report] | [003_configuration.coverage|Coverage file]</meta>
<status status="PASS" starttime="20230619 23:16:24.294" endtime="20230619 23:16:32.157"/>
</suite>
<suite id="s1-s4" name="004 Requests" source="/w/e2e_tests/004_requests.robot">
<kw name="Suite Setup With Caddy" library="keywords" type="SETUP">
<doc>Run regular suite setup, start Caddy and wait until it is available</doc>
<kw name="Suite Setup" library="keywords">
<doc>Ensure there is a directory for coverage files</doc>
<kw name="Create Directory" library="OperatingSystem">
<arg>${OUTPUT DIR}/go-coverage</arg>
<doc>Creates the specified directory.</doc>
<msg timestamp="20230619 23:16:32.163" level="INFO" html="true">Created directory '&lt;a href="file:///w/e2e_tests/results/go-coverage"&gt;/w/e2e_tests/results/go-coverage&lt;/a&gt;'.</msg>
<status status="PASS" starttime="20230619 23:16:32.163" endtime="20230619 23:16:32.163"/>
</kw>
<status status="PASS" starttime="20230619 23:16:32.163" endtime="20230619 23:16:32.163"/>
</kw>
<kw name="Expect Caddy Not Ready" library="keywords">
<doc>Check that Caddy is not ready to accept connections</doc>
<kw name="Run Keyword And Return Status" library="BuiltIn">
<var>${result}</var>
<arg>GET</arg>
<arg>${BASE_URL}</arg>
<doc>Runs the given keyword with given arguments and returns the status as a Boolean value.</doc>
<kw name="GET" library="RequestsLibrary">
<arg>${BASE_URL}</arg>
<doc>Sends a GET request.</doc>
<msg timestamp="20230619 23:16:32.167" level="FAIL">ConnectionError: HTTPConnectionPool(host='localhost', port=8080): Max retries exceeded with url: / (Caused by NewConnectionError('&lt;urllib3.connection.HTTPConnection object at 0x7f74d7332580&gt;: Failed to establish a new connection: [Errno 111] Connection refused'))</msg>
<status status="FAIL" starttime="20230619 23:16:32.164" endtime="20230619 23:16:32.187"/>
</kw>
<msg timestamp="20230619 23:16:32.187" level="INFO">${result} = False</msg>
<status status="PASS" starttime="20230619 23:16:32.164" endtime="20230619 23:16:32.187"/>
</kw>
<kw name="Should Be Equal" library="BuiltIn">
<arg>${result}</arg>
<arg>${False}</arg>
<arg>msg=Caddy seems to be running already, which is unexpected in this test context.</arg>
<doc>Fails if the given objects are unequal.</doc>
<status status="PASS" starttime="20230619 23:16:32.187" endtime="20230619 23:16:32.187"/>
</kw>
<status status="PASS" starttime="20230619 23:16:32.163" endtime="20230619 23:16:32.187"/>
</kw>
<kw name="Start Process" library="Process">
<arg>${CADDY_RUN} examples/Caddyfile.basic-auth</arg>
<arg>shell=True</arg>
<arg>env:GOCOVERDIR=${OUTPUT DIR}/go-coverage</arg>
<arg>alias=caddy</arg>
<doc>Starts a new process on background.</doc>
<msg timestamp="20230619 23:16:32.188" level="INFO">Starting process:
go run -cover cmd/caddy/main.go run --config examples/Caddyfile.basic-auth</msg>
<status status="PASS" starttime="20230619 23:16:32.187" endtime="20230619 23:16:32.190"/>
</kw>
<kw name="Wait Until Caddy Is Ready" library="keywords">
<doc>Return only when Caddy is ready to accept connections</doc>
<kw name="Wait Until Keyword Succeeds" library="BuiltIn">
<arg>30s</arg>
<arg>0.5s</arg>
<arg>GET</arg>
<arg>${BASE_URL}</arg>
<doc>Runs the specified keyword and retries if it fails.</doc>
<kw name="GET" library="RequestsLibrary">
<arg>${BASE_URL}</arg>
<doc>Sends a GET request.</doc>
<msg timestamp="20230619 23:16:32.194" level="FAIL">ConnectionError: HTTPConnectionPool(host='localhost', port=8080): Max retries exceeded with url: / (Caused by NewConnectionError('&lt;urllib3.connection.HTTPConnection object at 0x7f74d72e9430&gt;: Failed to establish a new connection: [Errno 111] Connection refused'))</msg>
<status status="FAIL" starttime="20230619 23:16:32.192" endtime="20230619 23:16:32.194"/>
</kw>
<kw name="GET" library="RequestsLibrary">
<arg>${BASE_URL}</arg>
<doc>Sends a GET request.</doc>
<msg timestamp="20230619 23:16:32.696" level="FAIL">ConnectionError: HTTPConnectionPool(host='localhost', port=8080): Max retries exceeded with url: / (Caused by NewConnectionError('&lt;urllib3.connection.HTTPConnection object at 0x7f74d71f6a90&gt;: Failed to establish a new connection: [Errno 111] Connection refused'))</msg>
<status status="FAIL" starttime="20230619 23:16:32.695" endtime="20230619 23:16:32.697"/>
</kw>
<kw name="GET" library="RequestsLibrary">
<arg>${BASE_URL}</arg>
<doc>Sends a GET request.</doc>
<msg timestamp="20230619 23:16:33.199" level="FAIL">ConnectionError: HTTPConnectionPool(host='localhost', port=8080): Max retries exceeded with url: / (Caused by NewConnectionError('&lt;urllib3.connection.HTTPConnection object at 0x7f74d71f6400&gt;: Failed to establish a new connection: [Errno 111] Connection refused'))</msg>
<status status="FAIL" starttime="20230619 23:16:33.197" endtime="20230619 23:16:33.199"/>
</kw>
<kw name="GET" library="RequestsLibrary">
<arg>${BASE_URL}</arg>
<doc>Sends a GET request.</doc>
<msg timestamp="20230619 23:16:33.701" level="FAIL">ConnectionError: HTTPConnectionPool(host='localhost', port=8080): Max retries exceeded with url: / (Caused by NewConnectionError('&lt;urllib3.connection.HTTPConnection object at 0x7f74d72e98b0&gt;: Failed to establish a new connection: [Errno 111] Connection refused'))</msg>
<status status="FAIL" starttime="20230619 23:16:33.700" endtime="20230619 23:16:33.702"/>
</kw>
<kw name="GET" library="RequestsLibrary">
<arg>${BASE_URL}</arg>
<doc>Sends a GET request.</doc>
<msg timestamp="20230619 23:16:35.586" level="INFO">GET Request : url=http://Bob:hiccup@localhost:8080/ 
 path_url=/ 
 headers={'User-Agent': 'python-requests/2.31.0', 'Accept-Encoding': 'gzip, deflate', 'Accept': '*/*', 'Connection': 'keep-alive', 'Authorization': 'Basic Qm9iOmhpY2N1cA=='} 
 body=None 
 </msg>
<msg timestamp="20230619 23:16:35.586" level="INFO">GET Response : url=http://Bob:hiccup@localhost:8080/ 
 status=200, reason=OK 
 headers={'Server': 'Caddy', 'Date': 'Mon, 19 Jun 2023 23:16:35 GMT', 'Content-Length': '0'} 
 body=None 
 </msg>
<status status="PASS" starttime="20230619 23:16:34.202" endtime="20230619 23:16:35.586"/>
</kw>
<status status="PASS" starttime="20230619 23:16:32.191" endtime="20230619 23:16:35.586"/>
</kw>
<status status="PASS" starttime="20230619 23:16:32.191" endtime="20230619 23:16:35.586"/>
</kw>
<status status="PASS" starttime="20230619 23:16:32.162" endtime="20230619 23:16:35.586"/>
</kw>
<test id="s1-s4-t1" name="Test simple upload" line="12">
<kw name="Upload File" library="keywords">
<arg>go.mod</arg>
<doc>Test uploading a single file. The go.mod argument should
be the absolute path to the file.</doc>
<kw name="Get Binary File" library="OperatingSystem">
<var>${file_data}</var>
<arg>${file_path}</arg>
<doc>Returns the contents of a specified file.</doc>
<msg timestamp="20230619 23:16:35.588" level="INFO" html="true">Getting file '&lt;a href="file:///w/go.mod"&gt;/w/go.mod&lt;/a&gt;'.</msg>
<msg timestamp="20230619 23:16:35.588" level="INFO">${file_data} = module github.com/madworx/caddy-put-upload

go 1.19

require (
	github.com/caddyserver/caddy/v2 v2.6.4
	github.com/stretchr/testify v1.8.1
)

require (
	github.com/kr/text v0.2.0 // indirect
	github.c...</msg>
<status status="PASS" starttime="20230619 23:16:35.588" endtime="20230619 23:16:35.588"/>
</kw>
<kw name="Set Variable" library="BuiltIn">
<var>${file_name}</var>
<arg>/upload/test.txt</arg>
<doc>Returns the given values which can then be assigned to a variables.</doc>
<msg timestamp="20230619 23:16:35.589" level="INFO">${file_name} = /upload/test.txt</msg>
<status status="PASS" starttime="20230619 23:16:35.588" endtime="20230619 23:16:35.589"/>
</kw>
<kw name="PUT" library="RequestsLibrary">
<var>${response}</var>
<arg>${url}${file_name}</arg>
<arg>data=${file_data}</arg>
<arg>expected_status=${expected_status}</arg>
<doc>Sends a PUT request.</doc>
<msg timestamp="20230619 23:16:35.591" level="INFO">PUT Request : url=http://Bob:hiccup@localhost:8080//upload/test.txt 
 path_url=//upload/test.txt 
 headers={'User-Agent': 'python-requests/2.31.0', 'Accept-Encoding': 'gzip, deflate', 'Accept': '*/*', 'Connection': 'keep-alive', 'Content-Length': '6839', 'Authorization': 'Basic Qm9iOmhpY2N1cA=='} 
 body=b'module github.com/madworx/caddy-put-upload\n\ngo 1.19\n\nrequire (\n\tgithub.com/caddyserver/caddy/v2 v2.6.4\n\tgithub.com/stretchr/testify v1.8.1\n)\n\nrequire (\n\tgithub.com/kr/text v0.2.0 // indirect\n\tgithub.com/rogpeppe/go-internal v1.10.0 // indirect\n)\n\nrequire (\n\tfilippo.io/edwards25519 v1.0.0 // indirect\n\tgithub.com/AndreasBriese/bbloom v0.0.0-20190825152654-46b345b51c96 // indirect\n\tgithub.com/BurntSushi/toml v1.2.1 // indirect\n\tgithub.com/Masterminds/goutils v1.1.1 // indirect\n\tgithub.com/Masterminds/semver/v3 v3.2.0 // indirect\n\tgithub.com/Masterminds/sprig/v3 v3.2.3 // indirect\n\tgithub.com/Microsoft/go-winio v0.6.0 // indirect\n\tgithub.com/alecthomas/chroma/v2 v2.5.0 // indirect\n\tgithub.com/antlr/antlr4/runtime/Go/antlr v1.4.10 // indirect\n\tgithub.com/aryann/difflib v0.0.0-20210328193216-ff5ff6dc229b // indirect\n\tgithub.com/beorn7/perks v1.0.1 // indirect\n\tgithub.com/caddyserver/certmagic v0.17.2 // indirect\n\tgithub.com/cenkalti/backoff/v4 v4.1.2 // indirect\n\tgithub.com/cespare/xxhash v1.1.0 // indirect\n\tgithub.com/cespare/xxhash/v2 v2.1.2 // indirect\n\tgithub.com/chzyer/readline v0.0.0-20180603132655-2972be24d48e // indirect\n\tgithub.com/cpuguy83/go-md2man/v2 v2.0.2 // indirect\n\tgithub.com/davecgh/go-spew v1.1.1 // indirect\n\tgithub.com/dgraph-io/badger v1.6.2 // indirect\n\tgithub.com/dgraph-io/badger/v2 v2.2007.4 // indirect\n\tgithub.com/dgraph-io/ristretto v0.1.0 // indirect\n\tgithub.com/dgryski/go-farm v0.0.0-20200201041132-a6ae2369ad13 // indirect\n\tgithub.com/dlclark/regexp2 v1.7.0 // indirect\n\tgithub.com/dustin/go-humanize v1.0.1 // indirect\n\tgithub.com/felixge/httpsnoop v1.0.3 // indirect\n\tgithub.com/fxamacker/cbor/v2 v2.4.0 // indirect\n\tgithub.com/go-chi/chi v4.1.2+incompatible // indirect\n\tgithub.com/go-kit/kit v0.10.0 // indirect\n\tgithub.com/go-logfmt/logfmt v0.5.1 // indirect\n\tgithub.com/go-logr/logr v1.2.3 // indirect\n\tgithub.com/go-logr/stdr v1.2.2 // indirect\n\tgithub.com/go-sql-driver/mysql v1.6.0 // indirect\n\tgithub.com/go-task/slim-sprig v0.0.0-20210107165309-348f09dbbbc0 // indirect\n\tgithub.com/golang/glog v1.0.0 // indirect\n\tgithub.com/golang/mock v1.6.0 // indirect\n\tgithub.com/golang/protobuf v1.5.2 // indirect\n\tgithub.com/golang/snappy v0.0.4 // indirect\n\tgithub.com/google/cel-go v0.13.0 // indirect\n\tgithub.com/google/pprof v0.0.0-20210407192527-94a9f03dee38 // indirect\n\tgithub.com/google/uuid v1.3.0 // indirect\n\tgithub.com/grpc-ecosystem/grpc-gateway v1.16.0 // indirect\n\tgithub.com/huandu/xstrings v1.3.3 // indirect\n\tgithub.com/imdario/mergo v0.3.12 // indirect\n\tgithub.com/inconshreveable/mousetrap v1.0.1 // indirect\n\tgithub.com/jackc/chunkreader/v2 v2.0.1 // indirect\n\tgithub.com/jackc/pgconn v1.13.0 // indirect\n\tgithub.com/jackc/pgio v1.0.0 // indirect\n\tgithub.com/jackc/pgpassfile v1.0.0 // indirect\n\tgithub.com/jackc/pgproto3/v2 v2.3.1 // indirect\n\tgithub.com/jackc/pgservicefile v0.0.0-20200714003250-2b9c44734f2b // indirect\n\tgithub.com/jackc/pgtype v1.12.0 // indirect\n\tgithub.com/jackc/pgx/v4 v4.17.2 // indirect\n\tgithub.com/klauspost/compress v1.15.15 // indirect\n\tgithub.com/klauspost/cpuid/v2 v2.2.3 // indirect\n\tgithub.com/libdns/libdns v0.2.1 // indirect\n\tgithub.com/manifoldco/promptui v0.9.0 // indirect\n\tgithub.com/mattn/go-colorable v0.1.8 // indirect\n\tgithub.com/mattn/go-isatty v0.0.13 // indirect\n\tgithub.com/matttproud/golang_protobuf_extensions v1.0.1 // indirect\n\tgithub.com/mgutz/ansi v0.0.0-20200706080929-d51e80ef957d // indirect\n\tgithub.com/mholt/acmez v1.1.0 // indirect\n\tgithub.com/micromdm/scep/v2 v2.1.0 // indirect\n\tgithub.com/miekg/dns v1.1.50 // indirect\n\tgithub.com/mitchellh/copystructure v1.2.0 // indirect\n\tgithub.com/mitchellh/go-ps v1.0.0 // indirect\n\tgithub.com/mitchellh/reflectwalk v1.0.2 // indirect\n\tgithub.com/onsi/ginkgo/v2 v2.2.0 // indirect\n\tgithub.com/pkg/errors v0.9.1 // indirect\n\tgithub.com/pmezard/go-difflib v1.0.0 // indirect\n\tgithub.com/prometheus/client_golang v1.14.0 // indirect\n\tgithub.com/prometheus/client_model v0.3.0 // indirect\n\tgithub.com/prometheus/common v0.37.0 // indirect\n\tgithub.com/prometheus/procfs v0.8.0 // indirect\n\tgithub.com/quic-go/qpack v0.4.0 // indirect\n\tgithub.com/quic-go/qtls-go1-18 v0.2.0 // indirect\n\tgithub.com/quic-go/qtls-go1-19 v0.2.0 // indirect\n\tgithub.com/quic-go/qtls-go1-20 v0.1.0 // indirect\n\tgithub.com/quic-go/quic-go v0.32.0 // indirect\n\tgithub.com/rs/xid v1.4.0 // indirect\n\tgithub.com/russross/blackfriday/v2 v2.1.0 // indirect\n\tgithub.com/shopspring/decimal v1.2.0 // indirect\n\tgithub.com/shurcooL/sanitized_anchor_name v1.0.0 // indirect\n\tgithub.com/sirupsen/logrus v1.9.0 // indirect\n\tgithub.com/slackhq/nebula v1.6.1 // indirect\n\tgithub.com/smallstep/certificates v0.23.2 // indirect\n\tgithub.com/smallstep/nosql v0.5.0 // indirect\n\tgithub.com/smallstep/truststore v0.12.1 // indirect\n\tgithub.com/spf13/cast v1.4.1 // indirect\n\tgithub.com/spf13/cobra v1.6.1 // indirect\n\tgithub.com/spf13/pflag v1.0.5 // indirect\n\tgithub.com/stoewer/go-strcase v1.2.0 // indirect\n\tgithub.com/tailscale/tscert v0.0.0-20230124224810-c6dc1f4049b2 // indirect\n\tgithub.com/urfave/cli v1.22.12 // indirect\n\tgithub.com/x448/float16 v0.8.4 // indirect\n\tgithub.com/yuin/goldmark v1.5.4 // indirect\n\tgithub.com/yuin/goldmark-highlighting/v2 v2.0.0-20220924101305-151362477c87 // indirect\n\tgo.etcd.io/bbolt v1.3.6 // indirect\n\tgo.mozilla.org/pkcs7 v0.0.0-20210826202110-33d05740a352 // indirect\n\tgo.opentelemetry.io/contrib/instrumentation/net/http/otelhttp v0.39.0 // indirect\n\tgo.opentelemetry.io/otel v1.13.0 // indirect\n\tgo.opentelemetry.io/otel/exporters/otlp/internal/retry v1.4.0 // indirect\n\tgo.opentelemetry.io/otel/exporters/otlp/otlptrace v1.4.0 // indirect\n\tgo.opentelemetry.io/otel/exporters/otlp/otlptrace/otlptracegrpc v1.4.0 // indirect\n\tgo.opentelemetry.io/otel/metric v0.36.0 // indirect\n\tgo.opentelemetry.io/otel/sdk v1.13.0 // indirect\n\tgo.opentelemetry.io/otel/trace v1.13.0 // indirect\n\tgo.opentelemetry.io/proto/otlp v0.12.0 // indirect\n\tgo.step.sm/cli-utils v0.7.5 // indirect\n\tgo.step.sm/crypto v0.23.2 // indirect\n\tgo.step.sm/linkedca v0.19.0 // indirect\n\tgo.uber.org/atomic v1.9.0 // indirect\n\tgo.uber.org/multierr v1.6.0 // indirect\n\tgo.uber.org/zap v1.24.0 // indirect\n\tgolang.org/x/crypto v0.5.0 // indirect\n\tgolang.org/x/exp v0.0.0-20221205204356-47842c84f3db // indirect\n\tgolang.org/x/mod v0.10.0 // indirect\n\tgolang.org/x/net v0.10.0 // indirect\n\tgolang.org/x/sync v0.2.0 // indirect\n\tgolang.org/x/sys v0.8.0 // indirect\n\tgolang.org/x/term v0.8.0 // indirect\n\tgolang.org/x/text v0.9.0 // indirect\n\tgolang.org/x/tools v0.9.3\n\tgoogle.golang.org/genproto v0.0.0-20230202175211-008b39050e57 // indirect\n\tgoogle.golang.org/grpc v1.52.3 // indirect\n\tgoogle.golang.org/protobuf v1.28.1 // indirect\n\tgopkg.in/natefinch/lumberjack.v2 v2.2.1 // indirect\n\tgopkg.in/square/go-jose.v2 v2.6.0 // indirect\n\tgopkg.in/yaml.v3 v3.0.1 // indirect\n\thowett.net/plist v1.0.0 // indirect\n)\n' 
 </msg>
<msg timestamp="20230619 23:16:35.591" level="INFO">PUT Response : url=http://Bob:hiccup@localhost:8080//upload/test.txt 
 status=201, reason=Created 
 headers={'Server': 'Caddy', 'Date': 'Mon, 19 Jun 2023 23:16:35 GMT', 'Content-Length': '44', 'Content-Type': 'text/plain; charset=utf-8'} 
 body=File /upload/test.txt created successfully.
 
 </msg>
<msg timestamp="20230619 23:16:35.592" level="INFO">${response} = &lt;Response [201]&gt;</msg>
<status status="PASS" starttime="20230619 23:16:35.589" endtime="20230619 23:16:35.592"/>
</kw>
<kw name="Log" library="BuiltIn">
<arg>${response}</arg>
<doc>Logs the given message with the given level.</doc>
<msg timestamp="20230619 23:16:35.592" level="INFO">&lt;Response [201]&gt;</msg>
<status status="PASS" starttime="20230619 23:16:35.592" endtime="20230619 23:16:35.592"/>
</kw>
<if>
<branch type="IF" condition="${text_expected} == True">
<kw name="Should Match" library="BuiltIn">
<arg>${response.text}</arg>
<arg>File ${file_name} created successfully.\n</arg>
<doc>Fails if the given ``string`` does not match the given ``pattern``.</doc>
<status status="PASS" starttime="20230619 23:16:35.592" endtime="20230619 23:16:35.593"/>
</kw>
<status status="PASS" starttime="20230619 23:16:35.592" endtime="20230619 23:16:35.593"/>
</branch>
<status status="PASS" starttime="20230619 23:16:35.592" endtime="20230619 23:16:35.593"/>
</if>
<status status="PASS" starttime="20230619 23:16:35.587" endtime="20230619 23:16:35.593"/>
</kw>
<doc>Simple uploads of a file should work</doc>
<status status="PASS" starttime="20230619 23:16:35.587" endtime="20230619 23:16:35.593"/>
</test>
<test id="s1-s4-t2" name="Unauthenticated upload should fail" line="16">
<kw name="Upload File" library="keywords">
<arg>go.mod</arg>
<arg>http://localhost:8080/</arg>
<arg>expected_status=401</arg>
<arg>text_expected=False</arg>
<doc>Test uploading a single file. The go.mod argument should
be the absolute path to the file.</doc>
<kw name="Get Binary File" library="OperatingSystem">
<var>${file_data}</var>
<arg>${file_path}</arg>
<doc>Returns the contents of a specified file.</doc>
<msg timestamp="20230619 23:16:35.600" level="INFO" html="true">Getting file '&lt;a href="file:///w/go.mod"&gt;/w/go.mod&lt;/a&gt;'.</msg>
<msg timestamp="20230619 23:16:35.600" level="INFO">${file_data} = module github.com/madworx/caddy-put-upload

go 1.19

require (
	github.com/caddyserver/caddy/v2 v2.6.4
	github.com/stretchr/testify v1.8.1
)

require (
	github.com/kr/text v0.2.0 // indirect
	github.c...</msg>
<status status="PASS" starttime="20230619 23:16:35.600" endtime="20230619 23:16:35.600"/>
</kw>
<kw name="Set Variable" library="BuiltIn">
<var>${file_name}</var>
<arg>/upload/test.txt</arg>
<doc>Returns the given values which can then be assigned to a variables.</doc>
<msg timestamp="20230619 23:16:35.600" level="INFO">${file_name} = /upload/test.txt</msg>
<status status="PASS" starttime="20230619 23:16:35.600" endtime="20230619 23:16:35.600"/>
</kw>
<kw name="PUT" library="RequestsLibrary">
<var>${response}</var>
<arg>${url}${file_name}</arg>
<arg>data=${file_data}</arg>
<arg>expected_status=${expected_status}</arg>
<doc>Sends a PUT request.</doc>
<msg timestamp="20230619 23:16:35.603" level="INFO">PUT Request : url=http://localhost:8080//upload/test.txt 
 path_url=//upload/test.txt 
 headers={'User-Agent': 'python-requests/2.31.0', 'Accept-Encoding': 'gzip, deflate', 'Accept': '*/*', 'Connection': 'keep-alive', 'Content-Length': '6839'} 
 body=b'module github.com/madworx/caddy-put-upload\n\ngo 1.19\n\nrequire (\n\tgithub.com/caddyserver/caddy/v2 v2.6.4\n\tgithub.com/stretchr/testify v1.8.1\n)\n\nrequire (\n\tgithub.com/kr/text v0.2.0 // indirect\n\tgithub.com/rogpeppe/go-internal v1.10.0 // indirect\n)\n\nrequire (\n\tfilippo.io/edwards25519 v1.0.0 // indirect\n\tgithub.com/AndreasBriese/bbloom v0.0.0-20190825152654-46b345b51c96 // indirect\n\tgithub.com/BurntSushi/toml v1.2.1 // indirect\n\tgithub.com/Masterminds/goutils v1.1.1 // indirect\n\tgithub.com/Masterminds/semver/v3 v3.2.0 // indirect\n\tgithub.com/Masterminds/sprig/v3 v3.2.3 // indirect\n\tgithub.com/Microsoft/go-winio v0.6.0 // indirect\n\tgithub.com/alecthomas/chroma/v2 v2.5.0 // indirect\n\tgithub.com/antlr/antlr4/runtime/Go/antlr v1.4.10 // indirect\n\tgithub.com/aryann/difflib v0.0.0-20210328193216-ff5ff6dc229b // indirect\n\tgithub.com/beorn7/perks v1.0.1 // indirect\n\tgithub.com/caddyserver/certmagic v0.17.2 // indirect\n\tgithub.com/cenkalti/backoff/v4 v4.1.2 // indirect\n\tgithub.com/cespare/xxhash v1.1.0 // indirect\n\tgithub.com/cespare/xxhash/v2 v2.1.2 // indirect\n\tgithub.com/chzyer/readline v0.0.0-20180603132655-2972be24d48e // indirect\n\tgithub.com/cpuguy83/go-md2man/v2 v2.0.2 // indirect\n\tgithub.com/davecgh/go-spew v1.1.1 // indirect\n\tgithub.com/dgraph-io/badger v1.6.2 // indirect\n\tgithub.com/dgraph-io/badger/v2 v2.2007.4 // indirect\n\tgithub.com/dgraph-io/ristretto v0.1.0 // indirect\n\tgithub.com/dgryski/go-farm v0.0.0-20200201041132-a6ae2369ad13 // indirect\n\tgithub.com/dlclark/regexp2 v1.7.0 // indirect\n\tgithub.com/dustin/go-humanize v1.0.1 // indirect\n\tgithub.com/felixge/httpsnoop v1.0.3 // indirect\n\tgithub.com/fxamacker/cbor/v2 v2.4.0 // indirect\n\tgithub.com/go-chi/chi v4.1.2+incompatible // indirect\n\tgithub.com/go-kit/kit v0.10.0 // indirect\n\tgithub.com/go-logfmt/logfmt v0.5.1 // indirect\n\tgithub.com/go-logr/logr v1.2.3 // indirect\n\tgithub.com/go-logr/stdr v1.2.2 // indirect\n\tgithub.com/go-sql-driver/mysql v1.6.0 // indirect\n\tgithub.com/go-task/slim-sprig v0.0.0-20210107165309-348f09dbbbc0 // indirect\n\tgithub.com/golang/glog v1.0.0 // indirect\n\tgithub.com/golang/mock v1.6.0 // indirect\n\tgithub.com/golang/protobuf v1.5.2 // indirect\n\tgithub.com/golang/snappy v0.0.4 // indirect\n\tgithub.com/google/cel-go v0.13.0 // indirect\n\tgithub.com/google/pprof v0.0.0-20210407192527-94a9f03dee38 // indirect\n\tgithub.com/google/uuid v1.3.0 // indirect\n\tgithub.com/grpc-ecosystem/grpc-gateway v1.16.0 // indirect\n\tgithub.com/huandu/xstrings v1.3.3 // indirect\n\tgithub.com/imdario/mergo v0.3.12 // indirect\n\tgithub.com/inconshreveable/mousetrap v1.0.1 // indirect\n\tgithub.com/jackc/chunkreader/v2 v2.0.1 // indirect\n\tgithub.com/jackc/pgconn v1.13.0 // indirect\n\tgithub.com/jackc/pgio v1.0.0 // indirect\n\tgithub.com/jackc/pgpassfile v1.0.0 // indirect\n\tgithub.com/jackc/pgproto3/v2 v2.3.1 // indirect\n\tgithub.com/jackc/pgservicefile v0.0.0-20200714003250-2b9c44734f2b // indirect\n\tgithub.com/jackc/pgtype v1.12.0 // indirect\n\tgithub.com/jackc/pgx/v4 v4.17.2 // indirect\n\tgithub.com/klauspost/compress v1.15.15 // indirect\n\tgithub.com/klauspost/cpuid/v2 v2.2.3 // indirect\n\tgithub.com/libdns/libdns v0.2.1 // indirect\n\tgithub.com/manifoldco/promptui v0.9.0 // indirect\n\tgithub.com/mattn/go-colorable v0.1.8 // indirect\n\tgithub.com/mattn/go-isatty v0.0.13 // indirect\n\tgithub.com/matttproud/golang_protobuf_extensions v1.0.1 // indirect\n\tgithub.com/mgutz/ansi v0.0.0-20200706080929-d51e80ef957d // indirect\n\tgithub.com/mholt/acmez v1.1.0 // indirect\n\tgithub.com/micromdm/scep/v2 v2.1.0 // indirect\n\tgithub.com/miekg/dns v1.1.50 // indirect\n\tgithub.com/mitchellh/copystructure v1.2.0 // indirect\n\tgithub.com/mitchellh/go-ps v1.0.0 // indirect\n\tgithub.com/mitchellh/reflectwalk v1.0.2 // indirect\n\tgithub.com/onsi/ginkgo/v2 v2.2.0 // indirect\n\tgithub.com/pkg/errors v0.9.1 // indirect\n\tgithub.com/pmezard/go-difflib v1.0.0 // indirect\n\tgithub.com/prometheus/client_golang v1.14.0 // indirect\n\tgithub.com/prometheus/client_model v0.3.0 // indirect\n\tgithub.com/prometheus/common v0.37.0 // indirect\n\tgithub.com/prometheus/procfs v0.8.0 // indirect\n\tgithub.com/quic-go/qpack v0.4.0 // indirect\n\tgithub.com/quic-go/qtls-go1-18 v0.2.0 // indirect\n\tgithub.com/quic-go/qtls-go1-19 v0.2.0 // indirect\n\tgithub.com/quic-go/qtls-go1-20 v0.1.0 // indirect\n\tgithub.com/quic-go/quic-go v0.32.0 // indirect\n\tgithub.com/rs/xid v1.4.0 // indirect\n\tgithub.com/russross/blackfriday/v2 v2.1.0 // indirect\n\tgithub.com/shopspring/decimal v1.2.0 // indirect\n\tgithub.com/shurcooL/sanitized_anchor_name v1.0.0 // indirect\n\tgithub.com/sirupsen/logrus v1.9.0 // indirect\n\tgithub.com/slackhq/nebula v1.6.1 // indirect\n\tgithub.com/smallstep/certificates v0.23.2 // indirect\n\tgithub.com/smallstep/nosql v0.5.0 // indirect\n\tgithub.com/smallstep/truststore v0.12.1 // indirect\n\tgithub.com/spf13/cast v1.4.1 // indirect\n\tgithub.com/spf13/cobra v1.6.1 // indirect\n\tgithub.com/spf13/pflag v1.0.5 // indirect\n\tgithub.com/stoewer/go-strcase v1.2.0 // indirect\n\tgithub.com/tailscale/tscert v0.0.0-20230124224810-c6dc1f4049b2 // indirect\n\tgithub.com/urfave/cli v1.22.12 // indirect\n\tgithub.com/x448/float16 v0.8.4 // indirect\n\tgithub.com/yuin/goldmark v1.5.4 // indirect\n\tgithub.com/yuin/goldmark-highlighting/v2 v2.0.0-20220924101305-151362477c87 // indirect\n\tgo.etcd.io/bbolt v1.3.6 // indirect\n\tgo.mozilla.org/pkcs7 v0.0.0-20210826202110-33d05740a352 // indirect\n\tgo.opentelemetry.io/contrib/instrumentation/net/http/otelhttp v0.39.0 // indirect\n\tgo.opentelemetry.io/otel v1.13.0 // indirect\n\tgo.opentelemetry.io/otel/exporters/otlp/internal/retry v1.4.0 // indirect\n\tgo.opentelemetry.io/otel/exporters/otlp/otlptrace v1.4.0 // indirect\n\tgo.opentelemetry.io/otel/exporters/otlp/otlptrace/otlptracegrpc v1.4.0 // indirect\n\tgo.opentelemetry.io/otel/metric v0.36.0 // indirect\n\tgo.opentelemetry.io/otel/sdk v1.13.0 // indirect\n\tgo.opentelemetry.io/otel/trace v1.13.0 // indirect\n\tgo.opentelemetry.io/proto/otlp v0.12.0 // indirect\n\tgo.step.sm/cli-utils v0.7.5 // indirect\n\tgo.step.sm/crypto v0.23.2 // indirect\n\tgo.step.sm/linkedca v0.19.0 // indirect\n\tgo.uber.org/atomic v1.9.0 // indirect\n\tgo.uber.org/multierr v1.6.0 // indirect\n\tgo.uber.org/zap v1.24.0 // indirect\n\tgolang.org/x/crypto v0.5.0 // indirect\n\tgolang.org/x/exp v0.0.0-20221205204356-47842c84f3db // indirect\n\tgolang.org/x/mod v0.10.0 // indirect\n\tgolang.org/x/net v0.10.0 // indirect\n\tgolang.org/x/sync v0.2.0 // indirect\n\tgolang.org/x/sys v0.8.0 // indirect\n\tgolang.org/x/term v0.8.0 // indirect\n\tgolang.org/x/text v0.9.0 // indirect\n\tgolang.org/x/tools v0.9.3\n\tgoogle.golang.org/genproto v0.0.0-20230202175211-008b39050e57 // indirect\n\tgoogle.golang.org/grpc v1.52.3 // indirect\n\tgoogle.golang.org/protobuf v1.28.1 // indirect\n\tgopkg.in/natefinch/lumberjack.v2 v2.2.1 // indirect\n\tgopkg.in/square/go-jose.v2 v2.6.0 // indirect\n\tgopkg.in/yaml.v3 v3.0.1 // indirect\n\thowett.net/plist v1.0.0 // indirect\n)\n' 
 </msg>
<msg timestamp="20230619 23:16:35.603" level="INFO">PUT Response : url=http://localhost:8080//upload/test.txt 
 status=401, reason=Unauthorized 
 headers={'Server': 'Caddy', 'Www-Authenticate': 'Basic realm="restricted"', 'Date': 'Mon, 19 Jun 2023 23:16:35 GMT', 'Content-Length': '0'} 
 body=None 
 </msg>
<msg timestamp="20230619 23:16:35.603" level="INFO">${response} = &lt;Response [401]&gt;</msg>
<status status="PASS" starttime="20230619 23:16:35.600" endtime="20230619 23:16:35.603"/>
</kw>
<kw name="Log" library="BuiltIn">
<arg>${response}</arg>
<doc>Logs the given message with the given level.</doc>
<msg timestamp="20230619 23:16:35.603" level="INFO">&lt;Response [401]&gt;</msg>
<status status="PASS" starttime="20230619 23:16:35.603" endtime="20230619 23:16:35.603"/>
</kw>
<if>
<branch type="IF" condition="${text_expected} == True">
<kw name="Should Match" library="BuiltIn">
<arg>${response.text}</arg>
<arg>File ${file_name} created successfully.\n</arg>
<doc>Fails if the given ``string`` does not match the given ``pattern``.</doc>
<status status="NOT RUN" starttime="20230619 23:16:35.603" endtime="20230619 23:16:35.603"/>
</kw>
<status status="NOT RUN" starttime="20230619 23:16:35.603" endtime="20230619 23:16:35.603"/>
</branch>
<status status="PASS" starttime="20230619 23:16:35.603" endtime="20230619 23:16:35.603"/>
</if>
<status status="PASS" starttime="20230619 23:16:35.599" endtime="20230619 23:16:35.604"/>
</kw>
<doc>Unauthenticated uploads should fail</doc>
<status status="PASS" starttime="20230619 23:16:35.594" endtime="20230619 23:16:35.604"/>
</test>
<test id="s1-s4-t3" name="Non PUT should be ignored by module" line="20">
<kw name="Wait Until Caddy Is Ready" library="keywords">
<doc>Return only when Caddy is ready to accept connections</doc>
<kw name="Wait Until Keyword Succeeds" library="BuiltIn">
<arg>30s</arg>
<arg>0.5s</arg>
<arg>GET</arg>
<arg>${BASE_URL}</arg>
<doc>Runs the specified keyword and retries if it fails.</doc>
<kw name="GET" library="RequestsLibrary">
<arg>${BASE_URL}</arg>
<doc>Sends a GET request.</doc>
<msg timestamp="20230619 23:16:35.607" level="INFO">GET Request : url=http://Bob:hiccup@localhost:8080/ 
 path_url=/ 
 headers={'User-Agent': 'python-requests/2.31.0', 'Accept-Encoding': 'gzip, deflate', 'Accept': '*/*', 'Connection': 'keep-alive', 'Authorization': 'Basic Qm9iOmhpY2N1cA=='} 
 body=None 
 </msg>
<msg timestamp="20230619 23:16:35.607" level="INFO">GET Response : url=http://Bob:hiccup@localhost:8080/ 
 status=200, reason=OK 
 headers={'Server': 'Caddy', 'Date': 'Mon, 19 Jun 2023 23:16:35 GMT', 'Content-Length': '0'} 
 body=None 
 </msg>
<status status="PASS" starttime="20230619 23:16:35.605" endtime="20230619 23:16:35.607"/>
</kw>
<status status="PASS" starttime="20230619 23:16:35.605" endtime="20230619 23:16:35.607"/>
</kw>
<status status="PASS" starttime="20230619 23:16:35.605" endtime="20230619 23:16:35.607"/>
</kw>
<doc>Non-PUT operations should be ignored by the module
(this is to improve coverage)</doc>
<status status="PASS" starttime="20230619 23:16:35.604" endtime="20230619 23:16:35.607"/>
</test>
<kw name="Suite Teardown With Caddy" library="keywords" type="TEARDOWN">
<doc>Perform a graceful shutdown if Caddy and run the regular suite teardown</doc>
<kw name="Send Signal To Process" library="Process">
<arg>SIGINT</arg>
<arg>handle=caddy</arg>
<arg>group=True</arg>
<doc>Sends the given ``signal`` to the specified process.</doc>
<msg timestamp="20230619 23:16:35.609" level="INFO">Sending signal SIGINT (2).</msg>
<status status="PASS" starttime="20230619 23:16:35.608" endtime="20230619 23:16:35.609"/>
</kw>
<kw name="Wait For Process" library="Process">
<var>${result}</var>
<arg>timeout=10s</arg>
<arg>on_timeout=terminate</arg>
<doc>Waits for the process to complete or to reach the given timeout.</doc>
<msg timestamp="20230619 23:16:35.609" level="INFO">Waiting for process to complete.</msg>
<msg timestamp="20230619 23:16:35.710" level="INFO">Process completed.</msg>
<msg timestamp="20230619 23:16:35.710" level="INFO">${result} = &lt;result object with rc -2&gt;</msg>
<status status="PASS" starttime="20230619 23:16:35.609" endtime="20230619 23:16:35.710"/>
</kw>
<kw name="Log" library="BuiltIn">
<arg>${result.stderr}</arg>
<doc>Logs the given message with the given level.</doc>
<msg timestamp="20230619 23:16:35.711" level="INFO">{"level":"info","ts":1687216593.949585,"msg":"using provided configuration","config_file":"examples/Caddyfile.basic-auth","config_adapter":""}
{"level":"info","ts":1687216593.9510725,"logger":"admin","msg":"admin endpoint started","address":"localhost:2019","enforce_origin":false,"origins":["//127.0.0.1:2019","//localhost:2019","//[::1]:2019"]}
{"level":"info","ts":1687216593.951282,"logger":"tls.cache.maintenance","msg":"started background certificate maintenance","cache":"0xc00045d110"}
{"level":"info","ts":1687216593.9514325,"logger":"http.log","msg":"server running","name":"srv0","protocols":["h1","h2","h3"]}
{"level":"info","ts":1687216593.951465,"logger":"tls","msg":"cleaning storage unit","description":"FileStorage:/w/.local/share/caddy"}
{"level":"info","ts":1687216593.9514863,"logger":"tls","msg":"finished cleaning storage units"}
{"level":"info","ts":1687216593.9515507,"msg":"autosaved config (load with --resume flag)","file":"/w/.config/caddy/autosave.json"}
{"level":"info","ts":1687216593.9515557,"msg":"serving initial configuration"}
{"level":"info","ts":1687216595.6086707,"msg":"shutting down","signal":"SIGINT"}
{"level":"warn","ts":1687216595.6086888,"msg":"exiting; byeee!! 👋","signal":"SIGINT"}
{"level":"info","ts":1687216595.6088212,"logger":"tls.cache.maintenance","msg":"stopped background certificate maintenance","cache":"0xc00045d110"}
{"level":"info","ts":1687216595.608851,"logger":"admin","msg":"stopped previous server","address":"localhost:2019"}
{"level":"info","ts":1687216595.6088552,"msg":"shutdown complete","signal":"SIGINT","exit_code":0}</msg>
<status status="PASS" starttime="20230619 23:16:35.710" endtime="20230619 23:16:35.711"/>
</kw>
<kw name="Suite Teardown" library="keywords">
[...]
<msg timestamp="20230619 23:18:56.613" level="INFO">Process completed.</msg>
<msg timestamp="20230619 23:18:56.614" level="INFO">${result} = &lt;result object with rc 0&gt;</msg>
<status status="PASS" starttime="20230619 23:18:56.581" endtime="20230619 23:18:56.614"/>
</kw>
<if>
<branch type="IF" condition="${result.rc} != 0">
<kw name="Log Many" library="BuiltIn">
<arg>${result.stderr}</arg>
<arg>${result.stdout}</arg>
<doc>Logs the given messages as separate entries using the INFO level.</doc>
<status status="NOT RUN" starttime="20230619 23:18:56.615" endtime="20230619 23:18:56.615"/>
</kw>
<status status="NOT RUN" starttime="20230619 23:18:56.614" endtime="20230619 23:18:56.615"/>
</branch>
<status status="PASS" starttime="20230619 23:18:56.614" endtime="20230619 23:18:56.615"/>
</if>
<kw name="Should Be Equal As Integers" library="BuiltIn">
<arg>${result.rc}</arg>
<arg>0</arg>
<doc>Fails if objects are unequal after converting them to integers.</doc>
<msg timestamp="20230619 23:18:56.616" level="INFO">Argument types are:
&lt;class 'int'&gt;
&lt;class 'str'&gt;</msg>
<status status="PASS" starttime="20230619 23:18:56.615" endtime="20230619 23:18:56.616"/>
</kw>
<return>
<value>${result}</value>
<status status="PASS" starttime="20230619 23:18:56.616" endtime="20230619 23:18:56.616"/>
</return>
<status status="PASS" starttime="20230619 23:18:56.581" endtime="20230619 23:18:56.616"/>
</kw>
<status status="PASS" starttime="20230619 23:18:56.580" endtime="20230619 23:18:56.616"/>
</iter>
<iter>
<var name="${binary}">caddy-put-security-linux-x86_64</var>
<kw name="Expect Successful Execution" library="keywords">
<arg>./dist/${binary} list-modules</arg>
<doc>Runs a ${command} and expects it to succeed. ${command}
should be a string representing the shell command.</doc>
<kw name="Run Process" library="Process">
<var>${result}</var>
<arg>${command}</arg>
<arg>shell=True</arg>
<doc>Runs a process and waits for it to complete.</doc>
<msg timestamp="20230619 23:18:56.618" level="INFO">Starting process:
./dist/caddy-put-security-linux-x86_64 list-modules</msg>
<msg timestamp="20230619 23:18:56.621" level="INFO">Waiting for process to complete.</msg>
<msg timestamp="20230619 23:18:56.687" level="INFO">Process completed.</msg>
<msg timestamp="20230619 23:18:56.687" level="INFO">${result} = &lt;result object with rc 0&gt;</msg>
<status status="PASS" starttime="20230619 23:18:56.618" endtime="20230619 23:18:56.687"/>
</kw>
<if>
<branch type="IF" condition="${result.rc} != 0">
<kw name="Log Many" library="BuiltIn">
<arg>${result.stderr}</arg>
<arg>${result.stdout}</arg>
<doc>Logs the given messages as separate entries using the INFO level.</doc>
<status status="NOT RUN" starttime="20230619 23:18:56.689" endtime="20230619 23:18:56.689"/>
</kw>
<status status="NOT RUN" starttime="20230619 23:18:56.688" endtime="20230619 23:18:56.689"/>
</branch>
<status status="PASS" starttime="20230619 23:18:56.687" endtime="20230619 23:18:56.689"/>
</if>
<kw name="Should Be Equal As Integers" library="BuiltIn">
<arg>${result.rc}</arg>
<arg>0</arg>
<doc>Fails if objects are unequal after converting them to integers.</doc>
<msg timestamp="20230619 23:18:56.690" level="INFO">Argument types are:
&lt;class 'int'&gt;
&lt;class 'str'&gt;</msg>
<status status="PASS" starttime="20230619 23:18:56.689" endtime="20230619 23:18:56.690"/>
</kw>
<return>
<value>${result}</value>
<status status="PASS" starttime="20230619 23:18:56.690" endtime="20230619 23:18:56.690"/>
</return>
<status status="PASS" starttime="20230619 23:18:56.618" endtime="20230619 23:18:56.690"/>
</kw>
<status status="PASS" starttime="20230619 23:18:56.616" endtime="20230619 23:18:56.690"/>
</iter>
<status status="PASS" starttime="20230619 23:18:56.579" endtime="20230619 23:18:56.690"/>
</for>
<doc>Verifies that all the built binaries in the 'dist/'
subdirectory execute successfully.</doc>
<status status="PASS" starttime="20230619 23:18:56.578" endtime="20230619 23:18:56.690"/>
</test>
<doc>Verifies the build process of distribution binaries and
ensures that the built binaries execute successfully.</doc>
<status status="PASS" starttime="20230619 23:16:36.402" endtime="20230619 23:18:56.691"/>
</suite>
<suite id="s1-s6" name="006 Summary" source="/w/e2e_tests/006_summary.robot">
<test id="s1-s6-t1" name="Collate code coverage reports" line="11">
<kw name="Get Coverage Filename From Suite Source" library="keywords">
<var>${cov_path}</var>
<var>${cov_filename}</var>
<doc>Splits `/w/e2e_tests/006_summary.robot` into path and filename. Constructs a
path to the coverage file in `/w/e2e_tests/results`. Returns the coverage full file
path and the coverage filename separately.</doc>
<kw name="Split Path" library="OperatingSystem">
<var>${path}</var>
<var>${suite_filename}</var>
<arg>${SUITE SOURCE}</arg>
<doc>Splits the given path from the last path separator (``/`` or ``\``).</doc>
<msg timestamp="20230619 23:18:56.697" level="INFO">${path} = /w/e2e_tests</msg>
<msg timestamp="20230619 23:18:56.697" level="INFO">${suite_filename} = 006_summary.robot</msg>
<status status="PASS" starttime="20230619 23:18:56.697" endtime="20230619 23:18:56.697"/>
</kw>
<kw name="Split Extension" library="OperatingSystem">
<var>${suite_name}</var>
<var>${ext}</var>
<arg>${suite_filename}</arg>
<doc>Splits the extension from the given path.</doc>
<msg timestamp="20230619 23:18:56.697" level="INFO">${suite_name} = 006_summary</msg>
<msg timestamp="20230619 23:18:56.697" level="INFO">${ext} = robot</msg>
<status status="PASS" starttime="20230619 23:18:56.697" endtime="20230619 23:18:56.697"/>
</kw>
<kw name="Join Path" library="OperatingSystem">
<var>${cov_path}</var>
<arg>${OUTPUT DIR}</arg>
<arg>${suite_name}.coverage</arg>
<doc>Joins the given path part(s) to the given base path.</doc>
<msg timestamp="20230619 23:18:56.698" level="INFO">${cov_path} = /w/e2e_tests/results/006_summary.coverage</msg>
<status status="PASS" starttime="20230619 23:18:56.698" endtime="20230619 23:18:56.698"/>
</kw>
<return>
<value>${cov_path}</value>
<value>${suite_name}.coverage</value>
<status status="PASS" starttime="20230619 23:18:56.698" endtime="20230619 23:18:56.698"/>
</return>
<msg timestamp="20230619 23:18:56.698" level="INFO">${cov_path} = /w/e2e_tests/results/006_summary.coverage</msg>
<msg timestamp="20230619 23:18:56.698" level="INFO">${cov_filename} = 006_summary.coverage</msg>
<status status="PASS" starttime="20230619 23:18:56.697" endtime="20230619 23:18:56.698"/>
</kw>
<kw name="Expect Successful Execution" library="keywords">
<arg>go run cmd/gocovmerge/gocovmerge.go ${OUTPUT DIR}/*.coverage &gt; ${cov_path}</arg>
<doc>Runs a ${command} and expects it to succeed. ${command}
should be a string representing the shell command.</doc>
<kw name="Run Process" library="Process">
<var>${result}</var>
<arg>${command}</arg>
<arg>shell=True</arg>
<doc>Runs a process and waits for it to complete.</doc>
<msg timestamp="20230619 23:18:56.700" level="INFO">Starting process:
go run cmd/gocovmerge/gocovmerge.go /w/e2e_tests/results/*.coverage &gt; /w/e2e_tests/results/006_summary.coverage</msg>
<msg timestamp="20230619 23:18:56.703" level="INFO">Waiting for process to complete.</msg>
<msg timestamp="20230619 23:18:56.908" level="INFO">Process completed.</msg>
<msg timestamp="20230619 23:18:56.909" level="INFO">${result} = &lt;result object with rc 0&gt;</msg>
<status status="PASS" starttime="20230619 23:18:56.700" endtime="20230619 23:18:56.909"/>
</kw>
<if>
<branch type="IF" condition="${result.rc} != 0">
<kw name="Log Many" library="BuiltIn">
<arg>${result.stderr}</arg>
<arg>${result.stdout}</arg>
<doc>Logs the given messages as separate entries using the INFO level.</doc>
<status status="NOT RUN" starttime="20230619 23:18:56.910" endtime="20230619 23:18:56.910"/>
</kw>
<status status="NOT RUN" starttime="20230619 23:18:56.909" endtime="20230619 23:18:56.910"/>
</branch>
<status status="PASS" starttime="20230619 23:18:56.909" endtime="20230619 23:18:56.910"/>
</if>
<kw name="Should Be Equal As Integers" library="BuiltIn">
<arg>${result.rc}</arg>
<arg>0</arg>
<doc>Fails if objects are unequal after converting them to integers.</doc>
<msg timestamp="20230619 23:18:56.911" level="INFO">Argument types are:
&lt;class 'int'&gt;
&lt;class 'str'&gt;</msg>
<status status="PASS" starttime="20230619 23:18:56.910" endtime="20230619 23:18:56.911"/>
</kw>
<return>
<value>${result}</value>
<status status="PASS" starttime="20230619 23:18:56.911" endtime="20230619 23:18:56.911"/>
</return>
<status status="PASS" starttime="20230619 23:18:56.699" endtime="20230619 23:18:56.912"/>
</kw>
<kw name="Generate Coverage Report" library="keywords">
<doc>Generate coverage report from generated files</doc>
<kw name="Get Coverage Filename From Suite Source" library="keywords">
<var>${cov_path}</var>
<var>${cov_filename}</var>
<doc>Splits `/w/e2e_tests/006_summary.robot` into path and filename. Constructs a
path to the coverage file in `/w/e2e_tests/results`. Returns the coverage full file
path and the coverage filename separately.</doc>
<kw name="Split Path" library="OperatingSystem">
<var>${path}</var>
<var>${suite_filename}</var>
<arg>${SUITE SOURCE}</arg>
<doc>Splits the given path from the last path separator (``/`` or ``\``).</doc>
<msg timestamp="20230619 23:18:56.913" level="INFO">${path} = /w/e2e_tests</msg>
<msg timestamp="20230619 23:18:56.913" level="INFO">${suite_filename} = 006_summary.robot</msg>
<status status="PASS" starttime="20230619 23:18:56.912" endtime="20230619 23:18:56.913"/>
</kw>
<kw name="Split Extension" library="OperatingSystem">
<var>${suite_name}</var>
<var>${ext}</var>
<arg>${suite_filename}</arg>
<doc>Splits the extension from the given path.</doc>
<msg timestamp="20230619 23:18:56.913" level="INFO">${suite_name} = 006_summary</msg>
<msg timestamp="20230619 23:18:56.913" level="INFO">${ext} = robot</msg>
<status status="PASS" starttime="20230619 23:18:56.913" endtime="20230619 23:18:56.913"/>
</kw>
<kw name="Join Path" library="OperatingSystem">
<var>${cov_path}</var>
<arg>${OUTPUT DIR}</arg>
<arg>${suite_name}.coverage</arg>
<doc>Joins the given path part(s) to the given base path.</doc>
<msg timestamp="20230619 23:18:56.914" level="INFO">${cov_path} = /w/e2e_tests/results/006_summary.coverage</msg>
<status status="PASS" starttime="20230619 23:18:56.913" endtime="20230619 23:18:56.914"/>
</kw>
<return>
<value>${cov_path}</value>
<value>${suite_name}.coverage</value>
<status status="PASS" starttime="20230619 23:18:56.914" endtime="20230619 23:18:56.914"/>
</return>
<msg timestamp="20230619 23:18:56.914" level="INFO">${cov_path} = /w/e2e_tests/results/006_summary.coverage</msg>
<msg timestamp="20230619 23:18:56.914" level="INFO">${cov_filename} = 006_summary.coverage</msg>
<status status="PASS" starttime="20230619 23:18:56.912" endtime="20230619 23:18:56.914"/>
</kw>
<kw name="Run Keyword And Return Status" library="BuiltIn">
<var>${dir_exists}</var>
<arg>Directory Should Exist</arg>
<arg>${OUTPUT DIR}/go-coverage</arg>
<doc>Runs the given keyword with given arguments and returns the status as a Boolean value.</doc>
<kw name="Directory Should Exist" library="OperatingSystem">
<arg>${OUTPUT DIR}/go-coverage</arg>
<doc>Fails unless the given path points to an existing directory.</doc>
<msg timestamp="20230619 23:18:56.915" level="FAIL">Directory '/w/e2e_tests/results/go-coverage' does not exist.</msg>
<status status="FAIL" starttime="20230619 23:18:56.914" endtime="20230619 23:18:56.915"/>
</kw>
<msg timestamp="20230619 23:18:56.918" level="INFO">${dir_exists} = False</msg>
<status status="PASS" starttime="20230619 23:18:56.914" endtime="20230619 23:18:56.918"/>
</kw>
<if>
<branch type="IF" condition="${dir_exists}">
<kw name="List Files In Directory" library="OperatingSystem">
<var>${dir_contents}</var>
<arg>${OUTPUT DIR}/go-coverage</arg>
<doc>Wrapper for `List Directory` that returns only files.</doc>
<status status="NOT RUN" starttime="20230619 23:18:56.918" endtime="20230619 23:18:56.918"/>
</kw>
<status status="NOT RUN" starttime="20230619 23:18:56.918" endtime="20230619 23:18:56.919"/>
</branch>
<branch type="ELSE">
<kw name="Set Variable" library="BuiltIn">
<var>${dir_contents}</var>
<arg>${None}</arg>
<doc>Returns the given values which can then be assigned to a variables.</doc>
<msg timestamp="20230619 23:18:56.919" level="INFO">${dir_contents} = None</msg>
<status status="PASS" starttime="20230619 23:18:56.919" endtime="20230619 23:18:56.919"/>
</kw>
<status status="PASS" starttime="20230619 23:18:56.919" endtime="20230619 23:18:56.919"/>
</branch>
<status status="PASS" starttime="20230619 23:18:56.918" endtime="20230619 23:18:56.919"/>
</if>
<if>
<branch type="IF" condition="${dir_contents}">
<kw name="Convert Coverage Fragments" library="keywords">
<arg>${cov_path}</arg>
<doc>Convert coverage fragments (from a go run/build -cover execution) into
a single file</doc>
<status status="NOT RUN" starttime="20230619 23:18:56.919" endtime="20230619 23:18:56.919"/>
</kw>
<status status="NOT RUN" starttime="20230619 23:18:56.919" endtime="20230619 23:18:56.919"/>
</branch>
<status status="PASS" starttime="20230619 23:18:56.919" endtime="20230619 23:18:56.919"/>
</if>
<kw name="Expect Successful Execution" library="keywords">
<arg>go tool cover -html\=${cov_path} -o\=${cov_path}.html</arg>
<doc>Runs a ${command} and expects it to succeed. ${command}
should be a string representing the shell command.</doc>
<kw name="Run Process" library="Process">
<var>${result}</var>
<arg>${command}</arg>
<arg>shell=True</arg>
<doc>Runs a process and waits for it to complete.</doc>
<msg timestamp="20230619 23:18:56.921" level="INFO">Starting process:
go tool cover -html=/w/e2e_tests/results/006_summary.coverage -o=/w/e2e_tests/results/006_summary.coverage.html</msg>
<msg timestamp="20230619 23:18:56.924" level="INFO">Waiting for process to complete.</msg>
<msg timestamp="20230619 23:18:57.393" level="INFO">Process completed.</msg>
<msg timestamp="20230619 23:18:57.393" level="INFO">${result} = &lt;result object with rc 0&gt;</msg>
<status status="PASS" starttime="20230619 23:18:56.921" endtime="20230619 23:18:57.393"/>
</kw>
<if>
<branch type="IF" condition="${result.rc} != 0">
<kw name="Log Many" library="BuiltIn">
<arg>${result.stderr}</arg>
<arg>${result.stdout}</arg>
<doc>Logs the given messages as separate entries using the INFO level.</doc>
<status status="NOT RUN" starttime="20230619 23:18:57.395" endtime="20230619 23:18:57.395"/>
</kw>
<status status="NOT RUN" starttime="20230619 23:18:57.394" endtime="20230619 23:18:57.395"/>
</branch>
<status status="PASS" starttime="20230619 23:18:57.394" endtime="20230619 23:18:57.395"/>
</if>
<kw name="Should Be Equal As Integers" library="BuiltIn">
<arg>${result.rc}</arg>
<arg>0</arg>
<doc>Fails if objects are unequal after converting them to integers.</doc>
<msg timestamp="20230619 23:18:57.396" level="INFO">Argument types are:
&lt;class 'int'&gt;
&lt;class 'str'&gt;</msg>
<status status="PASS" starttime="20230619 23:18:57.395" endtime="20230619 23:18:57.396"/>
</kw>
<return>
<value>${result}</value>
<status status="PASS" starttime="20230619 23:18:57.396" endtime="20230619 23:18:57.396"/>
</return>
<status status="PASS" starttime="20230619 23:18:56.920" endtime="20230619 23:18:57.396"/>
</kw>
<kw name="Expect Successful Execution" library="keywords">
<var>${result}</var>
<arg>go tool cover -func\=${cov_path}</arg>
<doc>Runs a ${command} and expects it to succeed. ${command}
should be a string representing the shell command.</doc>
<kw name="Run Process" library="Process">
<var>${result}</var>
<arg>${command}</arg>
<arg>shell=True</arg>
<doc>Runs a process and waits for it to complete.</doc>
<msg timestamp="20230619 23:18:57.398" level="INFO">Starting process:
go tool cover -func=/w/e2e_tests/results/006_summary.coverage</msg>
<msg timestamp="20230619 23:18:57.401" level="INFO">Waiting for process to complete.</msg>
<msg timestamp="20230619 23:18:57.739" level="INFO">Process completed.</msg>
<msg timestamp="20230619 23:18:57.740" level="INFO">${result} = &lt;result object with rc 0&gt;</msg>
<status status="PASS" starttime="20230619 23:18:57.398" endtime="20230619 23:18:57.740"/>
</kw>
<if>
<branch type="IF" condition="${result.rc} != 0">
<kw name="Log Many" library="BuiltIn">
<arg>${result.stderr}</arg>
<arg>${result.stdout}</arg>
<doc>Logs the given messages as separate entries using the INFO level.</doc>
<status status="NOT RUN" starttime="20230619 23:18:57.741" endtime="20230619 23:18:57.741"/>
</kw>
<status status="NOT RUN" starttime="20230619 23:18:57.740" endtime="20230619 23:18:57.741"/>
</branch>
<status status="PASS" starttime="20230619 23:18:57.740" endtime="20230619 23:18:57.741"/>
</if>
<kw name="Should Be Equal As Integers" library="BuiltIn">
<arg>${result.rc}</arg>
<arg>0</arg>
<doc>Fails if objects are unequal after converting them to integers.</doc>
<msg timestamp="20230619 23:18:57.742" level="INFO">Argument types are:
&lt;class 'int'&gt;
&lt;class 'str'&gt;</msg>
<status status="PASS" starttime="20230619 23:18:57.741" endtime="20230619 23:18:57.742"/>
</kw>
<return>
<value>${result}</value>
<status status="PASS" starttime="20230619 23:18:57.742" endtime="20230619 23:18:57.742"/>
</return>
<msg timestamp="20230619 23:18:57.742" level="INFO">${result} = &lt;result object with rc 0&gt;</msg>
<status status="PASS" starttime="20230619 23:18:57.398" endtime="20230619 23:18:57.742"/>
</kw>
<kw name="Get Regexp Matches" library="String">
<var>${percent}</var>
<arg>${result.stdout}</arg>
<arg>total:.*?([0-9.]+%)$</arg>
<arg>1</arg>
<doc>Returns a list of all non-overlapping matches in the given string.</doc>
<msg timestamp="20230619 23:18:57.743" level="INFO">${percent} = ['82.6%']</msg>
<status status="PASS" starttime="20230619 23:18:57.742" endtime="20230619 23:18:57.743"/>
</kw>
<kw name="Set Suite Metadata" library="BuiltIn">
<arg>Code coverage</arg>
<arg>${percent[0]} [${cov_filename}.html|HTML Report] | [${cov_filename}|Coverage file]</arg>
<doc>Sets metadata for the current test suite.</doc>
<msg timestamp="20230619 23:18:57.744" level="INFO">Set suite metadata 'Code coverage' to value '82.6% [006_summary.coverage.html|HTML Report] | [006_summary.coverage|Coverage file]'.</msg>
<status status="PASS" starttime="20230619 23:18:57.743" endtime="20230619 23:18:57.744"/>
</kw>
<status status="PASS" starttime="20230619 23:18:56.912" endtime="20230619 23:18:57.744"/>
</kw>
<doc>Combine all code coverage profiles into one.</doc>
<status status="PASS" starttime="20230619 23:18:56.696" endtime="20230619 23:18:57.744"/>
</test>
<doc>Aggregate multiple code coverage reports into a single report.
It leverages the gocovmerge utility, a Go tool that merges multiple
coverage profiles. The suite utilizes keywords defined in the
resources/keywords.robot file.</doc>
<meta name="Code coverage">82.6% [006_summary.coverage.html|HTML Report] | [006_summary.coverage|Coverage file]</meta>
<status status="PASS" starttime="20230619 23:18:56.692" endtime="20230619 23:18:57.745"/>
</suite>
<status status="PASS" starttime="20230619 23:14:45.255" endtime="20230619 23:18:57.746"/>
</suite>
<statistics>
<total>
<stat pass="15" fail="0" skip="0">All Tests</stat>
</total>
<tag>
</tag>
<suite>
<stat pass="15" fail="0" skip="0" id="s1" name="E2E Tests">E2E Tests</stat>
<stat pass="3" fail="0" skip="0" id="s1-s1" name="001 Source Code">E2E Tests.001 Source Code</stat>
<stat pass="2" fail="0" skip="0" id="s1-s2" name="002 Unit Tests">E2E Tests.002 Unit Tests</stat>
<stat pass="4" fail="0" skip="0" id="s1-s3" name="003 Configuration">E2E Tests.003 Configuration</stat>
<stat pass="3" fail="0" skip="0" id="s1-s4" name="004 Requests">E2E Tests.004 Requests</stat>
<stat pass="2" fail="0" skip="0" id="s1-s5" name="005 Binaries">E2E Tests.005 Binaries</stat>
<stat pass="1" fail="0" skip="0" id="s1-s6" name="006 Summary">E2E Tests.006 Summary</stat>
</suite>
</statistics>
<errors>
</errors>
</robot>
